<?xml version="1.0" encoding="UTF-8" standalone="yes"?><!DOCTYPE report PUBLIC "-//JACOCO//DTD Report 1.1//EN" "report.dtd"><report name="sprouts"><sessioninfo id="nbdnepp-be41e1a2" start="1749904595715" dump="1749904646131"/><package name="sprouts/impl"><class name="sprouts/impl/EventImpl" sourcefilename="EventImpl.java"><method name="&lt;init&gt;" desc="(Lsprouts/Event$Executor;)V" line="14"><counter type="INSTRUCTION" missed="0" covered="20"/><counter type="LINE" missed="0" covered="5"/><counter type="COMPLEXITY" missed="0" covered="1"/><counter type="METHOD" missed="0" covered="1"/></method><method name="_getVessels" desc="()Lsprouts/Tuple;" line="24"><counter type="INSTRUCTION" missed="0" covered="5"/><counter type="LINE" missed="0" covered="1"/><counter type="COMPLEXITY" missed="0" covered="1"/><counter type="METHOD" missed="0" covered="1"/></method><method name="_setVessels" desc="(Lsprouts/Tuple;)V" line="28"><counter type="INSTRUCTION" missed="0" covered="5"/><counter type="LINE" missed="0" covered="2"/><counter type="COMPLEXITY" missed="0" covered="1"/><counter type="METHOD" missed="0" covered="1"/></method><method name="_getObservers" desc="()Lsprouts/Tuple;" line="33"><counter type="INSTRUCTION" missed="0" covered="5"/><counter type="LINE" missed="0" covered="1"/><counter type="COMPLEXITY" missed="0" covered="1"/><counter type="METHOD" missed="0" covered="1"/></method><method name="_setObservers" desc="(Lsprouts/Tuple;)V" line="37"><counter type="INSTRUCTION" missed="0" covered="5"/><counter type="LINE" missed="0" covered="2"/><counter type="COMPLEXITY" missed="0" covered="1"/><counter type="METHOD" missed="0" covered="1"/></method><method name="fire" desc="()V" line="42"><counter type="INSTRUCTION" missed="0" covered="6"/><counter type="LINE" missed="0" covered="2"/><counter type="COMPLEXITY" missed="0" covered="1"/><counter type="METHOD" missed="0" covered="1"/></method><method name="observable" desc="()Lsprouts/Observable;" line="61"><counter type="INSTRUCTION" missed="0" covered="17"/><counter type="LINE" missed="0" covered="3"/><counter type="COMPLEXITY" missed="0" covered="1"/><counter type="METHOD" missed="0" covered="1"/></method><method name="subscribe" desc="(Lsprouts/Observer;)Lsprouts/Observable;" line="68"><counter type="INSTRUCTION" missed="0" covered="8"/><counter type="LINE" missed="0" covered="2"/><counter type="COMPLEXITY" missed="0" covered="1"/><counter type="METHOD" missed="0" covered="1"/></method><method name="unsubscribe" desc="(Lsprouts/Subscriber;)Lsprouts/Observable;" line="74"><counter type="INSTRUCTION" missed="0" covered="12"/><counter type="BRANCH" missed="1" covered="1"/><counter type="LINE" missed="0" covered="3"/><counter type="COMPLEXITY" missed="1" covered="1"/><counter type="METHOD" missed="0" covered="1"/></method><method name="unsubscribeAll" desc="()V" line="81"><counter type="INSTRUCTION" missed="0" covered="6"/><counter type="LINE" missed="0" covered="2"/><counter type="COMPLEXITY" missed="0" covered="1"/><counter type="METHOD" missed="0" covered="1"/></method><method name="lambda$fire$1" desc="()V" line="43"><counter type="INSTRUCTION" missed="5" covered="42"/><counter type="BRANCH" missed="0" covered="6"/><counter type="LINE" missed="2" covered="11"/><counter type="COMPLEXITY" missed="0" covered="4"/><counter type="METHOD" missed="0" covered="1"/></method><method name="lambda$fire$0" desc="(Ljava/lang/ref/WeakReference;)Z" line="55"><counter type="INSTRUCTION" missed="0" covered="7"/><counter type="BRANCH" missed="0" covered="2"/><counter type="LINE" missed="0" covered="1"/><counter type="COMPLEXITY" missed="0" covered="2"/><counter type="METHOD" missed="0" covered="1"/></method><method name="&lt;clinit&gt;" desc="()V" line="11"><counter type="INSTRUCTION" missed="0" covered="4"/><counter type="LINE" missed="0" covered="1"/><counter type="COMPLEXITY" missed="0" covered="1"/><counter type="METHOD" missed="0" covered="1"/></method><counter type="INSTRUCTION" missed="5" covered="142"/><counter type="BRANCH" missed="1" covered="9"/><counter type="LINE" missed="2" covered="35"/><counter type="COMPLEXITY" missed="1" covered="17"/><counter type="METHOD" missed="0" covered="13"/><counter type="CLASS" missed="0" covered="1"/></class><class name="sprouts/impl/PropertyListDelegate" sourcefilename="PropertyListDelegate.java"><method name="&lt;init&gt;" desc="(Lsprouts/SequenceChange;ILsprouts/Vals;Lsprouts/Vals;Lsprouts/Vals;)V" line="23"><counter type="INSTRUCTION" missed="0" covered="18"/><counter type="LINE" missed="0" covered="7"/><counter type="COMPLEXITY" missed="0" covered="1"/><counter type="METHOD" missed="0" covered="1"/></method><method name="change" desc="()Lsprouts/SequenceChange;" line="33"><counter type="INSTRUCTION" missed="0" covered="3"/><counter type="LINE" missed="0" covered="1"/><counter type="COMPLEXITY" missed="0" covered="1"/><counter type="METHOD" missed="0" covered="1"/></method><method name="index" desc="()Ljava/util/Optional;" line="38"><counter type="INSTRUCTION" missed="0" covered="10"/><counter type="BRANCH" missed="0" covered="2"/><counter type="LINE" missed="0" covered="1"/><counter type="COMPLEXITY" missed="0" covered="2"/><counter type="METHOD" missed="0" covered="1"/></method><method name="newValues" desc="()Lsprouts/Vals;" line="43"><counter type="INSTRUCTION" missed="0" covered="3"/><counter type="LINE" missed="0" covered="1"/><counter type="COMPLEXITY" missed="0" covered="1"/><counter type="METHOD" missed="0" covered="1"/></method><method name="oldValues" desc="()Lsprouts/Vals;" line="48"><counter type="INSTRUCTION" missed="0" covered="3"/><counter type="LINE" missed="0" covered="1"/><counter type="COMPLEXITY" missed="0" covered="1"/><counter type="METHOD" missed="0" covered="1"/></method><method name="currentValues" desc="()Lsprouts/Vals;" line="53"><counter type="INSTRUCTION" missed="0" covered="3"/><counter type="LINE" missed="0" covered="1"/><counter type="COMPLEXITY" missed="0" covered="1"/><counter type="METHOD" missed="0" covered="1"/></method><method name="toString" desc="()Ljava/lang/String;" line="58"><counter type="INSTRUCTION" missed="0" covered="37"/><counter type="LINE" missed="0" covered="6"/><counter type="COMPLEXITY" missed="0" covered="1"/><counter type="METHOD" missed="0" covered="1"/></method><counter type="INSTRUCTION" missed="0" covered="77"/><counter type="BRANCH" missed="0" covered="2"/><counter type="LINE" missed="0" covered="18"/><counter type="COMPLEXITY" missed="0" covered="8"/><counter type="METHOD" missed="0" covered="7"/><counter type="CLASS" missed="0" covered="1"/></class><class name="sprouts/impl/PropertyChangeListeners$1" sourcefilename="PropertyChangeListeners.java"><method name="&lt;init&gt;" desc="(Lsprouts/impl/PropertyChangeListeners;Lsprouts/Val;Lsprouts/Channel;Lsprouts/impl/ItemPair;)V" line="63"><counter type="INSTRUCTION" missed="0" covered="18"/><counter type="LINE" missed="0" covered="2"/><counter type="COMPLEXITY" missed="0" covered="1"/><counter type="METHOD" missed="0" covered="1"/></method><method name="get" desc="()Lsprouts/ValDelegate;" line="67"><counter type="INSTRUCTION" missed="0" covered="23"/><counter type="BRANCH" missed="0" covered="2"/><counter type="LINE" missed="0" covered="3"/><counter type="COMPLEXITY" missed="0" covered="2"/><counter type="METHOD" missed="0" covered="1"/></method><counter type="INSTRUCTION" missed="0" covered="41"/><counter type="BRANCH" missed="0" covered="2"/><counter type="LINE" missed="0" covered="5"/><counter type="COMPLEXITY" missed="0" covered="3"/><counter type="METHOD" missed="0" covered="2"/><counter type="CLASS" missed="0" covered="1"/></class><class name="sprouts/impl/TransientParentRef" sourcefilename="TransientParentRef.java"><method name="&lt;init&gt;" desc="(Ljava/lang/ref/WeakReference;Ljava/lang/Class;Ljava/lang/Object;)V" line="15"><counter type="INSTRUCTION" missed="0" covered="16"/><counter type="LINE" missed="0" covered="5"/><counter type="COMPLEXITY" missed="0" covered="1"/><counter type="METHOD" missed="0" covered="1"/></method><method name="get" desc="()Lsprouts/Val;" line="23"><counter type="INSTRUCTION" missed="0" covered="16"/><counter type="BRANCH" missed="0" covered="2"/><counter type="LINE" missed="0" covered="4"/><counter type="COMPLEXITY" missed="0" covered="2"/><counter type="METHOD" missed="0" covered="1"/></method><counter type="INSTRUCTION" missed="0" covered="32"/><counter type="BRANCH" missed="0" covered="2"/><counter type="LINE" missed="0" covered="9"/><counter type="COMPLEXITY" missed="0" covered="3"/><counter type="METHOD" missed="0" covered="2"/><counter type="CLASS" missed="0" covered="1"/></class><class name="sprouts/impl/ArrayUtil" sourcefilename="ArrayUtil.java"><method name="_withSetAt" desc="(ILjava/lang/Object;Ljava/lang/Object;Ljava/lang/Class;Z)Ljava/lang/Object;" line="19"><counter type="INSTRUCTION" missed="0" covered="11"/><counter type="LINE" missed="0" covered="3"/><counter type="COMPLEXITY" missed="0" covered="1"/><counter type="METHOD" missed="0" covered="1"/></method><method name="_withAddAllAt" desc="(ILsprouts/Tuple;Ljava/lang/Object;Ljava/lang/Class;Z)Ljava/lang/Object;" line="25"><counter type="INSTRUCTION" missed="0" covered="45"/><counter type="BRANCH" missed="0" covered="2"/><counter type="LINE" missed="0" covered="6"/><counter type="COMPLEXITY" missed="0" covered="2"/><counter type="METHOD" missed="0" covered="1"/></method><method name="_withRemoveRange" desc="(IILjava/lang/Object;Ljava/lang/Class;Z)Ljava/lang/Object;" line="34"><counter type="INSTRUCTION" missed="0" covered="31"/><counter type="LINE" missed="0" covered="6"/><counter type="COMPLEXITY" missed="0" covered="1"/><counter type="METHOD" missed="0" covered="1"/></method><method name="_withAddAt" desc="(ILjava/lang/Object;Ljava/lang/Object;Ljava/lang/Class;Z)Ljava/lang/Object;" line="43"><counter type="INSTRUCTION" missed="0" covered="31"/><counter type="LINE" missed="0" covered="5"/><counter type="COMPLEXITY" missed="0" covered="1"/><counter type="METHOD" missed="0" covered="1"/></method><method name="_createArray" desc="(Ljava/lang/Class;ZI)Ljava/lang/Object;" line="51"><counter type="INSTRUCTION" missed="0" covered="59"/><counter type="BRANCH" missed="1" covered="17"/><counter type="LINE" missed="0" covered="19"/><counter type="COMPLEXITY" missed="1" covered="9"/><counter type="METHOD" missed="0" covered="1"/></method><method name="_toActualPrimitive" desc="(Ljava/lang/Class;Z)Ljava/lang/Class;" line="74"><counter type="INSTRUCTION" missed="0" covered="46"/><counter type="BRANCH" missed="0" covered="18"/><counter type="LINE" missed="0" covered="19"/><counter type="COMPLEXITY" missed="0" covered="10"/><counter type="METHOD" missed="0" covered="1"/></method><method name="_createArrayFromList" desc="(Ljava/lang/Class;ZLjava/util/List;)Ljava/lang/Object;" line="105"><counter type="INSTRUCTION" missed="0" covered="47"/><counter type="BRANCH" missed="0" covered="6"/><counter type="LINE" missed="0" covered="8"/><counter type="COMPLEXITY" missed="0" covered="4"/><counter type="METHOD" missed="0" covered="1"/></method><method name="_createArrayFromArray" desc="(Ljava/lang/Class;ZLjava/lang/Object;)Ljava/lang/Object;" line="119"><counter type="INSTRUCTION" missed="0" covered="48"/><counter type="BRANCH" missed="0" covered="6"/><counter type="LINE" missed="0" covered="9"/><counter type="COMPLEXITY" missed="0" covered="4"/><counter type="METHOD" missed="0" covered="1"/></method><method name="_tryFlatten" desc="(Ljava/lang/Object;Ljava/lang/Class;Z)Ljava/lang/Object;" line="134"><counter type="INSTRUCTION" missed="162" covered="84"/><counter type="BRANCH" missed="32" covered="16"/><counter type="LINE" missed="24" covered="18"/><counter type="COMPLEXITY" missed="20" covered="5"/><counter type="METHOD" missed="0" covered="1"/></method><method name="_setAt" desc="(ILjava/lang/Object;Ljava/lang/Object;)V" line="195"><counter type="INSTRUCTION" missed="0" covered="5"/><counter type="LINE" missed="0" covered="2"/><counter type="COMPLEXITY" missed="0" covered="1"/><counter type="METHOD" missed="0" covered="1"/></method><method name="_getAt" desc="(ILjava/lang/Object;Ljava/lang/Class;)Ljava/lang/Object;" line="199"><counter type="INSTRUCTION" missed="0" covered="6"/><counter type="LINE" missed="0" covered="1"/><counter type="COMPLEXITY" missed="0" covered="1"/><counter type="METHOD" missed="0" covered="1"/></method><method name="_getNonNullAt" desc="(ILjava/lang/Object;Ljava/lang/Class;)Ljava/lang/Object;" line="212"><counter type="INSTRUCTION" missed="0" covered="6"/><counter type="LINE" missed="0" covered="1"/><counter type="COMPLEXITY" missed="0" covered="1"/><counter type="METHOD" missed="0" covered="1"/></method><method name="_getNonNullAt" desc="(ILjava/lang/Object;)Ljava/lang/Object;" line="224"><counter type="INSTRUCTION" missed="0" covered="4"/><counter type="LINE" missed="0" covered="1"/><counter type="COMPLEXITY" missed="0" covered="1"/><counter type="METHOD" missed="0" covered="1"/></method><method name="_getAt" desc="(ILjava/lang/Object;)Ljava/lang/Object;" line="228"><counter type="INSTRUCTION" missed="0" covered="4"/><counter type="LINE" missed="0" covered="1"/><counter type="COMPLEXITY" missed="0" covered="1"/><counter type="METHOD" missed="0" covered="1"/></method><method name="_length" desc="(Ljava/lang/Object;)I" line="232"><counter type="INSTRUCTION" missed="3" covered="62"/><counter type="BRANCH" missed="1" covered="17"/><counter type="LINE" missed="1" covered="18"/><counter type="COMPLEXITY" missed="1" covered="9"/><counter type="METHOD" missed="0" covered="1"/></method><method name="_clone" desc="(Ljava/lang/Object;Ljava/lang/Class;Z)Ljava/lang/Object;" line="254"><counter type="INSTRUCTION" missed="0" covered="16"/><counter type="LINE" missed="0" covered="4"/><counter type="COMPLEXITY" missed="0" covered="1"/><counter type="METHOD" missed="0" covered="1"/></method><method name="_each" desc="(Ljava/lang/Object;Ljava/lang/Class;Ljava/util/function/Consumer;)V" line="261"><counter type="INSTRUCTION" missed="0" covered="15"/><counter type="BRANCH" missed="0" covered="2"/><counter type="LINE" missed="0" covered="3"/><counter type="COMPLEXITY" missed="0" covered="2"/><counter type="METHOD" missed="0" covered="1"/></method><method name="_isAllNull" desc="([Ljava/lang/Object;)Z" line="267"><counter type="INSTRUCTION" missed="0" covered="22"/><counter type="BRANCH" missed="0" covered="4"/><counter type="LINE" missed="0" covered="4"/><counter type="COMPLEXITY" missed="0" covered="3"/><counter type="METHOD" missed="0" covered="1"/></method><method name="_binarySearch" desc="(Ljava/lang/Object;Ljava/lang/Class;Ljava/util/Comparator;Ljava/lang/Object;)I" line="289"><counter type="INSTRUCTION" missed="0" covered="48"/><counter type="BRANCH" missed="0" covered="10"/><counter type="LINE" missed="0" covered="17"/><counter type="COMPLEXITY" missed="0" covered="6"/><counter type="METHOD" missed="0" covered="1"/></method><method name="_compareAt" desc="(ILjava/lang/Object;Ljava/lang/Class;Ljava/util/Comparator;Ljava/lang/Object;)I" line="320"><counter type="INSTRUCTION" missed="0" covered="10"/><counter type="LINE" missed="0" covered="2"/><counter type="COMPLEXITY" missed="0" covered="1"/><counter type="METHOD" missed="0" covered="1"/></method><counter type="INSTRUCTION" missed="165" covered="600"/><counter type="BRANCH" missed="34" covered="98"/><counter type="LINE" missed="25" covered="147"/><counter type="COMPLEXITY" missed="22" covered="64"/><counter type="METHOD" missed="0" covered="20"/><counter type="CLASS" missed="0" covered="1"/></class><class name="sprouts/impl/PropertyListChangeListeners" sourcefilename="PropertyListChangeListeners.java"><method name="&lt;init&gt;" desc="()V" line="8"><counter type="INSTRUCTION" missed="0" covered="8"/><counter type="LINE" missed="0" covered="2"/><counter type="COMPLEXITY" missed="0" covered="1"/><counter type="METHOD" missed="0" covered="1"/></method><method name="onChange" desc="(Lsprouts/Action;)V" line="14"><counter type="INSTRUCTION" missed="0" covered="5"/><counter type="LINE" missed="0" covered="2"/><counter type="COMPLEXITY" missed="0" covered="1"/><counter type="METHOD" missed="0" covered="1"/></method><method name="onChange" desc="(Lsprouts/Observer;)V" line="18"><counter type="INSTRUCTION" missed="0" covered="7"/><counter type="LINE" missed="0" covered="2"/><counter type="COMPLEXITY" missed="0" covered="1"/><counter type="METHOD" missed="0" covered="1"/></method><method name="unsubscribe" desc="(Lsprouts/Subscriber;)V" line="22"><counter type="INSTRUCTION" missed="0" covered="5"/><counter type="LINE" missed="0" covered="2"/><counter type="COMPLEXITY" missed="0" covered="1"/><counter type="METHOD" missed="0" covered="1"/></method><method name="unsubscribeAll" desc="()V" line="26"><counter type="INSTRUCTION" missed="4" covered="0"/><counter type="LINE" missed="2" covered="0"/><counter type="COMPLEXITY" missed="1" covered="0"/><counter type="METHOD" missed="1" covered="0"/></method><method name="fireChange" desc="(Lsprouts/SequenceChange;Lsprouts/Vals;)V" line="30"><counter type="INSTRUCTION" missed="0" covered="9"/><counter type="LINE" missed="0" covered="2"/><counter type="COMPLEXITY" missed="0" covered="1"/><counter type="METHOD" missed="0" covered="1"/></method><method name="fireChange" desc="(Lsprouts/SequenceChange;ILsprouts/Var;Lsprouts/Var;Lsprouts/Vals;)V" line="36"><counter type="INSTRUCTION" missed="0" covered="11"/><counter type="LINE" missed="0" covered="2"/><counter type="COMPLEXITY" missed="0" covered="1"/><counter type="METHOD" missed="0" covered="1"/></method><method name="fireChange" desc="(Lsprouts/SequenceChange;ILsprouts/Vals;Lsprouts/Vals;Lsprouts/Vals;)V" line="42"><counter type="INSTRUCTION" missed="0" covered="11"/><counter type="LINE" missed="0" covered="2"/><counter type="COMPLEXITY" missed="0" covered="1"/><counter type="METHOD" missed="0" covered="1"/></method><method name="_createDelegate" desc="(ILsprouts/SequenceChange;Lsprouts/Var;Lsprouts/Var;Lsprouts/Vals;)Lsprouts/ValsDelegate;" line="48"><counter type="INSTRUCTION" missed="3" covered="51"/><counter type="BRANCH" missed="1" covered="3"/><counter type="LINE" missed="0" covered="6"/><counter type="COMPLEXITY" missed="1" covered="2"/><counter type="METHOD" missed="0" covered="1"/></method><method name="_createDelegate" desc="(ILsprouts/SequenceChange;Lsprouts/Vals;Lsprouts/Vals;Lsprouts/Vals;)Lsprouts/ValsDelegate;" line="64"><counter type="INSTRUCTION" missed="0" covered="87"/><counter type="BRANCH" missed="0" covered="10"/><counter type="LINE" missed="0" covered="9"/><counter type="COMPLEXITY" missed="0" covered="6"/><counter type="METHOD" missed="0" covered="1"/></method><method name="lambda$_createDelegate$8" desc="(I)[Lsprouts/Val;" line="71"><counter type="INSTRUCTION" missed="0" covered="3"/><counter type="LINE" missed="0" covered="1"/><counter type="COMPLEXITY" missed="0" covered="1"/><counter type="METHOD" missed="0" covered="1"/></method><method name="lambda$_createDelegate$7" desc="(ZLjava/lang/Class;Ljava/lang/Object;)Lsprouts/Val;" line="71"><counter type="INSTRUCTION" missed="0" covered="9"/><counter type="BRANCH" missed="0" covered="2"/><counter type="LINE" missed="0" covered="1"/><counter type="COMPLEXITY" missed="0" covered="2"/><counter type="METHOD" missed="0" covered="1"/></method><method name="lambda$_createDelegate$6" desc="(I)[Lsprouts/Val;" line="69"><counter type="INSTRUCTION" missed="0" covered="3"/><counter type="LINE" missed="0" covered="1"/><counter type="COMPLEXITY" missed="0" covered="1"/><counter type="METHOD" missed="0" covered="1"/></method><method name="lambda$_createDelegate$5" desc="(ZLjava/lang/Class;Ljava/lang/Object;)Lsprouts/Val;" line="69"><counter type="INSTRUCTION" missed="0" covered="9"/><counter type="BRANCH" missed="0" covered="2"/><counter type="LINE" missed="0" covered="1"/><counter type="COMPLEXITY" missed="0" covered="2"/><counter type="METHOD" missed="0" covered="1"/></method><method name="lambda$_createDelegate$4" desc="(I)[Lsprouts/Val;" line="67"><counter type="INSTRUCTION" missed="0" covered="3"/><counter type="LINE" missed="0" covered="1"/><counter type="COMPLEXITY" missed="0" covered="1"/><counter type="METHOD" missed="0" covered="1"/></method><method name="lambda$_createDelegate$3" desc="(ZLsprouts/Val;)Lsprouts/Val;" line="67"><counter type="INSTRUCTION" missed="0" covered="8"/><counter type="BRANCH" missed="0" covered="2"/><counter type="LINE" missed="0" covered="1"/><counter type="COMPLEXITY" missed="0" covered="2"/><counter type="METHOD" missed="0" covered="1"/></method><method name="lambda$_createDelegate$2" desc="(I)[Lsprouts/Var;" line="49"><counter type="INSTRUCTION" missed="0" covered="3"/><counter type="LINE" missed="0" covered="1"/><counter type="COMPLEXITY" missed="0" covered="1"/><counter type="METHOD" missed="0" covered="1"/></method><method name="lambda$fireChange$1" desc="(ILsprouts/SequenceChange;Lsprouts/Vals;Lsprouts/Vals;Lsprouts/Vals;)Lsprouts/ValsDelegate;" line="42"><counter type="INSTRUCTION" missed="0" covered="8"/><counter type="LINE" missed="0" covered="1"/><counter type="COMPLEXITY" missed="0" covered="1"/><counter type="METHOD" missed="0" covered="1"/></method><method name="lambda$fireChange$0" desc="(ILsprouts/SequenceChange;Lsprouts/Var;Lsprouts/Var;Lsprouts/Vals;)Lsprouts/ValsDelegate;" line="36"><counter type="INSTRUCTION" missed="0" covered="8"/><counter type="LINE" missed="0" covered="1"/><counter type="COMPLEXITY" missed="0" covered="1"/><counter type="METHOD" missed="0" covered="1"/></method><counter type="INSTRUCTION" missed="7" covered="248"/><counter type="BRANCH" missed="1" covered="19"/><counter type="LINE" missed="2" covered="29"/><counter type="COMPLEXITY" missed="2" covered="27"/><counter type="METHOD" missed="1" covered="18"/><counter type="CLASS" missed="0" covered="1"/></class><class name="sprouts/impl/TupleTree" sourcefilename="TupleTree.java"><method name="of" desc="(ZLjava/lang/Class;Ljava/util/List;)Lsprouts/impl/TupleTree;" line="413"><counter type="INSTRUCTION" missed="0" covered="12"/><counter type="LINE" missed="0" covered="3"/><counter type="COMPLEXITY" missed="0" covered="1"/><counter type="METHOD" missed="0" covered="1"/></method><method name="of" desc="(ZLjava/lang/Class;[Ljava/lang/Object;)Lsprouts/impl/TupleTree;" line="426"><counter type="INSTRUCTION" missed="0" covered="5"/><counter type="LINE" missed="0" covered="1"/><counter type="COMPLEXITY" missed="0" covered="1"/><counter type="METHOD" missed="0" covered="1"/></method><method name="ofAnyArray" desc="(ZLjava/lang/Class;Ljava/lang/Object;)Lsprouts/impl/TupleTree;" line="434"><counter type="INSTRUCTION" missed="0" covered="14"/><counter type="LINE" missed="0" covered="2"/><counter type="COMPLEXITY" missed="0" covered="1"/><counter type="METHOD" missed="0" covered="1"/></method><method name="ofRaw" desc="(ZLjava/lang/Class;Ljava/lang/Object;)Lsprouts/impl/TupleTree;" line="443"><counter type="INSTRUCTION" missed="0" covered="14"/><counter type="LINE" missed="0" covered="3"/><counter type="COMPLEXITY" missed="0" covered="1"/><counter type="METHOD" missed="0" covered="1"/></method><method name="&lt;init&gt;" desc="(IZLjava/lang/Class;Lsprouts/impl/TupleTree$Node;)V" line="458"><counter type="INSTRUCTION" missed="0" covered="28"/><counter type="BRANCH" missed="0" covered="2"/><counter type="LINE" missed="0" covered="7"/><counter type="COMPLEXITY" missed="0" covered="2"/><counter type="METHOD" missed="0" covered="1"/></method><method name="_createInitialRootFromList" desc="(Ljava/lang/Class;ZLjava/util/List;)Lsprouts/impl/TupleTree$Node;" line="467"><counter type="INSTRUCTION" missed="0" covered="8"/><counter type="LINE" missed="0" covered="1"/><counter type="COMPLEXITY" missed="0" covered="1"/><counter type="METHOD" missed="0" covered="1"/></method><method name="_createInitialRootFromArray" desc="(Ljava/lang/Class;ZLjava/lang/Object;)Lsprouts/impl/TupleTree$Node;" line="471"><counter type="INSTRUCTION" missed="5" covered="20"/><counter type="BRANCH" missed="1" covered="3"/><counter type="LINE" missed="1" covered="4"/><counter type="COMPLEXITY" missed="1" covered="2"/><counter type="METHOD" missed="0" covered="1"/></method><method name="_createRootFromList" desc="(Ljava/lang/Class;ZLjava/util/List;)Lsprouts/impl/TupleTree$Node;" line="481"><counter type="INSTRUCTION" missed="0" covered="68"/><counter type="BRANCH" missed="0" covered="8"/><counter type="LINE" missed="0" covered="12"/><counter type="COMPLEXITY" missed="0" covered="5"/><counter type="METHOD" missed="0" covered="1"/></method><method name="type" desc="()Ljava/lang/Class;" line="500"><counter type="INSTRUCTION" missed="0" covered="3"/><counter type="LINE" missed="0" covered="1"/><counter type="COMPLEXITY" missed="0" covered="1"/><counter type="METHOD" missed="0" covered="1"/></method><method name="size" desc="()I" line="505"><counter type="INSTRUCTION" missed="0" covered="3"/><counter type="LINE" missed="0" covered="1"/><counter type="COMPLEXITY" missed="0" covered="1"/><counter type="METHOD" missed="0" covered="1"/></method><method name="get" desc="(I)Ljava/lang/Object;" line="511"><counter type="INSTRUCTION" missed="17" covered="13"/><counter type="BRANCH" missed="2" covered="2"/><counter type="LINE" missed="1" covered="2"/><counter type="COMPLEXITY" missed="2" covered="1"/><counter type="METHOD" missed="0" covered="1"/></method><method name="allowsNull" desc="()Z" line="519"><counter type="INSTRUCTION" missed="0" covered="3"/><counter type="LINE" missed="0" covered="1"/><counter type="COMPLEXITY" missed="0" covered="1"/><counter type="METHOD" missed="0" covered="1"/></method><method name="slice" desc="(II)Lsprouts/impl/TupleTree;" line="524"><counter type="INSTRUCTION" missed="42" covered="46"/><counter type="BRANCH" missed="7" covered="7"/><counter type="LINE" missed="6" covered="8"/><counter type="COMPLEXITY" missed="7" covered="1"/><counter type="METHOD" missed="0" covered="1"/></method><method name="removeRange" desc="(II)Lsprouts/impl/TupleTree;" line="546"><counter type="INSTRUCTION" missed="35" covered="46"/><counter type="BRANCH" missed="6" covered="6"/><counter type="LINE" missed="5" covered="8"/><counter type="COMPLEXITY" missed="6" covered="1"/><counter type="METHOD" missed="0" covered="1"/></method><method name="removeAll" desc="(Lsprouts/Tuple;)Lsprouts/impl/TupleTree;" line="564"><counter type="INSTRUCTION" missed="0" covered="57"/><counter type="BRANCH" missed="0" covered="8"/><counter type="LINE" missed="0" covered="11"/><counter type="COMPLEXITY" missed="0" covered="5"/><counter type="METHOD" missed="0" covered="1"/></method><method name="addAt" desc="(ILjava/lang/Object;)Lsprouts/impl/TupleTree;" line="583"><counter type="INSTRUCTION" missed="19" covered="60"/><counter type="BRANCH" missed="3" covered="9"/><counter type="LINE" missed="2" covered="7"/><counter type="COMPLEXITY" missed="3" covered="4"/><counter type="METHOD" missed="0" covered="1"/></method><method name="setAt" desc="(ILjava/lang/Object;)Lsprouts/impl/TupleTree;" line="597"><counter type="INSTRUCTION" missed="27" covered="26"/><counter type="BRANCH" missed="4" covered="6"/><counter type="LINE" missed="1" covered="4"/><counter type="COMPLEXITY" missed="4" covered="2"/><counter type="METHOD" missed="0" covered="1"/></method><method name="addAllAt" desc="(ILsprouts/Tuple;)Lsprouts/impl/TupleTree;" line="606"><counter type="INSTRUCTION" missed="19" covered="52"/><counter type="BRANCH" missed="3" covered="9"/><counter type="LINE" missed="2" covered="9"/><counter type="COMPLEXITY" missed="3" covered="4"/><counter type="METHOD" missed="0" covered="1"/></method><method name="setAllAt" desc="(ILsprouts/Tuple;)Lsprouts/impl/TupleTree;" line="621"><counter type="INSTRUCTION" missed="17" covered="50"/><counter type="BRANCH" missed="3" covered="7"/><counter type="LINE" missed="1" covered="8"/><counter type="COMPLEXITY" missed="3" covered="3"/><counter type="METHOD" missed="0" covered="1"/></method><method name="retainAll" desc="(Lsprouts/Tuple;)Lsprouts/Tuple;" line="634"><counter type="INSTRUCTION" missed="90" covered="0"/><counter type="BRANCH" missed="16" covered="0"/><counter type="LINE" missed="22" covered="0"/><counter type="COMPLEXITY" missed="9" covered="0"/><counter type="METHOD" missed="1" covered="0"/></method><method name="_retainAll" desc="(II[I)Lsprouts/impl/TupleTree;" line="664"><counter type="INSTRUCTION" missed="0" covered="49"/><counter type="BRANCH" missed="1" covered="5"/><counter type="LINE" missed="0" covered="9"/><counter type="COMPLEXITY" missed="1" covered="3"/><counter type="METHOD" missed="0" covered="1"/></method><method name="clear" desc="()Lsprouts/impl/TupleTree;" line="678"><counter type="INSTRUCTION" missed="0" covered="10"/><counter type="LINE" missed="0" covered="1"/><counter type="COMPLEXITY" missed="0" covered="1"/><counter type="METHOD" missed="0" covered="1"/></method><method name="sort" desc="(Ljava/util/Comparator;)Lsprouts/impl/TupleTree;" line="683"><counter type="INSTRUCTION" missed="0" covered="39"/><counter type="BRANCH" missed="0" covered="2"/><counter type="LINE" missed="0" covered="5"/><counter type="COMPLEXITY" missed="0" covered="2"/><counter type="METHOD" missed="0" covered="1"/></method><method name="makeDistinct" desc="()Lsprouts/impl/TupleTree;" line="693"><counter type="INSTRUCTION" missed="0" covered="39"/><counter type="BRANCH" missed="0" covered="2"/><counter type="LINE" missed="0" covered="5"/><counter type="COMPLEXITY" missed="0" covered="2"/><counter type="METHOD" missed="0" covered="1"/></method><method name="reversed" desc="()Lsprouts/impl/TupleTree;" line="703"><counter type="INSTRUCTION" missed="0" covered="37"/><counter type="BRANCH" missed="0" covered="2"/><counter type="LINE" missed="0" covered="4"/><counter type="COMPLEXITY" missed="0" covered="2"/><counter type="METHOD" missed="0" covered="1"/></method><method name="iterator" desc="()Ljava/util/Iterator;" line="730"><counter type="INSTRUCTION" missed="0" covered="5"/><counter type="LINE" missed="0" covered="1"/><counter type="COMPLEXITY" missed="0" covered="1"/><counter type="METHOD" missed="0" covered="1"/></method><method name="spliterator" desc="()Ljava/util/Spliterator;" line="775"><counter type="INSTRUCTION" missed="0" covered="13"/><counter type="LINE" missed="0" covered="1"/><counter type="COMPLEXITY" missed="0" covered="1"/><counter type="METHOD" missed="0" covered="1"/></method><method name="toString" desc="()Ljava/lang/String;" line="780"><counter type="INSTRUCTION" missed="0" covered="75"/><counter type="BRANCH" missed="0" covered="8"/><counter type="LINE" missed="0" covered="16"/><counter type="COMPLEXITY" missed="0" covered="5"/><counter type="METHOD" missed="0" covered="1"/></method><method name="equals" desc="(Ljava/lang/Object;)Z" line="802"><counter type="INSTRUCTION" missed="12" covered="85"/><counter type="BRANCH" missed="8" covered="16"/><counter type="LINE" missed="5" covered="21"/><counter type="COMPLEXITY" missed="8" covered="5"/><counter type="METHOD" missed="0" covered="1"/></method><method name="hashCode" desc="()I" line="836"><counter type="INSTRUCTION" missed="2" covered="37"/><counter type="BRANCH" missed="1" covered="5"/><counter type="LINE" missed="0" covered="5"/><counter type="COMPLEXITY" missed="1" covered="3"/><counter type="METHOD" missed="0" covered="1"/></method><counter type="INSTRUCTION" missed="285" covered="917"/><counter type="BRANCH" missed="55" covered="107"/><counter type="LINE" missed="46" covered="161"/><counter type="COMPLEXITY" missed="48" covered="63"/><counter type="METHOD" missed="1" covered="29"/><counter type="CLASS" missed="0" covered="1"/></class><class name="sprouts/impl/AssociationImpl$IteratorFrame" sourcefilename="AssociationImpl.java"><method name="&lt;init&gt;" desc="(Lsprouts/impl/AssociationImpl$IteratorFrame;Lsprouts/impl/AssociationImpl;)V" line="607"><counter type="INSTRUCTION" missed="0" covered="25"/><counter type="LINE" missed="0" covered="8"/><counter type="COMPLEXITY" missed="0" covered="1"/><counter type="METHOD" missed="0" covered="1"/></method><counter type="INSTRUCTION" missed="0" covered="25"/><counter type="LINE" missed="0" covered="8"/><counter type="COMPLEXITY" missed="0" covered="1"/><counter type="METHOD" missed="0" covered="1"/><counter type="CLASS" missed="0" covered="1"/></class><class name="sprouts/impl/ValueSetImpl$IteratorFrame" sourcefilename="ValueSetImpl.java"><method name="&lt;init&gt;" desc="(Lsprouts/impl/ValueSetImpl$IteratorFrame;Lsprouts/impl/ValueSetImpl;)V" line="521"><counter type="INSTRUCTION" missed="0" covered="25"/><counter type="LINE" missed="0" covered="8"/><counter type="COMPLEXITY" missed="0" covered="1"/><counter type="METHOD" missed="0" covered="1"/></method><counter type="INSTRUCTION" missed="0" covered="25"/><counter type="LINE" missed="0" covered="8"/><counter type="COMPLEXITY" missed="0" covered="1"/><counter type="METHOD" missed="0" covered="1"/><counter type="CLASS" missed="0" covered="1"/></class><class name="sprouts/impl/ItemPair" sourcefilename="ItemPair.java"><method name="&lt;init&gt;" desc="(Lsprouts/Val;)V" line="17"><counter type="INSTRUCTION" missed="0" covered="9"/><counter type="LINE" missed="0" covered="2"/><counter type="COMPLEXITY" missed="0" covered="1"/><counter type="METHOD" missed="0" covered="1"/></method><method name="&lt;init&gt;" desc="(Ljava/lang/Class;Ljava/lang/Object;Ljava/lang/Object;)V" line="20"><counter type="INSTRUCTION" missed="0" covered="20"/><counter type="LINE" missed="0" covered="6"/><counter type="COMPLEXITY" missed="0" covered="1"/><counter type="METHOD" missed="0" covered="1"/></method><method name="type" desc="()Ljava/lang/Class;" line="28"><counter type="INSTRUCTION" missed="3" covered="0"/><counter type="LINE" missed="1" covered="0"/><counter type="COMPLEXITY" missed="1" covered="0"/><counter type="METHOD" missed="1" covered="0"/></method><method name="change" desc="()Lsprouts/SingleChange;" line="32"><counter type="INSTRUCTION" missed="0" covered="3"/><counter type="LINE" missed="0" covered="1"/><counter type="COMPLEXITY" missed="0" covered="1"/><counter type="METHOD" missed="0" covered="1"/></method><method name="oldValue" desc="()Ljava/lang/Object;" line="36"><counter type="INSTRUCTION" missed="0" covered="3"/><counter type="LINE" missed="0" covered="1"/><counter type="COMPLEXITY" missed="0" covered="1"/><counter type="METHOD" missed="0" covered="1"/></method><method name="newValue" desc="()Ljava/lang/Object;" line="40"><counter type="INSTRUCTION" missed="0" covered="3"/><counter type="LINE" missed="0" covered="1"/><counter type="COMPLEXITY" missed="0" covered="1"/><counter type="METHOD" missed="0" covered="1"/></method><counter type="INSTRUCTION" missed="3" covered="38"/><counter type="LINE" missed="1" covered="11"/><counter type="COMPLEXITY" missed="1" covered="5"/><counter type="METHOD" missed="1" covered="5"/><counter type="CLASS" missed="0" covered="1"/></class><class name="sprouts/impl/WeakActionImpl" sourcefilename="WeakActionImpl.java"><method name="of" desc="(Ljava/lang/Object;Ljava/util/function/BiConsumer;)Lsprouts/impl/WeakAction;" line="14"><counter type="INSTRUCTION" missed="0" covered="6"/><counter type="LINE" missed="0" covered="1"/><counter type="COMPLEXITY" missed="0" covered="1"/><counter type="METHOD" missed="0" covered="1"/></method><method name="&lt;init&gt;" desc="(Ljava/lang/Object;Ljava/util/function/BiConsumer;)V" line="20"><counter type="INSTRUCTION" missed="0" covered="12"/><counter type="LINE" missed="0" covered="4"/><counter type="COMPLEXITY" missed="0" covered="1"/><counter type="METHOD" missed="0" covered="1"/></method><method name="accept" desc="(Ljava/lang/Object;)V" line="27"><counter type="INSTRUCTION" missed="3" covered="17"/><counter type="BRANCH" missed="1" covered="3"/><counter type="LINE" missed="1" covered="6"/><counter type="COMPLEXITY" missed="1" covered="2"/><counter type="METHOD" missed="0" covered="1"/></method><method name="owner" desc="()Ljava/util/Optional;" line="40"><counter type="INSTRUCTION" missed="0" covered="5"/><counter type="LINE" missed="0" covered="1"/><counter type="COMPLEXITY" missed="0" covered="1"/><counter type="METHOD" missed="0" covered="1"/></method><method name="clear" desc="()V" line="45"><counter type="INSTRUCTION" missed="0" covered="4"/><counter type="LINE" missed="0" covered="2"/><counter type="COMPLEXITY" missed="0" covered="1"/><counter type="METHOD" missed="0" covered="1"/></method><counter type="INSTRUCTION" missed="3" covered="44"/><counter type="BRANCH" missed="1" covered="3"/><counter type="LINE" missed="1" covered="14"/><counter type="COMPLEXITY" missed="1" covered="6"/><counter type="METHOD" missed="0" covered="5"/><counter type="CLASS" missed="0" covered="1"/></class><class name="sprouts/impl/SequenceDiff" sourcefilename="SequenceDiff.java"><method name="of" desc="(Lsprouts/Tuple;Lsprouts/SequenceChange;II)Lsprouts/impl/SequenceDiff;" line="54"><counter type="INSTRUCTION" missed="9" covered="18"/><counter type="BRANCH" missed="2" covered="2"/><counter type="LINE" missed="1" covered="4"/><counter type="COMPLEXITY" missed="2" covered="1"/><counter type="METHOD" missed="0" covered="1"/></method><method name="ofPrevious" desc="(Lsprouts/impl/SequenceDiff;Lsprouts/SequenceChange;II)Lsprouts/impl/SequenceDiff;" line="63"><counter type="INSTRUCTION" missed="0" covered="12"/><counter type="LINE" missed="0" covered="1"/><counter type="COMPLEXITY" missed="0" covered="1"/><counter type="METHOD" missed="0" covered="1"/></method><method name="initial" desc="()Lsprouts/impl/SequenceDiff;" line="77"><counter type="INSTRUCTION" missed="0" covered="9"/><counter type="LINE" missed="0" covered="1"/><counter type="COMPLEXITY" missed="0" covered="1"/><counter type="METHOD" missed="0" covered="1"/></method><method name="&lt;init&gt;" desc="(Lsprouts/Version;Lsprouts/SequenceChange;IIJ)V" line="94"><counter type="INSTRUCTION" missed="0" covered="23"/><counter type="LINE" missed="0" covered="7"/><counter type="COMPLEXITY" missed="0" covered="1"/><counter type="METHOD" missed="0" covered="1"/></method><method name="_hash" desc="(Lsprouts/Version;Lsprouts/SequenceChange;IIJ)J" line="103"><counter type="INSTRUCTION" missed="0" covered="40"/><counter type="LINE" missed="0" covered="7"/><counter type="COMPLEXITY" missed="0" covered="1"/><counter type="METHOD" missed="0" covered="1"/></method><method name="isDirectSuccessorOf" desc="(Lsprouts/impl/SequenceDiff;)Z" line="129"><counter type="INSTRUCTION" missed="0" covered="13"/><counter type="LINE" missed="0" covered="2"/><counter type="COMPLEXITY" missed="0" covered="1"/><counter type="METHOD" missed="0" covered="1"/></method><method name="change" desc="()Lsprouts/SequenceChange;" line="140"><counter type="INSTRUCTION" missed="0" covered="3"/><counter type="LINE" missed="0" covered="1"/><counter type="COMPLEXITY" missed="0" covered="1"/><counter type="METHOD" missed="0" covered="1"/></method><method name="index" desc="()Ljava/util/Optional;" line="150"><counter type="INSTRUCTION" missed="0" covered="10"/><counter type="BRANCH" missed="0" covered="2"/><counter type="LINE" missed="0" covered="3"/><counter type="COMPLEXITY" missed="0" covered="2"/><counter type="METHOD" missed="0" covered="1"/></method><method name="size" desc="()I" line="162"><counter type="INSTRUCTION" missed="0" covered="3"/><counter type="LINE" missed="0" covered="1"/><counter type="COMPLEXITY" missed="0" covered="1"/><counter type="METHOD" missed="0" covered="1"/></method><method name="version" desc="()Lsprouts/Version;" line="174"><counter type="INSTRUCTION" missed="3" covered="0"/><counter type="LINE" missed="1" covered="0"/><counter type="COMPLEXITY" missed="1" covered="0"/><counter type="METHOD" missed="1" covered="0"/></method><method name="signature" desc="()J" line="186"><counter type="INSTRUCTION" missed="3" covered="0"/><counter type="LINE" missed="1" covered="0"/><counter type="COMPLEXITY" missed="1" covered="0"/><counter type="METHOD" missed="1" covered="0"/></method><method name="toString" desc="()Ljava/lang/String;" line="191"><counter type="INSTRUCTION" missed="37" covered="0"/><counter type="LINE" missed="2" covered="0"/><counter type="COMPLEXITY" missed="1" covered="0"/><counter type="METHOD" missed="1" covered="0"/></method><method name="equals" desc="(Ljava/lang/Object;)Z" line="202"><counter type="INSTRUCTION" missed="4" covered="44"/><counter type="BRANCH" missed="7" covered="9"/><counter type="LINE" missed="0" covered="4"/><counter type="COMPLEXITY" missed="7" covered="2"/><counter type="METHOD" missed="0" covered="1"/></method><method name="hashCode" desc="()I" line="214"><counter type="INSTRUCTION" missed="4" covered="0"/><counter type="LINE" missed="1" covered="0"/><counter type="COMPLEXITY" missed="1" covered="0"/><counter type="METHOD" missed="1" covered="0"/></method><counter type="INSTRUCTION" missed="60" covered="175"/><counter type="BRANCH" missed="9" covered="13"/><counter type="LINE" missed="6" covered="31"/><counter type="COMPLEXITY" missed="13" covered="12"/><counter type="METHOD" missed="4" covered="10"/><counter type="CLASS" missed="0" covered="1"/></class><class name="sprouts/impl/PropertyLens$1" sourcefilename="PropertyLens.java"><method name="&lt;init&gt;" desc="(Ljava/lang/Object;Lsprouts/Lens;)V" line="48"><counter type="INSTRUCTION" missed="0" covered="9"/><counter type="LINE" missed="0" covered="1"/><counter type="COMPLEXITY" missed="0" covered="1"/><counter type="METHOD" missed="0" covered="1"/></method><method name="getter" desc="(Ljava/lang/Object;)Ljava/lang/Object;" line="51"><counter type="INSTRUCTION" missed="0" covered="10"/><counter type="BRANCH" missed="0" covered="2"/><counter type="LINE" missed="0" covered="3"/><counter type="COMPLEXITY" missed="0" covered="2"/><counter type="METHOD" missed="0" covered="1"/></method><method name="wither" desc="(Ljava/lang/Object;Ljava/lang/Object;)Ljava/lang/Object;" line="59"><counter type="INSTRUCTION" missed="3" covered="8"/><counter type="BRANCH" missed="1" covered="1"/><counter type="LINE" missed="1" covered="2"/><counter type="COMPLEXITY" missed="1" covered="1"/><counter type="METHOD" missed="0" covered="1"/></method><counter type="INSTRUCTION" missed="3" covered="27"/><counter type="BRANCH" missed="1" covered="3"/><counter type="LINE" missed="1" covered="6"/><counter type="COMPLEXITY" missed="1" covered="4"/><counter type="METHOD" missed="0" covered="3"/><counter type="CLASS" missed="0" covered="1"/></class><class name="sprouts/impl/SortedValueSetImpl" sourcefilename="SortedValueSetImpl.java"><method name="BASE_ENTRIES_PER_NODE" desc="(I)I" line="20"><counter type="INSTRUCTION" missed="0" covered="8"/><counter type="LINE" missed="0" covered="1"/><counter type="COMPLEXITY" missed="0" covered="1"/><counter type="METHOD" missed="0" covered="1"/></method><method name="&lt;init&gt;" desc="(Ljava/lang/Class;Ljava/util/Comparator;)V" line="97"><counter type="INSTRUCTION" missed="0" covered="6"/><counter type="LINE" missed="0" covered="2"/><counter type="COMPLEXITY" missed="0" covered="1"/><counter type="METHOD" missed="0" covered="1"/></method><method name="&lt;init&gt;" desc="(Ljava/lang/Class;Ljava/util/Comparator;Lsprouts/impl/SortedValueSetImpl$Node;)V" line="104"><counter type="INSTRUCTION" missed="0" covered="12"/><counter type="LINE" missed="0" covered="5"/><counter type="COMPLEXITY" missed="0" covered="1"/><counter type="METHOD" missed="0" covered="1"/></method><method name="size" desc="()I" line="112"><counter type="INSTRUCTION" missed="0" covered="4"/><counter type="LINE" missed="0" covered="1"/><counter type="COMPLEXITY" missed="0" covered="1"/><counter type="METHOD" missed="0" covered="1"/></method><method name="isSorted" desc="()Z" line="117"><counter type="INSTRUCTION" missed="0" covered="2"/><counter type="LINE" missed="0" covered="1"/><counter type="COMPLEXITY" missed="0" covered="1"/><counter type="METHOD" missed="0" covered="1"/></method><method name="type" desc="()Ljava/lang/Class;" line="122"><counter type="INSTRUCTION" missed="0" covered="3"/><counter type="LINE" missed="0" covered="1"/><counter type="COMPLEXITY" missed="0" covered="1"/><counter type="METHOD" missed="0" covered="1"/></method><method name="contains" desc="(Ljava/lang/Object;)Z" line="127"><counter type="INSTRUCTION" missed="10" covered="21"/><counter type="BRANCH" missed="2" covered="4"/><counter type="LINE" missed="2" covered="3"/><counter type="COMPLEXITY" missed="2" covered="2"/><counter type="METHOD" missed="0" covered="1"/></method><method name="_findElement" desc="(Lsprouts/impl/SortedValueSetImpl$Node;Ljava/lang/Class;Ljava/util/Comparator;Ljava/lang/Object;)Ljava/lang/Object;" line="142"><counter type="INSTRUCTION" missed="0" covered="69"/><counter type="BRANCH" missed="1" covered="17"/><counter type="LINE" missed="0" covered="17"/><counter type="COMPLEXITY" missed="1" covered="9"/><counter type="METHOD" missed="0" covered="1"/></method><method name="add" desc="(Ljava/lang/Object;)Lsprouts/ValueSet;" line="169"><counter type="INSTRUCTION" missed="5" covered="40"/><counter type="BRANCH" missed="1" covered="5"/><counter type="LINE" missed="1" covered="7"/><counter type="COMPLEXITY" missed="1" covered="3"/><counter type="METHOD" missed="0" covered="1"/></method><method name="addAll" desc="(Ljava/util/stream/Stream;)Lsprouts/ValueSet;" line="184"><counter type="INSTRUCTION" missed="0" covered="12"/><counter type="LINE" missed="0" covered="3"/><counter type="COMPLEXITY" missed="0" covered="1"/><counter type="METHOD" missed="0" covered="1"/></method><method name="_updateElement" desc="(Lsprouts/impl/SortedValueSetImpl$Node;Ljava/lang/Class;Ljava/util/Comparator;Ljava/lang/Object;I)Lsprouts/impl/SortedValueSetImpl$Node;" line="202"><counter type="INSTRUCTION" missed="56" covered="369"/><counter type="BRANCH" missed="9" covered="49"/><counter type="LINE" missed="10" covered="67"/><counter type="COMPLEXITY" missed="7" covered="23"/><counter type="METHOD" missed="0" covered="1"/></method><method name="_balanceNullable" desc="(Lsprouts/impl/SortedValueSetImpl$Node;)Lsprouts/impl/SortedValueSetImpl$Node;" line="346"><counter type="INSTRUCTION" missed="0" covered="7"/><counter type="BRANCH" missed="0" covered="2"/><counter type="LINE" missed="0" covered="3"/><counter type="COMPLEXITY" missed="0" covered="2"/><counter type="METHOD" missed="0" covered="1"/></method><method name="_balance" desc="(Lsprouts/impl/SortedValueSetImpl$Node;)Lsprouts/impl/SortedValueSetImpl$Node;" line="353"><counter type="INSTRUCTION" missed="21" covered="136"/><counter type="BRANCH" missed="3" covered="19"/><counter type="LINE" missed="3" covered="27"/><counter type="COMPLEXITY" missed="3" covered="9"/><counter type="METHOD" missed="0" covered="1"/></method><method name="_createSingleEntryNode" desc="(Ljava/lang/Class;Ljava/lang/Object;)Lsprouts/impl/SortedValueSetImpl$Node;" line="395"><counter type="INSTRUCTION" missed="0" covered="14"/><counter type="LINE" missed="0" covered="3"/><counter type="COMPLEXITY" missed="0" covered="1"/><counter type="METHOD" missed="0" covered="1"/></method><method name="remove" desc="(Ljava/lang/Object;)Lsprouts/ValueSet;" line="402"><counter type="INSTRUCTION" missed="5" covered="45"/><counter type="BRANCH" missed="1" covered="7"/><counter type="LINE" missed="1" covered="8"/><counter type="COMPLEXITY" missed="1" covered="4"/><counter type="METHOD" missed="0" covered="1"/></method><method name="removeAll" desc="(Ljava/util/stream/Stream;)Lsprouts/ValueSet;" line="418"><counter type="INSTRUCTION" missed="2" covered="14"/><counter type="BRANCH" missed="1" covered="1"/><counter type="LINE" missed="1" covered="4"/><counter type="COMPLEXITY" missed="1" covered="1"/><counter type="METHOD" missed="0" covered="1"/></method><method name="retainAll" desc="(Ljava/util/Set;)Lsprouts/ValueSet;" line="429"><counter type="INSTRUCTION" missed="2" covered="31"/><counter type="BRANCH" missed="1" covered="7"/><counter type="LINE" missed="1" covered="9"/><counter type="COMPLEXITY" missed="1" covered="4"/><counter type="METHOD" missed="0" covered="1"/></method><method name="_removeElement" desc="(Lsprouts/impl/SortedValueSetImpl$Node;Ljava/lang/Class;Ljava/util/Comparator;Ljava/lang/Object;)Lsprouts/impl/SortedValueSetImpl$Node;" line="448"><counter type="INSTRUCTION" missed="0" covered="174"/><counter type="BRANCH" missed="0" covered="22"/><counter type="LINE" missed="0" covered="42"/><counter type="COMPLEXITY" missed="0" covered="12"/><counter type="METHOD" missed="0" covered="1"/></method><method name="_findRightMostElement" desc="(Lsprouts/impl/SortedValueSetImpl$Node;Ljava/lang/Class;)Ljava/lang/Object;" line="506"><counter type="INSTRUCTION" missed="0" covered="20"/><counter type="BRANCH" missed="0" covered="2"/><counter type="LINE" missed="0" covered="4"/><counter type="COMPLEXITY" missed="0" covered="2"/><counter type="METHOD" missed="0" covered="1"/></method><method name="_findLeftMostElement" desc="(Lsprouts/impl/SortedValueSetImpl$Node;Ljava/lang/Class;)Ljava/lang/Object;" line="514"><counter type="INSTRUCTION" missed="0" covered="14"/><counter type="BRANCH" missed="0" covered="2"/><counter type="LINE" missed="0" covered="3"/><counter type="COMPLEXITY" missed="0" covered="2"/><counter type="METHOD" missed="0" covered="1"/></method><method name="clear" desc="()Lsprouts/ValueSet;" line="522"><counter type="INSTRUCTION" missed="0" covered="7"/><counter type="LINE" missed="0" covered="1"/><counter type="COMPLEXITY" missed="0" covered="1"/><counter type="METHOD" missed="0" covered="1"/></method><method name="spliterator" desc="()Ljava/util/Spliterator;" line="527"><counter type="INSTRUCTION" missed="0" covered="9"/><counter type="LINE" missed="0" covered="1"/><counter type="COMPLEXITY" missed="0" covered="1"/><counter type="METHOD" missed="0" covered="1"/></method><method name="iterator" desc="()Ljava/util/Iterator;" line="540"><counter type="INSTRUCTION" missed="0" covered="5"/><counter type="LINE" missed="0" covered="1"/><counter type="COMPLEXITY" missed="0" covered="1"/><counter type="METHOD" missed="0" covered="1"/></method><method name="toString" desc="()Ljava/lang/String;" line="593"><counter type="INSTRUCTION" missed="0" covered="66"/><counter type="BRANCH" missed="0" covered="6"/><counter type="LINE" missed="0" covered="17"/><counter type="COMPLEXITY" missed="0" covered="4"/><counter type="METHOD" missed="0" covered="1"/></method><method name="_toString" desc="(Ljava/lang/Object;Ljava/lang/Class;)Ljava/lang/String;" line="615"><counter type="INSTRUCTION" missed="16" covered="25"/><counter type="BRANCH" missed="3" covered="5"/><counter type="LINE" missed="3" covered="6"/><counter type="COMPLEXITY" missed="3" covered="2"/><counter type="METHOD" missed="0" covered="1"/></method><method name="equals" desc="(Ljava/lang/Object;)Z" line="630"><counter type="INSTRUCTION" missed="6" covered="61"/><counter type="BRANCH" missed="6" covered="16"/><counter type="LINE" missed="1" covered="11"/><counter type="COMPLEXITY" missed="6" covered="6"/><counter type="METHOD" missed="0" covered="1"/></method><method name="hashCode" desc="()I" line="649"><counter type="INSTRUCTION" missed="0" covered="44"/><counter type="BRANCH" missed="0" covered="2"/><counter type="LINE" missed="0" covered="6"/><counter type="COMPLEXITY" missed="0" covered="2"/><counter type="METHOD" missed="0" covered="1"/></method><method name="lambda$removeAll$3" desc="(Lsprouts/ValueSet;Lsprouts/ValueSet;)Lsprouts/ValueSet;" line="423"><counter type="INSTRUCTION" missed="2" covered="0"/><counter type="LINE" missed="1" covered="0"/><counter type="COMPLEXITY" missed="1" covered="0"/><counter type="METHOD" missed="1" covered="0"/></method><method name="lambda$removeAll$2" desc="(Lsprouts/ValueSet;Ljava/lang/Object;)Lsprouts/ValueSet;" line="422"><counter type="INSTRUCTION" missed="0" covered="4"/><counter type="LINE" missed="0" covered="1"/><counter type="COMPLEXITY" missed="0" covered="1"/><counter type="METHOD" missed="0" covered="1"/></method><method name="lambda$addAll$1" desc="(Lsprouts/impl/SortedValueSetImpl;Lsprouts/impl/SortedValueSetImpl;)Lsprouts/impl/SortedValueSetImpl;" line="192"><counter type="INSTRUCTION" missed="2" covered="0"/><counter type="LINE" missed="1" covered="0"/><counter type="COMPLEXITY" missed="1" covered="0"/><counter type="METHOD" missed="1" covered="0"/></method><method name="lambda$addAll$0" desc="(Lsprouts/impl/SortedValueSetImpl;Ljava/lang/Object;)Lsprouts/impl/SortedValueSetImpl;" line="191"><counter type="INSTRUCTION" missed="0" covered="5"/><counter type="LINE" missed="0" covered="1"/><counter type="COMPLEXITY" missed="0" covered="1"/><counter type="METHOD" missed="0" covered="1"/></method><method name="&lt;clinit&gt;" desc="()V" line="15"><counter type="INSTRUCTION" missed="0" covered="9"/><counter type="LINE" missed="0" covered="2"/><counter type="COMPLEXITY" missed="0" covered="1"/><counter type="METHOD" missed="0" covered="1"/></method><counter type="INSTRUCTION" missed="127" covered="1236"/><counter type="BRANCH" missed="28" covered="166"/><counter type="LINE" missed="25" covered="258"/><counter type="COMPLEXITY" missed="28" covered="101"/><counter type="METHOD" missed="2" covered="30"/><counter type="CLASS" missed="0" covered="1"/></class><class name="sprouts/impl/PropertyLens$2" sourcefilename="PropertyLens.java"><method name="&lt;init&gt;" desc="(Lsprouts/Lens;)V" line="89"><counter type="INSTRUCTION" missed="0" covered="6"/><counter type="LINE" missed="0" covered="1"/><counter type="COMPLEXITY" missed="0" covered="1"/><counter type="METHOD" missed="0" covered="1"/></method><method name="getter" desc="(Ljava/lang/Object;)Ljava/lang/Object;" line="92"><counter type="INSTRUCTION" missed="0" covered="10"/><counter type="BRANCH" missed="0" covered="2"/><counter type="LINE" missed="0" covered="3"/><counter type="COMPLEXITY" missed="0" covered="2"/><counter type="METHOD" missed="0" covered="1"/></method><method name="wither" desc="(Ljava/lang/Object;Ljava/lang/Object;)Ljava/lang/Object;" line="100"><counter type="INSTRUCTION" missed="3" covered="8"/><counter type="BRANCH" missed="1" covered="1"/><counter type="LINE" missed="1" covered="2"/><counter type="COMPLEXITY" missed="1" covered="1"/><counter type="METHOD" missed="0" covered="1"/></method><counter type="INSTRUCTION" missed="3" covered="24"/><counter type="BRANCH" missed="1" covered="3"/><counter type="LINE" missed="1" covered="6"/><counter type="COMPLEXITY" missed="1" covered="4"/><counter type="METHOD" missed="0" covered="3"/><counter type="CLASS" missed="0" covered="1"/></class><class name="sprouts/impl/ValDelegateImpl" sourcefilename="ValDelegateImpl.java"><method name="&lt;init&gt;" desc="(Lsprouts/Channel;Lsprouts/SingleChange;Ljava/lang/String;Ljava/lang/Class;Ljava/lang/Object;Ljava/lang/Object;)V" line="23"><counter type="INSTRUCTION" missed="0" covered="29"/><counter type="LINE" missed="0" covered="8"/><counter type="COMPLEXITY" missed="0" covered="1"/><counter type="METHOD" missed="0" covered="1"/></method><method name="currentValue" desc="()Lsprouts/Maybe;" line="34"><counter type="INSTRUCTION" missed="0" covered="6"/><counter type="LINE" missed="0" covered="1"/><counter type="COMPLEXITY" missed="0" covered="1"/><counter type="METHOD" missed="0" covered="1"/></method><method name="oldValue" desc="()Lsprouts/Maybe;" line="39"><counter type="INSTRUCTION" missed="0" covered="6"/><counter type="LINE" missed="0" covered="1"/><counter type="COMPLEXITY" missed="0" covered="1"/><counter type="METHOD" missed="0" covered="1"/></method><method name="channel" desc="()Lsprouts/Channel;" line="44"><counter type="INSTRUCTION" missed="0" covered="3"/><counter type="LINE" missed="0" covered="1"/><counter type="COMPLEXITY" missed="0" covered="1"/><counter type="METHOD" missed="0" covered="1"/></method><method name="id" desc="()Ljava/lang/String;" line="49"><counter type="INSTRUCTION" missed="3" covered="0"/><counter type="LINE" missed="1" covered="0"/><counter type="COMPLEXITY" missed="1" covered="0"/><counter type="METHOD" missed="1" covered="0"/></method><method name="change" desc="()Lsprouts/SingleChange;" line="54"><counter type="INSTRUCTION" missed="0" covered="3"/><counter type="LINE" missed="0" covered="1"/><counter type="COMPLEXITY" missed="0" covered="1"/><counter type="METHOD" missed="0" covered="1"/></method><method name="type" desc="()Ljava/lang/Class;" line="59"><counter type="INSTRUCTION" missed="3" covered="0"/><counter type="LINE" missed="1" covered="0"/><counter type="COMPLEXITY" missed="1" covered="0"/><counter type="METHOD" missed="1" covered="0"/></method><method name="toString" desc="()Ljava/lang/String;" line="64"><counter type="INSTRUCTION" missed="0" covered="38"/><counter type="LINE" missed="0" covered="1"/><counter type="COMPLEXITY" missed="0" covered="1"/><counter type="METHOD" missed="0" covered="1"/></method><method name="equals" desc="(Ljava/lang/Object;)Z" line="75"><counter type="INSTRUCTION" missed="59" covered="0"/><counter type="BRANCH" missed="18" covered="0"/><counter type="LINE" missed="10" covered="0"/><counter type="COMPLEXITY" missed="10" covered="0"/><counter type="METHOD" missed="1" covered="0"/></method><method name="hashCode" desc="()I" line="89"><counter type="INSTRUCTION" missed="34" covered="0"/><counter type="LINE" missed="1" covered="0"/><counter type="COMPLEXITY" missed="1" covered="0"/><counter type="METHOD" missed="1" covered="0"/></method><counter type="INSTRUCTION" missed="99" covered="85"/><counter type="BRANCH" missed="18" covered="0"/><counter type="LINE" missed="13" covered="13"/><counter type="COMPLEXITY" missed="13" covered="6"/><counter type="METHOD" missed="4" covered="6"/><counter type="CLASS" missed="0" covered="1"/></class><class name="sprouts/impl/ObserverAsActionImpl" sourcefilename="ObserverAsActionImpl.java"><method name="&lt;init&gt;" desc="(Lsprouts/Observer;)V" line="13"><counter type="INSTRUCTION" missed="0" covered="8"/><counter type="LINE" missed="0" covered="3"/><counter type="COMPLEXITY" missed="0" covered="1"/><counter type="METHOD" missed="0" covered="1"/></method><method name="listener" desc="()Lsprouts/Observer;" line="17"><counter type="INSTRUCTION" missed="0" covered="3"/><counter type="LINE" missed="0" covered="1"/><counter type="COMPLEXITY" missed="0" covered="1"/><counter type="METHOD" missed="0" covered="1"/></method><method name="accept" desc="(Ljava/lang/Object;)V" line="21"><counter type="INSTRUCTION" missed="0" covered="4"/><counter type="LINE" missed="0" covered="2"/><counter type="COMPLEXITY" missed="0" covered="1"/><counter type="METHOD" missed="0" covered="1"/></method><counter type="INSTRUCTION" missed="0" covered="15"/><counter type="LINE" missed="0" covered="6"/><counter type="COMPLEXITY" missed="0" covered="3"/><counter type="METHOD" missed="0" covered="3"/><counter type="CLASS" missed="0" covered="1"/></class><class name="sprouts/impl/TupleTree$BranchNode" sourcefilename="TupleTree.java"><method name="&lt;init&gt;" desc="([Lsprouts/impl/TupleTree$Node;)V" line="212"><counter type="INSTRUCTION" missed="0" covered="34"/><counter type="BRANCH" missed="0" covered="4"/><counter type="LINE" missed="0" covered="8"/><counter type="COMPLEXITY" missed="0" covered="3"/><counter type="METHOD" missed="0" covered="1"/></method><method name="size" desc="()I" line="224"><counter type="INSTRUCTION" missed="0" covered="3"/><counter type="LINE" missed="0" covered="1"/><counter type="COMPLEXITY" missed="0" covered="1"/><counter type="METHOD" missed="0" covered="1"/></method><method name="getAt" desc="(ILjava/lang/Class;)Ljava/lang/Object;" line="229"><counter type="INSTRUCTION" missed="17" covered="56"/><counter type="BRANCH" missed="3" covered="7"/><counter type="LINE" missed="1" covered="12"/><counter type="COMPLEXITY" missed="3" covered="3"/><counter type="METHOD" missed="0" covered="1"/></method><method name="slice" desc="(IILjava/lang/Class;Z)Lsprouts/impl/TupleTree$Node;" line="255"><counter type="INSTRUCTION" missed="4" covered="73"/><counter type="BRANCH" missed="2" covered="12"/><counter type="LINE" missed="2" covered="17"/><counter type="COMPLEXITY" missed="2" covered="6"/><counter type="METHOD" missed="0" covered="1"/></method><method name="removeRange" desc="(IILjava/lang/Class;Z)Lsprouts/impl/TupleTree$Node;" line="288"><counter type="INSTRUCTION" missed="4" covered="79"/><counter type="BRANCH" missed="2" covered="14"/><counter type="LINE" missed="2" covered="20"/><counter type="COMPLEXITY" missed="2" covered="7"/><counter type="METHOD" missed="0" covered="1"/></method><method name="addAllAt" desc="(ILsprouts/Tuple;Ljava/lang/Class;Z)Lsprouts/impl/TupleTree$Node;" line="319"><counter type="INSTRUCTION" missed="19" covered="81"/><counter type="BRANCH" missed="4" covered="12"/><counter type="LINE" missed="3" covered="22"/><counter type="COMPLEXITY" missed="4" covered="5"/><counter type="METHOD" missed="0" covered="1"/></method><method name="setAllAt" desc="(IILsprouts/Tuple;Ljava/lang/Class;Z)Lsprouts/impl/TupleTree$Node;" line="354"><counter type="INSTRUCTION" missed="12" covered="134"/><counter type="BRANCH" missed="7" covered="21"/><counter type="LINE" missed="4" covered="29"/><counter type="COMPLEXITY" missed="7" covered="8"/><counter type="METHOD" missed="0" covered="1"/></method><method name="forEach" desc="(Ljava/lang/Class;Ljava/util/function/Consumer;)V" line="395"><counter type="INSTRUCTION" missed="24" covered="0"/><counter type="BRANCH" missed="4" covered="0"/><counter type="LINE" missed="4" covered="0"/><counter type="COMPLEXITY" missed="3" covered="0"/><counter type="METHOD" missed="1" covered="0"/></method><counter type="INSTRUCTION" missed="80" covered="460"/><counter type="BRANCH" missed="22" covered="70"/><counter type="LINE" missed="16" covered="109"/><counter type="COMPLEXITY" missed="21" covered="33"/><counter type="METHOD" missed="1" covered="7"/><counter type="CLASS" missed="0" covered="1"/></class><class name="sprouts/impl/SequenceDiffOwner" sourcefilename="SequenceDiffOwner.java"/><class name="sprouts/impl/SortedValueSetImpl$1" sourcefilename="SortedValueSetImpl.java"><method name="&lt;init&gt;" desc="(Lsprouts/impl/SortedValueSetImpl;)V" line="540"><counter type="INSTRUCTION" missed="0" covered="23"/><counter type="BRANCH" missed="0" covered="2"/><counter type="LINE" missed="0" covered="5"/><counter type="COMPLEXITY" missed="0" covered="2"/><counter type="METHOD" missed="0" covered="1"/></method><method name="hasNext" desc="()Z" line="549"><counter type="INSTRUCTION" missed="0" covered="83"/><counter type="BRANCH" missed="0" covered="14"/><counter type="LINE" missed="0" covered="14"/><counter type="COMPLEXITY" missed="0" covered="8"/><counter type="METHOD" missed="0" covered="1"/></method><method name="next" desc="()Ljava/lang/Object;" line="570"><counter type="INSTRUCTION" missed="4" covered="24"/><counter type="BRANCH" missed="2" covered="2"/><counter type="LINE" missed="1" covered="4"/><counter type="COMPLEXITY" missed="2" covered="1"/><counter type="METHOD" missed="0" covered="1"/></method><counter type="INSTRUCTION" missed="4" covered="130"/><counter type="BRANCH" missed="2" covered="18"/><counter type="LINE" missed="1" covered="23"/><counter type="COMPLEXITY" missed="2" covered="11"/><counter type="METHOD" missed="0" covered="3"/><counter type="CLASS" missed="0" covered="1"/></class><class name="sprouts/impl/SortedAssociationImpl" sourcefilename="SortedAssociationImpl.java"><method name="BASE_ENTRIES_PER_NODE" desc="(I)I" line="18"><counter type="INSTRUCTION" missed="0" covered="8"/><counter type="LINE" missed="0" covered="1"/><counter type="COMPLEXITY" missed="0" covered="1"/><counter type="METHOD" missed="0" covered="1"/></method><method name="&lt;init&gt;" desc="(Ljava/lang/Class;Ljava/lang/Class;Ljava/util/Comparator;)V" line="125"><counter type="INSTRUCTION" missed="0" covered="7"/><counter type="LINE" missed="0" covered="2"/><counter type="COMPLEXITY" missed="0" covered="1"/><counter type="METHOD" missed="0" covered="1"/></method><method name="&lt;init&gt;" desc="(Ljava/lang/Class;Ljava/lang/Class;Ljava/util/Comparator;Lsprouts/impl/SortedAssociationImpl$Node;)V" line="138"><counter type="INSTRUCTION" missed="0" covered="15"/><counter type="LINE" missed="0" covered="6"/><counter type="COMPLEXITY" missed="0" covered="1"/><counter type="METHOD" missed="0" covered="1"/></method><method name="size" desc="()I" line="148"><counter type="INSTRUCTION" missed="0" covered="4"/><counter type="LINE" missed="0" covered="1"/><counter type="COMPLEXITY" missed="0" covered="1"/><counter type="METHOD" missed="0" covered="1"/></method><method name="isSorted" desc="()Z" line="153"><counter type="INSTRUCTION" missed="0" covered="2"/><counter type="LINE" missed="0" covered="1"/><counter type="COMPLEXITY" missed="0" covered="1"/><counter type="METHOD" missed="0" covered="1"/></method><method name="keyType" desc="()Ljava/lang/Class;" line="158"><counter type="INSTRUCTION" missed="0" covered="3"/><counter type="LINE" missed="0" covered="1"/><counter type="COMPLEXITY" missed="0" covered="1"/><counter type="METHOD" missed="0" covered="1"/></method><method name="valueType" desc="()Ljava/lang/Class;" line="163"><counter type="INSTRUCTION" missed="0" covered="3"/><counter type="LINE" missed="0" covered="1"/><counter type="COMPLEXITY" missed="0" covered="1"/><counter type="METHOD" missed="0" covered="1"/></method><method name="keySet" desc="()Lsprouts/ValueSet;" line="168"><counter type="INSTRUCTION" missed="0" covered="12"/><counter type="LINE" missed="0" covered="1"/><counter type="COMPLEXITY" missed="0" covered="1"/><counter type="METHOD" missed="0" covered="1"/></method><method name="values" desc="()Lsprouts/Tuple;" line="173"><counter type="INSTRUCTION" missed="0" covered="18"/><counter type="LINE" missed="0" covered="3"/><counter type="COMPLEXITY" missed="0" covered="1"/><counter type="METHOD" missed="0" covered="1"/></method><method name="_populateValues" desc="(Lsprouts/impl/SortedAssociationImpl$Node;Ljava/lang/Class;Ljava/util/List;)V" line="179"><counter type="INSTRUCTION" missed="0" covered="28"/><counter type="BRANCH" missed="0" covered="4"/><counter type="LINE" missed="0" covered="8"/><counter type="COMPLEXITY" missed="0" covered="3"/><counter type="METHOD" missed="0" covered="1"/></method><method name="_findValueOfKey" desc="(Lsprouts/impl/SortedAssociationImpl$Node;Ljava/lang/Class;Ljava/lang/Class;Ljava/util/Comparator;Ljava/lang/Object;)Ljava/lang/Object;" line="197"><counter type="INSTRUCTION" missed="11" covered="91"/><counter type="BRANCH" missed="4" covered="22"/><counter type="LINE" missed="1" covered="23"/><counter type="COMPLEXITY" missed="3" covered="11"/><counter type="METHOD" missed="0" covered="1"/></method><method name="_updateValueOfKey" desc="(Lsprouts/impl/SortedAssociationImpl$Node;Ljava/lang/Class;Ljava/lang/Class;Ljava/util/Comparator;Ljava/lang/Object;Ljava/lang/Object;ZI)Lsprouts/impl/SortedAssociationImpl$Node;" line="242"><counter type="INSTRUCTION" missed="74" covered="564"/><counter type="BRANCH" missed="9" covered="53"/><counter type="LINE" missed="12" covered="96"/><counter type="COMPLEXITY" missed="7" covered="25"/><counter type="METHOD" missed="0" covered="1"/></method><method name="_balanceNullable" desc="(Lsprouts/impl/SortedAssociationImpl$Node;)Lsprouts/impl/SortedAssociationImpl$Node;" line="426"><counter type="INSTRUCTION" missed="0" covered="7"/><counter type="BRANCH" missed="0" covered="2"/><counter type="LINE" missed="0" covered="3"/><counter type="COMPLEXITY" missed="0" covered="2"/><counter type="METHOD" missed="0" covered="1"/></method><method name="_balance" desc="(Lsprouts/impl/SortedAssociationImpl$Node;)Lsprouts/impl/SortedAssociationImpl$Node;" line="432"><counter type="INSTRUCTION" missed="23" covered="140"/><counter type="BRANCH" missed="3" covered="19"/><counter type="LINE" missed="3" covered="27"/><counter type="COMPLEXITY" missed="3" covered="9"/><counter type="METHOD" missed="0" covered="1"/></method><method name="_createSingleEntryNode" desc="(Ljava/lang/Class;Ljava/lang/Class;Ljava/lang/Object;Ljava/lang/Object;)Lsprouts/impl/SortedAssociationImpl$Node;" line="474"><counter type="INSTRUCTION" missed="0" covered="24"/><counter type="LINE" missed="0" covered="5"/><counter type="COMPLEXITY" missed="0" covered="1"/><counter type="METHOD" missed="0" covered="1"/></method><method name="containsKey" desc="(Ljava/lang/Object;)Z" line="483"><counter type="INSTRUCTION" missed="10" covered="23"/><counter type="BRANCH" missed="2" covered="4"/><counter type="LINE" missed="2" covered="3"/><counter type="COMPLEXITY" missed="2" covered="2"/><counter type="METHOD" missed="0" covered="1"/></method><method name="get" desc="(Ljava/lang/Object;)Ljava/util/Optional;" line="494"><counter type="INSTRUCTION" missed="10" covered="22"/><counter type="BRANCH" missed="2" covered="2"/><counter type="LINE" missed="2" covered="4"/><counter type="COMPLEXITY" missed="2" covered="1"/><counter type="METHOD" missed="0" covered="1"/></method><method name="put" desc="(Ljava/lang/Object;Ljava/lang/Object;)Lsprouts/Association;" line="506"><counter type="INSTRUCTION" missed="20" covered="49"/><counter type="BRANCH" missed="4" covered="6"/><counter type="LINE" missed="4" covered="8"/><counter type="COMPLEXITY" missed="4" covered="2"/><counter type="METHOD" missed="0" covered="1"/></method><method name="putIfAbsent" desc="(Ljava/lang/Object;Ljava/lang/Object;)Lsprouts/Association;" line="532"><counter type="INSTRUCTION" missed="20" covered="49"/><counter type="BRANCH" missed="4" covered="6"/><counter type="LINE" missed="4" covered="8"/><counter type="COMPLEXITY" missed="4" covered="2"/><counter type="METHOD" missed="0" covered="1"/></method><method name="remove" desc="(Ljava/lang/Object;)Lsprouts/Association;" line="558"><counter type="INSTRUCTION" missed="10" covered="44"/><counter type="BRANCH" missed="2" covered="6"/><counter type="LINE" missed="2" covered="7"/><counter type="COMPLEXITY" missed="2" covered="3"/><counter type="METHOD" missed="0" covered="1"/></method><method name="clear" desc="()Lsprouts/Association;" line="579"><counter type="INSTRUCTION" missed="0" covered="9"/><counter type="LINE" missed="0" covered="1"/><counter type="COMPLEXITY" missed="0" covered="1"/><counter type="METHOD" missed="0" covered="1"/></method><method name="_removeKey" desc="(Lsprouts/impl/SortedAssociationImpl$Node;Ljava/lang/Class;Ljava/lang/Class;Ljava/util/Comparator;Ljava/lang/Object;)Lsprouts/impl/SortedAssociationImpl$Node;" line="590"><counter type="INSTRUCTION" missed="0" covered="246"/><counter type="BRANCH" missed="0" covered="26"/><counter type="LINE" missed="0" covered="56"/><counter type="COMPLEXITY" missed="0" covered="14"/><counter type="METHOD" missed="0" covered="1"/></method><method name="_findRightMostElement" desc="(Lsprouts/impl/SortedAssociationImpl$Node;Ljava/lang/Class;Ljava/lang/Class;)Lsprouts/Pair;" line="669"><counter type="INSTRUCTION" missed="0" covered="33"/><counter type="BRANCH" missed="0" covered="2"/><counter type="LINE" missed="0" covered="6"/><counter type="COMPLEXITY" missed="0" covered="2"/><counter type="METHOD" missed="0" covered="1"/></method><method name="_findLeftMostElement" desc="(Lsprouts/impl/SortedAssociationImpl$Node;Ljava/lang/Class;Ljava/lang/Class;)Lsprouts/Pair;" line="683"><counter type="INSTRUCTION" missed="0" covered="25"/><counter type="BRANCH" missed="0" covered="2"/><counter type="LINE" missed="0" covered="5"/><counter type="COMPLEXITY" missed="0" covered="2"/><counter type="METHOD" missed="0" covered="1"/></method><method name="toMap" desc="()Ljava/util/Map;" line="693"><counter type="INSTRUCTION" missed="0" covered="5"/><counter type="LINE" missed="0" covered="1"/><counter type="COMPLEXITY" missed="0" covered="1"/><counter type="METHOD" missed="0" covered="1"/></method><method name="spliterator" desc="()Ljava/util/Spliterator;" line="748"><counter type="INSTRUCTION" missed="9" covered="0"/><counter type="LINE" missed="1" covered="0"/><counter type="COMPLEXITY" missed="1" covered="0"/><counter type="METHOD" missed="1" covered="0"/></method><method name="iterator" desc="()Ljava/util/Iterator;" line="772"><counter type="INSTRUCTION" missed="0" covered="5"/><counter type="LINE" missed="0" covered="1"/><counter type="COMPLEXITY" missed="0" covered="1"/><counter type="METHOD" missed="0" covered="1"/></method><method name="hashCode" desc="()I" line="814"><counter type="INSTRUCTION" missed="0" covered="56"/><counter type="BRANCH" missed="0" covered="2"/><counter type="LINE" missed="0" covered="6"/><counter type="COMPLEXITY" missed="0" covered="2"/><counter type="METHOD" missed="0" covered="1"/></method><method name="equals" desc="(Ljava/lang/Object;)Z" line="824"><counter type="INSTRUCTION" missed="7" covered="81"/><counter type="BRANCH" missed="10" covered="16"/><counter type="LINE" missed="3" covered="18"/><counter type="COMPLEXITY" missed="10" covered="4"/><counter type="METHOD" missed="0" covered="1"/></method><method name="toString" desc="()Ljava/lang/String;" line="854"><counter type="INSTRUCTION" missed="0" covered="102"/><counter type="BRANCH" missed="0" covered="6"/><counter type="LINE" missed="0" covered="25"/><counter type="COMPLEXITY" missed="0" covered="4"/><counter type="METHOD" missed="0" covered="1"/></method><method name="_toString" desc="(Ljava/lang/Object;Ljava/lang/Class;)Ljava/lang/String;" line="885"><counter type="INSTRUCTION" missed="5" covered="36"/><counter type="BRANCH" missed="2" covered="6"/><counter type="LINE" missed="2" covered="7"/><counter type="COMPLEXITY" missed="2" covered="3"/><counter type="METHOD" missed="0" covered="1"/></method><method name="&lt;clinit&gt;" desc="()V" line="13"><counter type="INSTRUCTION" missed="0" covered="13"/><counter type="LINE" missed="0" covered="3"/><counter type="COMPLEXITY" missed="0" covered="1"/><counter type="METHOD" missed="0" covered="1"/></method><counter type="INSTRUCTION" missed="199" covered="1724"/><counter type="BRANCH" missed="42" covered="184"/><counter type="LINE" missed="36" covered="338"/><counter type="COMPLEXITY" missed="40" covered="105"/><counter type="METHOD" missed="1" covered="31"/><counter type="CLASS" missed="0" covered="1"/></class><class name="sprouts/impl/ChangeListenerCleaner" sourcefilename="ChangeListenerCleaner.java"><method name="getInstance" desc="()Lsprouts/impl/ChangeListenerCleaner;" line="33"><counter type="INSTRUCTION" missed="0" covered="2"/><counter type="LINE" missed="0" covered="1"/><counter type="COMPLEXITY" missed="0" covered="1"/><counter type="METHOD" missed="0" covered="1"/></method><method name="&lt;init&gt;" desc="()V" line="37"><counter type="INSTRUCTION" missed="0" covered="21"/><counter type="LINE" missed="0" covered="5"/><counter type="COMPLEXITY" missed="0" covered="1"/><counter type="METHOD" missed="0" covered="1"/></method><method name="register" desc="(Ljava/lang/Object;Ljava/lang/Runnable;)V" line="70"><counter type="INSTRUCTION" missed="21" covered="46"/><counter type="BRANCH" missed="1" covered="5"/><counter type="LINE" missed="6" covered="11"/><counter type="COMPLEXITY" missed="1" covered="3"/><counter type="METHOD" missed="0" covered="1"/></method><method name="run" desc="()V" line="96"><counter type="INSTRUCTION" missed="10" covered="27"/><counter type="BRANCH" missed="2" covered="4"/><counter type="LINE" missed="4" covered="8"/><counter type="COMPLEXITY" missed="2" covered="2"/><counter type="METHOD" missed="0" covered="1"/></method><method name="checkCleanup" desc="()V" line="115"><counter type="INSTRUCTION" missed="10" covered="17"/><counter type="BRANCH" missed="1" covered="1"/><counter type="LINE" missed="4" covered="6"/><counter type="COMPLEXITY" missed="1" covered="1"/><counter type="METHOD" missed="0" covered="1"/></method><method name="toString" desc="()Ljava/lang/String;" line="132"><counter type="INSTRUCTION" missed="23" covered="0"/><counter type="LINE" missed="2" covered="0"/><counter type="COMPLEXITY" missed="1" covered="0"/><counter type="METHOD" missed="1" covered="0"/></method><method name="&lt;clinit&gt;" desc="()V" line="25"><counter type="INSTRUCTION" missed="0" covered="8"/><counter type="LINE" missed="0" covered="2"/><counter type="COMPLEXITY" missed="0" covered="1"/><counter type="METHOD" missed="0" covered="1"/></method><counter type="INSTRUCTION" missed="64" covered="121"/><counter type="BRANCH" missed="4" covered="10"/><counter type="LINE" missed="16" covered="33"/><counter type="COMPLEXITY" missed="5" covered="9"/><counter type="METHOD" missed="1" covered="6"/><counter type="CLASS" missed="0" covered="1"/></class><class name="sprouts/impl/ParentRef" sourcefilename="ParentRef.java"><method name="of" desc="(Lsprouts/Val;)Lsprouts/impl/ParentRef;" line="25"><counter type="INSTRUCTION" missed="0" covered="27"/><counter type="BRANCH" missed="0" covered="4"/><counter type="LINE" missed="0" covered="6"/><counter type="COMPLEXITY" missed="0" covered="3"/><counter type="METHOD" missed="0" covered="1"/></method><method name="lambda$of$0" desc="(Lsprouts/Val;)Lsprouts/Val;" line="26"><counter type="INSTRUCTION" missed="0" covered="2"/><counter type="LINE" missed="0" covered="1"/><counter type="COMPLEXITY" missed="0" covered="1"/><counter type="METHOD" missed="0" covered="1"/></method><counter type="INSTRUCTION" missed="0" covered="29"/><counter type="BRANCH" missed="0" covered="4"/><counter type="LINE" missed="0" covered="6"/><counter type="COMPLEXITY" missed="0" covered="4"/><counter type="METHOD" missed="0" covered="2"/><counter type="CLASS" missed="0" covered="1"/></class><class name="sprouts/impl/PropertyList$1" sourcefilename="PropertyList.java"><method name="&lt;init&gt;" desc="(Lsprouts/impl/PropertyList;)V" line="419"><counter type="INSTRUCTION" missed="0" covered="9"/><counter type="LINE" missed="0" covered="2"/><counter type="COMPLEXITY" missed="0" covered="1"/><counter type="METHOD" missed="0" covered="1"/></method><method name="hasNext" desc="()Z" line="421"><counter type="INSTRUCTION" missed="0" covered="10"/><counter type="BRANCH" missed="0" covered="2"/><counter type="LINE" missed="0" covered="1"/><counter type="COMPLEXITY" missed="0" covered="2"/><counter type="METHOD" missed="0" covered="1"/></method><method name="next" desc="()Ljava/lang/Object;" line="422"><counter type="INSTRUCTION" missed="0" covered="12"/><counter type="LINE" missed="0" covered="1"/><counter type="COMPLEXITY" missed="0" covered="1"/><counter type="METHOD" missed="0" covered="1"/></method><counter type="INSTRUCTION" missed="0" covered="31"/><counter type="BRANCH" missed="0" covered="2"/><counter type="LINE" missed="0" covered="4"/><counter type="COMPLEXITY" missed="0" covered="4"/><counter type="METHOD" missed="0" covered="3"/><counter type="CLASS" missed="0" covered="1"/></class><class name="sprouts/impl/ParentListRef" sourcefilename="ParentListRef.java"><method name="of" desc="(Lsprouts/Vals;)Lsprouts/impl/ParentListRef;" line="19"><counter type="INSTRUCTION" missed="0" covered="17"/><counter type="BRANCH" missed="0" covered="2"/><counter type="LINE" missed="0" covered="4"/><counter type="COMPLEXITY" missed="0" covered="2"/><counter type="METHOD" missed="0" covered="1"/></method><method name="lambda$of$0" desc="(Lsprouts/Vals;)Lsprouts/Vals;" line="20"><counter type="INSTRUCTION" missed="2" covered="0"/><counter type="LINE" missed="1" covered="0"/><counter type="COMPLEXITY" missed="1" covered="0"/><counter type="METHOD" missed="1" covered="0"/></method><counter type="INSTRUCTION" missed="2" covered="17"/><counter type="BRANCH" missed="0" covered="2"/><counter type="LINE" missed="0" covered="4"/><counter type="COMPLEXITY" missed="1" covered="2"/><counter type="METHOD" missed="1" covered="1"/><counter type="CLASS" missed="0" covered="1"/></class><class name="sprouts/impl/
[...]
" cb="0"/><line nr="631" mi="2" ci="0" mb="0" cb="0"/><line nr="632" mi="6" ci="0" mb="0" cb="0"/><line nr="649" mi="0" ci="4" mb="0" cb="0"/><line nr="650" mi="0" ci="3" mb="1" cb="1"/><line nr="651" mi="2" ci="0" mb="0" cb="0"/><line nr="652" mi="0" ci="8" mb="0" cb="0"/><line nr="669" mi="4" ci="0" mb="0" cb="0"/><line nr="670" mi="3" ci="0" mb="2" cb="0"/><line nr="671" mi="2" ci="0" mb="0" cb="0"/><line nr="672" mi="5" ci="0" mb="0" cb="0"/><line nr="689" mi="4" ci="0" mb="0" cb="0"/><line nr="690" mi="3" ci="0" mb="2" cb="0"/><line nr="691" mi="2" ci="0" mb="0" cb="0"/><line nr="692" mi="5" ci="0" mb="0" cb="0"/><line nr="709" mi="4" ci="0" mb="0" cb="0"/><line nr="710" mi="3" ci="0" mb="2" cb="0"/><line nr="711" mi="2" ci="0" mb="0" cb="0"/><line nr="712" mi="5" ci="0" mb="0" cb="0"/><line nr="729" mi="4" ci="0" mb="0" cb="0"/><line nr="730" mi="3" ci="0" mb="2" cb="0"/><line nr="731" mi="2" ci="0" mb="0" cb="0"/><line nr="732" mi="5" ci="0" mb="0" cb="0"/><line nr="749" mi="0" ci="3" mb="0" cb="0"/><line nr="750" mi="0" ci="2" mb="0" cb="0"/><line nr="752" mi="0" ci="7" mb="0" cb="0"/><line nr="755" mi="0" ci="7" mb="0" cb="0"/><line nr="756" mi="2" ci="0" mb="0" cb="0"/><line nr="779" mi="0" ci="6" mb="2" cb="2"/><line nr="780" mi="2" ci="0" mb="0" cb="0"/><line nr="781" mi="0" ci="2" mb="0" cb="0"/><line nr="782" mi="0" ci="9" mb="0" cb="2"/><line nr="783" mi="0" ci="4" mb="0" cb="0"/><line nr="784" mi="0" ci="1" mb="0" cb="0"/><line nr="785" mi="0" ci="2" mb="0" cb="0"/><line nr="798" mi="0" ci="6" mb="1" cb="3"/><line nr="799" mi="0" ci="2" mb="0" cb="0"/><line nr="800" mi="0" ci="2" mb="0" cb="0"/><line nr="801" mi="0" ci="9" mb="0" cb="2"/><line nr="802" mi="0" ci="4" mb="0" cb="0"/><line nr="803" mi="0" ci="1" mb="0" cb="0"/><line nr="804" mi="0" ci="2" mb="0" cb="0"/><line nr="817" mi="0" ci="6" mb="2" cb="2"/><line nr="818" mi="2" ci="0" mb="0" cb="0"/><line nr="819" mi="0" ci="2" mb="0" cb="0"/><line nr="820" mi="0" ci="10" mb="0" cb="2"/><line nr="821" mi="0" ci="4" mb="1" cb="1"/><line nr="822" mi="4" ci="0" mb="0" cb="0"/><line nr="824" mi="0" ci="1" mb="0" cb="0"/><line nr="825" mi="0" ci="2" mb="0" cb="0"/><line nr="838" mi="0" ci="6" mb="1" cb="3"/><line nr="839" mi="0" ci="2" mb="0" cb="0"/><line nr="840" mi="0" ci="2" mb="0" cb="0"/><line nr="841" mi="0" ci="10" mb="0" cb="2"/><line nr="842" mi="0" ci="4" mb="0" cb="2"/><line nr="843" mi="0" ci="4" mb="0" cb="0"/><line nr="845" mi="0" ci="1" mb="0" cb="0"/><line nr="846" mi="0" ci="2" mb="0" cb="0"/><line nr="867" mi="0" ci="4" mb="0" cb="0"/><line nr="868" mi="0" ci="9" mb="0" cb="0"/><line nr="869" mi="0" ci="3" mb="0" cb="0"/><line nr="888" mi="3" ci="0" mb="0" cb="0"/><line nr="889" mi="6" ci="0" mb="0" cb="0"/><line nr="900" mi="3" ci="0" mb="0" cb="0"/><line nr="901" mi="6" ci="0" mb="0" cb="0"/><line nr="912" mi="3" ci="0" mb="0" cb="0"/><line nr="913" mi="6" ci="0" mb="0" cb="0"/><counter type="INSTRUCTION" missed="216" covered="423"/><counter type="BRANCH" missed="26" covered="32"/><counter type="LINE" missed="54" covered="95"/><counter type="COMPLEXITY" missed="41" covered="44"/><counter type="METHOD" missed="22" covered="34"/><counter type="CLASS" missed="0" covered="2"/></sourcefile><sourcefile name="Observer.java"><line nr="39" mi="3" ci="0" mb="0" cb="0"/><line nr="40" mi="4" ci="0" mb="0" cb="0"/><line nr="41" mi="2" ci="0" mb="0" cb="0"/><line nr="42" mi="2" ci="0" mb="0" cb="0"/><line nr="43" mi="1" ci="0" mb="0" cb="0"/><counter type="INSTRUCTION" missed="12" covered="0"/><counter type="LINE" missed="5" covered="0"/><counter type="COMPLEXITY" missed="2" covered="0"/><counter type="METHOD" missed="2" covered="0"/><counter type="CLASS" missed="1" covered="0"/></sourcefile><sourcefile name="MissingItemException.java"><line nr="23" mi="0" ci="3" mb="0" cb="0"/><line nr="24" mi="0" ci="4" mb="0" cb="0"/><line nr="25" mi="0" ci="1" mb="0" cb="0"/><line nr="35" mi="0" ci="5" mb="0" cb="0"/><line nr="36" mi="0" ci="3" mb="0" cb="0"/><line nr="37" mi="0" ci="4" mb="0" cb="0"/><line nr="38" mi="0" ci="1" mb="0" cb="0"/><line nr="41" mi="0" ci="3" mb="1" cb="1"/><line nr="42" mi="2" ci="0" mb="0" cb="0"/><line nr="43" mi="0" ci="7" mb="0" cb="0"/><line nr="44" mi="0" ci="10" mb="0" cb="2"/><line nr="45" mi="0" ci="3" mb="0" cb="0"/><line nr="46" mi="0" ci="3" mb="1" cb="1"/><line nr="47" mi="0" ci="3" mb="0" cb="0"/><line nr="48" mi="0" ci="1" mb="0" cb="0"/><line nr="49" mi="0" ci="2" mb="0" cb="0"/><line nr="53" mi="0" ci="4" mb="1" cb="1"/><line nr="54" mi="1" ci="0" mb="0" cb="0"/><line nr="55" mi="0" ci="8" mb="0" cb="2"/><line nr="56" mi="0" ci="9" mb="0" cb="0"/><line nr="58" mi="0" ci="1" mb="0" cb="0"/><line nr="61" mi="0" ci="2" mb="0" cb="0"/><line nr="62" mi="0" ci="2" mb="0" cb="0"/><line nr="63" mi="2" ci="3" mb="0" cb="0"/><line nr="64" mi="0" ci="20" mb="0" cb="0"/><line nr="74" mi="3" ci="0" mb="0" cb="0"/><line nr="79" mi="2" ci="0" mb="0" cb="0"/><line nr="80" mi="11" ci="0" mb="2" cb="0"/><line nr="81" mi="4" ci="0" mb="2" cb="0"/><line nr="82" mi="5" ci="0" mb="0" cb="0"/><line nr="83" mi="1" ci="0" mb="0" cb="0"/><line nr="84" mi="1" ci="0" mb="0" cb="0"/><counter type="INSTRUCTION" missed="32" covered="102"/><counter type="BRANCH" missed="7" covered="7"/><counter type="LINE" missed="9" covered="23"/><counter type="COMPLEXITY" missed="8" covered="8"/><counter type="METHOD" missed="3" covered="6"/><counter type="CLASS" missed="0" covered="1"/></sourcefile><sourcefile name="Action.java"><line nr="41" mi="4" ci="0" mb="0" cb="0"/><line nr="42" mi="3" ci="0" mb="0" cb="0"/><line nr="43" mi="3" ci="0" mb="0" cb="0"/><line nr="44" mi="1" ci="0" mb="0" cb="0"/><counter type="INSTRUCTION" missed="11" covered="0"/><counter type="LINE" missed="4" covered="0"/><counter type="COMPLEXITY" missed="2" covered="0"/><counter type="METHOD" missed="2" covered="0"/><counter type="CLASS" missed="1" covered="0"/></sourcefile><sourcefile name="ValsDelegate.java"/><sourcefile name="Observable.java"><line nr="26" mi="0" ci="3" mb="0" cb="0"/><line nr="27" mi="0" ci="5" mb="0" cb="0"/><counter type="INSTRUCTION" missed="0" covered="8"/><counter type="LINE" missed="0" covered="2"/><counter type="COMPLEXITY" missed="0" covered="1"/><counter type="METHOD" missed="0" covered="1"/><counter type="CLASS" missed="0" covered="1"/></sourcefile><sourcefile name="ValueSet.java"><line nr="56" mi="0" ci="3" mb="0" cb="0"/><line nr="57" mi="0" ci="2" mb="0" cb="0"/><line nr="83" mi="0" ci="3" mb="0" cb="0"/><line nr="84" mi="0" ci="9" mb="0" cb="0"/><line nr="87" mi="0" ci="6" mb="0" cb="0"/><line nr="88" mi="0" ci="5" mb="0" cb="0"/><line nr="114" mi="0" ci="3" mb="0" cb="0"/><line nr="115" mi="0" ci="3" mb="0" cb="0"/><line nr="116" mi="0" ci="10" mb="0" cb="0"/><line nr="119" mi="6" ci="0" mb="0" cb="0"/><line nr="120" mi="0" ci="6" mb="0" cb="0"/><line nr="146" mi="0" ci="3" mb="0" cb="0"/><line nr="147" mi="0" ci="4" mb="1" cb="1"/><line nr="148" mi="5" ci="0" mb="0" cb="0"/><line nr="150" mi="0" ci="9" mb="0" cb="0"/><line nr="153" mi="6" ci="0" mb="0" cb="0"/><line nr="154" mi="0" ci="5" mb="0" cb="0"/><line nr="169" mi="0" ci="3" mb="0" cb="0"/><line nr="170" mi="0" ci="4" mb="0" cb="0"/><line nr="187" mi="0" ci="3" mb="0" cb="0"/><line nr="188" mi="0" ci="6" mb="0" cb="0"/><line nr="205" mi="0" ci="3" mb="0" cb="0"/><line nr="206" mi="0" ci="3" mb="0" cb="0"/><line nr="207" mi="0" ci="3" mb="0" cb="0"/><line nr="208" mi="0" ci="7" mb="0" cb="0"/><line nr="222" mi="0" ci="4" mb="0" cb="0"/><line nr="223" mi="0" ci="7" mb="0" cb="0"/><line nr="238" mi="0" ci="3" mb="0" cb="0"/><line nr="239" mi="0" ci="3" mb="0" cb="0"/><line nr="240" mi="0" ci="5" mb="0" cb="0"/><line nr="264" mi="0" ci="3" mb="0" cb="0"/><line nr="265" mi="0" ci="3" mb="0" cb="0"/><line nr="266" mi="0" ci="5" mb="0" cb="0"/><line nr="282" mi="0" ci="3" mb="0" cb="0"/><line nr="283" mi="0" ci="4" mb="0" cb="0"/><line nr="300" mi="0" ci="4" mb="0" cb="0"/><line nr="301" mi="0" ci="7" mb="0" cb="0"/><line nr="317" mi="0" ci="4" mb="0" cb="0"/><line nr="318" mi="0" ci="4" mb="0" cb="0"/><line nr="319" mi="0" ci="8" mb="0" cb="0"/><line nr="336" mi="0" ci="3" mb="0" cb="0"/><line nr="337" mi="0" ci="3" mb="0" cb="0"/><line nr="338" mi="0" ci="3" mb="0" cb="0"/><line nr="339" mi="0" ci="7" mb="0" cb="0"/><line nr="356" mi="0" ci="7" mb="0" cb="2"/><line nr="366" mi="1" ci="6" mb="1" cb="1"/><line nr="415" mi="0" ci="4" mb="0" cb="0"/><line nr="416" mi="0" ci="8" mb="0" cb="0"/><line nr="430" mi="0" ci="4" mb="0" cb="0"/><line nr="431" mi="0" ci="8" mb="0" cb="0"/><line nr="445" mi="0" ci="4" mb="0" cb="0"/><line nr="446" mi="0" ci="8" mb="0" cb="0"/><line nr="460" mi="0" ci="4" mb="0" cb="0"/><line nr="461" mi="0" ci="8" mb="0" cb="0"/><line nr="475" mi="0" ci="4" mb="0" cb="0"/><line nr="476" mi="0" ci="8" mb="0" cb="0"/><line nr="490" mi="0" ci="4" mb="0" cb="0"/><line nr="491" mi="0" ci="8" mb="0" cb="0"/><line nr="505" mi="0" ci="7" mb="0" cb="0"/><line nr="530" mi="0" ci="4" mb="0" cb="0"/><line nr="531" mi="0" ci="3" mb="1" cb="1"/><line nr="532" mi="2" ci="0" mb="0" cb="0"/><line nr="533" mi="0" ci="5" mb="0" cb="0"/><line nr="548" mi="0" ci="4" mb="0" cb="0"/><line nr="549" mi="0" ci="3" mb="0" cb="2"/><line nr="550" mi="0" ci="2" mb="0" cb="0"/><line nr="551" mi="0" ci="5" mb="0" cb="0"/><line nr="565" mi="0" ci="4" mb="0" cb="0"/><line nr="566" mi="0" ci="3" mb="0" cb="2"/><line nr="567" mi="0" ci="2" mb="0" cb="0"/><line nr="568" mi="0" ci="5" mb="0" cb="0"/><line nr="582" mi="0" ci="4" mb="0" cb="0"/><line nr="583" mi="0" ci="3" mb="1" cb="1"/><line nr="584" mi="2" ci="0" mb="0" cb="0"/><line nr="585" mi="0" ci="5" mb="0" cb="0"/><line nr="599" mi="0" ci="4" mb="0" cb="0"/><line nr="600" mi="0" ci="3" mb="1" cb="1"/><line nr="601" mi="2" ci="0" mb="0" cb="0"/><line nr="602" mi="0" ci="5" mb="0" cb="0"/><line nr="616" mi="0" ci="4" mb="0" cb="0"/><line nr="617" mi="0" ci="7" mb="0" cb="0"/><line nr="654" mi="0" ci="3" mb="0" cb="0"/><line nr="655" mi="0" ci="3" mb="0" cb="2"/><line nr="656" mi="0" ci="2" mb="0" cb="0"/><line nr="657" mi="0" ci="5" mb="0" cb="0"/><line nr="671" mi="4" ci="0" mb="0" cb="0"/><line nr="672" mi="3" ci="0" mb="2" cb="0"/><line nr="673" mi="2" ci="0" mb="0" cb="0"/><line nr="674" mi="5" ci="0" mb="0" cb="0"/><line nr="689" mi="0" ci="4" mb="0" cb="0"/><line nr="690" mi="0" ci="3" mb="1" cb="1"/><line nr="691" mi="2" ci="0" mb="0" cb="0"/><line nr="692" mi="0" ci="5" mb="0" cb="0"/><line nr="707" mi="0" ci="4" mb="0" cb="0"/><line nr="708" mi="0" ci="3" mb="1" cb="1"/><line nr="709" mi="2" ci="0" mb="0" cb="0"/><line nr="710" mi="0" ci="5" mb="0" cb="0"/><line nr="726" mi="0" ci="4" mb="0" cb="0"/><line nr="727" mi="0" ci="4" mb="1" cb="1"/><line nr="728" mi="2" ci="0" mb="0" cb="0"/><line nr="729" mi="0" ci="5" mb="0" cb="0"/><line nr="744" mi="4" ci="0" mb="0" cb="0"/><line nr="745" mi="7" ci="0" mb="0" cb="0"/><line nr="790" mi="4" ci="0" mb="0" cb="0"/><line nr="791" mi="5" ci="0" mb="0" cb="0"/><line nr="811" mi="0" ci="4" mb="0" cb="0"/><line nr="812" mi="0" ci="5" mb="0" cb="0"/><line nr="832" mi="0" ci="4" mb="0" cb="0"/><line nr="833" mi="0" ci="5" mb="0" cb="0"/><line nr="853" mi="0" ci="4" mb="0" cb="0"/><line nr="854" mi="0" ci="5" mb="0" cb="0"/><line nr="874" mi="4" ci="0" mb="0" cb="0"/><line nr="875" mi="7" ci="0" mb="0" cb="0"/><line nr="895" mi="0" ci="3" mb="1" cb="1"/><line nr="896" mi="2" ci="0" mb="0" cb="0"/><line nr="897" mi="0" ci="7" mb="0" cb="0"/><line nr="898" mi="0" ci="4" mb="0" cb="0"/><line nr="919" mi="0" ci="11" mb="0" cb="0"/><line nr="922" mi="0" ci="4" mb="0" cb="0"/><line nr="926" mi="0" ci="4" mb="0" cb="0"/><line nr="930" mi="0" ci="9" mb="2" cb="2"/><line nr="931" mi="0" ci="9" mb="0" cb="0"/><line nr="933" mi="2" ci="0" mb="0" cb="0"/><line nr="949" mi="3" ci="0" mb="0" cb="0"/><line nr="950" mi="5" ci="0" mb="0" cb="0"/><line nr="964" mi="3" ci="0" mb="0" cb="0"/><line nr="965" mi="5" ci="0" mb="0" cb="0"/><line nr="979" mi="3" ci="0" mb="0" cb="0"/><line nr="980" mi="5" ci="0" mb="0" cb="0"/><line nr="989" mi="0" ci="5" mb="0" cb="0"/><line nr="998" mi="0" ci="5" mb="0" cb="0"/><line nr="1012" mi="0" ci="4" mb="0" cb="0"/><line nr="1013" mi="0" ci="8" mb="0" cb="0"/><line nr="1025" mi="0" ci="5" mb="0" cb="0"/><counter type="INSTRUCTION" missed="103" covered="508"/><counter type="BRANCH" missed="13" covered="19"/><counter type="LINE" missed="27" covered="107"/><counter type="COMPLEXITY" missed="21" covered="54"/><counter type="METHOD" missed="9" covered="50"/><counter type="CLASS" missed="0" covered="2"/></sourcefile><sourcefile name="Viewable.java"><line nr="80" mi="0" ci="5" mb="0" cb="0"/><line nr="113" mi="0" ci="3" mb="0" cb="0"/><line nr="114" mi="0" ci="3" mb="0" cb="0"/><line nr="115" mi="0" ci="3" mb="0" cb="0"/><line nr="116" mi="0" ci="6" mb="0" cb="0"/><line nr="146" mi="0" ci="3" mb="0" cb="0"/><line nr="147" mi="0" ci="3" mb="0" cb="0"/><line nr="148" mi="0" ci="3" mb="0" cb="0"/><line nr="149" mi="0" ci="6" mb="0" cb="0"/><line nr="184" mi="0" ci="3" mb="0" cb="0"/><line nr="185" mi="0" ci="3" mb="0" cb="0"/><line nr="186" mi="0" ci="3" mb="0" cb="0"/><line nr="187" mi="0" ci="3" mb="0" cb="0"/><line nr="188" mi="0" ci="7" mb="0" cb="0"/><line nr="218" mi="0" ci="3" mb="0" cb="0"/><line nr="219" mi="0" ci="3" mb="0" cb="0"/><line nr="220" mi="0" ci="3" mb="0" cb="0"/><line nr="221" mi="0" ci="3" mb="0" cb="0"/><line nr="222" mi="0" ci="7" mb="0" cb="0"/><counter type="INSTRUCTION" missed="0" covered="73"/><counter type="LINE" missed="0" covered="19"/><counter type="COMPLEXITY" missed="0" covered="5"/><counter type="METHOD" missed="0" covered="5"/><counter type="CLASS" missed="0" covered="1"/></sourcefile><sourcefile name="Var.java"><line nr="101" mi="0" ci="3" mb="0" cb="0"/><line nr="102" mi="0" ci="5" mb="0" cb="0"/><line nr="118" mi="0" ci="4" mb="0" cb="0"/><line nr="134" mi="0" ci="4" mb="0" cb="0"/><line nr="152" mi="0" ci="5" mb="0" cb="0"/><line nr="164" mi="0" ci="6" mb="0" cb="0"/><line nr="209" mi="0" ci="6" mb="0" cb="0"/><line nr="245" mi="0" ci="3" mb="0" cb="0"/><line nr="246" mi="0" ci="3" mb="0" cb="0"/><line nr="247" mi="0" ci="3" mb="0" cb="2"/><line nr="248" mi="0" ci="2" mb="0" cb="0"/><line nr="249" mi="0" ci="8" mb="0" cb="0"/><line nr="282" mi="0" ci="6" mb="0" cb="0"/><line nr="317" mi="0" ci="3" mb="0" cb="0"/><line nr="318" mi="0" ci="3" mb="0" cb="0"/><line nr="319" mi="0" ci="8" mb="0" cb="0"/><line nr="354" mi="3" ci="0" mb="2" cb="0"/><line nr="355" mi="4" ci="0" mb="0" cb="0"/><line nr="357" mi="5" ci="0" mb="0" cb="0"/><line nr="358" mi="11" ci="0" mb="2" cb="0"/><line nr="382" mi="0" ci="6" mb="0" cb="0"/><line nr="417" mi="0" ci="6" mb="0" cb="0"/><line nr="459" mi="0" ci="3" mb="0" cb="0"/><line nr="460" mi="0" ci="5" mb="0" cb="0"/><line nr="504" mi="0" ci="7" mb="0" cb="0"/><line nr="508" mi="0" ci="6" mb="0" cb="0"/><line nr="538" mi="0" ci="7" mb="0" cb="0"/><line nr="542" mi="0" ci="6" mb="0" cb="0"/><counter type="INSTRUCTION" missed="23" covered="118"/><counter type="BRANCH" missed="4" covered="2"/><counter type="LINE" missed="4" covered="24"/><counter type="COMPLEXITY" missed="3" covered="17"/><counter type="METHOD" missed="1" covered="16"/><counter type="CLASS" missed="0" covered="1"/></sourcefile><sourcefile name="HasId.java"/><sourcefile name="Viewables.java"><line nr="63" mi="0" ci="5" mb="0" cb="0"/><counter type="INSTRUCTION" missed="0" covered="5"/><counter type="LINE" missed="0" covered="1"/><counter type="COMPLEXITY" missed="0" covered="1"/><counter type="METHOD" missed="0" covered="1"/><counter type="CLASS" missed="0" covered="1"/></sourcefile><sourcefile name="MissingItemRuntimeException.java"><line nr="23" mi="0" ci="3" mb="0" cb="0"/><line nr="24" mi="0" ci="4" mb="0" cb="0"/><line nr="25" mi="0" ci="1" mb="0" cb="0"/><line nr="35" mi="0" ci="5" mb="0" cb="0"/><line nr="36" mi="0" ci="3" mb="0" cb="0"/><line nr="37" mi="0" ci="4" mb="0" cb="0"/><line nr="38" mi="0" ci="1" mb="0" cb="0"/><line nr="41" mi="0" ci="3" mb="1" cb="1"/><line nr="42" mi="2" ci="0" mb="0" cb="0"/><line nr="43" mi="0" ci="7" mb="0" cb="0"/><line nr="44" mi="0" ci="10" mb="0" cb="2"/><line nr="45" mi="0" ci="3" mb="0" cb="0"/><line nr="46" mi="0" ci="3" mb="1" cb="1"/><line nr="47" mi="0" ci="3" mb="0" cb="0"/><line nr="48" mi="0" ci="1" mb="0" cb="0"/><line nr="49" mi="0" ci="2" mb="0" cb="0"/><line nr="53" mi="0" ci="4" mb="1" cb="1"/><line nr="54" mi="1" ci="0" mb="0" cb="0"/><line nr="55" mi="0" ci="8" mb="0" cb="2"/><line nr="56" mi="0" ci="9" mb="0" cb="0"/><line nr="58" mi="0" ci="1" mb="0" cb="0"/><line nr="61" mi="0" ci="2" mb="0" cb="0"/><line nr="62" mi="0" ci="2" mb="0" cb="0"/><line nr="63" mi="2" ci="3" mb="0" cb="0"/><line nr="64" mi="0" ci="20" mb="0" cb="0"/><line nr="74" mi="3" ci="0" mb="0" cb="0"/><line nr="79" mi="2" ci="0" mb="0" cb="0"/><line nr="80" mi="11" ci="0" mb="2" cb="0"/><line nr="81" mi="4" ci="0" mb="2" cb="0"/><line nr="82" mi="5" ci="0" mb="0" cb="0"/><line nr="83" mi="1" ci="0" mb="0" cb="0"/><line nr="84" mi="1" ci="0" mb="0" cb="0"/><counter type="INSTRUCTION" missed="32" covered="102"/><counter type="BRANCH" missed="7" covered="7"/><counter type="LINE" missed="9" covered="23"/><counter type="COMPLEXITY" missed="8" covered="8"/><counter type="METHOD" missed="3" covered="6"/><counter type="CLASS" missed="0" covered="1"/></sourcefile><sourcefile name="Util.java"><line nr="22" mi="0" ci="2" mb="0" cb="0"/><counter type="INSTRUCTION" missed="0" covered="2"/><counter type="LINE" missed="0" covered="1"/><counter type="COMPLEXITY" missed="0" covered="1"/><counter type="METHOD" missed="0" covered="1"/><counter type="CLASS" missed="0" covered="1"/></sourcefile><sourcefile name="Version.java"><line nr="77" mi="0" ci="3" mb="0" cb="0"/><line nr="82" mi="0" ci="2" mb="0" cb="0"/><line nr="83" mi="0" ci="3" mb="0" cb="0"/><line nr="84" mi="0" ci="3" mb="0" cb="0"/><line nr="85" mi="0" ci="1" mb="0" cb="0"/><line nr="96" mi="0" ci="10" mb="0" cb="0"/><line nr="114" mi="0" ci="10" mb="0" cb="0"/><line nr="132" mi="10" ci="0" mb="0" cb="0"/><line nr="144" mi="0" ci="3" mb="0" cb="0"/><line nr="155" mi="0" ci="3" mb="0" cb="0"/><line nr="168" mi="0" ci="3" mb="0" cb="0"/><line nr="169" mi="0" ci="3" mb="0" cb="0"/><line nr="170" mi="0" ci="16" mb="1" cb="3"/><line nr="183" mi="0" ci="3" mb="0" cb="0"/><line nr="184" mi="0" ci="3" mb="0" cb="0"/><line nr="185" mi="0" ci="14" mb="1" cb="3"/><line nr="198" mi="0" ci="3" mb="0" cb="0"/><line nr="199" mi="0" ci="3" mb="0" cb="0"/><line nr="200" mi="0" ci="16" mb="1" cb="3"/><line nr="213" mi="0" ci="3" mb="0" cb="0"/><line nr="214" mi="0" ci="3" mb="0" cb="0"/><line nr="215" mi="0" ci="14" mb="1" cb="3"/><line nr="220" mi="21" ci="0" mb="0" cb="0"/><line nr="228" mi="0" ci="3" mb="1" cb="1"/><line nr="229" mi="2" ci="0" mb="0" cb="0"/><line nr="231" mi="0" ci="7" mb="2" cb="2"/><line nr="232" mi="2" ci="0" mb="0" cb="0"/><line nr="234" mi="0" ci="3" mb="0" cb="0"/><line nr="235" mi="0" ci="16" mb="1" cb="3"/><line nr="241" mi="0" ci="9" mb="0" cb="0"/><counter type="INSTRUCTION" missed="35" covered="160"/><counter type="BRANCH" missed="8" covered="18"/><counter type="LINE" missed="4" covered="26"/><counter type="COMPLEXITY" missed="10" covered="17"/><counter type="METHOD" missed="2" covered="12"/><counter type="CLASS" missed="0" covered="1"/></sourcefile><counter type="INSTRUCTION" missed="1719" covered="5540"/><counter type="BRANCH" missed="236" covered="474"/><counter type="LINE" missed="324" covered="1117"/><counter type="COMPLEXITY" missed="296" covered="589"/><counter type="METHOD" missed="107" covered="423"/><counter type="CLASS" missed="3" covered="30"/></package><counter type="INSTRUCTION" missed="4664" covered="21346"/><counter type="BRANCH" missed="735" covered="1986"/><counter type="LINE" missed="812" covered="4312"/><counter type="COMPLEXITY" missed="788" covered="1868"/><counter type="METHOD" missed="174" covered="1118"/><counter type="CLASS" missed="3" covered="87"/></report>