<?xml version="1.0" encoding="UTF-8" standalone="yes"?><!DOCTYPE report PUBLIC "-//JACOCO//DTD Report 1.1//EN" "report.dtd"><report name="sprouts"><sessioninfo id="danpad-341ea7ce" start="1735910720785" dump="1735910750196"/><package name="sprouts/impl"><class name="sprouts/impl/PropertyListDelegate" sourcefilename="PropertyListDelegate.java"><method name="&lt;init&gt;" desc="(Lsprouts/SequenceChange;ILsprouts/Vals;Lsprouts/Vals;Lsprouts/Vals;)V" line="23"><counter type="INSTRUCTION" missed="0" covered="18"/><counter type="LINE" missed="0" covered="7"/><counter type="COMPLEXITY" missed="0" covered="1"/><counter type="METHOD" missed="0" covered="1"/></method><method name="change" desc="()Lsprouts/SequenceChange;" line="33"><counter type="INSTRUCTION" missed="0" covered="3"/><counter type="LINE" missed="0" covered="1"/><counter type="COMPLEXITY" missed="0" covered="1"/><counter type="METHOD" missed="0" covered="1"/></method><method name="index" desc="()Ljava/util/Optional;" line="38"><counter type="INSTRUCTION" missed="0" covered="10"/><counter type="BRANCH" missed="0" covered="2"/><counter type="LINE" missed="0" covered="1"/><counter type="COMPLEXITY" missed="0" covered="2"/><counter type="METHOD" missed="0" covered="1"/></method><method name="newValues" desc="()Lsprouts/Vals;" line="43"><counter type="INSTRUCTION" missed="0" covered="3"/><counter type="LINE" missed="0" covered="1"/><counter type="COMPLEXITY" missed="0" covered="1"/><counter type="METHOD" missed="0" covered="1"/></method><method name="oldValues" desc="()Lsprouts/Vals;" line="48"><counter type="INSTRUCTION" missed="0" covered="3"/><counter type="LINE" missed="0" covered="1"/><counter type="COMPLEXITY" missed="0" covered="1"/><counter type="METHOD" missed="0" covered="1"/></method><method name="currentValues" desc="()Lsprouts/Vals;" line="53"><counter type="INSTRUCTION" missed="0" covered="3"/><counter type="LINE" missed="0" covered="1"/><counter type="COMPLEXITY" missed="0" covered="1"/><counter type="METHOD" missed="0" covered="1"/></method><method name="toString" desc="()Ljava/lang/String;" line="58"><counter type="INSTRUCTION" missed="0" covered="37"/><counter type="LINE" missed="0" covered="6"/><counter type="COMPLEXITY" missed="0" covered="1"/><counter type="METHOD" missed="0" covered="1"/></method><counter type="INSTRUCTION" missed="0" covered="77"/><counter type="BRANCH" missed="0" covered="2"/><counter type="LINE" missed="0" covered="18"/><counter type="COMPLEXITY" missed="0" covered="8"/><counter type="METHOD" missed="0" covered="7"/><counter type="CLASS" missed="0" covered="1"/></class><class name="sprouts/impl/EventImpl" sourcefilename="EventImpl.java"><method name="&lt;init&gt;" desc="(Lsprouts/Event$Executor;)V" line="14"><counter type="INSTRUCTION" missed="0" covered="16"/><counter type="LINE" missed="0" covered="5"/><counter type="COMPLEXITY" missed="0" covered="1"/><counter type="METHOD" missed="0" covered="1"/></method><method name="fire" desc="()V" line="24"><counter type="INSTRUCTION" missed="0" covered="6"/><counter type="LINE" missed="0" covered="2"/><counter type="COMPLEXITY" missed="0" covered="1"/><counter type="METHOD" missed="0" covered="1"/></method><method name="observable" desc="()Lsprouts/Observable;" line="43"><counter type="INSTRUCTION" missed="0" covered="16"/><counter type="LINE" missed="0" covered="3"/><counter type="COMPLEXITY" missed="0" covered="1"/><counter type="METHOD" missed="0" covered="1"/></method><method name="subscribe" desc="(Lsprouts/Observer;)Lsprouts/Observable;" line="50"><counter type="INSTRUCTION" missed="0" covered="21"/><counter type="BRANCH" missed="0" covered="2"/><counter type="LINE" missed="0" covered="6"/><counter type="COMPLEXITY" missed="0" covered="2"/><counter type="METHOD" missed="0" covered="1"/></method><method name="unsubscribe" desc="(Lsprouts/Subscriber;)Lsprouts/Observable;" line="65"><counter type="INSTRUCTION" missed="0" covered="11"/><counter type="BRANCH" missed="1" covered="1"/><counter type="LINE" missed="0" covered="3"/><counter type="COMPLEXITY" missed="1" covered="1"/><counter type="METHOD" missed="0" covered="1"/></method><method name="unsubscribeAll" desc="()V" line="72"><counter type="INSTRUCTION" missed="0" covered="4"/><counter type="LINE" missed="0" covered="2"/><counter type="COMPLEXITY" missed="0" covered="1"/><counter type="METHOD" missed="0" covered="1"/></method><method name="lambda$subscribe$2" desc="(Lsprouts/Observer;Lsprouts/WeakObserver;Ljava/lang/Object;)V" line="53"><counter type="INSTRUCTION" missed="0" covered="22"/><counter type="LINE" missed="0" covered="5"/><counter type="COMPLEXITY" missed="0" covered="1"/><counter type="METHOD" missed="0" covered="1"/></method><method name="lambda$fire$1" desc="()V" line="25"><counter type="INSTRUCTION" missed="5" covered="41"/><counter type="BRANCH" missed="0" covered="6"/><counter type="LINE" missed="2" covered="11"/><counter type="COMPLEXITY" missed="0" covered="4"/><counter type="METHOD" missed="0" covered="1"/></method><method name="lambda$fire$0" desc="(Ljava/lang/ref/WeakReference;)Z" line="37"><counter type="INSTRUCTION" missed="0" covered="7"/><counter type="BRANCH" missed="0" covered="2"/><counter type="LINE" missed="0" covered="1"/><counter type="COMPLEXITY" missed="0" covered="2"/><counter type="METHOD" missed="0" covered="1"/></method><method name="&lt;clinit&gt;" desc="()V" line="12"><counter type="INSTRUCTION" missed="0" covered="4"/><counter type="LINE" missed="0" covered="1"/><counter type="COMPLEXITY" missed="0" covered="1"/><counter type="METHOD" missed="0" covered="1"/></method><counter type="INSTRUCTION" missed="5" covered="148"/><counter type="BRANCH" missed="1" covered="11"/><counter type="LINE" missed="2" covered="38"/><counter type="COMPLEXITY" missed="1" covered="15"/><counter type="METHOD" missed="0" covered="10"/><counter type="CLASS" missed="0" covered="1"/></class><class name="sprouts/impl/Property" sourcefilename="Property.java"><method name="ofNullable" desc="(ZLjava/lang/Class;Ljava/lang/Object;)Lsprouts/Var;" line="18"><counter type="INSTRUCTION" missed="0" covered="13"/><counter type="LINE" missed="0" covered="1"/><counter type="COMPLEXITY" missed="0" covered="1"/><counter type="METHOD" missed="0" covered="1"/></method><method name="of" desc="(ZLjava/lang/Class;Ljava/lang/Object;)Lsprouts/Var;" line="22"><counter type="INSTRUCTION" missed="0" covered="13"/><counter type="LINE" missed="0" covered="1"/><counter type="COMPLEXITY" missed="0" covered="1"/><counter type="METHOD" missed="0" covered="1"/></method><method name="of" desc="(ZLjava/lang/Object;)Lsprouts/Var;" line="26"><counter type="INSTRUCTION" missed="0" covered="19"/><counter type="LINE" missed="0" covered="3"/><counter type="COMPLEXITY" missed="0" covered="1"/><counter type="METHOD" missed="0" covered="1"/></method><method name="&lt;init&gt;" desc="(ZLjava/lang/Class;Ljava/lang/Object;Ljava/lang/String;Lsprouts/impl/PropertyChangeListeners;Z)V" line="49"><counter type="INSTRUCTION" missed="25" covered="54"/><counter type="BRANCH" missed="3" covered="7"/><counter type="LINE" missed="3" covered="15"/><counter type="COMPLEXITY" missed="3" covered="3"/><counter type="METHOD" missed="0" covered="1"/></method><method name="withId" desc="(Ljava/lang/String;)Lsprouts/Var;" line="76"><counter type="INSTRUCTION" missed="0" covered="15"/><counter type="LINE" missed="0" covered="1"/><counter type="COMPLEXITY" missed="0" covered="1"/><counter type="METHOD" missed="0" covered="1"/></method><method name="type" desc="()Ljava/lang/Class;" line="80"><counter type="INSTRUCTION" missed="0" covered="3"/><counter type="LINE" missed="0" covered="1"/><counter type="COMPLEXITY" missed="0" covered="1"/><counter type="METHOD" missed="0" covered="1"/></method><method name="id" desc="()Ljava/lang/String;" line="83"><counter type="INSTRUCTION" missed="0" covered="3"/><counter type="LINE" missed="0" covered="1"/><counter type="COMPLEXITY" missed="0" covered="1"/><counter type="METHOD" missed="0" covered="1"/></method><method name="orElseNull" desc="()Ljava/lang/Object;" line="87"><counter type="INSTRUCTION" missed="0" covered="3"/><counter type="LINE" missed="0" covered="1"/><counter type="COMPLEXITY" missed="0" covered="1"/><counter type="METHOD" missed="0" covered="1"/></method><method name="allowsNull" desc="()Z" line="90"><counter type="INSTRUCTION" missed="0" covered="3"/><counter type="LINE" missed="0" covered="1"/><counter type="COMPLEXITY" missed="0" covered="1"/><counter type="METHOD" missed="0" covered="1"/></method><method name="isMutable" desc="()Z" line="94"><counter type="INSTRUCTION" missed="0" covered="7"/><counter type="BRANCH" missed="0" covered="2"/><counter type="LINE" missed="0" covered="1"/><counter type="COMPLEXITY" missed="0" covered="2"/><counter type="METHOD" missed="0" covered="1"/></method><method name="set" desc="(Lsprouts/Channel;Ljava/lang/Object;)Lsprouts/Var;" line="100"><counter type="INSTRUCTION" missed="0" covered="25"/><counter type="BRANCH" missed="0" covered="4"/><counter type="LINE" missed="0" covered="7"/><counter type="COMPLEXITY" missed="0" covered="3"/><counter type="METHOD" missed="0" covered="1"/></method><method name="_setInternal" desc="(Ljava/lang/Object;)Lsprouts/impl/ItemPair;" line="110"><counter type="INSTRUCTION" missed="20" covered="36"/><counter type="BRANCH" missed="1" covered="9"/><counter type="LINE" missed="2" covered="7"/><counter type="COMPLEXITY" missed="1" covered="5"/><counter type="METHOD" missed="0" covered="1"/></method><method name="onChange" desc="(Lsprouts/Channel;Lsprouts/Action;)Lsprouts/Viewable;" line="134"><counter type="INSTRUCTION" missed="0" covered="7"/><counter type="LINE" missed="0" covered="2"/><counter type="COMPLEXITY" missed="0" covered="1"/><counter type="METHOD" missed="0" covered="1"/></method><method name="fireChange" desc="(Lsprouts/Channel;)Lsprouts/Var;" line="140"><counter type="INSTRUCTION" missed="0" covered="9"/><counter type="LINE" missed="0" covered="2"/><counter type="COMPLEXITY" missed="0" covered="1"/><counter type="METHOD" missed="0" covered="1"/></method><method name="fireChange" desc="(Lsprouts/Channel;Lsprouts/impl/ItemPair;)V" line="145"><counter type="INSTRUCTION" missed="0" covered="7"/><counter type="LINE" missed="0" covered="2"/><counter type="COMPLEXITY" missed="0" covered="1"/><counter type="METHOD" missed="0" covered="1"/></method><method name="subscribe" desc="(Lsprouts/Observer;)Lsprouts/Observable;" line="150"><counter type="INSTRUCTION" missed="0" covered="6"/><counter type="LINE" missed="0" covered="2"/><counter type="COMPLEXITY" missed="0" covered="1"/><counter type="METHOD" missed="0" covered="1"/></method><method name="unsubscribe" desc="(Lsprouts/Subscriber;)Lsprouts/Observable;" line="156"><counter type="INSTRUCTION" missed="0" covered="6"/><counter type="LINE" missed="0" covered="2"/><counter type="COMPLEXITY" missed="0" covered="1"/><counter type="METHOD" missed="0" covered="1"/></method><method name="unsubscribeAll" desc="()V" line="162"><counter type="INSTRUCTION" missed="4" covered="0"/><counter type="LINE" missed="2" covered="0"/><counter type="COMPLEXITY" missed="1" covered="0"/><counter type="METHOD" missed="1" covered="0"/></method><method name="numberOfChangeListeners" desc="()J" line="166"><counter type="INSTRUCTION" missed="0" covered="4"/><counter type="LINE" missed="0" covered="1"/><counter type="COMPLEXITY" missed="0" covered="1"/><counter type="METHOD" missed="0" covered="1"/></method><method name="toString" desc="()Ljava/lang/String;" line="171"><counter type="INSTRUCTION" missed="6" covered="103"/><counter type="BRANCH" missed="3" covered="15"/><counter type="LINE" missed="0" covered="10"/><counter type="COMPLEXITY" missed="3" covered="7"/><counter type="METHOD" missed="0" covered="1"/></method><method name="equals" desc="(Ljava/lang/Object;)Z" line="185"><counter type="INSTRUCTION" missed="5" covered="40"/><counter type="BRANCH" missed="3" covered="11"/><counter type="LINE" missed="1" covered="9"/><counter type="COMPLEXITY" missed="3" covered="5"/><counter type="METHOD" missed="0" covered="1"/></method><method name="hashCode" desc="()I" line="201"><counter type="INSTRUCTION" missed="4" covered="45"/><counter type="BRANCH" missed="2" covered="6"/><counter type="LINE" missed="0" covered="7"/><counter type="COMPLEXITY" missed="2" covered="3"/><counter type="METHOD" missed="0" covered="1"/></method><counter type="INSTRUCTION" missed="64" covered="421"/><counter type="BRANCH" missed="12" covered="54"/><counter type="LINE" missed="8" covered="77"/><counter type="COMPLEXITY" missed="13" covered="42"/><counter type="METHOD" missed="1" covered="21"/><counter type="CLASS" missed="0" covered="1"/></class><class name="sprouts/impl/EventImpl$AutomaticUnSubscriber" sourcefilename="EventImpl.java"><method name="&lt;init&gt;" desc="(Ljava/lang/ref/WeakReference;Lsprouts/WeakObserver;)V" line="80"><counter type="INSTRUCTION" missed="0" covered="9"/><counter type="LINE" missed="0" covered="4"/><counter type="COMPLEXITY" missed="0" covered="1"/><counter type="METHOD" missed="0" covered="1"/></method><method name="run" desc="()V" line="87"><counter type="INSTRUCTION" missed="8" covered="18"/><counter type="BRANCH" missed="1" covered="1"/><counter type="LINE" missed="3" covered="6"/><counter type="COMPLEXITY" missed="1" covered="1"/><counter type="METHOD" missed="0" covered="1"/></method><counter type="INSTRUCTION" missed="8" covered="27"/><counter type="BRANCH" missed="1" covered="1"/><counter type="LINE" missed="3" covered="10"/><counter type="COMPLEXITY" missed="1" covered="2"/><counter type="METHOD" missed="0" covered="2"/><counter type="CLASS" missed="0" covered="1"/></class><class name="sprouts/impl/WeakObserverImpl" sourcefilename="WeakObserverImpl.java"><method name="&lt;init&gt;" desc="(Ljava/lang/Object;Ljava/util/function/Consumer;)V" line="15"><counter type="INSTRUCTION" missed="0" covered="12"/><counter type="LINE" missed="0" covered="4"/><counter type="COMPLEXITY" missed="0" covered="1"/><counter type="METHOD" missed="0" covered="1"/></method><method name="owner" desc="()Ljava/util/Optional;" line="22"><counter type="INSTRUCTION" missed="0" covered="5"/><counter type="LINE" missed="0" covered="1"/><counter type="COMPLEXITY" missed="0" covered="1"/><counter type="METHOD" missed="0" covered="1"/></method><method name="clear" desc="()V" line="27"><counter type="INSTRUCTION" missed="0" covered="7"/><counter type="LINE" missed="0" covered="3"/><counter type="COMPLEXITY" missed="0" covered="1"/><counter type="METHOD" missed="0" covered="1"/></method><method name="invoke" desc="()V" line="33"><counter type="INSTRUCTION" missed="4" covered="15"/><counter type="BRANCH" missed="2" covered="2"/><counter type="LINE" missed="2" covered="5"/><counter type="COMPLEXITY" missed="2" covered="1"/><counter type="METHOD" missed="0" covered="1"/></method><counter type="INSTRUCTION" missed="4" covered="39"/><counter type="BRANCH" missed="2" covered="2"/><counter type="LINE" missed="2" covered="13"/><counter type="COMPLEXITY" missed="2" covered="4"/><counter type="METHOD" missed="0" covered="4"/><counter type="CLASS" missed="0" covered="1"/></class><class name="sprouts/impl/Sprouts" sourcefilename="Sprouts.java"><method name="factory" desc="()Lsprouts/impl/SproutsFactory;" line="39"><counter type="INSTRUCTION" missed="0" covered="2"/><counter type="LINE" missed="0" covered="1"/><counter type="COMPLEXITY" missed="0" covered="1"/><counter type="METHOD" missed="0" covered="1"/></method><method name="setFactory" desc="(Lsprouts/impl/SproutsFactory;)V" line="56"><counter type="INSTRUCTION" missed="6" covered="0"/><counter type="LINE" missed="3" covered="0"/><counter type="COMPLEXITY" missed="1" covered="0"/><counter type="METHOD" missed="1" covered="0"/></method><method name="delegateOf" desc="(Lsprouts/Val;Lsprouts/Channel;Lsprouts/SingleChange;Ljava/lang/Object;)Lsprouts/ValDelegate;" line="70"><counter type="INSTRUCTION" missed="0" covered="13"/><counter type="LINE" missed="0" covered="1"/><counter type="COMPLEXITY" missed="0" covered="1"/><counter type="METHOD" missed="0" covered="1"/></method><method name="delegateOf" desc="(Lsprouts/Vals;Lsprouts/SequenceChange;ILsprouts/Vals;Lsprouts/Vals;)Lsprouts/ValsDelegate;" line="81"><counter type="INSTRUCTION" missed="0" covered="9"/><counter type="LINE" missed="0" covered="1"/><counter type="COMPLEXITY" missed="0" covered="1"/><counter type="METHOD" missed="0" covered="1"/></method><method name="event" desc="()Lsprouts/Event;" line="86"><counter type="INSTRUCTION" missed="0" covered="4"/><counter type="LINE" missed="0" covered="1"/><counter type="COMPLEXITY" missed="0" covered="1"/><counter type="METHOD" missed="0" covered="1"/></method><method name="eventOf" desc="(Lsprouts/Event$Executor;)Lsprouts/Event;" line="91"><counter type="INSTRUCTION" missed="0" covered="5"/><counter type="LINE" missed="0" covered="1"/><counter type="COMPLEXITY" missed="0" covered="1"/><counter type="METHOD" missed="0" covered="1"/></method><method name="valOfNullable" desc="(Ljava/lang/Class;Ljava/lang/Object;)Lsprouts/Val;" line="95"><counter type="INSTRUCTION" missed="0" covered="5"/><counter type="LINE" missed="0" covered="1"/><counter type="COMPLEXITY" missed="0" covered="1"/><counter type="METHOD" missed="0" covered="1"/></method><method name="valOfNull" desc="(Ljava/lang/Class;)Lsprouts/Val;" line="99"><counter type="INSTRUCTION" missed="0" covered="5"/><counter type="LINE" missed="0" covered="1"/><counter type="COMPLEXITY" missed="0" covered="1"/><counter type="METHOD" missed="0" covered="1"/></method><method name="valOf" desc="(Ljava/lang/Object;)Lsprouts/Val;" line="103"><counter type="INSTRUCTION" missed="0" covered="4"/><counter type="LINE" missed="0" covered="1"/><counter type="COMPLEXITY" missed="0" covered="1"/><counter type="METHOD" missed="0" covered="1"/></method><method name="valOf" desc="(Lsprouts/Val;)Lsprouts/Val;" line="107"><counter type="INSTRUCTION" missed="0" covered="10"/><counter type="LINE" missed="0" covered="2"/><counter type="COMPLEXITY" missed="0" covered="1"/><counter type="METHOD" missed="0" covered="1"/></method><method name="valOfNullable" desc="(Lsprouts/Val;)Lsprouts/Val;" line="112"><counter type="INSTRUCTION" missed="0" covered="12"/><counter type="LINE" missed="0" covered="2"/><counter type="COMPLEXITY" missed="0" covered="1"/><counter type="METHOD" missed="0" covered="1"/></method><method name="viewOf" desc="(Lsprouts/Val;)Lsprouts/Viewable;" line="118"><counter type="INSTRUCTION" missed="0" covered="6"/><counter type="LINE" missed="0" covered="2"/><counter type="COMPLEXITY" missed="0" covered="1"/><counter type="METHOD" missed="0" covered="1"/></method><method name="viewOf" desc="(Lsprouts/Val;Lsprouts/Val;Ljava/util/function/BiFunction;)Lsprouts/Viewable;" line="124"><counter type="INSTRUCTION" missed="0" covered="14"/><counter type="LINE" missed="0" covered="4"/><counter type="COMPLEXITY" missed="0" covered="1"/><counter type="METHOD" missed="0" covered="1"/></method><method name="viewOfNullable" desc="(Lsprouts/Val;Lsprouts/Val;Ljava/util/function/BiFunction;)Lsprouts/Viewable;" line="132"><counter type="INSTRUCTION" missed="0" covered="14"/><counter type="LINE" missed="0" covered="4"/><counter type="COMPLEXITY" missed="0" covered="1"/><counter type="METHOD" missed="0" covered="1"/></method><method name="viewOf" desc="(Ljava/lang/Class;Lsprouts/Val;Lsprouts/Val;Ljava/util/function/BiFunction;)Lsprouts/Viewable;" line="140"><counter type="INSTRUCTION" missed="0" covered="18"/><counter type="LINE" missed="0" covered="5"/><counter type="COMPLEXITY" missed="0" covered="1"/><counter type="METHOD" missed="0" covered="1"/></method><method name="viewOfNullable" desc="(Ljava/lang/Class;Lsprouts/Val;Lsprouts/Val;Ljava/util/function/BiFunction;)Lsprouts/Viewable;" line="149"><counter type="INSTRUCTION" missed="0" covered="18"/><counter type="LINE" missed="0" covered="5"/><counter type="COMPLEXITY" missed="0" covered="1"/><counter type="METHOD" missed="0" covered="1"/></method><method name="viewOf" desc="(Lsprouts/Vals;)Lsprouts/Viewables;" line="158"><counter type="INSTRUCTION" missed="0" covered="6"/><counter type="LINE" missed="0" covered="2"/><counter type="COMPLEXITY" missed="0" covered="1"/><counter type="METHOD" missed="0" covered="1"/></method><method name="viewOf" desc="(Ljava/lang/Class;Lsprouts/Val;Ljava/util/function/Function;)Lsprouts/Viewable;" line="164"><counter type="INSTRUCTION" missed="0" covered="14"/><counter type="LINE" missed="0" covered="4"/><counter type="COMPLEXITY" missed="0" covered="1"/><counter type="METHOD" missed="0" covered="1"/></method><method name="viewOf" desc="(Ljava/lang/Object;Ljava/lang/Object;Lsprouts/Vals;Ljava/util/function/Function;)Lsprouts/Viewables;" line="172"><counter type="INSTRUCTION" missed="0" covered="18"/><counter type="LINE" missed="0" covered="5"/><counter type="COMPLEXITY" missed="0" covered="1"/><counter type="METHOD" missed="0" covered="1"/></method><method name="viewOf" desc="(Ljava/lang/Object;Ljava/lang/Object;Lsprouts/Val;Ljava/util/function/Function;)Lsprouts/Viewable;" line="181"><counter type="INSTRUCTION" missed="0" covered="18"/><counter type="LINE" missed="0" covered="5"/><counter type="COMPLEXITY" missed="0" covered="1"/><counter type="METHOD" missed="0" covered="1"/></method><method name="viewOfNullable" desc="(Ljava/lang/Class;Lsprouts/Val;Ljava/util/function/Function;)Lsprouts/Viewable;" line="190"><counter type="INSTRUCTION" missed="0" covered="14"/><counter type="LINE" missed="0" covered="4"/><counter type="COMPLEXITY" missed="0" covered="1"/><counter type="METHOD" missed="0" covered="1"/></method><method name="lensOf" desc="(Lsprouts/Var;Ljava/util/function/Function;Ljava/util/function/BiFunction;)Lsprouts/Var;" line="198"><counter type="INSTRUCTION" missed="0" covered="21"/><counter type="LINE" missed="0" covered="4"/><counter type="COMPLEXITY" missed="0" covered="1"/><counter type="METHOD" missed="0" covered="1"/></method><method name="lensOf" desc="(Lsprouts/Var;Ljava/lang/Object;Ljava/util/function/Function;Ljava/util/function/BiFunction;)Lsprouts/Var;" line="214"><counter type="INSTRUCTION" missed="0" covered="18"/><counter type="LINE" missed="0" covered="4"/><counter type="COMPLEXITY" missed="0" covered="1"/><counter type="METHOD" missed="0" covered="1"/></method><method name="lensOfNullable" desc="(Ljava/lang/Class;Lsprouts/Var;Ljava/util/function/Function;Ljava/util/function/BiFunction;)Lsprouts/Var;" line="222"><counter type="INSTRUCTION" missed="0" covered="18"/><counter type="LINE" missed="0" covered="4"/><counter type="COMPLEXITY" missed="0" covered="1"/><counter type="METHOD" missed="0" covered="1"/></method><method name="varOfNullable" desc="(Ljava/lang/Class;Ljava/lang/Object;)Lsprouts/Var;" line="229"><counter type="INSTRUCTION" missed="0" covered="5"/><counter type="LINE" missed="0" covered="1"/><counter type="COMPLEXITY" missed="0" covered="1"/><counter type="METHOD" missed="0" covered="1"/></method><method name="varOfNull" desc="(Ljava/lang/Class;)Lsprouts/Var;" line="233"><counter type="INSTRUCTION" missed="0" covered="5"/><counter type="LINE" missed="0" covered="1"/><counter type="COMPLEXITY" missed="0" covered="1"/><counter type="METHOD" missed="0" covered="1"/></method><method name="varOf" desc="(Ljava/lang/Object;)Lsprouts/Var;" line="237"><counter type="INSTRUCTION" missed="0" covered="4"/><counter type="LINE" missed="0" covered="1"/><counter type="COMPLEXITY" missed="0" covered="1"/><counter type="METHOD" missed="0" covered="1"/></method><method name="varOf" desc="(Ljava/lang/Class;Ljava/lang/Object;)Lsprouts/Var;" line="241"><counter type="INSTRUCTION" missed="0" covered="5"/><counter type="LINE" missed="0" covered="1"/><counter type="COMPLEXITY" missed="0" covered="1"/><counter type="METHOD" missed="0" covered="1"/></method><method name="valsOf" desc="(Ljava/lang/Class;)Lsprouts/Vals;" line="245"><counter type="INSTRUCTION" missed="0" covered="4"/><counter type="LINE" missed="0" covered="1"/><counter type="COMPLEXITY" missed="0" covered="1"/><counter type="METHOD" missed="0" covered="1"/></method><method name="valsOf" desc="(Ljava/lang/Class;[Lsprouts/Val;)Lsprouts/Vals;" line="250"><counter type="INSTRUCTION" missed="6" covered="0"/><counter type="LINE" missed="1" covered="0"/><counter type="COMPLEXITY" missed="1" covered="0"/><counter type="METHOD" missed="1" covered="0"/></method><method name="valsOf" desc="(Lsprouts/Val;[Lsprouts/Val;)Lsprouts/Vals;" line="255"><counter type="INSTRUCTION" missed="0" covered="17"/><counter type="LINE" missed="0" covered="3"/><counter type="COMPLEXITY" missed="0" covered="1"/><counter type="METHOD" missed="0" covered="1"/></method><method name="valsOf" desc="(Ljava/lang/Object;[Ljava/lang/Object;)Lsprouts/Vals;" line="261"><counter type="INSTRUCTION" missed="0" covered="5"/><counter type="LINE" missed="0" covered="1"/><counter type="COMPLEXITY" missed="0" covered="1"/><counter type="METHOD" missed="0" covered="1"/></method><method name="valsOf" desc="(Ljava/lang/Class;[Ljava/lang/Object;)Lsprouts/Vals;" line="264"><counter type="INSTRUCTION" missed="0" covered="5"/><counter type="LINE" missed="0" covered="1"/><counter type="COMPLEXITY" missed="0" covered="1"/><counter type="METHOD" missed="0" covered="1"/></method><method name="valsOf" desc="(Ljava/lang/Class;Ljava/lang/Iterable;)Lsprouts/Vals;" line="267"><counter type="INSTRUCTION" missed="0" covered="5"/><counter type="LINE" missed="0" covered="1"/><counter type="COMPLEXITY" missed="0" covered="1"/><counter type="METHOD" missed="0" covered="1"/></method><method name="valsOf" desc="(Ljava/lang/Class;Lsprouts/Vals;)Lsprouts/Vals;" line="271"><counter type="INSTRUCTION" missed="0" covered="10"/><counter type="LINE" missed="0" covered="2"/><counter type="COMPLEXITY" missed="0" covered="1"/><counter type="METHOD" missed="0" covered="1"/></method><method name="valsOfNullable" desc="(Ljava/lang/Class;[Lsprouts/Val;)Lsprouts/Vals;" line="277"><counter type="INSTRUCTION" missed="0" covered="16"/><counter type="LINE" missed="0" covered="3"/><counter type="COMPLEXITY" missed="0" covered="1"/><counter type="METHOD" missed="0" covered="1"/></method><method name="valsOfNullable" desc="(Ljava/lang/Class;)Lsprouts/Vals;" line="283"><counter type="INSTRUCTION" missed="0" covered="4"/><counter type="LINE" missed="0" covered="1"/><counter type="COMPLEXITY" missed="0" covered="1"/><counter type="METHOD" missed="0" covered="1"/></method><method name="valsOfNullable" desc="(Ljava/lang/Class;[Ljava/lang/Object;)Lsprouts/Vals;" line="288"><counter type="INSTRUCTION" missed="0" covered="5"/><counter type="LINE" missed="0" covered="1"/><counter type="COMPLEXITY" missed="0" covered="1"/><counter type="METHOD" missed="0" covered="1"/></method><method name="valsOfNullable" desc="(Lsprouts/Val;[Lsprouts/Val;)Lsprouts/Vals;" line="293"><counter type="INSTRUCTION" missed="0" covered="17"/><counter type="LINE" missed="0" covered="3"/><counter type="COMPLEXITY" missed="0" covered="1"/><counter type="METHOD" missed="0" covered="1"/></method><method name="valsOfNullable" desc="(Ljava/lang/Class;Lsprouts/Vals;)Lsprouts/Vals;" line="300"><counter type="INSTRUCTION" missed="0" covered="10"/><counter type="LINE" missed="0" covered="2"/><counter type="COMPLEXITY" missed="0" covered="1"/><counter type="METHOD" missed="0" covered="1"/></method><method name="varsOfNullable" desc="(Ljava/lang/Class;Ljava/lang/Iterable;)Lsprouts/Vars;" line="306"><counter type="INSTRUCTION" missed="0" covered="13"/><counter type="LINE" missed="0" covered="2"/><counter type="COMPLEXITY" missed="0" covered="1"/><counter type="METHOD" missed="0" covered="1"/></method><method name="tupleOf" desc="(Ljava/lang/Class;[Lsprouts/Maybe;)Lsprouts/Tuple;" line="312"><counter type="INSTRUCTION" missed="9" covered="18"/><counter type="BRANCH" missed="1" covered="1"/><counter type="LINE" missed="1" covered="3"/><counter type="COMPLEXITY" missed="1" covered="1"/><counter type="METHOD" missed="0" covered="1"/></method><method name="tupleOf" desc="(Ljava/lang/Class;)Lsprouts/Tuple;" line="321"><counter type="INSTRUCTION" missed="0" covered="8"/><counter type="LINE" missed="0" covered="1"/><counter type="COMPLEXITY" missed="0" covered="1"/><counter type="METHOD" missed="0" covered="1"/></method><method name="tupleOf" desc="(Lsprouts/Maybe;[Lsprouts/Maybe;)Lsprouts/Tuple;" line="326"><counter type="INSTRUCTION" missed="38" covered="0"/><counter type="BRANCH" missed="2" covered="0"/><counter type="LINE" missed="5" covered="0"/><counter type="COMPLEXITY" missed="2" covered="0"/><counter type="METHOD" missed="1" covered="0"/></method><method name="tupleOf" desc="(Ljava/lang/Object;[Ljava/lang/Object;)Lsprouts/Tuple;" line="336"><counter type="INSTRUCTION" missed="0" covered="26"/><counter type="LINE" missed="0" covered="4"/><counter type="COMPLEXITY" missed="0" covered="1"/><counter type="METHOD" missed="0" covered="1"/></method><method name="tupleOf" desc="(Ljava/lang/Class;[Ljava/lang/Object;)Lsprouts/Tuple;" line="344"><counter type="INSTRUCTION" missed="0" covered="8"/><counter type="LINE" missed="0" covered="1"/><counter type="COMPLEXITY" missed="0" covered="1"/><counter type="METHOD" missed="0" covered="1"/></method><method name="tupleOf" desc="(Ljava/lang/Class;Ljava/lang/Iterable;)Lsprouts/Tuple;" line="349"><counter type="INSTRUCTION" missed="0" covered="18"/><counter type="LINE" missed="0" covered="3"/><counter type="COMPLEXITY" missed="0" covered="1"/><counter type="METHOD" missed="0" covered="1"/></method><method name="tupleOfNullable" desc="(Ljava/lang/Class;[Lsprouts/Maybe;)Lsprouts/Tuple;" line="356"><counter type="INSTRUCTION" missed="27" covered="0"/><counter type="BRANCH" missed="2" covered="0"/><counter type="LINE" missed="4" covered="0"/><counter type="COMPLEXITY" missed="2" covered="0"/><counter type="METHOD" missed="1" covered="0"/></method><method name="tupleOfNullable" desc="(Ljava/lang/Class;)Lsprouts/Tuple;" line="365"><counter type="INSTRUCTION" missed="0" covered="8"/><counter type="LINE" missed="0" covered="1"/><counter type="COMPLEXITY" missed="0" covered="1"/><counter type="METHOD" missed="0" covered="1"/></method><method name="tupleOfNullable" desc="(Ljava/lang/Class;[Ljava/lang/Object;)Lsprouts/Tuple;" line="370"><counter type="INSTRUCTION" missed="0" covered="8"/><counter type="LINE" missed="0" covered="1"/><counter type="COMPLEXITY" missed="0" covered="1"/><counter type="METHOD" missed="0" covered="1"/></method><method name="tupleOfNullable" desc="(Lsprouts/Maybe;[Lsprouts/Maybe;)Lsprouts/Tuple;" line="375"><counter type="INSTRUCTION" missed="37" covered="0"/><counter type="BRANCH" missed="2" covered="0"/><counter type="LINE" missed="5" covered="0"/><counter type="COMPLEXITY" missed="2" covered="0"/><counter type="METHOD" missed="1" covered="0"/></method><method name="tupleOfNullable" desc="(Ljava/lang/Class;Ljava/lang/Iterable;)Lsprouts/Tuple;" line="385"><counter type="INSTRUCTION" missed="0" covered="18"/><counter type="LINE" missed="0" covered="3"/><counter type="COMPLEXITY" missed="0" covered="1"/><counter type="METHOD" missed="0" covered="1"/></method><method name="varsOf" desc="(Ljava/lang/Class;[Lsprouts/Var;)Lsprouts/Vars;" line="392"><counter type="INSTRUCTION" missed="0" covered="5"/><counter type="LINE" missed="0" covered="1"/><counter type="COMPLEXITY" missed="0" covered="1"/><counter type="METHOD" missed="0" covered="1"/></method><method name="varsOf" desc="(Ljava/lang/Class;)Lsprouts/Vars;" line="394"><counter type="INSTRUCTION" missed="0" covered="4"/><counter type="LINE" missed="0" covered="1"/><counter type="COMPLEXITY" missed="0" covered="1"/><counter type="METHOD" missed="0" covered="1"/></method><method name="varsOf" desc="(Lsprouts/Var;[Lsprouts/Var;)Lsprouts/Vars;" line="397"><counter type="INSTRUCTION" missed="0" covered="5"/><counter type="LINE" missed="0" covered="1"/><counter type="COMPLEXITY" missed="0" covered="1"/><counter type="METHOD" missed="0" covered="1"/></method><method name="varsOf" desc="(Ljava/lang/Object;[Ljava/lang/Object;)Lsprouts/Vars;" line="400"><counter type="INSTRUCTION" missed="0" covered="5"/><counter type="LINE" missed="0" covered="1"/><counter type="COMPLEXITY" missed="0" covered="1"/><counter type="METHOD" missed="0" covered="1"/></method><method name="varsOf" desc="(Ljava/lang/Class;[Ljava/lang/Object;)Lsprouts/Vars;" line="403"><counter type="INSTRUCTION" missed="5" covered="0"/><counter type="LINE" missed="1" covered="0"/><counter type="COMPLEXITY" missed="1" covered="0"/><counter type="METHOD" missed="1" covered="0"/></method><method name="varsOf" desc="(Ljava/lang/Class;Ljava/lang/Iterable;)Lsprouts/Vars;" line="405"><counter type="INSTRUCTION" missed="0" covered="5"/><counter type="LINE" missed="0" covered="1"/><counter type="COMPLEXITY" missed="0" covered="1"/><counter type="METHOD" missed="0" covered="1"/></method><method name="varsOfNullable" desc="(Ljava/lang/Class;[Lsprouts/Var;)Lsprouts/Vars;" line="409"><counter type="INSTRUCTION" missed="0" covered="5"/><counter type="LINE" missed="0" covered="1"/><counter type="COMPLEXITY" missed="0" covered="1"/><counter type="METHOD" missed="0" covered="1"/></method><method name="varsOfNullable" desc="(Ljava/lang/Class;)Lsprouts/Vars;" line="412"><counter type="INSTRUCTION" missed="0" covered="4"/><counter type="LINE" missed="0" covered="1"/><counter type="COMPLEXITY" missed="0" covered="1"/><counter type="METHOD" missed="0" covered="1"/></method><method name="varsOfNullable" desc="(Ljava/lang/Class;[Ljava/lang/Object;)Lsprouts/Vars;" line="416"><counter type="INSTRUCTION" missed="0" covered="5"/><counter type="LINE" missed="0" covered="1"/><counter type="COMPLEXITY" missed="0" covered="1"/><counter type="METHOD" missed="0" covered="1"/></method><method name="varsOfNullable" desc="(Lsprouts/Var;[Lsprouts/Var;)Lsprouts/Vars;" line="421"><counter type="INSTRUCTION" missed="5" covered="0"/><counter type="LINE" missed="1" covered="0"/><counter type="COMPLEXITY" missed="1" covered="0"/><counter type="METHOD" missed="1" covered="0"/></method><method name="resultOf" desc="(Ljava/lang/Class;)Lsprouts/Result;" line="425"><counter type="INSTRUCTION" missed="0" covered="10"/><counter type="LINE" missed="0" covered="2"/><counter type="COMPLEXITY" missed="0" covered="1"/><counter type="METHOD" missed="0" covered="1"/></method><method name="resultOf" desc="(Ljava/lang/Object;)Lsprouts/Result;" line="430"><counter type="INSTRUCTION" missed="0" covered="8"/><counter type="LINE" missed="0" covered="2"/><counter type="COMPLEXITY" missed="0" covered="1"/><counter type="METHOD" missed="0" covered="1"/></method><method name="resultOf" desc="(Ljava/lang/Class;Ljava/lang/Object;)Lsprouts/Result;" line="435"><counter type="INSTRUCTION" missed="0" covered="9"/><counter type="LINE" missed="0" covered="2"/><counter type="COMPLEXITY" missed="0" covered="1"/><counter type="METHOD" missed="0" covered="1"/></method><method name="resultOf" desc="(Ljava/lang/Object;Ljava/lang/Iterable;)Lsprouts/Result;" line="440"><counter type="INSTRUCTION" missed="0" covered="16"/><counter type="LINE" missed="0" covered="4"/><counter type="COMPLEXITY" missed="0" covered="1"/><counter type="METHOD" missed="0" covered="1"/></method><method name="resultOf" desc="(Ljava/lang/Class;Ljava/lang/Iterable;)Lsprouts/Result;" line="447"><counter type="INSTRUCTION" missed="0" covered="13"/><counter type="LINE" missed="0" covered="3"/><counter type="COMPLEXITY" missed="0" covered="1"/><counter type="METHOD" missed="0" covered="1"/></method><method name="resultOf" desc="(Ljava/lang/Class;Ljava/lang/Object;Ljava/lang/Iterable;)Lsprouts/Result;" line="453"><counter type="INSTRUCTION" missed="0" covered="13"/><counter type="LINE" missed="0" covered="3"/><counter type="COMPLEXITY" missed="0" covered="1"/><counter type="METHOD" missed="0" covered="1"/></method><method name="resultOf" desc="(Ljava/lang/Class;Ljava/lang/Object;Lsprouts/Problem;)Lsprouts/Result;" line="459"><counter type="INSTRUCTION" missed="14" covered="0"/><counter type="LINE" missed="3" covered="0"/><counter type="COMPLEXITY" missed="1" covered="0"/><counter type="METHOD" missed="1" covered="0"/></method><method name="resultOf" desc="(Ljava/lang/Class;Lsprouts/Problem;)Lsprouts/Result;" line="465"><counter type="INSTRUCTION" missed="0" covered="14"/><counter type="LINE" missed="0" covered="3"/><counter type="COMPLEXITY" missed="0" covered="1"/><counter type="METHOD" missed="0" covered="1"/></method><method name="resultOfList" desc="(Ljava/lang/Class;Lsprouts/Problem;)Lsprouts/Result;" line="471"><counter type="INSTRUCTION" missed="14" covered="0"/><counter type="LINE" missed="3" covered="0"/><counter type="COMPLEXITY" missed="1" covered="0"/><counter type="METHOD" missed="1" covered="0"/></method><method name="resultOfList" desc="(Ljava/lang/Class;Ljava/util/List;)Lsprouts/Result;" line="477"><counter type="INSTRUCTION" missed="13" covered="23"/><counter type="BRANCH" missed="1" covered="1"/><counter type="LINE" missed="1" covered="5"/><counter type="COMPLEXITY" missed="1" covered="1"/><counter type="METHOD" missed="0" covered="1"/></method><method name="resultOfList" desc="(Ljava/lang/Class;Ljava/util/List;Ljava/lang/Iterable;)Lsprouts/Result;" line="487"><counter type="INSTRUCTION" missed="13" covered="26"/><counter type="BRANCH" missed="1" covered="1"/><counter type="LINE" missed="1" covered="6"/><counter type="COMPLEXITY" missed="1" covered="1"/><counter type="METHOD" missed="0" covered="1"/></method><method name="resultOfTry" desc="(Ljava/lang/Class;Ljava/util/function/Supplier;)Lsprouts/Result;" line="499"><counter type="INSTRUCTION" missed="0" covered="19"/><counter type="LINE" missed="0" covered="5"/><counter type="COMPLEXITY" missed="0" covered="1"/><counter type="METHOD" missed="0" covered="1"/></method><method name="actionOfWeak" desc="(Ljava/lang/Object;Ljava/util/function/BiConsumer;)Lsprouts/WeakAction;" line="510"><counter type="INSTRUCTION" missed="0" covered="6"/><counter type="LINE" missed="0" covered="1"/><counter type="COMPLEXITY" missed="0" covered="1"/><counter type="METHOD" missed="0" covered="1"/></method><method name="observerOfWeak" desc="(Ljava/lang/Object;Ljava/util/function/Consumer;)Lsprouts/WeakObserver;" line="515"><counter type="INSTRUCTION" missed="0" covered="6"/><counter type="LINE" missed="0" covered="1"/><counter type="COMPLEXITY" missed="0" covered="1"/><counter type="METHOD" missed="0" covered="1"/></method><method name="defaultId" desc="()Ljava/lang/String;" line="520"><counter type="INSTRUCTION" missed="0" covered="2"/><counter type="LINE" missed="0" covered="1"/><counter type="COMPLEXITY" missed="0" covered="1"/><counter type="METHOD" missed="0" covered="1"/></method><method name="idPattern" desc="()Ljava/util/regex/Pattern;" line="525"><counter type="INSTRUCTION" missed="0" covered="2"/><counter type="LINE" missed="0" covered="1"/><counter type="COMPLEXITY" missed="0" covered="1"/><counter type="METHOD" missed="0" covered="1"/></method><method name="defaultChannel" desc="()Lsprouts/Channel;" line="530"><counter type="INSTRUCTION" missed="0" covered="2"/><counter type="LINE" missed="0" covered="1"/><counter type="COMPLEXITY" missed="0" covered="1"/><counter type="METHOD" missed="0" covered="1"/></method><method name="defaultObservableChannel" desc="()Lsprouts/Channel;" line="535"><counter type="INSTRUCTION" missed="0" covered="2"/><counter type="LINE" missed="0" covered="1"/><counter type="COMPLEXITY" missed="0" covered="1"/><counter type="METHOD" missed="0" covered="1"/></method><method name="lambda$resultOfList$4" desc="(Ljava/lang/Class;Ljava/lang/Object;)Z" line="490"><counter type="INSTRUCTION" missed="0" covered="5"/><counter type="LINE" missed="0" covered="1"/><counter type="COMPLEXITY" missed="0" covered="1"/><counter type="METHOD" missed="0" covered="1"/></method><method name="lambda$resultOfList$3" desc="(Ljava/lang/Class;Ljava/lang/Object;)Z" line="480"><counter type="INSTRUCTION" missed="0" covered="5"/><counter type="LINE" missed="0" covered="1"/><counter type="COMPLEXITY" missed="0" covered="1"/><counter type="METHOD" missed="0" covered="1"/></method><method name="lambda$varsOfNullable$2" desc="(I)[Lsprouts/Var;" line="306"><counter type="INSTRUCTION" missed="0" covered="3"/><counter type="LINE" missed="0" covered="1"/><counter type="COMPLEXITY" missed="0" covered="1"/><counter type="METHOD" missed="0" covered="1"/></method><method name="lambda$valsOfNullable$1" desc="(I)[Ljava/lang/Object;" line="300"><counter type="INSTRUCTION" missed="0" covered="3"/><counter type="LINE" missed="0" covered="1"/><counter type="COMPLEXITY" missed="0" covered="1"/><counter type="METHOD" missed="0" covered="1"/></method><method name="lambda$valsOf$0" desc="(I)[Ljava/lang/Object;" line="271"><counter type="INSTRUCTION" missed="0" covered="3"/><counter type="LINE" missed="0" covered="1"/><counter type="COMPLEXITY" missed="0" covered="1"/><counter type="METHOD" missed="0" covered="1"/></method><method name="&lt;clinit&gt;" desc="()V" line="26"><counter type="INSTRUCTION" missed="0" covered="8"/><counter type="LINE" missed="0" covered="2"/><counter type="COMPLEXITY" missed="0" covered="1"/><counter type="METHOD" missed="0" covered="1"/></method><counter type="INSTRUCTION" missed="187" covered="744"/><counter type="BRANCH" missed="9" covered="3"/><counter type="LINE" missed="29" covered="157"/><counter type="COMPLEXITY" missed="15" covered="77"/><counter type="METHOD" missed="9" covered="77"/><counter type="CLASS" missed="0" covered="1"/></class><class name="sprouts/impl/TransientParentRef" sourcefilename="TransientParentRef.java"><method name="&lt;init&gt;" desc="(Ljava/lang/ref/WeakReference;Ljava/lang/Class;Ljava/lang/Object;)V" line="15"><counter type="INSTRUCTION" missed="0" covered="16"/><counter type="LINE" missed="0" covered="5"/><counter type="COMPLEXITY" missed="0" covered="1"/><counter type="METHOD" missed="0" covered="1"/></method><method name="get" desc="()Lsprouts/Val;" line="23"><counter type="INSTRUCTION" missed="0" covered="16"/><counter type="BRANCH" missed="0" covered="2"/><counter type="LINE" missed="0" covered="4"/><counter type="COMPLEXITY" missed="0" covered="2"/><counter type="METHOD" missed="0" covered="1"/></method><counter type="INSTRUCTION" missed="0" covered="32"/><counter type="BRANCH" missed="0" covered="2"/><counter type="LINE" missed="0" covered="9"/><counter type="COMPLEXITY" missed="0" covered="3"/><counter type="METHOD" missed="0" covered="2"/><counter type="CLASS" missed="0" covered="1"/></class><class name="sprouts/impl/PropertyListChangeListeners" sourcefilename="PropertyListChangeListeners.java"><method name="&lt;init&gt;" desc="()V" line="8"><counter type="INSTRUCTION" missed="0" covered="8"/><counter type="LINE" missed="0" covered="2"/><counter type="COMPLEXITY" missed="0" covered="1"/><counter type="METHOD" missed="0" covered="1"/></method><method name="onChange" desc="(Lsprouts/Action;)V" line="14"><counter type="INSTRUCTION" missed="0" covered="5"/><counter type="LINE" missed="0" covered="2"/><counter type="COMPLEXITY" missed="0" covered="1"/><counter type="METHOD" missed="0" covered="1"/></method><method name="onChange" desc="(Lsprouts/Observer;)V" line="18"><counter type="INSTRUCTION" missed="8" covered="10"/><counter type="BRANCH" missed="1" covered="1"/><counter type="LINE" missed="1" covered="3"/><counter type="COMPLEXITY" missed="1" covered="1"/><counter type="METHOD" missed="0" covered="1"/></method><method name="unsubscribe" desc="(Lsprouts/Subscriber;)V" line="25"><counter type="INSTRUCTION" missed="0" covered="5"/><counter type="LINE" missed="0" covered="2"/><counter type="COMPLEXITY" missed="0" covered="1"/><counter type="METHOD" missed="0" covered="1"/></method><method name="unsubscribeAll" desc="()V" line="29"><counter type="INSTRUCTION" missed="4" covered="0"/><counter type="LINE" missed="2" covered="0"/><counter type="COMPLEXITY" missed="1" covered="0"/><counter type="METHOD" missed="1" covered="0"/></method><method name="fireChange" desc="(Lsprouts/SequenceChange;Lsprouts/Vars;)V" line="33"><counter type="INSTRUCTION" missed="0" covered="9"/><counter type="LINE" missed="0" covered="2"/><counter type="COMPLEXITY" missed="0" covered="1"/><counter type="METHOD" missed="0" covered="1"/></method><method name="fireChange" desc="(Lsprouts/SequenceChange;ILsprouts/Var;Lsprouts/Var;Lsprouts/Vars;)V" line="39"><counter type="INSTRUCTION" missed="0" covered="13"/><counter type="LINE" missed="0" covered="3"/><counter type="COMPLEXITY" missed="0" covered="1"/><counter type="METHOD" missed="0" covered="1"/></method><method name="fireChange" desc="(Lsprouts/SequenceChange;ILsprouts/Vals;Lsprouts/Vals;Lsprouts/Vars;)V" line="46"><counter type="INSTRUCTION" missed="0" covered="13"/><counter type="LINE" missed="0" covered="3"/><counter type="COMPLEXITY" missed="0" covered="1"/><counter type="METHOD" missed="0" covered="1"/></method><method name="_createDelegate" desc="(ILsprouts/SequenceChange;Lsprouts/Var;Lsprouts/Var;Lsprouts/Vars;)Lsprouts/ValsDelegate;" line="53"><counter type="INSTRUCTION" missed="3" covered="51"/><counter type="BRANCH" missed="1" covered="3"/><counter type="LINE" missed="0" covered="6"/><counter type="COMPLEXITY" missed="1" covered="2"/><counter type="METHOD" missed="0" covered="1"/></method><method name="_createDelegate" desc="(ILsprouts/SequenceChange;Lsprouts/Vals;Lsprouts/Vals;Lsprouts/Vars;)Lsprouts/ValsDelegate;" line="69"><counter type="INSTRUCTION" missed="0" covered="87"/><counter type="BRANCH" missed="0" covered="10"/><counter type="LINE" missed="0" covered="9"/><counter type="COMPLEXITY" missed="0" covered="6"/><counter type="METHOD" missed="0" covered="1"/></method><method name="lambda$_createDelegate$6" desc="(I)[Lsprouts/Val;" line="76"><counter type="INSTRUCTION" missed="0" covered="3"/><counter type="LINE" missed="0" covered="1"/><counter type="COMPLEXITY" missed="0" covered="1"/><counter type="METHOD" missed="0" covered="1"/></method><method name="lambda$_createDelegate$5" desc="(ZLjava/lang/Class;Ljava/lang/Object;)Lsprouts/Val;" line="76"><counter type="INSTRUCTION" missed="0" covered="9"/><counter type="BRANCH" missed="0" covered="2"/><counter type="LINE" missed="0" covered="1"/><counter type="COMPLEXITY" missed="0" covered="2"/><counter type="METHOD" missed="0" covered="1"/></method><method name="lambda$_createDelegate$4" desc="(I)[Lsprouts/Val;" line="74"><counter type="INSTRUCTION" missed="0" covered="3"/><counter type="LINE" missed="0" covered="1"/><counter type="COMPLEXITY" missed="0" covered="1"/><counter type="METHOD" missed="0" covered="1"/></method><method name="lambda$_createDelegate$3" desc="(ZLjava/lang/Class;Ljava/lang/Object;)Lsprouts/Val;" line="74"><counter type="INSTRUCTION" missed="0" covered="9"/><counter type="BRANCH" missed="0" covered="2"/><counter type="LINE" missed="0" covered="1"/><counter type="COMPLEXITY" missed="0" covered="2"/><counter type="METHOD" missed="0" covered="1"/></method><method name="lambda$_createDelegate$2" desc="(I)[Lsprouts/Val;" line="72"><counter type="INSTRUCTION" missed="0" covered="3"/><counter type="LINE" missed="0" covered="1"/><counter type="COMPLEXITY" missed="0" covered="1"/><counter type="METHOD" missed="0" covered="1"/></method><method name="lambda$_createDelegate$1" desc="(ZLsprouts/Val;)Lsprouts/Val;" line="72"><counter type="INSTRUCTION" missed="0" covered="8"/><counter type="BRANCH" missed="0" covered="2"/><counter type="LINE" missed="0" covered="1"/><counter type="COMPLEXITY" missed="0" covered="2"/><counter type="METHOD" missed="0" covered="1"/></method><method name="lambda$_createDelegate$0" desc="(I)[Lsprouts/Var;" line="54"><counter type="INSTRUCTION" missed="0" covered="3"/><counter type="LINE" missed="0" covered="1"/><counter type="COMPLEXITY" missed="0" covered="1"/><counter type="METHOD" missed="0" covered="1"/></method><counter type="INSTRUCTION" missed="15" covered="239"/><counter type="BRANCH" missed="2" covered="20"/><counter type="LINE" missed="3" covered="32"/><counter type="COMPLEXITY" missed="3" covered="25"/><counter type="METHOD" missed="1" covered="16"/><counter type="CLASS" missed="0" covered="1"/></class><class name="sprouts/impl/PropertyChangeListeners" sourcefilename="PropertyChangeListeners.java"><method name="&lt;init&gt;" desc="()V" line="13"><counter type="INSTRUCTION" missed="0" covered="8"/><counter type="LINE" missed="0" covered="2"/><counter type="COMPLEXITY" missed="0" covered="1"/><counter type="METHOD" missed="0" covered="1"/></method><method name="&lt;init&gt;" desc="(Lsprouts/impl/PropertyChangeListeners;)V" line="13"><counter type="INSTRUCTION" missed="0" covered="11"/><counter type="LINE" missed="0" covered="4"/><counter type="COMPLEXITY" missed="0" covered="1"/><counter type="METHOD" missed="0" covered="1"/></method><method name="onChange" desc="(Lsprouts/Channel;Lsprouts/Action;)V" line="24"><counter type="INSTRUCTION" missed="0" covered="12"/><counter type="LINE" missed="0" covered="4"/><counter type="COMPLEXITY" missed="0" covered="1"/><counter type="METHOD" missed="0" covered="1"/></method><method name="onChange" desc="(Lsprouts/Observer;)V" line="30"><counter type="INSTRUCTION" missed="0" covered="22"/><counter type="BRANCH" missed="0" covered="2"/><counter type="LINE" missed="0" covered="4"/><counter type="COMPLEXITY" missed="0" covered="2"/><counter type="METHOD" missed="0" covered="1"/></method><method name="unsubscribe" desc="(Lsprouts/Subscriber;)V" line="37"><counter type="INSTRUCTION" missed="0" covered="17"/><counter type="BRANCH" missed="0" covered="2"/><counter type="LINE" missed="0" covered="3"/><counter type="COMPLEXITY" missed="0" covered="2"/><counter type="METHOD" missed="0" covered="1"/></method><method name="unsubscribeAll" desc="()V" line="42"><counter type="INSTRUCTION" missed="16" covered="0"/><counter type="BRANCH" missed="2" covered="0"/><counter type="LINE" missed="3" covered="0"/><counter type="COMPLEXITY" missed="2" covered="0"/><counter type="METHOD" missed="1" covered="0"/></method><method name="fireChange" desc="(Lsprouts/Val;Lsprouts/Channel;Lsprouts/impl/ItemPair;)V" line="51"><counter type="INSTRUCTION" missed="0" covered="42"/><counter type="BRANCH" missed="0" covered="4"/><counter type="LINE" missed="0" covered="7"/><counter type="COMPLEXITY" missed="0" covered="3"/><counter type="METHOD" missed="0" covered="1"/></method><method name="numberOfChangeListeners" desc="()J" line="63"><counter type="INSTRUCTION" missed="0" covered="8"/><counter type="LINE" missed="0" covered="4"/><counter type="COMPLEXITY" missed="0" covered="1"/><counter type="METHOD" missed="0" covered="1"/></method><method name="_copyFrom" desc="(Lsprouts/impl/PropertyChangeListeners;)V" line="70"><counter type="INSTRUCTION" missed="0" covered="6"/><counter type="LINE" missed="0" covered="2"/><counter type="COMPLEXITY" missed="0" covered="1"/><counter type="METHOD" missed="0" covered="1"/></method><method name="_getActionsFor" desc="(Lsprouts/Channel;)Lsprouts/impl/ChangeListeners;" line="74"><counter type="INSTRUCTION" missed="0" covered="7"/><counter type="LINE" missed="0" covered="1"/><counter type="COMPLEXITY" missed="0" covered="1"/><counter type="METHOD" missed="0" covered="1"/></method><method name="toString" desc="()Ljava/lang/String;" line="79"><counter type="INSTRUCTION" missed="52" covered="0"/><counter type="BRANCH" missed="2" covered="0"/><counter type="LINE" missed="10" covered="0"/><counter type="COMPLEXITY" missed="2" covered="0"/><counter type="METHOD" missed="1" covered="0"/></method><method name="lambda$_getActionsFor$1" desc="(Lsprouts/Channel;)Lsprouts/impl/ChangeListeners;" line="74"><counter type="INSTRUCTION" missed="0" covered="4"/><counter type="LINE" missed="0" covered="1"/><counter type="COMPLEXITY" missed="0" covered="1"/><counter type="METHOD" missed="0" covered="1"/></method><method name="lambda$_copyFrom$0" desc="(Lsprouts/Channel;Lsprouts/impl/ChangeListeners;)V" line="70"><counter type="INSTRUCTION" missed="0" covered="10"/><counter type="LINE" missed="0" covered="1"/><counter type="COMPLEXITY" missed="0" covered="1"/><counter type="METHOD" missed="0" covered="1"/></method><method name="&lt;clinit&gt;" desc="()V" line="11"><counter type="INSTRUCTION" missed="0" covered="4"/><counter type="LINE" missed="0" covered="1"/><counter type="COMPLEXITY" missed="0" covered="1"/><counter type="METHOD" missed="0" covered="1"/></method><counter type="INSTRUCTION" missed="68" covered="151"/><counter type="BRANCH" missed="4" covered="8"/><counter type="LINE" missed="13" covered="31"/><counter type="COMPLEXITY" missed="4" covered="16"/><counter type="METHOD" missed="2" covered="12"/><counter type="CLASS" missed="0" covered="1"/></class><class name="sprouts/impl/TupleImpl" sourcefilename="TupleImpl.java"><method name="&lt;init&gt;" desc="(ZLjava/lang/Class;Ljava/util/List;)V" line="22"><counter type="INSTRUCTION" missed="0" covered="10"/><counter type="LINE" missed="0" covered="2"/><counter type="COMPLEXITY" missed="0" covered="1"/><counter type="METHOD" missed="0" covered="1"/></method><method name="&lt;init&gt;" desc="(ZLjava/lang/Class;Ljava/lang/Object;Lsprouts/impl/SequenceDiff;)V" line="31"><counter type="INSTRUCTION" missed="0" covered="39"/><counter type="BRANCH" missed="0" covered="6"/><counter type="LINE" missed="0" covered="9"/><counter type="COMPLEXITY" missed="0" covered="4"/><counter type="METHOD" missed="0" covered="1"/></method><method name="type" desc="()Ljava/lang/Class;" line="48"><counter type="INSTRUCTION" missed="0" covered="3"/><counter type="LINE" missed="0" covered="1"/><counter type="COMPLEXITY" missed="0" covered="1"/><counter type="METHOD" missed="0" covered="1"/></method><method name="size" desc="()I" line="53"><counter type="INSTRUCTION" missed="0" covered="4"/><counter type="LINE" missed="0" covered="1"/><counter type="COMPLEXITY" missed="0" covered="1"/><counter type="METHOD" missed="0" covered="1"/></method><method name="get" desc="(I)Ljava/lang/Object;" line="59"><counter type="INSTRUCTION" missed="4" covered="14"/><counter type="BRANCH" missed="1" covered="3"/><counter type="LINE" missed="1" covered="3"/><counter type="COMPLEXITY" missed="1" covered="2"/><counter type="METHOD" missed="0" covered="1"/></method><method name="allowsNull" desc="()Z" line="67"><counter type="INSTRUCTION" missed="0" covered="3"/><counter type="LINE" missed="0" covered="1"/><counter type="COMPLEXITY" missed="0" covered="1"/><counter type="METHOD" missed="0" covered="1"/></method><method name="slice" desc="(II)Lsprouts/Tuple;" line="72"><counter type="INSTRUCTION" missed="8" covered="44"/><counter type="BRANCH" missed="3" covered="3"/><counter type="LINE" missed="2" covered="7"/><counter type="COMPLEXITY" missed="3" covered="1"/><counter type="METHOD" missed="0" covered="1"/></method><method name="removeRange" desc="(II)Lsprouts/Tuple;" line="85"><counter type="INSTRUCTION" missed="8" covered="61"/><counter type="BRANCH" missed="3" covered="3"/><counter type="LINE" missed="2" covered="9"/><counter type="COMPLEXITY" missed="3" covered="1"/><counter type="METHOD" missed="0" covered="1"/></method><method name="removeAll" desc="(Lsprouts/Tuple;)Lsprouts/Tuple;" line="100"><counter type="INSTRUCTION" missed="2" covered="88"/><counter type="BRANCH" missed="2" covered="8"/><counter type="LINE" missed="1" covered="16"/><counter type="COMPLEXITY" missed="2" covered="4"/><counter type="METHOD" missed="0" covered="1"/></method><method name="addAt" desc="(ILjava/lang/Object;)Lsprouts/Tuple;" line="126"><counter type="INSTRUCTION" missed="8" covered="63"/><counter type="BRANCH" missed="4" covered="4"/><counter type="LINE" missed="2" covered="8"/><counter type="COMPLEXITY" missed="4" covered="1"/><counter type="METHOD" missed="0" covered="1"/></method><method name="setAt" desc="(ILjava/lang/Object;)Lsprouts/Tuple;" line="140"><counter type="INSTRUCTION" missed="4" covered="35"/><counter type="BRANCH" missed="2" covered="2"/><counter type="LINE" missed="1" covered="5"/><counter type="COMPLEXITY" missed="2" covered="1"/><counter type="METHOD" missed="0" covered="1"/></method><method name="addAllAt" desc="(ILsprouts/Tuple;)Lsprouts/Tuple;" line="150"><counter type="INSTRUCTION" missed="4" covered="86"/><counter type="BRANCH" missed="2" covered="8"/><counter type="LINE" missed="1" covered="11"/><counter type="COMPLEXITY" missed="2" covered="4"/><counter type="METHOD" missed="0" covered="1"/></method><method name="setAllAt" desc="(ILsprouts/Tuple;)Lsprouts/Tuple;" line="166"><counter type="INSTRUCTION" missed="4" covered="61"/><counter type="BRANCH" missed="3" covered="7"/><counter type="LINE" missed="1" covered="8"/><counter type="COMPLEXITY" missed="3" covered="3"/><counter type="METHOD" missed="0" covered="1"/></method><method name="retainAll" desc="(Lsprouts/Tuple;)Lsprouts/Tuple;" line="179"><counter type="INSTRUCTION" missed="4" covered="88"/><counter type="BRANCH" missed="2" covered="8"/><counter type="LINE" missed="1" covered="16"/><counter type="COMPLEXITY" missed="2" covered="4"/><counter type="METHOD" missed="0" covered="1"/></method><method name="clear" desc="()Lsprouts/Tuple;" line="204"><counter type="INSTRUCTION" missed="0" covered="18"/><counter type="LINE" missed="0" covered="2"/><counter type="COMPLEXITY" missed="0" covered="1"/><counter type="METHOD" missed="0" covered="1"/></method><method name="sort" desc="(Ljava/util/Comparator;)Lsprouts/Tuple;" line="210"><counter type="INSTRUCTION" missed="29" covered="0"/><counter type="LINE" missed="4" covered="0"/><counter type="COMPLEXITY" missed="1" covered="0"/><counter type="METHOD" missed="1" covered="0"/></method><method name="makeDistinct" desc="()Lsprouts/Tuple;" line="218"><counter type="INSTRUCTION" missed="2" covered="75"/><counter type="BRANCH" missed="1" covered="5"/><counter type="LINE" missed="1" covered="12"/><counter type="COMPLEXITY" missed="1" covered="3"/><counter type="METHOD" missed="0" covered="1"/></method><method name="reversed" desc="()Lsprouts/Tuple;" line="237"><counter type="INSTRUCTION" missed="0" covered="71"/><counter type="BRANCH" missed="0" covered="4"/><counter type="LINE" missed="0" covered="9"/><counter type="COMPLEXITY" missed="0" covered="3"/><counter type="METHOD" missed="0" covered="1"/></method><method name="iterator" desc="()Ljava/util/Iterator;" line="252"><counter type="INSTRUCTION" missed="0" covered="5"/><counter type="LINE" missed="0" covered="1"/><counter type="COMPLEXITY" missed="0" covered="1"/><counter type="METHOD" missed="0" covered="1"/></method><method name="toString" desc="()Ljava/lang/String;" line="269"><counter type="INSTRUCTION" missed="0" covered="61"/><counter type="BRANCH" missed="0" covered="6"/><counter type="LINE" missed="0" covered="12"/><counter type="COMPLEXITY" missed="0" covered="4"/><counter type="METHOD" missed="0" covered="1"/></method><method name="equals" desc="(Ljava/lang/Object;)Z" line="286"><counter type="INSTRUCTION" missed="10" covered="45"/><counter type="BRANCH" missed="5" covered="9"/><counter type="LINE" missed="5" covered="10"/><counter type="COMPLEXITY" missed="5" covered="3"/><counter type="METHOD" missed="0" covered="1"/></method><method name="hashCode" desc="()I" line="306"><counter type="INSTRUCTION" missed="2" covered="42"/><counter type="BRANCH" missed="1" covered="5"/><counter type="LINE" missed="0" covered="5"/><counter type="COMPLEXITY" missed="1" covered="3"/><counter type="METHOD" missed="0" covered="1"/></method><method name="differenceFromPrevious" desc="()Ljava/util/Optional;" line="316"><counter type="INSTRUCTION" missed="0" covered="4"/><counter type="LINE" missed="0" covered="1"/><counter type="COMPLEXITY" missed="0" covered="1"/><counter type="METHOD" missed="0" covered="1"/></method><method name="_createArray" desc="(Ljava/lang/Class;ZI)Ljava/lang/Object;" line="320"><counter type="INSTRUCTION" missed="27" covered="32"/><counter type="BRANCH" missed="10" covered="8"/><counter type="LINE" missed="9" covered="10"/><counter type="COMPLEXITY" missed="7" covered="3"/><counter type="METHOD" missed="0" covered="1"/></method><method name="_toActualPrimitive" desc="(Ljava/lang/Class;Z)Ljava/lang/Class;" line="343"><counter type="INSTRUCTION" missed="12" covered="34"/><counter type="BRANCH" missed="6" covered="12"/><counter type="LINE" missed="6" covered="13"/><counter type="COMPLEXITY" missed="6" covered="4"/><counter type="METHOD" missed="0" covered="1"/></method><method name="_createArrayFromList" desc="(Ljava/lang/Class;ZLjava/util/List;)Ljava/lang/Object;" line="374"><counter type="INSTRUCTION" missed="0" covered="22"/><counter type="BRANCH" missed="0" covered="2"/><counter type="LINE" missed="0" covered="4"/><counter type="COMPLEXITY" missed="0" covered="2"/><counter type="METHOD" missed="0" covered="1"/></method><method name="_tryFlatten" desc="(Ljava/lang/Object;Ljava/lang/Class;Z)Ljava/lang/Object;" line="382"><counter type="INSTRUCTION" missed="189" covered="57"/><counter type="BRANCH" missed="35" covered="13"/><counter type="LINE" missed="28" covered="14"/><counter type="COMPLEXITY" missed="21" covered="4"/><counter type="METHOD" missed="0" covered="1"/></method><method name="_setAt" desc="(ILjava/lang/Object;Ljava/lang/Object;)V" line="443"><counter type="INSTRUCTION" missed="0" covered="5"/><counter type="LINE" missed="0" covered="2"/><counter type="COMPLEXITY" missed="0" covered="1"/><counter type="METHOD" missed="0" covered="1"/></method><method name="_getAt" desc="(ILjava/lang/Object;Ljava/lang/Class;)Ljava/lang/Object;" line="447"><counter type="INSTRUCTION" missed="0" covered="6"/><counter type="LINE" missed="0" covered="1"/><counter type="COMPLEXITY" missed="0" covered="1"/><counter type="METHOD" missed="0" covered="1"/></method><method name="_length" desc="(Ljava/lang/Object;)I" line="451"><counter type="INSTRUCTION" missed="24" covered="35"/><counter type="BRANCH" missed="6" covered="10"/><counter type="LINE" missed="6" covered="11"/><counter type="COMPLEXITY" missed="6" covered="3"/><counter type="METHOD" missed="0" covered="1"/></method><method name="_clone" desc="(Ljava/lang/Object;Ljava/lang/Class;Z)Ljava/lang/Object;" line="471"><counter type="INSTRUCTION" missed="0" covered="16"/><counter type="LINE" missed="0" covered="4"/><counter type="COMPLEXITY" missed="0" covered="1"/><counter type="METHOD" missed="0" covered="1"/></method><method name="_sort" desc="(Ljava/lang/Object;Ljava/util/Comparator;)V" line="478"><counter type="INSTRUCTION" missed="5" covered="0"/><counter type="LINE" missed="2" covered="0"/><counter type="COMPLEXITY" missed="1" covered="0"/><counter type="METHOD" missed="1" covered="0"/></method><method name="_each" desc="(Ljava/lang/Object;Ljava/lang/Class;Ljava/util/function/Consumer;)V" line="482"><counter type="INSTRUCTION" missed="0" covered="15"/><counter type="BRANCH" missed="0" covered="2"/><counter type="LINE" missed="0" covered="3"/><counter type="COMPLEXITY" missed="0" covered="2"/><counter type="METHOD" missed="0" covered="1"/></method><method name="lambda$new$0" desc="(Ljava/lang/Object;)V" line="39"><counter type="INSTRUCTION" missed="0" covered="7"/><counter type="BRANCH" missed="0" covered="2"/><counter type="LINE" missed="0" covered="3"/><counter type="COMPLEXITY" missed="0" covered="2"/><counter type="METHOD" missed="0" covered="1"/></method><counter type="INSTRUCTION" missed="346" covered="1149"/><counter type="BRANCH" missed="86" covered="130"/><counter type="LINE" missed="73" covered="214"/><counter type="COMPLEXITY" missed="71" covered="71"/><counter type="METHOD" missed="2" covered="32"/><counter type="CLASS" missed="0" covered="1"/></class><class name="sprouts/impl/PropertyList" sourcefilename="PropertyList.java"><method name="of" desc="(ZLjava/lang/Class;)Lsprouts/Vars;" line="18"><counter type="INSTRUCTION" missed="0" covered="12"/><counter type="LINE" missed="0" covered="2"/><counter type="COMPLEXITY" missed="0" covered="1"/><counter type="METHOD" missed="0" covered="1"/></method><method name="of" desc="(ZLjava/lang/Class;[Lsprouts/Var;)Lsprouts/Vars;" line="24"><counter type="INSTRUCTION" missed="0" covered="14"/><counter type="LINE" missed="0" covered="3"/><counter type="COMPLEXITY" missed="0" covered="1"/><counter type="METHOD" missed="0" covered="1"/></method><method name="of" desc="(ZLjava/lang/Class;[Ljava/lang/Object;)Lsprouts/Vars;" line="31"><counter type="INSTRUCTION" missed="0" covered="34"/><counter type="BRANCH" missed="0" covered="2"/><counter type="LINE" missed="0" covered="6"/><counter type="COMPLEXITY" missed="0" covered="2"/><counter type="METHOD" missed="0" covered="1"/></method><method name="of" desc="(ZLsprouts/Var;[Lsprouts/Var;)Lsprouts/Vars;" line="41"><counter type="INSTRUCTION" missed="0" covered="29"/><counter type="LINE" missed="0" covered="6"/><counter type="COMPLEXITY" missed="0" covered="1"/><counter type="METHOD" missed="0" covered="1"/></method><method name="of" desc="(ZLjava/lang/Object;[Ljava/lang/Object;)Lsprouts/Vars;" line="51"><counter type="INSTRUCTION" missed="0" covered="44"/><counter type="BRANCH" missed="0" covered="2"/><counter type="LINE" missed="0" covered="7"/><counter type="COMPLEXITY" missed="0" covered="2"/><counter type="METHOD" missed="0" covered="1"/></method><method name="of" desc="(ZLjava/lang/Class;Ljava/lang/Iterable;)Lsprouts/Vars;" line="61"><counter type="INSTRUCTION" missed="0" covered="32"/><counter type="LINE" missed="0" covered="6"/><counter type="COMPLEXITY" missed="0" covered="1"/><counter type="METHOD" missed="0" covered="1"/></method><method name="ofNullable" desc="(ZLjava/lang/Class;)Lsprouts/Vars;" line="70"><counter type="INSTRUCTION" missed="0" covered="12"/><counter type="LINE" missed="0" covered="2"/><counter type="COMPLEXITY" missed="0" covered="1"/><counter type="METHOD" missed="0" covered="1"/></method><method name="ofNullable" desc="(ZLjava/lang/Class;[Lsprouts/Var;)Lsprouts/Vars;" line="76"><counter type="INSTRUCTION" missed="0" covered="14"/><counter type="LINE" missed="0" covered="3"/><counter type="COMPLEXITY" missed="0" covered="1"/><counter type="METHOD" missed="0" covered="1"/></method><method name="ofNullable" desc="(ZLjava/lang/Class;[Ljava/lang/Object;)Lsprouts/Vars;" line="83"><counter type="INSTRUCTION" missed="0" covered="35"/><counter type="BRANCH" missed="0" covered="2"/><counter type="LINE" missed="0" covered="6"/><counter type="COMPLEXITY" missed="0" covered="2"/><counter type="METHOD" missed="0" covered="1"/></method><method name="ofNullable" desc="(ZLsprouts/Var;[Lsprouts/Var;)Lsprouts/Vars;" line="93"><counter type="INSTRUCTION" missed="0" covered="29"/><counter type="LINE" missed="0" covered="6"/><counter type="COMPLEXITY" missed="0" covered="1"/><counter type="METHOD" missed="0" covered="1"/></method><method name="&lt;init&gt;" desc="(ZLjava/lang/Class;Z[Lsprouts/Var;)V" line="102"><counter type="INSTRUCTION" missed="0" covered="30"/><counter type="LINE" missed="0" covered="9"/><counter type="COMPLEXITY" missed="0" covered="1"/><counter type="METHOD" missed="0" covered="1"/></method><method name="at" desc="(I)Lsprouts/Var;" line="120"><counter type="INSTRUCTION" missed="0" covered="6"/><counter type="LINE" missed="0" covered="1"/><counter type="COMPLEXITY" missed="0" covered="1"/><counter type="METHOD" missed="0" covered="1"/></method><method name="type" desc="()Ljava/lang/Class;" line="123"><counter type="INSTRUCTION" missed="0" covered="3"/><counter type="LINE" missed="0" covered="1"/><counter type="COMPLEXITY" missed="0" covered="1"/><counter type="METHOD" missed="0" covered="1"/></method><method name="size" desc="()I" line="126"><counter type="INSTRUCTION" missed="0" covered="4"/><counter type="LINE" missed="0" covered="1"/><counter type="COMPLEXITY" missed="0" covered="1"/><counter type="METHOD" missed="0" covered="1"/></method><method name="removeAll" desc="(Lsprouts/Vals;)Lsprouts/Vars;" line="130"><counter type="INSTRUCTION" missed="5" covered="74"/><counter type="BRANCH" missed="1" covered="13"/><counter type="LINE" missed="1" covered="11"/><counter type="COMPLEXITY" missed="1" covered="7"/><counter type="METHOD" missed="0" covered="1"/></method><method name="addAt" desc="(ILsprouts/Var;)Lsprouts/Vars;" line="152"><counter type="INSTRUCTION" missed="0" covered="34"/><counter type="BRANCH" missed="0" covered="4"/><counter type="LINE" missed="0" covered="8"/><counter type="COMPLEXITY" missed="0" covered="3"/><counter type="METHOD" missed="0" covered="1"/></method><method name="popRange" desc="(II)Lsprouts/Vars;" line="165"><counter type="INSTRUCTION" missed="33" covered="54"/><counter type="BRANCH" missed="6" covered="8"/><counter type="LINE" missed="2" covered="9"/><counter type="COMPLEXITY" missed="6" covered="2"/><counter type="METHOD" missed="0" covered="1"/></method><method name="removeRange" desc="(II)Lsprouts/Vars;" line="186"><counter type="INSTRUCTION" missed="24" covered="63"/><counter type="BRANCH" missed="4" covered="10"/><counter type="LINE" missed="2" covered="9"/><counter type="COMPLEXITY" missed="4" covered="4"/><counter type="METHOD" missed="0" covered="1"/></method><method name="setAt" desc="(ILsprouts/Var;)Lsprouts/Vars;" line="207"><counter type="INSTRUCTION" missed="23" covered="37"/><counter type="BRANCH" missed="4" covered="4"/><counter type="LINE" missed="1" covered="8"/><counter type="COMPLEXITY" missed="4" covered="1"/><counter type="METHOD" missed="0" covered="1"/></method><method name="addAllAt" desc="(ILsprouts/Vars;)Lsprouts/Vars;" line="224"><counter type="INSTRUCTION" missed="24" covered="43"/><counter type="BRANCH" missed="4" covered="6"/><counter type="LINE" missed="3" covered="9"/><counter type="COMPLEXITY" missed="4" covered="2"/><counter type="METHOD" missed="0" covered="1"/></method><method name="setAllAt" desc="(ILsprouts/Vars;)Lsprouts/Vars;" line="244"><counter type="INSTRUCTION" missed="2" covered="115"/><counter type="BRANCH" missed="2" covered="12"/><counter type="LINE" missed="1" covered="16"/><counter type="COMPLEXITY" missed="2" covered="6"/><counter type="METHOD" missed="0" covered="1"/></method><method name="_checkCanAdd" desc="(Lsprouts/Vals;)Z" line="271"><counter type="INSTRUCTION" missed="22" covered="13"/><counter type="BRANCH" missed="3" covered="3"/><counter type="LINE" missed="4" covered="4"/><counter type="COMPLEXITY" missed="3" covered="1"/><counter type="METHOD" missed="0" covered="1"/></method><method name="retainAll" desc="(Lsprouts/Vals;)Lsprouts/Vars;" line="291"><counter type="INSTRUCTION" missed="5" covered="74"/><counter type="BRANCH" missed="2" covered="14"/><counter type="LINE" missed="1" covered="18"/><counter type="COMPLEXITY" missed="2" covered="7"/><counter type="METHOD" missed="0" covered="1"/></method><method name="clear" desc="()Lsprouts/Vars;" line="323"><counter type="INSTRUCTION" missed="0" covered="34"/><counter type="BRANCH" missed="0" covered="4"/><counter type="LINE" missed="0" covered="5"/><counter type="COMPLEXITY" missed="0" covered="3"/><counter type="METHOD" missed="0" covered="1"/></method><method name="sort" desc="(Ljava/util/Comparator;)V" line="335"><counter type="INSTRUCTION" missed="0" covered="17"/><counter type="BRANCH" missed="0" covered="2"/><counter type="LINE" missed="0" covered="4"/><counter type="COMPLEXITY" missed="0" covered="2"/><counter type="METHOD" missed="0" covered="1"/></method><method name="makeDistinct" desc="()V" line="343"><counter type="INSTRUCTION" missed="5" covered="50"/><counter type="BRANCH" missed="1" covered="5"/><counter type="LINE" missed="0" covered="13"/><counter type="COMPLEXITY" missed="1" covered="3"/><counter type="METHOD" missed="0" covered="1"/></method><method name="reversed" desc="()Lsprouts/Vars;" line="360"><counter type="INSTRUCTION" missed="0" covered="43"/><counter type="BRANCH" missed="0" covered="2"/><counter type="LINE" missed="0" covered="7"/><counter type="COMPLEXITY" missed="0" covered="2"/><counter type="METHOD" missed="0" covered="1"/></method><method name="onChange" desc="(Lsprouts/Action;)Lsprouts/Vals;" line="373"><counter type="INSTRUCTION" missed="0" covered="6"/><counter type="LINE" missed="0" covered="2"/><counter type="COMPLEXITY" missed="0" covered="1"/><counter type="METHOD" missed="0" covered="1"/></method><method name="fireChange" desc="()Lsprouts/Vals;" line="380"><counter type="INSTRUCTION" missed="5" covered="0"/><counter type="LINE" missed="2" covered="0"/><counter type="COMPLEXITY" missed="1" covered="0"/><counter type="METHOD" missed="1" covered="0"/></method><method name="allowsNull" desc="()Z" line="386"><counter type="INSTRUCTION" missed="0" covered="3"/><counter type="LINE" missed="0" covered="1"/><counter type="COMPLEXITY" missed="0" covered="1"/><counter type="METHOD" missed="0" covered="1"/></method><method name="isMutable" desc="()Z" line="391"><counter type="INSTRUCTION" missed="0" covered="7"/><counter type="BRANCH" missed="0" covered="2"/><counter type="LINE" missed="0" covered="1"/><counter type="COMPLEXITY" missed="0" covered="2"/><counter type="METHOD" missed="0" covered="1"/></method><method name="isView" desc="()Z" line="396"><counter type="INSTRUCTION" missed="0" covered="2"/><counter type="LINE" missed="0" covered="1"/><counter type="COMPLEXITY" missed="0" covered="1"/><counter type="METHOD" missed="0" covered="1"/></method><method name="_triggerAction" desc="(Lsprouts/SequenceChange;ILsprouts/Var;Lsprouts/Var;)V" line="402"><counter type="INSTRUCTION" missed="0" covered="9"/><counter type="LINE" missed="0" covered="2"/><counter type="COMPLEXITY" missed="0" covered="1"/><counter type="METHOD" missed="0" covered="1"/></method><method name="_triggerAction" desc="(Lsprouts/SequenceChange;)V" line="406"><counter type="INSTRUCTION" missed="0" covered="6"/><counter type="LINE" missed="0" covered="2"/><counter type="COMPLEXITY" missed="0" covered="1"/><counter type="METHOD" missed="0" covered="1"/></method><method name="_triggerAction" desc="(Lsprouts/SequenceChange;ILsprouts/Vals;Lsprouts/Vals;)V" line="412"><counter type="INSTRUCTION" missed="0" covered="9"/><counter type="LINE" missed="0" covered="2"/><counter type="COMPLEXITY" missed="0" covered="1"/><counter type="METHOD" missed="0" covered="1"/></method><method name="iterator" desc="()Ljava/util/Iterator;" line="418"><counter type="INSTRUCTION" missed="0" covered="5"/><counter type="LINE" missed="0" covered="1"/><counter type="COMPLEXITY" missed="0" covered="1"/><counter type="METHOD" missed="0" covered="1"/></method><method name="toString" desc="()Ljava/lang/String;" line="428"><counter type="INSTRUCTION" missed="0" covered="36"/><counter type="BRANCH" missed="0" covered="2"/><counter type="LINE" missed="0" covered="5"/><counter type="COMPLEXITY" missed="0" covered="2"/><counter type="METHOD" missed="0" covered="1"/></method><method name="equals" desc="(Ljava/lang/Object;)Z" line="440"><counter type="INSTRUCTION" missed="10" covered="50"/><counter type="BRANCH" missed="6" covered="12"/><counter type="LINE" missed="1" covered="14"/><counter type="COMPLEXITY" missed="6" covered="4"/><counter type="METHOD" missed="0" covered="1"/></method><method name="hashCode" desc="()I" line="465"><counter type="INSTRUCTION" missed="0" covered="21"/><counter type="BRANCH" missed="0" covered="2"/><counter type="LINE" missed="0" covered="4"/><counter type="COMPLEXITY" missed="0" covered="2"/><counter type="METHOD" missed="0" covered="1"/></method><method name="_checkNullSafety" desc="()V" line="473"><counter type="INSTRUCTION" missed="0" covered="40"/><counter type="BRANCH" missed="0" covered="8"/><counter type="LINE" missed="0" covered="7"/><counter type="COMPLEXITY" missed="0" covered="5"/><counter type="METHOD" missed="0" covered="1"/></method><method name="_checkNullSafetyOf" desc="(Lsprouts/Val;)V" line="484"><counter type="INSTRUCTION" missed="0" covered="15"/><counter type="BRANCH" missed="0" covered="4"/><counter type="LINE" missed="0" covered="4"/><counter type="COMPLEXITY" missed="0" covered="3"/><counter type="METHOD" missed="0" covered="1"/></method><method name="subscribe" desc="(Lsprouts/Observer;)Lsprouts/Observable;" line="491"><counter type="INSTRUCTION" missed="0" covered="6"/><counter type="LINE" missed="0" covered="2"/><counter type="COMPLEXITY" missed="0" covered="1"/><counter type="METHOD" missed="0" covered="1"/></method><method name="unsubscribe" desc="(Lsprouts/Subscriber;)Lsprouts/Observable;" line="497"><counter type="INSTRUCTION" missed="0" covered="6"/><counter type="LINE" missed="0" covered="2"/><counter type="COMPLEXITY" missed="0" covered="1"/><counter type="METHOD" missed="0" covered="1"/></method><method name="unsubscribeAll" desc="()V" line="503"><counter type="INSTRUCTION" missed="4" covered="0"/><counter type="LINE" missed="2" covered="0"/><counter type="COMPLEXITY" missed="1" covered="0"/><counter type="METHOD" missed="1" covered="0"/></method><method name="lambda$toString$1" desc="(Lsprouts/Var;)Ljava/lang/String;" line="429"><counter type="INSTRUCTION" missed="12" covered="13"/><counter type="BRANCH" missed="1" covered="1"/><counter type="LINE" missed="0" covered="1"/><counter type="COMPLEXITY" missed="1" covered="1"/><counter type="METHOD" missed="0" covered="1"/></method><method name="lambda$sort$0" desc="(Ljava/util/Comparator;Lsprouts/Var;Lsprouts/Var;)I" line="336"><counter type="INSTRUCTION" missed="0" covered="7"/><counter type="LINE" missed="0" covered="1"/><counter type="COMPLEXITY" missed="0" covered="1"/><counter type="METHOD" missed="0" covered="1"/></method><counter type="INSTRUCTION" missed="174" covered="1190"/><counter type="BRANCH" missed="34" covered="124"/><counter type="LINE" missed="20" covered="230"/><counter type="COMPLEXITY" missed="36" covered="89"/><counter type="METHOD" missed="2" covered="44"/><counter type="CLASS" missed="0" covered="1"/></class><class name="sprouts/impl/TupleImpl$1" sourcefilename="TupleImpl.java"><method name="&lt;init&gt;" desc="(Lsprouts/impl/TupleImpl;)V" line="252"><counter type="INSTRUCTION" missed="0" covered="9"/><counter type="LINE" missed="0" covered="2"/><counter type="COMPLEXITY" missed="0" covered="1"/><counter type="METHOD" missed="0" covered="1"/></method><method name="hasNext" desc="()Z" line="257"><counter type="INSTRUCTION" missed="0" covered="11"/><counter type="BRANCH" missed="0" covered="2"/><counter type="LINE" missed="0" covered="1"/><counter type="COMPLEXITY" missed="0" covered="2"/><counter type="METHOD" missed="0" covered="1"/></method><method name="next" desc="()Ljava/lang/Object;" line="262"><counter type="INSTRUCTION" missed="0" covered="15"/><counter type="LINE" missed="0" covered="1"/><counter type="COMPLEXITY" missed="0" covered="1"/><counter type="METHOD" missed="0" covered="1"/></method><counter type="INSTRUCTION" missed="0" covered="35"/><counter type="BRANCH" missed="0" covered="2"/><counter type="LINE" missed="0" covered="4"/><counter type="COMPLEXITY" missed="0" covered="4"/><counter type="METHOD" missed="0" covered="3"/><counter type="CLASS" missed="0" covered="1"/></class><class name="sprouts/impl/ItemPair" sourcefilename="ItemPair.java"><method name="&lt;init&gt;" desc="(Lsprouts/Val;)V" line="17"><counter type="INSTRUCTION" missed="0" covered="9"/><counter type="LINE" missed="0" covered="2"/><counter type="COMPLEXITY" missed="0" covered="1"/><counter type="METHOD" missed="0" covered="1"/></method><method name="&lt;init&gt;" desc="(Ljava/lang/Class;Ljava/lang/Object;Ljava/lang/Object;)V" line="20"><counter type="INSTRUCTION" missed="0" covered="20"/><counter type="LINE" missed="0" covered="6"/><counter type="COMPLEXITY" missed="0" covered="1"/><counter type="METHOD" missed="0" covered="1"/></method><method name="type" desc="()Ljava/lang/Class;" line="28"><counter type="INSTRUCTION" missed="3" covered="0"/><counter type="LINE" missed="1" covered="0"/><counter type="CO
[...]
"0" ci="3" mb="1" cb="1"/><line nr="764" mi="0" ci="3" mb="0" cb="2"/><line nr="765" mi="0" ci="3" mb="0" cb="0"/><line nr="766" mi="0" ci="6" mb="0" cb="2"/><line nr="767" mi="0" ci="2" mb="0" cb="0"/><line nr="771" mi="0" ci="7" mb="0" cb="0"/><line nr="772" mi="0" ci="4" mb="0" cb="0"/><line nr="773" mi="0" ci="18" mb="0" cb="0"/><line nr="786" mi="0" ci="4" mb="0" cb="0"/><line nr="787" mi="1" ci="6" mb="1" cb="1"/><line nr="788" mi="0" ci="8" mb="0" cb="2"/><line nr="789" mi="0" ci="4" mb="0" cb="0"/><line nr="790" mi="0" ci="4" mb="0" cb="2"/><line nr="791" mi="0" ci="4" mb="0" cb="0"/><line nr="792" mi="0" ci="3" mb="1" cb="1"/><line nr="793" mi="0" ci="3" mb="0" cb="2"/><line nr="794" mi="0" ci="3" mb="0" cb="0"/><line nr="795" mi="0" ci="6" mb="0" cb="2"/><line nr="796" mi="0" ci="2" mb="0" cb="0"/><line nr="800" mi="0" ci="7" mb="0" cb="0"/><line nr="801" mi="0" ci="4" mb="0" cb="0"/><line nr="802" mi="0" ci="15" mb="0" cb="0"/><line nr="822" mi="5" ci="10" mb="1" cb="1"/><line nr="833" mi="0" ci="7" mb="0" cb="0"/><line nr="856" mi="0" ci="9" mb="0" cb="2"/><line nr="873" mi="0" ci="3" mb="0" cb="0"/><line nr="874" mi="0" ci="6" mb="2" cb="2"/><line nr="875" mi="2" ci="0" mb="0" cb="0"/><line nr="877" mi="0" ci="4" mb="0" cb="0"/><line nr="878" mi="0" ci="5" mb="0" cb="0"/><line nr="909" mi="8" ci="0" mb="0" cb="0"/><line nr="928" mi="0" ci="3" mb="0" cb="0"/><line nr="929" mi="0" ci="6" mb="2" cb="2"/><line nr="930" mi="0" ci="2" mb="0" cb="0"/><line nr="932" mi="4" ci="0" mb="0" cb="0"/><line nr="933" mi="5" ci="0" mb="0" cb="0"/><line nr="953" mi="0" ci="8" mb="0" cb="0"/><line nr="969" mi="9" ci="0" mb="6" cb="0"/><line nr="970" mi="21" ci="0" mb="0" cb="0"/><line nr="972" mi="3" ci="0" mb="2" cb="0"/><line nr="973" mi="3" ci="0" mb="0" cb="0"/><line nr="975" mi="3" ci="0" mb="2" cb="0"/><line nr="976" mi="2" ci="0" mb="0" cb="0"/><line nr="978" mi="11" ci="0" mb="2" cb="0"/><line nr="979" mi="7" ci="0" mb="2" cb="0"/><line nr="980" mi="11" ci="0" mb="2" cb="0"/><line nr="981" mi="4" ci="0" mb="0" cb="0"/><line nr="984" mi="5" ci="0" mb="0" cb="0"/><line nr="1003" mi="0" ci="9" mb="3" cb="3"/><line nr="1004" mi="21" ci="0" mb="0" cb="0"/><line nr="1006" mi="0" ci="3" mb="1" cb="1"/><line nr="1007" mi="2" ci="0" mb="0" cb="0"/><line nr="1009" mi="0" ci="6" mb="2" cb="2"/><line nr="1010" mi="0" ci="2" mb="0" cb="0"/><line nr="1012" mi="5" ci="0" mb="0" cb="0"/><line nr="1013" mi="3" ci="0" mb="0" cb="0"/><line nr="1015" mi="13" ci="0" mb="2" cb="0"/><line nr="1016" mi="5" ci="0" mb="0" cb="0"/><line nr="1029" mi="0" ci="15" mb="0" cb="2"/><line nr="1044" mi="0" ci="3" mb="0" cb="0"/><line nr="1045" mi="0" ci="3" mb="1" cb="1"/><line nr="1046" mi="0" ci="4" mb="0" cb="0"/><line nr="1047" mi="0" ci="16" mb="0" cb="2"/><line nr="1048" mi="0" ci="3" mb="1" cb="1"/><line nr="1049" mi="4" ci="0" mb="0" cb="0"/><line nr="1051" mi="0" ci="6" mb="0" cb="0"/><line nr="1053" mi="5" ci="10" mb="1" cb="1"/><line nr="1066" mi="0" ci="3" mb="0" cb="0"/><line nr="1067" mi="5" ci="10" mb="1" cb="1"/><line nr="1083" mi="0" ci="6" mb="0" cb="0"/><line nr="1097" mi="5" ci="11" mb="1" cb="1"/><line nr="1113" mi="0" ci="3" mb="0" cb="0"/><line nr="1114" mi="0" ci="3" mb="1" cb="1"/><line nr="1115" mi="0" ci="4" mb="0" cb="0"/><line nr="1116" mi="0" ci="16" mb="0" cb="2"/><line nr="1117" mi="0" ci="3" mb="1" cb="1"/><line nr="1118" mi="4" ci="0" mb="0" cb="0"/><line nr="1120" mi="0" ci="6" mb="0" cb="0"/><line nr="1122" mi="5" ci="11" mb="1" cb="1"/><line nr="1135" mi="5" ci="11" mb="1" cb="1"/><line nr="1165" mi="16" ci="0" mb="2" cb="0"/><line nr="1182" mi="0" ci="3" mb="0" cb="0"/><line nr="1183" mi="0" ci="3" mb="1" cb="1"/><line nr="1184" mi="0" ci="4" mb="0" cb="0"/><line nr="1185" mi="0" ci="16" mb="0" cb="2"/><line nr="1186" mi="0" ci="3" mb="1" cb="1"/><line nr="1187" mi="4" ci="0" mb="0" cb="0"/><line nr="1189" mi="0" ci="6" mb="0" cb="0"/><line nr="1191" mi="5" ci="11" mb="1" cb="1"/><line nr="1207" mi="16" ci="0" mb="2" cb="0"/><line nr="1239" mi="5" ci="10" mb="1" cb="1"/><line nr="1249" mi="5" ci="10" mb="1" cb="1"/><line nr="1273" mi="0" ci="3" mb="0" cb="0"/><line nr="1275" mi="0" ci="7" mb="0" cb="0"/><line nr="1276" mi="0" ci="2" mb="0" cb="0"/><line nr="1277" mi="0" ci="9" mb="0" cb="2"/><line nr="1278" mi="0" ci="7" mb="0" cb="0"/><line nr="1279" mi="0" ci="1" mb="0" cb="0"/><line nr="1280" mi="0" ci="15" mb="0" cb="0"/><line nr="1296" mi="0" ci="3" mb="0" cb="0"/><line nr="1297" mi="0" ci="3" mb="0" cb="0"/><line nr="1298" mi="0" ci="6" mb="0" cb="0"/><line nr="1299" mi="0" ci="2" mb="0" cb="0"/><line nr="1300" mi="0" ci="9" mb="0" cb="2"/><line nr="1301" mi="0" ci="4" mb="0" cb="0"/><line nr="1302" mi="0" ci="5" mb="0" cb="0"/><line nr="1303" mi="0" ci="1" mb="0" cb="0"/><line nr="1304" mi="0" ci="14" mb="0" cb="0"/><line nr="1315" mi="0" ci="7" mb="0" cb="0"/><line nr="1326" mi="0" ci="5" mb="0" cb="0"/><line nr="1344" mi="5" ci="0" mb="2" cb="0"/><line nr="1346" mi="2" ci="0" mb="0" cb="0"/><line nr="1347" mi="4" ci="0" mb="0" cb="0"/><line nr="1349" mi="5" ci="0" mb="0" cb="0"/><counter type="INSTRUCTION" missed="400" covered="941"/><counter type="BRANCH" missed="75" covered="91"/><counter type="LINE" missed="57" covered="173"/><counter type="COMPLEXITY" missed="74" covered="86"/><counter type="METHOD" missed="17" covered="60"/><counter type="CLASS" missed="0" covered="1"/></sourcefile><sourcefile name="From.java"><line nr="15" mi="0" ci="3" mb="0" cb="0"/><line nr="21" mi="0" ci="6" mb="0" cb="0"/><line nr="26" mi="0" ci="6" mb="0" cb="0"/><line nr="30" mi="0" ci="6" mb="0" cb="0"/><counter type="INSTRUCTION" missed="0" covered="21"/><counter type="LINE" missed="0" covered="4"/><counter type="COMPLEXITY" missed="0" covered="1"/><counter type="METHOD" missed="0" covered="1"/><counter type="CLASS" missed="0" covered="1"/></sourcefile><sourcefile name="Vals.java"><line nr="38" mi="0" ci="3" mb="0" cb="0"/><line nr="39" mi="0" ci="4" mb="0" cb="0"/><line nr="51" mi="3" ci="0" mb="0" cb="0"/><line nr="52" mi="3" ci="0" mb="0" cb="0"/><line nr="53" mi="5" ci="0" mb="0" cb="0"/><line nr="65" mi="0" ci="3" mb="0" cb="0"/><line nr="66" mi="0" ci="3" mb="0" cb="0"/><line nr="67" mi="0" ci="5" mb="0" cb="0"/><line nr="79" mi="0" ci="3" mb="0" cb="0"/><line nr="80" mi="0" ci="3" mb="0" cb="0"/><line nr="81" mi="0" ci="5" mb="0" cb="0"/><line nr="94" mi="0" ci="3" mb="0" cb="0"/><line nr="95" mi="0" ci="3" mb="0" cb="0"/><line nr="96" mi="0" ci="5" mb="0" cb="0"/><line nr="108" mi="0" ci="3" mb="0" cb="0"/><line nr="109" mi="0" ci="3" mb="0" cb="0"/><line nr="110" mi="0" ci="5" mb="0" cb="0"/><line nr="124" mi="0" ci="3" mb="0" cb="0"/><line nr="125" mi="0" ci="3" mb="0" cb="0"/><line nr="126" mi="0" ci="5" mb="0" cb="0"/><line nr="136" mi="0" ci="3" mb="0" cb="0"/><line nr="137" mi="0" ci="4" mb="0" cb="0"/><line nr="149" mi="0" ci="3" mb="0" cb="0"/><line nr="150" mi="0" ci="5" mb="0" cb="0"/><line nr="162" mi="0" ci="3" mb="0" cb="0"/><line nr="163" mi="0" ci="5" mb="0" cb="0"/><line nr="175" mi="0" ci="3" mb="0" cb="0"/><line nr="176" mi="0" ci="5" mb="0" cb="0"/><line nr="190" mi="0" ci="3" mb="0" cb="0"/><line nr="191" mi="0" ci="3" mb="0" cb="0"/><line nr="192" mi="0" ci="5" mb="0" cb="0"/><line nr="225" mi="0" ci="4" mb="0" cb="0"/><line nr="250" mi="0" ci="7" mb="0" cb="0"/><line nr="262" mi="0" ci="5" mb="0" cb="0"/><line nr="263" mi="0" ci="14" mb="0" cb="0"/><line nr="264" mi="0" ci="3" mb="0" cb="0"/><line nr="277" mi="0" ci="5" mb="0" cb="0"/><line nr="278" mi="0" ci="14" mb="0" cb="0"/><line nr="279" mi="0" ci="3" mb="0" cb="0"/><line nr="292" mi="0" ci="5" mb="0" cb="0"/><line nr="293" mi="0" ci="14" mb="0" cb="0"/><line nr="294" mi="0" ci="3" mb="0" cb="0"/><line nr="328" mi="0" ci="7" mb="0" cb="2"/><line nr="338" mi="0" ci="7" mb="0" cb="2"/><line nr="347" mi="0" ci="9" mb="0" cb="2"/><line nr="359" mi="0" ci="2" mb="0" cb="0"/><line nr="360" mi="0" ci="9" mb="0" cb="2"/><line nr="361" mi="0" ci="6" mb="0" cb="2"/><line nr="362" mi="0" ci="1" mb="0" cb="0"/><line nr="363" mi="0" ci="1" mb="0" cb="0"/><line nr="364" mi="0" ci="2" mb="0" cb="0"/><line nr="379" mi="0" ci="3" mb="0" cb="2"/><line nr="380" mi="0" ci="5" mb="0" cb="0"/><line nr="382" mi="0" ci="8" mb="0" cb="2"/><line nr="383" mi="0" ci="4" mb="0" cb="0"/><line nr="384" mi="0" ci="4" mb="0" cb="2"/><line nr="385" mi="0" ci="2" mb="0" cb="0"/><line nr="387" mi="0" ci="2" mb="0" cb="0"/><line nr="399" mi="0" ci="3" mb="1" cb="1"/><line nr="400" mi="5" ci="0" mb="0" cb="0"/><line nr="402" mi="0" ci="9" mb="0" cb="2"/><line nr="415" mi="0" ci="5" mb="1" cb="1"/><line nr="416" mi="2" ci="0" mb="0" cb="0"/><line nr="417" mi="0" ci="8" mb="0" cb="2"/><line nr="418" mi="0" ci="4" mb="0" cb="0"/><line nr="419" mi="0" ci="4" mb="0" cb="0"/><line nr="420" mi="0" ci="4" mb="0" cb="2"/><line nr="421" mi="0" ci="2" mb="0" cb="0"/><line nr="423" mi="0" ci="2" mb="0" cb="0"/><line nr="458" mi="0" ci="5" mb="0" cb="0"/><line nr="467" mi="0" ci="7" mb="0" cb="0"/><line nr="477" mi="0" ci="3" mb="0" cb="0"/><line nr="478" mi="0" ci="17" mb="0" cb="2"/><line nr="488" mi="0" ci="7" mb="0" cb="0"/><line nr="501" mi="0" ci="4" mb="0" cb="0"/><line nr="502" mi="0" ci="8" mb="0" cb="2"/><line nr="503" mi="0" ci="4" mb="0" cb="0"/><line nr="504" mi="0" ci="7" mb="0" cb="0"/><line nr="506" mi="0" ci="3" mb="0" cb="0"/><line nr="520" mi="0" ci="4" mb="0" cb="0"/><line nr="521" mi="0" ci="8" mb="0" cb="2"/><line nr="522" mi="0" ci="4" mb="0" cb="0"/><line nr="523" mi="0" ci="6" mb="0" cb="0"/><line nr="525" mi="0" ci="3" mb="0" cb="0"/><line nr="533" mi="0" ci="6" mb="0" cb="0"/><line nr="540" mi="0" ci="6" mb="0" cb="0"/><line nr="547" mi="0" ci="6" mb="0" cb="0"/><line nr="553" mi="0" ci="4" mb="0" cb="0"/><counter type="INSTRUCTION" missed="18" covered="406"/><counter type="BRANCH" missed="2" covered="30"/><counter type="LINE" missed="5" covered="83"/><counter type="COMPLEXITY" missed="3" covered="51"/><counter type="METHOD" missed="1" covered="37"/><counter type="CLASS" missed="0" covered="1"/></sourcefile><sourcefile name="Maybe.java"><line nr="53" mi="0" ci="3" mb="0" cb="0"/><line nr="54" mi="0" ci="5" mb="0" cb="0"/><line nr="71" mi="0" ci="3" mb="0" cb="0"/><line nr="72" mi="0" ci="4" mb="0" cb="0"/><line nr="87" mi="0" ci="3" mb="0" cb="0"/><line nr="88" mi="0" ci="4" mb="0" cb="0"/><line nr="103" mi="3" ci="0" mb="0" cb="0"/><line nr="104" mi="4" ci="0" mb="0" cb="0"/><line nr="119" mi="3" ci="0" mb="0" cb="0"/><line nr="120" mi="4" ci="0" mb="0" cb="0"/><line nr="136" mi="0" ci="4" mb="0" cb="0"/><line nr="147" mi="0" ci="9" mb="0" cb="2"/><line nr="159" mi="0" ci="3" mb="0" cb="0"/><line nr="160" mi="0" ci="8" mb="0" cb="2"/><line nr="174" mi="0" ci="9" mb="0" cb="2"/><line nr="202" mi="0" ci="3" mb="0" cb="0"/><line nr="203" mi="0" ci="3" mb="0" cb="2"/><line nr="204" mi="0" ci="5" mb="0" cb="0"/><line nr="205" mi="0" ci="2" mb="0" cb="0"/><line nr="227" mi="0" ci="3" mb="0" cb="0"/><line nr="228" mi="0" ci="3" mb="0" cb="2"/><line nr="229" mi="0" ci="7" mb="0" cb="0"/><line nr="230" mi="0" ci="2" mb="0" cb="0"/><line nr="243" mi="0" ci="8" mb="0" cb="0"/><line nr="252" mi="0" ci="4" mb="0" cb="0"/><line nr="261" mi="0" ci="5" mb="0" cb="0"/><line nr="271" mi="0" ci="8" mb="0" cb="2"/><line nr="281" mi="0" ci="3" mb="0" cb="0"/><line nr="282" mi="0" ci="5" mb="0" cb="0"/><line nr="293" mi="0" ci="8" mb="0" cb="2"/><line nr="306" mi="0" ci="6" mb="0" cb="2"/><line nr="307" mi="0" ci="6" mb="0" cb="2"/><line nr="308" mi="0" ci="3" mb="0" cb="0"/><line nr="309" mi="0" ci="16" mb="0" cb="2"/><line nr="310" mi="2" ci="4" mb="1" cb="1"/><line nr="311" mi="0" ci="2" mb="0" cb="0"/><line nr="325" mi="2" ci="4" mb="1" cb="1"/><line nr="326" mi="0" ci="6" mb="0" cb="2"/><line nr="327" mi="0" ci="3" mb="0" cb="0"/><line nr="328" mi="0" ci="16" mb="0" cb="2"/><line nr="329" mi="2" ci="4" mb="1" cb="1"/><line nr="330" mi="0" ci="2" mb="0" cb="0"/><line nr="338" mi="0" ci="7" mb="0" cb="2"/><line nr="347" mi="0" ci="7" mb="0" cb="2"/><line nr="359" mi="0" ci="3" mb="1" cb="1"/><line nr="360" mi="0" ci="4" mb="0" cb="0"/><line nr="361" mi="0" ci="1" mb="0" cb="0"/><line nr="375" mi="0" ci="3" mb="0" cb="2"/><line nr="376" mi="0" ci="5" mb="0" cb="0"/><line nr="378" mi="0" ci="2" mb="0" cb="0"/><line nr="379" mi="0" ci="1" mb="0" cb="0"/><line nr="394" mi="3" ci="0" mb="0" cb="0"/><line nr="395" mi="3" ci="0" mb="2" cb="0"/><line nr="396" mi="2" ci="0" mb="0" cb="0"/><line nr="399" mi="4" ci="0" mb="0" cb="0"/><line nr="400" mi="3" ci="0" mb="0" cb="0"/><line nr="401" mi="2" ci="0" mb="0" cb="0"/><counter type="INSTRUCTION" missed="37" covered="229"/><counter type="BRANCH" missed="6" covered="34"/><counter type="LINE" missed="10" covered="47"/><counter type="COMPLEXITY" missed="8" covered="36"/><counter type="METHOD" missed="3" covered="21"/><counter type="CLASS" missed="0" covered="1"/></sourcefile><sourcefile name="Channel.java"/><sourcefile name="ValDelegate.java"/><sourcefile name="Subscriber.java"/><sourcefile name="Observer.java"><line nr="50" mi="0" ci="5" mb="0" cb="0"/><line nr="71" mi="3" ci="0" mb="0" cb="0"/><line nr="72" mi="4" ci="0" mb="0" cb="0"/><line nr="73" mi="2" ci="0" mb="0" cb="0"/><line nr="74" mi="2" ci="0" mb="0" cb="0"/><line nr="75" mi="1" ci="0" mb="0" cb="0"/><counter type="INSTRUCTION" missed="12" covered="5"/><counter type="LINE" missed="5" covered="1"/><counter type="COMPLEXITY" missed="2" covered="1"/><counter type="METHOD" missed="2" covered="1"/><counter type="CLASS" missed="0" covered="1"/></sourcefile><sourcefile name="MissingItemException.java"><line nr="17" mi="0" ci="11" mb="0" cb="0"/><line nr="18" mi="0" ci="3" mb="0" cb="0"/><line nr="19" mi="0" ci="1" mb="0" cb="0"/><line nr="22" mi="3" ci="0" mb="0" cb="0"/><line nr="27" mi="2" ci="0" mb="0" cb="0"/><line nr="28" mi="11" ci="0" mb="2" cb="0"/><line nr="29" mi="4" ci="0" mb="2" cb="0"/><line nr="30" mi="5" ci="0" mb="0" cb="0"/><line nr="31" mi="1" ci="0" mb="0" cb="0"/><line nr="32" mi="1" ci="0" mb="0" cb="0"/><counter type="INSTRUCTION" missed="27" covered="15"/><counter type="BRANCH" missed="4" covered="0"/><counter type="LINE" missed="7" covered="3"/><counter type="COMPLEXITY" missed="4" covered="1"/><counter type="METHOD" missed="2" covered="1"/><counter type="CLASS" missed="0" covered="1"/></sourcefile><sourcefile name="Action.java"><line nr="49" mi="0" ci="5" mb="0" cb="0"/><line nr="76" mi="4" ci="0" mb="0" cb="0"/><line nr="77" mi="3" ci="0" mb="0" cb="0"/><line nr="78" mi="3" ci="0" mb="0" cb="0"/><line nr="79" mi="1" ci="0" mb="0" cb="0"/><counter type="INSTRUCTION" missed="11" covered="5"/><counter type="LINE" missed="4" covered="1"/><counter type="COMPLEXITY" missed="2" covered="1"/><counter type="METHOD" missed="2" covered="1"/><counter type="CLASS" missed="0" covered="1"/></sourcefile><sourcefile name="ValsDelegate.java"/><sourcefile name="Observable.java"><line nr="26" mi="0" ci="3" mb="0" cb="0"/><line nr="27" mi="0" ci="5" mb="0" cb="0"/><counter type="INSTRUCTION" missed="0" covered="8"/><counter type="LINE" missed="0" covered="2"/><counter type="COMPLEXITY" missed="0" covered="1"/><counter type="METHOD" missed="0" covered="1"/><counter type="CLASS" missed="0" covered="1"/></sourcefile><sourcefile name="Viewable.java"><line nr="67" mi="0" ci="5" mb="0" cb="0"/><counter type="INSTRUCTION" missed="0" covered="5"/><counter type="LINE" missed="0" covered="1"/><counter type="COMPLEXITY" missed="0" covered="1"/><counter type="METHOD" missed="0" covered="1"/><counter type="CLASS" missed="0" covered="1"/></sourcefile><sourcefile name="Var.java"><line nr="101" mi="0" ci="3" mb="0" cb="0"/><line nr="102" mi="0" ci="5" mb="0" cb="0"/><line nr="118" mi="0" ci="4" mb="0" cb="0"/><line nr="134" mi="0" ci="4" mb="0" cb="0"/><line nr="152" mi="0" ci="5" mb="0" cb="0"/><line nr="164" mi="0" ci="6" mb="0" cb="0"/><line nr="209" mi="0" ci="6" mb="0" cb="0"/><line nr="245" mi="0" ci="3" mb="0" cb="0"/><line nr="246" mi="0" ci="3" mb="0" cb="0"/><line nr="247" mi="0" ci="3" mb="0" cb="2"/><line nr="248" mi="0" ci="2" mb="0" cb="0"/><line nr="249" mi="0" ci="8" mb="0" cb="0"/><line nr="282" mi="0" ci="6" mb="0" cb="0"/><line nr="317" mi="0" ci="3" mb="0" cb="0"/><line nr="318" mi="0" ci="3" mb="0" cb="0"/><line nr="319" mi="0" ci="8" mb="0" cb="0"/><line nr="354" mi="3" ci="0" mb="2" cb="0"/><line nr="355" mi="4" ci="0" mb="0" cb="0"/><line nr="357" mi="5" ci="0" mb="0" cb="0"/><line nr="358" mi="11" ci="0" mb="2" cb="0"/><line nr="382" mi="0" ci="6" mb="0" cb="0"/><line nr="415" mi="0" ci="6" mb="0" cb="0"/><line nr="453" mi="0" ci="7" mb="0" cb="0"/><line nr="483" mi="0" ci="7" mb="0" cb="0"/><counter type="INSTRUCTION" missed="23" covered="98"/><counter type="BRANCH" missed="4" covered="2"/><counter type="LINE" missed="4" covered="20"/><counter type="COMPLEXITY" missed="3" covered="14"/><counter type="METHOD" missed="1" covered="13"/><counter type="CLASS" missed="0" covered="1"/></sourcefile><sourcefile name="HasId.java"/><sourcefile name="Viewables.java"><line nr="64" mi="0" ci="5" mb="0" cb="0"/><counter type="INSTRUCTION" missed="0" covered="5"/><counter type="LINE" missed="0" covered="1"/><counter type="COMPLEXITY" missed="0" covered="1"/><counter type="METHOD" missed="0" covered="1"/><counter type="CLASS" missed="0" covered="1"/></sourcefile><sourcefile name="WeakObserver.java"/><sourcefile name="Util.java"><line nr="22" mi="0" ci="2" mb="0" cb="0"/><counter type="INSTRUCTION" missed="0" covered="2"/><counter type="LINE" missed="0" covered="1"/><counter type="COMPLEXITY" missed="0" covered="1"/><counter type="METHOD" missed="0" covered="1"/><counter type="CLASS" missed="0" covered="1"/></sourcefile><sourcefile name="Version.java"><line nr="77" mi="0" ci="3" mb="0" cb="0"/><line nr="82" mi="0" ci="2" mb="0" cb="0"/><line nr="83" mi="0" ci="3" mb="0" cb="0"/><line nr="84" mi="0" ci="3" mb="0" cb="0"/><line nr="85" mi="0" ci="1" mb="0" cb="0"/><line nr="96" mi="0" ci="10" mb="0" cb="0"/><line nr="114" mi="0" ci="10" mb="0" cb="0"/><line nr="132" mi="10" ci="0" mb="0" cb="0"/><line nr="144" mi="0" ci="3" mb="0" cb="0"/><line nr="155" mi="0" ci="3" mb="0" cb="0"/><line nr="168" mi="0" ci="3" mb="0" cb="0"/><line nr="169" mi="0" ci="3" mb="0" cb="0"/><line nr="170" mi="0" ci="16" mb="1" cb="3"/><line nr="183" mi="0" ci="3" mb="0" cb="0"/><line nr="184" mi="0" ci="3" mb="0" cb="0"/><line nr="185" mi="0" ci="14" mb="1" cb="3"/><line nr="198" mi="0" ci="3" mb="0" cb="0"/><line nr="199" mi="0" ci="3" mb="0" cb="0"/><line nr="200" mi="0" ci="16" mb="1" cb="3"/><line nr="213" mi="0" ci="3" mb="0" cb="0"/><line nr="214" mi="0" ci="3" mb="0" cb="0"/><line nr="215" mi="0" ci="14" mb="1" cb="3"/><line nr="220" mi="21" ci="0" mb="0" cb="0"/><line nr="228" mi="0" ci="3" mb="1" cb="1"/><line nr="229" mi="2" ci="0" mb="0" cb="0"/><line nr="231" mi="0" ci="7" mb="2" cb="2"/><line nr="232" mi="2" ci="0" mb="0" cb="0"/><line nr="234" mi="0" ci="3" mb="0" cb="0"/><line nr="235" mi="0" ci="16" mb="1" cb="3"/><line nr="241" mi="0" ci="9" mb="0" cb="0"/><counter type="INSTRUCTION" missed="35" covered="160"/><counter type="BRANCH" missed="8" covered="18"/><counter type="LINE" missed="4" covered="26"/><counter type="COMPLEXITY" missed="10" covered="17"/><counter type="METHOD" missed="2" covered="12"/><counter type="CLASS" missed="0" covered="1"/></sourcefile><counter type="INSTRUCTION" missed="1258" covered="3801"/><counter type="BRANCH" missed="174" covered="358"/><counter type="LINE" missed="199" covered="739"/><counter type="COMPLEXITY" missed="201" covered="402"/><counter type="METHOD" missed="60" covered="277"/><counter type="CLASS" missed="0" covered="24"/></package><counter type="INSTRUCTION" missed="3706" covered="11357"/><counter type="BRANCH" missed="575" covered="940"/><counter type="LINE" missed="600" covered="2296"/><counter type="COMPLEXITY" missed="572" covered="1005"/><counter type="METHOD" missed="121" covered="695"/><counter type="CLASS" missed="0" covered="56"/></report>