<?xml version="1.0" encoding="UTF-8" standalone="yes"?><!DOCTYPE report PUBLIC "-//JACOCO//DTD Report 1.1//EN" "report.dtd"><report name="sprouts"><sessioninfo id="danpad-1e445e59" start="1687168510689" dump="1687168517857"/><package name="sprouts/impl"><class name="sprouts/impl/AbstractVariables$3" sourcefilename="AbstractVariables.java"><method name="&lt;init&gt;" desc="(ZLjava/lang/Class;Z[Lsprouts/Var;)V" line="61"><counter type="INSTRUCTION" missed="7" covered="0"/><counter type="LINE" missed="1" covered="0"/><counter type="COMPLEXITY" missed="1" covered="0"/><counter type="METHOD" missed="1" covered="0"/></method><counter type="INSTRUCTION" missed="7" covered="0"/><counter type="LINE" missed="1" covered="0"/><counter type="COMPLEXITY" missed="1" covered="0"/><counter type="METHOD" missed="1" covered="0"/><counter type="CLASS" missed="1" covered="0"/></class><class name="sprouts/impl/AbstractVariables$4" sourcefilename="AbstractVariables.java"><method name="&lt;init&gt;" desc="(ZLjava/lang/Class;Z[Lsprouts/Var;)V" line="68"><counter type="INSTRUCTION" missed="0" covered="7"/><counter type="LINE" missed="0" covered="1"/><counter type="COMPLEXITY" missed="0" covered="1"/><counter type="METHOD" missed="0" covered="1"/></method><counter type="INSTRUCTION" missed="0" covered="7"/><counter type="LINE" missed="0" covered="1"/><counter type="COMPLEXITY" missed="0" covered="1"/><counter type="METHOD" missed="0" covered="1"/><counter type="CLASS" missed="0" covered="1"/></class><class name="sprouts/impl/AbstractVariables$1" sourcefilename="AbstractVariables.java"><method name="&lt;init&gt;" desc="(ZLjava/lang/Class;Z[Lsprouts/Var;)V" line="17"><counter type="INSTRUCTION" missed="0" covered="7"/><counter type="LINE" missed="0" covered="1"/><counter type="COMPLEXITY" missed="0" covered="1"/><counter type="METHOD" missed="0" covered="1"/></method><counter type="INSTRUCTION" missed="0" covered="7"/><counter type="LINE" missed="0" covered="1"/><counter type="COMPLEXITY" missed="0" covered="1"/><counter type="METHOD" missed="0" covered="1"/><counter type="CLASS" missed="0" covered="1"/></class><class name="sprouts/impl/AbstractVariables$2" sourcefilename="AbstractVariables.java"><method name="&lt;init&gt;" desc="(ZLjava/lang/Class;Z[Lsprouts/Var;)V" line="47"><counter type="INSTRUCTION" missed="0" covered="7"/><counter type="LINE" missed="0" covered="1"/><counter type="COMPLEXITY" missed="0" covered="1"/><counter type="METHOD" missed="0" covered="1"/></method><counter type="INSTRUCTION" missed="0" covered="7"/><counter type="LINE" missed="0" covered="1"/><counter type="COMPLEXITY" missed="0" covered="1"/><counter type="METHOD" missed="0" covered="1"/><counter type="CLASS" missed="0" covered="1"/></class><class name="sprouts/impl/AbstractVariables$7" sourcefilename="AbstractVariables.java"><method name="&lt;init&gt;" desc="(Lsprouts/impl/AbstractVariables;)V" line="388"><counter type="INSTRUCTION" missed="0" covered="9"/><counter type="LINE" missed="0" covered="2"/><counter type="COMPLEXITY" missed="0" covered="1"/><counter type="METHOD" missed="0" covered="1"/></method><method name="hasNext" desc="()Z" line="390"><counter type="INSTRUCTION" missed="0" covered="10"/><counter type="BRANCH" missed="0" covered="2"/><counter type="LINE" missed="0" covered="1"/><counter type="COMPLEXITY" missed="0" covered="2"/><counter type="METHOD" missed="0" covered="1"/></method><method name="next" desc="()Ljava/lang/Object;" line="391"><counter type="INSTRUCTION" missed="0" covered="12"/><counter type="LINE" missed="0" covered="1"/><counter type="COMPLEXITY" missed="0" covered="1"/><counter type="METHOD" missed="0" covered="1"/></method><counter type="INSTRUCTION" missed="0" covered="31"/><counter type="BRANCH" missed="0" covered="2"/><counter type="LINE" missed="0" covered="4"/><counter type="COMPLEXITY" missed="0" covered="4"/><counter type="METHOD" missed="0" covered="3"/><counter type="CLASS" missed="0" covered="1"/></class><class name="sprouts/impl/AbstractVariables" sourcefilename="AbstractVariables.java"><method name="of" desc="(ZLjava/lang/Class;[Lsprouts/Var;)Lsprouts/Vars;" line="15"><counter type="INSTRUCTION" missed="0" covered="14"/><counter type="LINE" missed="0" covered="3"/><counter type="COMPLEXITY" missed="0" covered="1"/><counter type="METHOD" missed="0" covered="1"/></method><method name="of" desc="(ZLsprouts/Var;[Lsprouts/Var;)Lsprouts/Vars;" line="22"><counter type="INSTRUCTION" missed="0" covered="29"/><counter type="LINE" missed="0" covered="6"/><counter type="COMPLEXITY" missed="0" covered="1"/><counter type="METHOD" missed="0" covered="1"/></method><method name="of" desc="(ZLjava/lang/Object;[Ljava/lang/Object;)Lsprouts/Vars;" line="32"><counter type="INSTRUCTION" missed="0" covered="42"/><counter type="BRANCH" missed="0" covered="2"/><counter type="LINE" missed="0" covered="7"/><counter type="COMPLEXITY" missed="0" covered="2"/><counter type="METHOD" missed="0" covered="1"/></method><method name="of" desc="(ZLjava/lang/Class;Ljava/lang/Iterable;)Lsprouts/Vars;" line="42"><counter type="INSTRUCTION" missed="0" covered="32"/><counter type="LINE" missed="0" covered="6"/><counter type="COMPLEXITY" missed="0" covered="1"/><counter type="METHOD" missed="0" covered="1"/></method><method name="of" desc="(ZLjava/lang/Class;Lsprouts/Vals;)Lsprouts/Vals;" line="51"><counter type="INSTRUCTION" missed="23" covered="13"/><counter type="BRANCH" missed="3" covered="1"/><counter type="LINE" missed="3" covered="2"/><counter type="COMPLEXITY" missed="2" covered="1"/><counter type="METHOD" missed="0" covered="1"/></method><method name="ofNullable" desc="(ZLjava/lang/Class;)Lsprouts/Vars;" line="60"><counter type="INSTRUCTION" missed="12" covered="0"/><counter type="LINE" missed="2" covered="0"/><counter type="COMPLEXITY" missed="1" covered="0"/><counter type="METHOD" missed="1" covered="0"/></method><method name="ofNullable" desc="(ZLjava/lang/Class;[Lsprouts/Var;)Lsprouts/Vars;" line="66"><counter type="INSTRUCTION" missed="0" covered="14"/><counter type="LINE" missed="0" covered="3"/><counter type="COMPLEXITY" missed="0" covered="1"/><counter type="METHOD" missed="0" covered="1"/></method><method name="ofNullable" desc="(ZLjava/lang/Class;[Ljava/lang/Object;)Lsprouts/Vars;" line="73"><counter type="INSTRUCTION" missed="0" covered="34"/><counter type="BRANCH" missed="0" covered="2"/><counter type="LINE" missed="0" covered="5"/><counter type="COMPLEXITY" missed="0" covered="2"/><counter type="METHOD" missed="0" covered="1"/></method><method name="ofNullable" desc="(ZLsprouts/Var;[Lsprouts/Var;)Lsprouts/Vars;" line="82"><counter type="INSTRUCTION" missed="29" covered="0"/><counter type="LINE" missed="6" covered="0"/><counter type="COMPLEXITY" missed="1" covered="0"/><counter type="METHOD" missed="1" covered="0"/></method><method name="&lt;init&gt;" desc="(ZLjava/lang/Class;Z[Lsprouts/Var;)V" line="91"><counter type="INSTRUCTION" missed="0" covered="30"/><counter type="LINE" missed="0" covered="9"/><counter type="COMPLEXITY" missed="0" covered="1"/><counter type="METHOD" missed="0" covered="1"/></method><method name="&lt;init&gt;" desc="(ZLjava/lang/Class;ZLjava/util/List;)V" line="91"><counter type="INSTRUCTION" missed="0" covered="29"/><counter type="LINE" missed="0" covered="9"/><counter type="COMPLEXITY" missed="0" covered="1"/><counter type="METHOD" missed="0" covered="1"/></method><method name="at" desc="(I)Lsprouts/Var;" line="117"><counter type="INSTRUCTION" missed="0" covered="6"/><counter type="LINE" missed="0" covered="1"/><counter type="COMPLEXITY" missed="0" covered="1"/><counter type="METHOD" missed="0" covered="1"/></method><method name="type" desc="()Ljava/lang/Class;" line="120"><counter type="INSTRUCTION" missed="0" covered="3"/><counter type="LINE" missed="0" covered="1"/><counter type="COMPLEXITY" missed="0" covered="1"/><counter type="METHOD" missed="0" covered="1"/></method><method name="size" desc="()I" line="123"><counter type="INSTRUCTION" missed="0" covered="4"/><counter type="LINE" missed="0" covered="1"/><counter type="COMPLEXITY" missed="0" covered="1"/><counter type="METHOD" missed="0" covered="1"/></method><method name="removeLast" desc="(I)Lsprouts/Vars;" line="128"><counter type="INSTRUCTION" missed="10" covered="36"/><counter type="BRANCH" missed="3" covered="5"/><counter type="LINE" missed="0" covered="7"/><counter type="COMPLEXITY" missed="3" covered="2"/><counter type="METHOD" missed="0" covered="1"/></method><method name="popLast" desc="(I)Lsprouts/Vars;" line="145"><counter type="INSTRUCTION" missed="15" covered="52"/><counter type="BRANCH" missed="3" covered="5"/><counter type="LINE" missed="0" covered="10"/><counter type="COMPLEXITY" missed="3" covered="2"/><counter type="METHOD" missed="0" covered="1"/></method><method name="removeFirst" desc="(I)Lsprouts/Vars;" line="164"><counter type="INSTRUCTION" missed="10" covered="29"/><counter type="BRANCH" missed="4" covered="4"/><counter type="LINE" missed="0" covered="7"/><counter type="COMPLEXITY" missed="4" covered="1"/><counter type="METHOD" missed="0" covered="1"/></method><method name="popFirst" desc="(I)Lsprouts/Vars;" line="181"><counter type="INSTRUCTION" missed="15" covered="48"/><counter type="BRANCH" missed="3" covered="5"/><counter type="LINE" missed="0" covered="10"/><counter type="COMPLEXITY" missed="3" covered="2"/><counter type="METHOD" missed="0" covered="1"/></method><method name="removeAll" desc="(Lsprouts/Vars;)Lsprouts/Vars;" line="196"><counter type="INSTRUCTION" missed="5" covered="31"/><counter type="BRANCH" missed="1" covered="5"/><counter type="LINE" missed="0" covered="6"/><counter type="COMPLEXITY" missed="1" covered="3"/><counter type="METHOD" missed="0" covered="1"/></method><method name="addAt" desc="(ILsprouts/Var;)Lsprouts/Vars;" line="208"><counter type="INSTRUCTION" missed="0" covered="24"/><counter type="BRANCH" missed="0" covered="2"/><counter type="LINE" missed="0" covered="5"/><counter type="COMPLEXITY" missed="0" covered="2"/><counter type="METHOD" missed="0" covered="1"/></method><method name="removeAt" desc="(I)Lsprouts/Vars;" line="218"><counter type="INSTRUCTION" missed="18" covered="34"/><counter type="BRANCH" missed="2" covered="4"/><counter type="LINE" missed="1" covered="6"/><counter type="COMPLEXITY" missed="2" covered="2"/><counter type="METHOD" missed="0" covered="1"/></method><method name="setAt" desc="(ILsprouts/Var;)Lsprouts/Vars;" line="230"><counter type="INSTRUCTION" missed="23" covered="37"/><counter type="BRANCH" missed="4" covered="4"/><counter type="LINE" missed="1" covered="8"/><counter type="COMPLEXITY" missed="4" covered="1"/><counter type="METHOD" missed="0" covered="1"/></method><method name="addAll" desc="(Lsprouts/Vals;)Lsprouts/Vars;" line="248"><counter type="INSTRUCTION" missed="12" covered="58"/><counter type="BRANCH" missed="3" covered="7"/><counter type="LINE" missed="1" covered="11"/><counter type="COMPLEXITY" missed="3" covered="3"/><counter type="METHOD" missed="0" covered="1"/></method><method name="retainAll" desc="(Lsprouts/Vars;)Lsprouts/Vars;" line="270"><counter type="INSTRUCTION" missed="5" covered="19"/><counter type="BRANCH" missed="1" covered="3"/><counter type="LINE" missed="0" covered="5"/><counter type="COMPLEXITY" missed="1" covered="2"/><counter type="METHOD" missed="0" covered="1"/></method><method name="clear" desc="()Lsprouts/Vars;" line="282"><counter type="INSTRUCTION" missed="0" covered="19"/><counter type="BRANCH" missed="0" covered="2"/><counter type="LINE" missed="0" covered="4"/><counter type="COMPLEXITY" missed="0" covered="2"/><counter type="METHOD" missed="0" covered="1"/></method><method name="sort" desc="(Ljava/util/Comparator;)V" line="291"><counter type="INSTRUCTION" missed="0" covered="20"/><counter type="BRANCH" missed="0" covered="2"/><counter type="LINE" missed="0" covered="4"/><counter type="COMPLEXITY" missed="0" covered="2"/><counter type="METHOD" missed="0" covered="1"/></method><method name="makeDistinct" desc="()V" line="299"><counter type="INSTRUCTION" missed="5" covered="42"/><counter type="BRANCH" missed="1" covered="5"/><counter type="LINE" missed="0" covered="9"/><counter type="COMPLEXITY" missed="1" covered="3"/><counter type="METHOD" missed="0" covered="1"/></method><method name="revert" desc="()Lsprouts/Vars;" line="312"><counter type="INSTRUCTION" missed="0" covered="46"/><counter type="BRANCH" missed="0" covered="2"/><counter type="LINE" missed="0" covered="7"/><counter type="COMPLEXITY" missed="0" covered="2"/><counter type="METHOD" missed="0" covered="1"/></method><method name="onChange" desc="(Lsprouts/Action;)Lsprouts/Vals;" line="325"><counter type="INSTRUCTION" missed="0" covered="7"/><counter type="LINE" missed="0" covered="2"/><counter type="COMPLEXITY" missed="0" covered="1"/><counter type="METHOD" missed="0" covered="1"/></method><method name="fireChange" desc="()Lsprouts/Vals;" line="332"><counter type="INSTRUCTION" missed="8" covered="0"/><counter type="LINE" missed="2" covered="0"/><counter type="COMPLEXITY" missed="1" covered="0"/><counter type="METHOD" missed="1" covered="0"/></method><method name="_createDelegate" desc="(ILsprouts/Change;Lsprouts/Var;Lsprouts/Var;)Lsprouts/ValsDelegate;" line="339"><counter type="INSTRUCTION" missed="0" covered="46"/><counter type="BRANCH" missed="0" covered="4"/><counter type="LINE" missed="0" covered="5"/><counter type="COMPLEXITY" missed="0" covered="3"/><counter type="METHOD" missed="0" covered="1"/></method><method name="_triggerAction" desc="(Lsprouts/Change;ILsprouts/Var;Lsprouts/Var;)V" line="369"><counter type="INSTRUCTION" missed="3" covered="41"/><counter type="BRANCH" missed="0" covered="4"/><counter type="LINE" missed="2" covered="9"/><counter type="COMPLEXITY" missed="0" covered="3"/><counter type="METHOD" missed="0" covered="1"/></method><method name="iterator" desc="()Ljava/util/Iterator;" line="388"><counter type="INSTRUCTION" missed="0" covered="5"/><counter type="LINE" missed="0" covered="1"/><counter type="COMPLEXITY" missed="0" covered="1"/><counter type="METHOD" missed="0" covered="1"/></method><method name="toString" desc="()Ljava/lang/String;" line="398"><counter type="INSTRUCTION" missed="0" covered="36"/><counter type="BRANCH" missed="0" covered="2"/><counter type="LINE" missed="0" covered="5"/><counter type="COMPLEXITY" missed="0" covered="2"/><counter type="METHOD" missed="0" covered="1"/></method><method name="equals" desc="(Ljava/lang/Object;)Z" line="410"><counter type="INSTRUCTION" missed="10" covered="34"/><counter type="BRANCH" missed="5" covered="7"/><counter type="LINE" missed="1" covered="8"/><counter type="COMPLEXITY" missed="5" covered="2"/><counter type="METHOD" missed="0" covered="1"/></method><method name="_checkNullSafety" desc="()V" line="425"><counter type="INSTRUCTION" missed="0" covered="19"/><counter type="BRANCH" missed="0" covered="4"/><counter type="LINE" missed="0" covered="4"/><counter type="COMPLEXITY" missed="0" covered="3"/><counter type="METHOD" missed="0" covered="1"/></method><method name="_checkNullSafetyOf" desc="(Lsprouts/Val;)V" line="431"><counter type="INSTRUCTION" missed="5" covered="10"/><counter type="BRANCH" missed="2" covered="2"/><counter type="LINE" missed="1" covered="3"/><counter type="COMPLEXITY" missed="2" covered="1"/><counter type="METHOD" missed="0" covered="1"/></method><method name="subscribe" desc="(Lsprouts/Listener;)Lsprouts/Noticeable;" line="438"><counter type="INSTRUCTION" missed="0" covered="7"/><counter type="LINE" missed="0" covered="1"/><counter type="COMPLEXITY" missed="0" covered="1"/><counter type="METHOD" missed="0" covered="1"/></method><method name="unsubscribe" desc="(Lsprouts/Listener;)Lsprouts/Noticeable;" line="443"><counter type="INSTRUCTION" missed="3" covered="28"/><counter type="BRANCH" missed="3" covered="3"/><counter type="LINE" missed="1" covered="6"/><counter type="COMPLEXITY" missed="3" covered="1"/><counter type="METHOD" missed="0" covered="1"/></method><method name="lambda$toString$2" desc="(Lsprouts/Var;)Ljava/lang/String;" line="399"><counter type="INSTRUCTION" missed="12" covered="13"/><counter type="BRANCH" missed="1" covered="1"/><counter type="LINE" missed="0" covered="1"/><counter type="COMPLEXITY" missed="1" covered="1"/><counter type="METHOD" missed="0" covered="1"/></method><method name="lambda$_createDelegate$1" desc="(I)[Lsprouts/Var;" line="339"><counter type="INSTRUCTION" missed="0" covered="3"/><counter type="LINE" missed="0" covered="1"/><counter type="COMPLEXITY" missed="0" covered="1"/><counter type="METHOD" missed="0" covered="1"/></method><method name="lambda$sort$0" desc="(Ljava/util/Comparator;Lsprouts/Var;Lsprouts/Var;)I" line="292"><counter type="INSTRUCTION" missed="0" covered="7"/><counter type="LINE" missed="0" covered="1"/><counter type="COMPLEXITY" missed="0" covered="1"/><counter type="METHOD" missed="0" covered="1"/></method><counter type="INSTRUCTION" missed="223" covered="1001"/><counter type="BRANCH" missed="39" covered="87"/><counter type="LINE" missed="21" covered="194"/><counter type="COMPLEXITY" missed="41" covered="64"/><counter type="METHOD" missed="3" covered="39"/><counter type="CLASS" missed="0" covered="1"/></class><class name="sprouts/impl/AbstractVariables$5" sourcefilename="AbstractVariables.java"><method name="&lt;init&gt;" desc="(ZLjava/lang/Class;Z[Lsprouts/Var;)V" line="77"><counter type="INSTRUCTION" missed="0" covered="7"/><counter type="LINE" missed="0" covered="1"/><counter type="COMPLEXITY" missed="0" covered="1"/><counter type="METHOD" missed="0" covered="1"/></method><counter type="INSTRUCTION" missed="0" covered="7"/><counter type="LINE" missed="0" covered="1"/><counter type="COMPLEXITY" missed="0" covered="1"/><counter type="METHOD" missed="0" covered="1"/><counter type="CLASS" missed="0" covered="1"/></class><class name="sprouts/impl/ResultImpl" sourcefilename="ResultImpl.java"><method name="&lt;init&gt;" desc="(Ljava/lang/String;Ljava/lang/Class;Ljava/util/List;Ljava/lang/Object;)V" line="17"><counter type="INSTRUCTION" missed="0" covered="24"/><counter type="LINE" missed="0" covered="9"/><counter type="COMPLEXITY" missed="0" covered="1"/><counter type="METHOD" missed="0" covered="1"/></method><method name="type" desc="()Ljava/lang/Class;" line="28"><counter type="INSTRUCTION" missed="0" covered="3"/><counter type="LINE" missed="0" covered="1"/><counter type="COMPLEXITY" missed="0" covered="1"/><counter type="METHOD" missed="0" covered="1"/></method><method name="id" desc="()Ljava/lang/String;" line="31"><counter type="INSTRUCTION" missed="0" covered="3"/><counter type="LINE" missed="0" covered="1"/><counter type="COMPLEXITY" missed="0" covered="1"/><counter type="METHOD" missed="0" covered="1"/></method><method name="withId" desc="(Ljava/lang/String;)Lsprouts/Val;" line="35"><counter type="INSTRUCTION" missed="11" covered="0"/><counter type="LINE" missed="1" covered="0"/><counter type="COMPLEXITY" missed="1" covered="0"/><counter type="METHOD" missed="1" covered="0"/></method><method name="problems" desc="()Ljava/util/List;" line="38"><counter type="INSTRUCTION" missed="0" covered="3"/><counter type="LINE" missed="0" covered="1"/><counter type="COMPLEXITY" missed="0" covered="1"/><counter type="METHOD" missed="0" covered="1"/></method><method name="orElseNullable" desc="(Ljava/lang/Object;)Ljava/lang/Object;" line="42"><counter type="INSTRUCTION" missed="8" covered="0"/><counter type="BRANCH" missed="2" covered="0"/><counter type="LINE" missed="1" covered="0"/><counter type="COMPLEXITY" missed="2" covered="0"/><counter type="METHOD" missed="1" covered="0"/></method><method name="orElseNull" desc="()Ljava/lang/Object;" line="45"><counter type="INSTRUCTION" missed="0" covered="3"/><counter type="LINE" missed="0" covered="1"/><counter type="COMPLEXITY" missed="0" covered="1"/><counter type="METHOD" missed="0" covered="1"/></method><method name="map" desc="(Ljava/util/function/Function;)Lsprouts/Val;" line="50"><counter type="INSTRUCTION" missed="0" covered="11"/><counter type="LINE" missed="0" covered="2"/><counter type="COMPLEXITY" missed="0" covered="1"/><counter type="METHOD" missed="0" covered="1"/></method><method name="mapTo" desc="(Ljava/lang/Class;Ljava/util/function/Function;)Lsprouts/Val;" line="57"><counter type="INSTRUCTION" missed="13" covered="0"/><counter type="LINE" missed="3" covered="0"/><counter type="COMPLEXITY" missed="1" covered="0"/><counter type="METHOD" missed="1" covered="0"/></method><method name="viewAs" desc="(Ljava/lang/Class;Ljava/util/function/Function;)Lsprouts/Val;" line="65"><counter type="INSTRUCTION" missed="15" covered="0"/><counter type="LINE" missed="3" covered="0"/><counter type="COMPLEXITY" missed="1" covered="0"/><counter type="METHOD" missed="1" covered="0"/></method><method name="onSet" desc="(Lsprouts/Action;)Lsprouts/Val;" line="72"><counter type="INSTRUCTION" missed="5" covered="0"/><counter type="LINE" missed="2" covered="0"/><counter type="COMPLEXITY" missed="1" covered="0"/><counter type="METHOD" missed="1" covered="0"/></method><method name="fireSet" desc="()Lsprouts/Val;" line="80"><counter type="INSTRUCTION" missed="2" covered="0"/><counter type="LINE" missed="1" covered="0"/><counter type="COMPLEXITY" missed="1" covered="0"/><counter type="METHOD" missed="1" covered="0"/></method><method name="allowsNull" desc="()Z" line="84"><counter type="INSTRUCTION" missed="2" covered="0"/><counter type="LINE" missed="1" covered="0"/><counter type="COMPLEXITY" missed="1" covered="0"/><counter type="METHOD" missed="1" covered="0"/></method><method name="subscribe" desc="(Lsprouts/Listener;)Lsprouts/Noticeable;" line="88"><counter type="INSTRUCTION" missed="5" covered="0"/><counter type="LINE" missed="2" covered="0"/><counter type="COMPLEXITY" missed="1" covered="0"/><counter type="METHOD" missed="1" covered="0"/></method><method name="unsubscribe" desc="(Lsprouts/Listener;)Lsprouts/Noticeable;" line="95"><counter type="INSTRUCTION" missed="5" covered="0"/><counter type="LINE" missed="2" covered="0"/><counter type="COMPLEXITY" missed="1" covered="0"/><counter type="METHOD" missed="1" covered="0"/></method><counter type="INSTRUCTION" missed="66" covered="47"/><counter type="BRANCH" missed="2" covered="0"/><counter type="LINE" missed="16" covered="15"/><counter type="COMPLEXITY" missed="10" covered="6"/><counter type="METHOD" missed="9" covered="6"/><counter type="CLASS" missed="0" covered="1"/></class><class name="sprouts/impl/AbstractVariables$6" sourcefilename="AbstractVariables.java"><method name="&lt;init&gt;" desc="(Lsprouts/impl/AbstractVariables;ILsprouts/Change;Lsprouts/Val;Lsprouts/Val;Lsprouts/Vals;Lsprouts/Var;Lsprouts/Var;)V" line="348"><counter type="INSTRUCTION" missed="0" covered="27"/><counter type="LINE" missed="0" covered="1"/><counter type="COMPLEXITY" missed="0" covered="1"/><counter type="METHOD" missed="0" covered="1"/></method><method name="index" desc="()I" line="349"><counter type="INSTRUCTION" missed="0" covered="3"/><counter type="LINE" missed="0" covered="1"/><counter type="COMPLEXITY" missed="0" covered="1"/><counter type="METHOD" missed="0" covered="1"/></method><method name="changeType" desc="()Lsprouts/Change;" line="350"><counter type="INSTRUCTION" missed="0" covered="3"/><counter type="LINE" missed="0" covered="1"/><counter type="COMPLEXITY" missed="0" covered="1"/><counter type="METHOD" missed="0" covered="1"/></method><method name="newValue" desc="()Lsprouts/Val;" line="351"><counter type="INSTRUCTION" missed="3" covered="0"/><counter type="LINE" missed="1" covered="0"/><counter type="COMPLEXITY" missed="1" covered="0"/><counter type="METHOD" missed="1" covered="0"/></method><method name="oldValue" desc="()Lsprouts/Val;" line="352"><counter type="INSTRUCTION" missed="3" covered="0"/><counter type="LINE" missed="1" covered="0"/><counter type="COMPLEXITY" missed="1" covered="0"/><counter type="METHOD" missed="1" covered="0"/></method><method name="vals" desc="()Lsprouts/Vals;" line="353"><counter type="INSTRUCTION" missed="0" covered="3"/><counter type="LINE" missed="0" covered="1"/><counter type="COMPLEXITY" missed="0" covered="1"/><counter type="METHOD" missed="0" covered="1"/></method><method name="toString" desc="()Ljava/lang/String;" line="355"><counter type="INSTRUCTION" missed="0" covered="32"/><counter type="LINE" missed="0" covered="1"/><counter type="COMPLEXITY" missed="0" covered="1"/><counter type="METHOD" missed="0" covered="1"/></method><counter type="INSTRUCTION" missed="6" covered="68"/><counter type="LINE" missed="2" covered="5"/><counter type="COMPLEXITY" missed="2" covered="5"/><counter type="METHOD" missed="2" covered="5"/><counter type="CLASS" missed="0" covered="1"/></class><class name="sprouts/impl/SproutChangeListener" sourcefilename="SproutChangeListener.java"><method name="&lt;init&gt;" desc="(Lsprouts/Listener;)V" line="13"><counter type="INSTRUCTION" missed="0" covered="8"/><counter type="LINE" missed="0" covered="3"/><counter type="COMPLEXITY" missed="0" covered="1"/><counter type="METHOD" missed="0" covered="1"/></method><method name="listener" desc="()Lsprouts/Listener;" line="17"><counter type="INSTRUCTION" missed="0" covered="3"/><counter type="LINE" missed="0" covered="1"/><counter type="COMPLEXITY" missed="0" covered="1"/><counter type="METHOD" missed="0" covered="1"/></method><method name="accept" desc="(Ljava/lang/Object;)V" line="20"><counter type="INSTRUCTION" missed="0" covered="4"/><counter type="LINE" missed="0" covered="1"/><counter type="COMPLEXITY" missed="0" covered="1"/><counter type="METHOD" missed="0" covered="1"/></method><counter type="INSTRUCTION" missed="0" covered="15"/><counter type="LINE" missed="0" covered="5"/><counter type="COMPLEXITY" missed="0" covered="3"/><counter type="METHOD" missed="0" covered="3"/><counter type="CLASS" missed="0" covered="1"/></class><class name="sprouts/impl/AbstractValue" sourcefilename="AbstractValue.java"><method name="&lt;init&gt;" desc="(Ljava/lang/Class;Ljava/lang/String;ZLjava/lang/Object;)V" line="18"><counter type="INSTRUCTION" missed="27" covered="48"/><counter type="BRANCH" missed="4" covered="10"/><counter type="LINE" missed="3" covered="12"/><counter type="COMPLEXITY" missed="4" covered="4"/><counter type="METHOD" missed="0" covered="1"/></method><method name="type" desc="()Ljava/lang/Class;" line="47"><counter type="INSTRUCTION" missed="0" covered="3"/><counter type="LINE" missed="0" covered="1"/><counter type="COMPLEXITY" missed="0" covered="1"/><counter type="METHOD" missed="0" covered="1"/></method><method name="id" desc="()Ljava/lang/String;" line="50"><counter type="INSTRUCTION" missed="0" covered="3"/><counter type="LINE" missed="0" covered="1"/><counter type="COMPLEXITY" missed="0" covered="1"/><counter type="METHOD" missed="0" covered="1"/></method><method name="orElseNull" desc="()Ljava/lang/Object;" line="54"><counter type="INSTRUCTION" missed="0" covered="3"/><counter type="LINE" missed="0" covered="1"/><counter type="COMPLEXITY" missed="0" covered="1"/><counter type="METHOD" missed="0" covered="1"/></method><method name="fireSet" desc="()Lsprouts/Val;" line="57"><counter type="INSTRUCTION" missed="0" covered="6"/><counter type="LINE" missed="0" covered="1"/><counter type="COMPLEXITY" missed="0" covered="1"/><counter type="METHOD" missed="0" covered="1"/></method><method name="_triggerActions" desc="(Ljava/util/List;)V" line="62"><counter type="INSTRUCTION" missed="3" covered="38"/><counter type="BRANCH" missed="0" covered="4"/><counter type="LINE" missed="2" covered="9"/><counter type="COMPLEXITY" missed="0" covered="3"/><counter type="METHOD" missed="0" covered="1"/></method><method name="allowsNull" desc="()Z" line="77"><counter type="INSTRUCTION" missed="0" covered="3"/><counter type="LINE" missed="0" covered="1"/><counter type="COMPLEXITY" missed="0" covered="1"/><counter type="METHOD" missed="0" covered="1"/></method><method name="toString" desc="()Ljava/lang/String;" line="81"><counter type="INSTRUCTION" missed="6" covered="78"/><counter type="BRANCH" missed="3" covered="11"/><counter type="LINE" missed="0" covered="8"/><counter type="COMPLEXITY" missed="3" covered="5"/><counter type="METHOD" missed="0" covered="1"/></method><method name="equals" desc="(Ljava/lang/Object;)Z" line="96"><counter type="INSTRUCTION" missed="7" covered="33"/><counter type="BRANCH" missed="4" covered="8"/><counter type="LINE" missed="1" covered="7"/><counter type="COMPLEXITY" missed="4" covered="3"/><counter type="METHOD" missed="0" covered="1"/></method><method name="hashCode" desc="()I" line="109"><counter type="INSTRUCTION" missed="4" covered="39"/><counter type="BRANCH" missed="2" covered="4"/><counter type="LINE" missed="0" covered="5"/><counter type="COMPLEXITY" missed="2" covered="2"/><counter type="METHOD" missed="0" covered="1"/></method><counter type="INSTRUCTION" missed="47" covered="254"/><counter type="BRANCH" missed="13" covered="37"/><counter type="LINE" missed="6" covered="46"/><counter type="COMPLEXITY" missed="13" covered="22"/><counter type="METHOD" missed="0" covered="10"/><counter type="CLASS" missed="0" covered="1"/></class><class name="sprouts/impl/AbstractVariable" sourcefilename="AbstractVariable.java"><method name="ofNullable" desc="(ZLjava/lang/Class;Ljava/lang/Object;)Lsprouts/Var;" line="22"><counter type="INSTRUCTION" missed="0" covered="10"/><counter type="LINE" missed="0" covered="1"/><counter type="COMPLEXITY" missed="0" covered="1"/><counter type="METHOD" missed="0" covered="1"/></method><method name="of" desc="(ZLjava/lang/Class;Ljava/lang/Object;)Lsprouts/Var;" line="26"><counter type="INSTRUCTION" missed="10" covered="0"/><counter type="LINE" missed="1" covered="0"/><counter type="COMPLEXITY" missed="1" covered="0"/><counter type="METHOD" missed="1" covered="0"/></method><method name="of" desc="(ZLjava/lang/Object;)Lsprouts/Var;" line="30"><counter type="INSTRUCTION" missed="0" covered="14"/><counter type="LINE" missed="0" covered="2"/><counter type="COMPLEXITY" missed="0" covered="1"/><counter type="METHOD" missed="0" covered="1"/></method><method name="of" desc="(ZLjavax/swing/border/Border;)Lsprouts/Var;" line="35"><counter type="INSTRUCTION" missed="13" covered="0"/><counter type="LINE" missed="2" covered="0"/><counter type="COMPLEXITY" missed="1" covered="0"/><counter type="METHOD" missed="1" covered="0"/></method><method name="&lt;init&gt;" desc="(ZLjava/lang/Class;Ljava/lang/Object;Ljava/lang/String;Ljava/util/List;Z)V" line="53"><counter type="INSTRUCTION" missed="0" covered="10"/><counter type="LINE" missed="0" covered="2"/><counter type="COMPLEXITY" missed="0" covered="1"/><counter type="METHOD" missed="0" covered="1"/></method><method name="&lt;init&gt;" desc="(ZLjava/lang/Class;Ljava/lang/Object;Ljava/lang/String;Ljava/util/List;Ljava/util/List;Z)V" line="40"><counter type="INSTRUCTION" missed="0" covered="37"/><counter type="LINE" missed="0" covered="9"/><counter type="COMPLEXITY" missed="0" covered="1"/><counter type="METHOD" missed="0" covered="1"/></method><method name="withId" desc="(Ljava/lang/String;)Lsprouts/Var;" line="75"><counter type="INSTRUCTION" missed="0" covered="23"/><counter type="LINE" missed="0" covered="3"/><counter type="COMPLEXITY" missed="0" covered="1"/><counter type="METHOD" missed="0" covered="1"/></method><method name="onSet" desc="(Lsprouts/Action;)Lsprouts/Var;" line="82"><counter type="INSTRUCTION" missed="0" covered="7"/><counter type="LINE" missed="0" covered="2"/><counter type="COMPLEXITY" missed="0" covered="1"/><counter type="METHOD" missed="0" covered="1"/></method><method name="onAct" desc="(Lsprouts/Action;)Lsprouts/Var;" line="88"><counter type="INSTRUCTION" missed="0" covered="10"/><counter type="LINE" missed="0" covered="3"/><counter type="COMPLEXITY" missed="0" covered="1"/><counter type="METHOD" missed="0" covered="1"/></method><method name="fireAct" desc="()Lsprouts/Var;" line="95"><counter type="INSTRUCTION" missed="0" covered="11"/><counter type="LINE" missed="0" covered="3"/><counter type="COMPLEXITY" missed="0" covered="1"/><counter type="METHOD" missed="0" covered="1"/></method><method name="act" desc="(Ljava/lang/Object;)Lsprouts/Var;" line="102"><counter type="INSTRUCTION" missed="2" covered="15"/><counter type="BRANCH" missed="1" covered="3"/><counter type="LINE" missed="1" covered="4"/><counter type="COMPLEXITY" missed="1" covered="2"/><counter type="METHOD" missed="0" covered="1"/></method><method name="set" desc="(Ljava/lang/Object;)Lsprouts/Var;" line="112"><counter type="INSTRUCTION" missed="0" covered="17"/><counter type="BRANCH" missed="0" covered="4"/><counter type="LINE" missed="0" covered="4"/><counter type="COMPLEXITY" missed="0" covered="3"/><counter type="METHOD" missed="0" covered="1"/></method><method name="_setInternal" desc="(Ljava/lang/Object;)Z" line="119"><counter type="INSTRUCTION" missed="20" covered="30"/><counter type="BRANCH" missed="1" covered="9"/><counter type="LINE" missed="2" covered="7"/><counter type="COMPLEXITY" missed="1" covered="5"/><counter type="METHOD" missed="0" covered="1"/></method><method name="viewAs" desc="(Ljava/lang/Class;Ljava/util/function/Function;)Lsprouts/Val;" line="141"><counter type="INSTRUCTION" missed="0" covered="20"/><counter type="LINE" missed="0" covered="4"/><counter type="COMPLEXITY" missed="0" covered="1"/><counter type="METHOD" missed="0" covered="1"/></method><method name="subscribe" desc="(Lsprouts/Listener;)Lsprouts/Noticeable;" line="150"><counter type="INSTRUCTION" missed="0" covered="7"/><counter type="LINE" missed="0" covered="1"/><counter type="COMPLEXITY" missed="0" covered="1"/><counter type="METHOD" missed="0" covered="1"/></method><method name="unsubscribe" desc="(Lsprouts/Listener;)Lsprouts/Noticeable;" line="155"><counter type="INSTRUCTION" missed="3" covered="28"/><counter type="BRANCH" missed="3" covered="3"/><counter type="LINE" missed="1" covered="6"/><counter type="COMPLEXITY" missed="3" covered="1"/><counter type="METHOD" missed="0" covered="1"/></method><method name="lambda$viewAs$2" desc="(Lsprouts/Var;Ljava/util/function/Function;Ljava/lang/Object;)V" line="144"><counter type="INSTRUCTION" missed="0" covered="7"/><counter type="LINE" missed="0" covered="1"/><counter type="COMPLEXITY" missed="0" covered="1"/><counter type="METHOD" missed="0" covered="1"/></method><method name="lambda$viewAs$1" desc="(Lsprouts/Var;Ljava/util/function/Function;Lsprouts/Val;)V" line="143"><counter type="INSTRUCTION" missed="0" covered="8"/><counter type="LINE" missed="0" covered="1"/><counter type="COMPLEXITY" missed="0" covered="1"/><counter type="METHOD" missed="0" covered="1"/></method><method name="lambda$fireAct$0" desc="(Ljava/util/function/Consumer;)V" line="96"><counter type="INSTRUCTION" missed="0" covered="5"/><counter type="LINE" missed="0" covered="1"/><counter type="COMPLEXITY" missed="0" covered="1"/><counter type="METHOD" missed="0" covered="1"/></method><counter type="INSTRUCTION" missed="48" covered="259"/><counter type="BRANCH" missed="5" covered="19"/><counter type="LINE" missed="7" covered="51"/><counter type="COMPLEXITY" missed="7" covered="24"/><counter type="METHOD" missed="2" covered="17"/><counter type="CLASS" missed="0" covered="1"/></class><sourcefile name="ResultImpl.java"><line nr="17" mi="0" ci="2" mb="0" cb="0"/><line nr="18" mi="0" ci="3" mb="0" cb="0"/><line nr="19" mi="0" ci="3" mb="0" cb="0"/><line nr="20" mi="0" ci="3" mb="0" cb="0"/><line nr="21" mi="0" ci="3" mb="0" cb="0"/><line nr="22" mi="0" ci="3" mb="0" cb="0"/><line nr="23" mi="0" ci="3" mb="0" cb="0"/><line nr="24" mi="0" ci="3" mb="0" cb="0"/><line nr="25" mi="0" ci="1" mb="0" cb="0"/><line nr="28" mi="0" ci="3" mb="0" cb="0"/><line nr="31" mi="0" ci="3" mb="0" cb="0"/><line nr="35" mi="11" ci="0" mb="0" cb="0"/><line nr="38" mi="0" ci="3" mb="0" cb="0"/><line nr="42" mi="8" ci="0" mb="2" cb="0"/><line nr="45" mi="0" ci="3" mb="0" cb="0"/><line nr="50" mi="0" ci="3" mb="0" cb="0"/><line nr="51" mi="0" ci="8" mb="0" cb="0"/><line nr="57" mi="3" ci="0" mb="0" cb="0"/><line nr="58" mi="3" ci="0" mb="0" cb="0"/><line nr="59" mi="7" ci="0" mb="0" cb="0"/><line nr="65" mi="3" ci="0" mb="0" cb="0"/><line nr="66" mi="3" ci="0" mb="0" cb="0"/><line nr="67" mi="9" ci="0" mb="0" cb="0"/><line nr="72" mi="3" ci="0" mb="0" cb="0"/><line nr="74" mi="2" ci="0" mb="0" cb="0"/><line nr="80" mi="2" ci="0" mb="0" cb="0"/><line nr="84" mi="2" ci="0" mb="0" cb="0"/><line nr="88" mi="3" ci="0" mb="0" cb="0"/><line nr="90" mi="2" ci="0" mb="0" cb="0"/><line nr="95" mi="3" ci="0" mb="0" cb="0"/><line nr="97" mi="2" ci="0" mb="0" cb="0"/><counter type="INSTRUCTION" missed="66" covered="47"/><counter type="BRANCH" missed="2" covered="0"/><counter type="LINE" missed="16" covered="15"/><counter type="COMPLEXITY" missed="10" covered="6"/><counter type="METHOD" missed="9" covered="6"/><counter type="CLASS" missed="0" covered="1"/></sourcefile><sourcefile name="AbstractValue.java"><line nr="18" mi="0" ci="5" mb="0" cb="0"/><line nr="27" mi="0" ci="2" mb="0" cb="0"/><line nr="28" mi="0" ci="3" mb="0" cb="0"/><line nr="29" mi="2" ci="8" mb="1" cb="3"/><line nr="30" mi="0" ci="3" mb="0" cb="0"/><line nr="31" mi="0" ci="3" mb="0" cb="0"/><line nr="32" mi="0" ci="3" mb="0" cb="0"/><line nr="33" mi="0" ci="3" mb="0" cb="2"/><line nr="35" mi="0" ci="7" mb="1" cb="1"/><line nr="36" mi="5" ci="0" mb="0" cb="0"/><line nr="40" mi="0" ci="6" mb="1" cb="1"/><line nr="41" mi="15" ci="0" mb="0" cb="0"/><line nr="42" mi="0" ci="4" mb="1" cb="3"/><line nr="43" mi="5" ci="0" mb="0" cb="0"/><line nr="44" mi="0" ci="1" mb="0" cb="0"/><line nr="47" mi="0" ci="3" mb="0" cb="0"/><line nr="50" mi="0" ci="3" mb="0" cb="0"/><line nr="54" mi="0" ci="3" mb="0" cb="0"/><line nr="57" mi="0" ci="6" mb="0" cb="0"/><line nr="62" mi="0" ci="4" mb="0" cb="0"/><line nr="63" mi="0" ci="3" mb="0" cb="0"/><line nr="64" mi="0" ci="13" mb="0" cb="2"/><line nr="66" mi="0" ci="3" mb="0" cb="2"/><line nr="67" mi="0" ci="5" mb="0" cb="0"/><line nr="69" mi="0" ci="3" mb="0" cb="0"/><line nr="70" mi="1" ci="0" mb="0" cb="0"/><line nr="71" mi="2" ci="0" mb="0" cb="0"/><line nr="72" mi="0" ci="2" mb="0" cb="0"/><line nr="73" mi="0" ci="4" mb="0" cb="0"/><line nr="74" mi="0" ci="1" mb="0" cb="0"/><line nr="77" mi="0" ci="3" mb="0" cb="0"/><line nr="81" mi="0" ci="8" mb="0" cb="0"/><line nr="82" mi="2" ci="6" mb="1" cb="1"/><line nr="83" mi="0" ci="6" mb="0" cb="2"/><line nr="84" mi="2" ci="7" mb="1" cb="1"/><line nr="85" mi="2" ci="4" mb="1" cb="1"/><line nr="86" mi="0" ci="18" mb="0" cb="4"/><line nr="87" mi="0" ci="12" mb="0" cb="2"/><line nr="88" mi="0" ci="17" mb="0" cb="0"/><line nr="96" mi="2" ci="2" mb="1" cb="1"/><line nr="97" mi="2" ci="3" mb="1" cb="1"/><line nr="98" mi="0" ci="3" mb="1" cb="1"/><line nr="99" mi="0" ci="3" mb="0" cb="0"/><line nr="100" mi="0" ci="7" mb="0" cb="2"/><line nr="101" mi="1" ci="9" mb="1" cb="3"/><line nr="102" mi="0" ci="6" mb="0" cb="0"/><line nr="104" mi="2" ci="0" mb="0" cb="0"/><line nr="109" mi="0" ci="2" mb="0" cb="0"/><line nr="110" mi="0" ci="13" mb="0" cb="2"/><line nr="111" mi="2" ci="11" mb="1" cb="1"/><line nr="112" mi="2" ci="11" mb="1" cb="1"/><line nr="113" mi="0" ci="2" mb="0" cb="0"/><counter type="INSTRUCTION" missed="47" covered="254"/><counter type="BRANCH" missed="13" covered="37"/><counter type="LINE" missed="6" covered="46"/><counter type="COMPLEXITY" missed="13" covered="22"/><counter type="METHOD" missed="0" covered="10"/><counter type="CLASS" missed="0" covered="1"/></sourcefile><sourcefile name="SproutChangeListener.java"><line nr="13" mi="0" ci="2" mb="0" cb="0"/><line nr="14" mi="0" ci="5" mb="0" cb="0"/><line nr="15" mi="0" ci="1" mb="0" cb="0"/><line nr="17" mi="0" ci="3" mb="0" cb="0"/><line nr="20" mi="0" ci="4" mb="0" cb="0"/><counter type="INSTRUCTION" missed="0" covered="15"/><counter type="LINE" missed="0" covered="5"/><counter type="COMPLEXITY" missed="0" covered="3"/><counter type="METHOD" missed="0" covered="3"/><counter type="CLASS" missed="0" covered="1"/></sourcefile><sourcefile name="AbstractVariables.java"><line nr="15" mi="0" ci="3" mb="0" cb="0"/><line nr="16" mi="0" ci="3" mb="0" cb="0"/><line nr="17" mi="0" ci="15" mb="0" cb="0"/><line nr="22" mi="0" ci="3" mb="0" cb="0"/><line nr="23" mi="0" ci="3" mb="0" cb="0"/><line nr="24" mi="0" ci="6" mb="0" cb="0"/><line nr="25" mi="0" ci="4" mb="0" cb="0"/><line nr="26" mi="0" ci="7" mb="0" cb="0"/><line nr="27" mi="0" ci="6" mb="0" cb="0"/><line nr="32" mi="0" ci="3" mb="0" cb="0"/><line nr="33" mi="0" ci="3" mb="0" cb="0"/><line nr="34" mi="0" ci="6" mb="0" cb="0"/><line nr="35" mi="0" ci="5" mb="0" cb="0"/><line nr="36" mi="0" ci="8" mb="0" cb="2"/><line nr="37" mi="0" ci="9" mb="0" cb="0"/><line nr="38" mi="0" ci="8" mb="0" cb="0"/><line nr="42" mi="0" ci="3" mb="0" cb="0"/><line nr="43" mi="0" ci="3" mb="0" cb="0"/><line nr="44" mi="0" ci="4" mb="0" cb="0"/><line nr="45" mi="0" ci="7" mb="0" cb="0"/><line nr="46" mi="0" ci="4" mb="0" cb="0"/><line nr="47" mi="0" ci="18" mb="0" cb="0"/><line nr="51" mi="0" ci="3" mb="1" cb="1"/><line nr="52" mi="0" ci="10" mb="0" cb="0"/><line nr="54" mi="4" ci="0" mb="0" cb="0"/><line nr="55" mi="14" ci="0" mb="2" cb="0"/><line nr="56" mi="5" ci="0" mb="0" cb="0"/><line nr="60" mi="3" ci="0" mb="0" cb="0"/><line nr="61" mi="16" ci="0" mb="0" cb="0"/><line nr="66" mi="0" ci="3" mb="0" cb="0"/><line nr="67" mi="0" ci="3" mb="0" cb="0"/><line nr="68" mi="0" ci="15" mb="0" cb="0"/><line nr="73" mi="0" ci="3" mb="0" cb="0"/><line nr="74" mi="0" ci="3" mb="0" cb="0"/><line nr="75" mi="0" ci="4" mb="0" cb="0"/><line nr="76" mi="0" ci="16" mb="0" cb="2"/><line nr="77" mi="0" ci="15" mb="0" cb="0"/><line nr="82" mi="3" ci="0" mb="0" cb="0"/><line nr="83" mi="3" ci="0" mb="0" cb="0"/><line nr="84" mi="6" ci="0" mb="0" cb="0"/><line nr="85" mi="4" ci="0" mb="0" cb="0"/><line nr="86" mi="7" ci="0" mb="0" cb="0"/><line nr="87" mi="6" ci="0" mb="0" cb="0"/><line nr="91" mi="0" ci="10" mb="0" cb="0"/><line nr="96" mi="0" ci="10" mb="0" cb="0"/><line nr="100" mi="0" ci="2" mb="0" cb="0"/><line nr="101" mi="0" ci="3" mb="0" cb="0"/><line nr="102" mi="0" ci="3" mb="0" cb="0"/><line nr="103" mi="0" ci="3" mb="0" cb="0"/><line nr="104" mi="0" ci="6" mb="0" cb="0"/><line nr="105" mi="0" ci="2" mb="0" cb="0"/><line nr="106" mi="0" ci="1" mb="0" cb="0"/><line nr="108" mi="0" ci="2" mb="0" cb="0"/><line nr="109" mi="0" ci="3" mb="0" cb="0"/><line nr="110" mi="0" ci="3" mb="0" cb="0"/><line nr="111" mi="0" ci="3" mb="0" cb="0"/><line nr="112" mi="0" ci="5" mb="0" cb="0"/><line nr="113" mi="0" ci="2" mb="0" cb="0"/><line nr="114" mi="0" ci="1" mb="0" cb="0"/><line nr="117" mi="0" ci="6" mb="0" cb="0"/><line nr="120" mi="0" ci="3" mb="0" cb="0"/><line nr="123" mi="0" ci="4" mb="0" cb="0"/><line nr="128" mi="5" ci="3" mb="1" cb="1"/><line nr="129" mi="0" ci="5" mb="0" cb="0"/><line nr="130" mi="2" ci="2" mb="1" cb="1"/><line nr="131" mi="3" ci="3" mb="1" cb="1"/><line nr="132" mi="0" ci="15" mb="0" cb="2"/><line nr="133" mi="0" ci="6" mb="0" cb="0"/><line nr="134" mi="0" ci="2" mb="0" cb="0"/><line nr="145" mi="5" ci="3" mb="1" cb="1"/><line nr="146" mi="0" ci="5" mb="0" cb="0"/><line nr="147" mi="4" ci="2" mb="1" cb="1"/><line nr="148" mi="6" ci="3" mb="1" cb="1"/><line nr="149" mi="0" ci="4" mb="0" cb="0"/><line nr="150" mi="0" ci="10" mb="0" cb="0"/><line nr="151" mi="0" ci="15" mb="0" cb="2"/><line nr="152" mi="0" ci="2" mb="0" cb="0"/><line nr="153" mi="0" ci="6" mb="0" cb="0"/><line nr="154" mi="0" ci="2" mb="0" cb="0"/><line nr="164" mi="5" ci="3" mb="1" cb="1"/><line nr="165" mi="0" ci="5" mb="0" cb="0"/><line nr="166" mi="2" ci="2" mb="1" cb="1"/><line nr="167" mi="3" ci="3" mb="1" cb="1"/><line nr="168" mi="0" ci="8" mb="1" cb="1"/><line nr="169" mi="0" ci="6" mb="0" cb="0"/><line nr="170" mi="0" ci="2" mb="0" cb="0"/><line nr="181" mi="5" ci="3" mb="1" cb="1"/><line nr="182" mi="0" ci="5" mb="0" cb="0"/><line nr="183" mi="4" ci="2" mb="1" cb="1"/><line nr="184" mi="6" ci="3" mb="1" cb="1"/><line nr="185" mi="0" ci="4" mb="0" cb="0"/><line nr="186" mi="0" ci="6" mb="0" cb="0"/><line nr="187" mi="0" ci="15" mb="0" cb="2"/><line nr="188" mi="0" ci="2" mb="0" cb="0"/><line nr="189" mi="0" ci="6" mb="0" cb="0"/><line nr="190" mi="0" ci="2" mb="0" cb="0"/><line nr="196" mi="5" ci="3" mb="1" cb="1"/><line nr="197" mi="0" ci="9" mb="0" cb="2"/><line nr="198" mi="0" ci="6" mb="0" cb="2"/><line nr="199" mi="0" ci="5" mb="0" cb="0"/><line nr="201" mi="0" ci="6" mb="0" cb="0"/><line nr="202" mi="0" ci="2" mb="0" cb="0"/><line nr="208" mi="0" ci="8" mb="0" cb="2"/><line nr="209" mi="0" ci="3" mb="0" cb="0"/><line nr="210" mi="0" ci="5" mb="0" cb="0"/><line nr="211" mi="0" ci="6" mb="0" cb="0"/><line nr="212" mi="0" ci="2" mb="0" cb="0"/><line nr="218" mi="0" ci="8" mb="0" cb="2"/><line nr="219" mi="0" ci="7" mb="2" cb="2"/><line nr="220" mi="18" ci="0" mb="0" cb="0"/><line nr="221" mi="0" ci="6" mb="0" cb="0"/><line nr="222" mi="0" ci="5" mb="0" cb="0"/><line nr="223" mi="0" ci="6" mb="0" cb="0"/><line nr="224" mi="0" ci="2" mb="0" cb="0"/><line nr="230" mi="5" ci="3" mb="1" cb="1"/><line nr="231" mi="0" ci="7" mb="2" cb="2"/><line nr="232" mi="18" ci="0" mb="0" cb="0"/><line nr="234" mi="0" ci="3" mb="0" cb="0"/><line nr="236" mi="0" ci="6" mb="0" cb="0"/><line nr="238" mi="0" ci="4" mb="1" cb="1"/><line nr="239" mi="0" ci="6" mb="0" cb="0"/><line nr="240" mi="0" ci="6" mb="0" cb="0"/><line nr="242" mi="0" ci="2" mb="0" cb="0"/><line nr="248" mi="5" ci="3" mb="1" cb="1"/><line nr="249" mi="0" ci="8" mb="0" cb="2"/><line nr="250" mi="0" ci="4" mb="0" cb="0"/><line nr="251" mi="0" ci="3" mb="0" cb="0"/><line nr="253" mi="0" ci="3" mb="1" cb="1"/><line nr="254" mi="0" ci="7" mb="0" cb="0"/><line nr="256" mi="7" ci="0" mb="0" cb="0"/><line nr="258" mi="0" ci="3" mb="1" cb="1"/><line nr="259" mi="0" ci="4" mb="0" cb="2"/><line nr="260" mi="0" ci="7" mb="0" cb="0"/><line nr="262" mi="0" ci="14" mb="0" cb="0"/><line nr="264" mi="0" ci="2" mb="0" cb="0"/><line nr="270" mi="5" ci="3" mb="1" cb="1"/><line nr="272" mi="0" ci="6" mb="0" cb="0"/><line nr="273" mi="0" ci="2" mb="0" cb="2"/><line nr="274" mi="0" ci="6" mb="0" cb="0"/><line nr="276" mi="0" ci="2" mb="0" cb="0"/><line nr="282" mi="0" ci="8" mb="0" cb="2"/><line nr="283" mi="0" ci="3" mb="0" cb="0"/><line nr="284" mi="0" ci="6" mb="0" cb="0"/><line nr="285" mi="0" ci="2" mb="0" cb="0"/><line nr="291" mi="0" ci="8" mb="0" cb="2"/><line nr="292" mi="0" ci="12" mb="0" cb="0"/><line nr="293" mi="0" ci="6" mb="0" cb="0"/><line nr="294" mi="0" ci="1" mb="0" cb="0"/><line nr="299" mi="5" ci="3" mb="1" cb="1"/><line nr="300" mi="0" ci="4" mb="0" cb="0"/><line nr="301" mi="0" ci="11" mb="0" cb="2"/><line nr="302" mi="0" ci="5" mb="0" cb="2"/><line nr="303" mi="0" ci="4" mb="0" cb="0"/><line nr="305" mi="0" ci="3" mb="0" cb="0"/><line nr="306" mi="0" ci="5" mb="0" cb="0"/><line nr="307" mi="0" ci="6" mb="0" cb="0"/><line nr="308" mi="0" ci="1" mb="0" cb="0"/><line nr="312" mi="0" ci="3" mb="0" cb="0"/><line nr="313" mi="0" ci="9" mb="0" cb="2"/><line nr="314" mi="0" ci="4" mb="0" cb="0"/><line nr="315" mi="0" ci="12" mb="0" cb="0"/><line nr="316" mi="0" ci="10" mb="0" cb="0"/><line nr="318" mi="0" ci="6" mb="0" cb="0"/><line nr="319" mi="0" ci="2" mb="0" cb="0"/><line nr="325" mi="0" ci="5" mb="0" cb="0"/><line nr="326" mi="0" ci="2" mb="0" cb="0"/><line nr="332" mi="6" ci="0" mb="0" cb="0"/><line nr="333" mi="2" ci="0" mb="0" cb="0"/><line nr="339" mi="0" ci="12" mb="0" cb="0"/><line nr="340" mi="0" ci="5" mb="0" cb="0"/><line nr="346" mi="0" ci="10" mb="0" cb="2"/><line nr="347" mi="0" ci="10" mb="0" cb="2"/><line nr="348" mi="0" ci="39" mb="0" cb="0"/><line nr="349" mi="0" ci="3" mb="0" cb="0"/><line nr="350" mi="0" ci="3" mb="0" cb="0"/><line nr="351" mi="3" ci="0" mb="0" cb="0"/><line nr="352" mi="3" ci="0" mb="0" cb="0"/><line nr="353" mi="0" ci="3" mb="0" cb="0"/><line nr="355" mi="0" ci="32" mb="0" cb="0"/><line nr="369" mi="0" ci="4" mb="0" cb="0"/><line nr="370" mi="0" ci="7" mb="0" cb="0"/><line nr="372" mi="0" ci="11" mb="0" cb="2"/><line nr="374" mi="0" ci="3" mb="0" cb="2"/><line nr="375" mi="0" ci="5" mb="0" cb="0"/><line nr="377" mi="0" ci="3" mb="0" cb="0"/><line nr="378" mi="1" ci="0" mb="0" cb="0"/><line nr="379" mi="2" ci="0" mb="0" cb="0"/><line nr="380" mi="0" ci="2" mb="0" cb="0"/><line nr="382" mi="0" ci="5" mb="0" cb="0"/><line nr="383" mi="0" ci="1" mb="0" cb="0"/><line nr="388" mi="0" ci="10" mb="0" cb="0"/><line nr="389" mi="0" ci="4" mb="0" cb="0"/><line nr="390" mi="0" ci="10" mb="0" cb="2"/><line nr="391" mi="0" ci="12" mb="0" cb="0"/><line nr="398" mi="0" ci="4" mb="0" cb="0"/><line nr="399" mi="12" ci="15" mb="1" cb="1"/><line nr="400" mi="0" ci="4" mb="0" cb="0"/><line nr="402" mi="0" ci="7" mb="0" cb="2"/><line nr="404" mi="0" ci="19" mb="0" cb="0"/><line nr="410" mi="2" ci="2" mb="1" cb="1"/><line nr="411" mi="2" ci="3" mb="1" cb="1"/><line nr="412" mi="0" ci="3" mb="1" cb="1"/><line nr="414" mi="0" ci="3" mb="0" cb="0"/><line nr="415" mi="2" ci="5" mb="1" cb="1"/><line nr="416" mi="0" ci="8" mb="0" cb="2"/><line nr="417" mi="2" ci="8" mb="1" cb="1"/><line nr="419" mi="0" ci="2" mb="0" cb="0"/><line nr="421" mi="2" ci="0" mb="0" cb="0"/><line nr="425" mi="0" ci="3" mb="0" cb="2"/><line nr="426" mi="0" ci="11" mb="0" cb="2"/><line nr="427" mi="0" ci="4" mb="0" cb="0"/><line nr="428" mi="0" ci="1" mb="0" cb="0"/><line nr="431" mi="0" ci="3" mb="0" cb="0"/><line nr="432" mi="0" ci="6" mb="2" cb="2"/><line nr="433" mi="5" ci="0" mb="0" cb="0"/><line nr="434" mi="0" ci="1" mb="0" cb="0"/><line nr="438" mi="0" ci="7" mb="0" cb="0"/><line nr="443" mi="0" ci="11" mb="1" cb="1"/><line nr="444" mi="1" ci="3" mb="1" cb="1"/><line nr="445" mi="0" ci="3" mb="0" cb="0"/><line nr="446" mi="0" ci="4" mb="1" cb="1"/><line nr="447" mi="0" ci="5" mb="0" cb="0"/><line nr="448" mi="0" ci="2" mb="0" cb="0"/><line nr="452" mi="2" ci="0" mb="0" cb="0"/><counter type="INSTRUCTION" missed="236" covered="1128"/><counter type="BRANCH" missed="39" covered="89"/><counter type="LINE" missed="23" covered="201"/><counter type="COMPLEXITY" missed="44" covered="77"/><counter type="METHOD" missed="6" covered="51"/><counter type="CLASS" missed="1" covered="7"/></sourcefile><sourcefile name="AbstractVariable.java"><line nr="22" mi="0" ci="10" mb="0" cb="0"/><line nr="26" mi="10" ci="0" mb="0" cb="0"/><line nr="30" mi="0" ci="3" mb="0" cb="0"/><line nr="31" mi="0" ci="11" mb="0" cb="0"/><line nr="35" mi="3" ci="0" mb="0" cb="0"/><line nr="36" mi="10" ci="0" mb="0" cb="0"/><line nr="40" mi="0" ci="5" mb="0" cb="0"/><line nr="41" mi="0" ci="6" mb="0" cb="0"/><line nr="53" mi="0" ci="9" mb="0" cb="0"/><line nr="54" mi="0" ci="1" mb="0" cb="0"/><line nr="65" mi="0" ci="6" mb="0" cb="0"/><line nr="66" mi="0" ci="3" mb="0" cb="0"/><line nr="67" mi="0" ci="3" mb="0" cb="0"/><line nr="68" mi="0" ci="3" mb="0" cb="0"/><line nr="69" mi="0" ci="5" mb="0" cb="0"/><line nr="70" mi="0" ci="5" mb="0" cb="0"/><line nr="71" mi="0" ci="1" mb="0" cb="0"/><line nr="75" mi="0" ci="15" mb="0" cb="0"/><line nr="76" mi="0" ci="6" mb="0" cb="0"/><line nr="77" mi="0" ci="2" mb="0" cb="0"/><line nr="82" mi="0" ci="5" mb="0" cb="0"/><line nr="83" mi="0" ci="2" mb="0" cb="0"/><line nr="88" mi="0" ci="3" mb="0" cb="0"/><line nr="89" mi="0" ci="5" mb="0" cb="0"/><line nr="90" mi="0" ci="2" mb="0" cb="0"/><line nr="95" mi="0" ci="4" mb="0" cb="0"/><line nr="96" mi="0" ci="10" mb="0" cb="0"/><line nr="97" mi="0" ci="2" mb="0" cb="0"/><line nr="102" mi="0" ci="3" mb="0" cb="2"/><line nr="103" mi="0" ci="5" mb="0" cb="0"/><line nr="104" mi="0" ci="4" mb="1" cb="1"/><line nr="105" mi="0" ci="3" mb="0" cb="0"/><line nr="106" mi="2" ci="0" mb="0" cb="0"/><line nr="112" mi="0" ci="3" mb="0" cb="2"/><line nr="113" mi="0" ci="5" mb="0" cb="0"/><line nr="114" mi="0" ci="7" mb="0" cb="2"/><line nr="115" mi="0" ci="2" mb="0" cb="0"/><line nr="119" mi="0" ci="5" mb="0" cb="4"/><line nr="120" mi="0" ci="5" mb="0" cb="0"/><line nr="125" mi="0" ci="5" mb="0" cb="2"/><line nr="127" mi="0" ci="8" mb="1" cb="3"/><line nr="128" mi="8" ci="0" mb="0" cb="0"/><line nr="129" mi="12" ci="0" mb="0" cb="0"/><line nr="133" mi="0" ci="3" mb="0" cb="0"/><line nr="134" mi="0" ci="2" mb="0" cb="0"/><line nr="136" mi="0" ci="2" mb="0" cb="0"/><line nr="141" mi="0" ci="5" mb="0" cb="0"/><line nr="143" mi="0" ci="14" mb="0" cb="0"/><line nr="144" mi="0" ci="14" mb="0" cb="0"/><line nr="145" mi="0" ci="2" mb="0" cb="0"/><line nr="150" mi="0" ci="7" mb="0" cb="0"/><line nr="155" mi="0" ci="11" mb="1" cb="1"/><line nr="156" mi="1" ci="3" mb="1" cb="1"/><line nr="157" mi="0" ci="3" mb="0" cb="0"/><line nr="158" mi="0" ci="4" mb="1" cb="1"/><line nr="159" mi="0" ci="5" mb="0" cb="0"/><line nr="160" mi="0" ci="2" mb="0" cb="0"/><line nr="164" mi="2" ci="0" mb="0" cb="0"/><counter type="INSTRUCTION" missed="48" covered="259"/><counter type="BRANCH" missed="5" covered="19"/><counter type="LINE" missed="7" covered="51"/><counter type="COMPLEXITY" missed="7" covered="24"/><counter type="METHOD" missed="2" covered="17"/><counter type="CLASS" missed="0" covered="1"/></sourcefile><counter type="INSTRUCTION" missed="397" covered="1703"/><counter type="BRANCH" missed="59" covered="145"/><counter type="LINE" missed="52" covered="318"/><counter type="COMPLEXITY" missed="74" covered="132"/><counter type="METHOD" missed="17" covered="87"/><counter type="CLASS" missed="1" covered="11"/></package><package name="sprouts"><class name="sprouts/Noticeable" sourcefilename="Noticeable.java"/><class name="sprouts/Event$Executor" sourcefilename="Event.java"><method name="lambda$static$0" desc="(Ljava/lang/Runnable;)V" line="104"><counter type="INSTRUCTION" missed="6" covered="0"/><counter type="LINE" missed="1" covered="0"/><counter type="COMPLEXITY" missed="1" covered="0"/><counter type="METHOD" missed="1" covered="0"/></method><method name="&lt;clinit&gt;" desc="()V" line="103"><counter type="INSTRUCTION" missed="0" covered="11"/><counter type="LINE" missed="0" covered="3"/><counter type="COMPLEXITY" missed="0" covered="1"/><counter type="METHOD" missed="0" covered="1"/></method><counter type="INSTRUCTION" missed="6" covered="11"/><counter type="LINE" missed="0" covered="3"/><counter type="COMPLEXITY" missed="1" covered="1"/><counter type="METHOD" missed="1" covered="1"/><counter type="CLASS" missed="0" covered="1"/></class><class name="sprouts/Var" sourcefilename="Var.java"><method name="ofNullable" desc="(Ljava/lang/Class;Ljava/lang/Object;)Lsprouts/Var;" line="64"><counter type="INSTRUCTION" missed="0" covered="5"/><counter type="LINE" missed="0" covered="1"/><counter type="COMPLEXITY" missed="0" covered="1"/><counter type="METHOD" missed="0" covered="1"/></method><method name="ofNull" desc="(Ljava/lang/Class;)Lsprouts/Var;" line="80"><counter type="INSTRUCTION" missed="5" covered="0"/><counter type="LINE" missed="1" covered="0"/><counter type="COMPLEXITY" missed="1" covered="0"/><counter type="METHOD" missed="1" covered="0"/></method><method name="of" desc="(Ljava/lang/Object;)Lsprouts/Var;" line="95"><counter type="INSTRUCTION" missed="0" covered="4"/><counter type="LINE" missed="0" covered="1"/><counter type="COMPLEXITY" missed="0" covered="1"/><counter type="METHOD" missed="0" covered="1"/></method><method name="of" desc="(Ljava/lang/Class;Ljava/lang/Object;)Lsprouts/Var;" line="111"><counter type="INSTRUCTION" missed="5" covered="0"/><counter type="LINE" missed="1" covered="0"/><counter type="COMPLEXITY" missed="1" covered="0"/><counter type="METHOD" missed="1" covered="0"/></method><method name="map" desc="(Ljava/util/function/Function;)Lsprouts/Var;" line="179"><counter type="INSTRUCTION" missed="23" covered="0"/><counter type="BRANCH" missed="4" covered="0"/><counter type="LINE" missed="6" covered="0"/><counter type="COMPLEXITY" missed="3" covered="0"/><counter type="METHOD" missed="1" covered="0"/></method><method name="mapTo" desc="(Ljava/lang/Class;Ljava/util/function/Function;)Lsprouts/Var;" line="196"><counter type="INSTRUCTION" missed="4" covered="17"/><counter type="BRANCH" missed="1" covered="3"/><counter type="LINE" missed="1" covered="5"/><counter type="COMPLEXITY" missed="1" covered="2"/><counter type="METHOD" missed="0" covered="1"/></method><counter type="INSTRUCTION" missed="37" covered="26"/><counter type="BRANCH" missed="5" covered="3"/><counter type="LINE" missed="9" covered="7"/><counter type="COMPLEXITY" missed="6" covered="4"/><counter type="METHOD" missed="3" covered="3"/><counter type="CLASS" missed="0" covered="1"/></class><class name="sprouts/Change" sourcefilename="Change.java"><method name="&lt;clinit&gt;" desc="()V" line="8"><counter type="INSTRUCTION" missed="0" covered="84"/><counter type="LINE" missed="0" covered="2"/><counter type="COMPLEXITY" missed="0" covered="1"/><counter type="METHOD" missed="0" covered="1"/></method><counter type="INSTRUCTION" missed="0" covered="84"/><counter type="LINE" missed="0" covered="2"/><counter type="COMPLEXITY" missed="0" covered="1"/><counter type="METHOD" missed="0" covered="1"/><counter type="CLASS" missed="0" covered="1"/></class><class name="sprouts/Vals" sourcefilename="Vals.java"><method name="of" desc="(Ljava/lang/Class;[Lsprouts/Val;)Lsprouts/Vals;" line="29"><counter type="INSTRUCTION" missed="7" covered="0"/><counter type="LINE" missed="1" covered="0"/><counter type="COMPLEXITY" missed="1" covered="0"/><counter type="METHOD" missed="1" covered="0"/></method><method name="of" desc="(Lsprouts/Val;[Lsprouts/Val;)Lsprouts/Vals;" line="41"><counter type="INSTRUCTION" missed="0" covered="17"/><counter type="LINE" missed="0" covered="3"/><counter type="COMPLEXITY" missed="0" covered="1"/><counter type="METHOD" missed="0" covered="1"/></method><method name="of" desc="(Ljava/lang/Object;[Ljava/lang/Object;)Lsprouts/Vals;" line="54"><counter type="INSTRUCTION" missed="0" covered="5"/><counter type="LINE" missed="0" covered="1"/><counter type="COMPLEXITY" missed="0" covered="1"/><counter type="METHOD" missed="0" covered="1"/></method><method name="of" desc="(Ljava/lang/Class;Ljava/lang/Iterable;)Lsprouts/Vals;" line="65"><counter type="INSTRUCTION" missed="5" covered="0"/><counter type="LINE" missed="1" covered="0"/><counter type="COMPLEXITY" missed="1" covered="0"/><counter type="METHOD" missed="1" covered="0"/></method><method name="of" desc="(Ljava/lang/Class;Lsprouts/Vals;)Lsprouts/Vals;" line="69"><counter type="INSTRUCTION" missed="0" covered="5"/><counter type="LINE" missed="0" covered="1"/><counter type="COMPLEXITY" missed="0" covered="1"/><counter type="METHOD" missed="0" covered="1"/></method><method name="ofNullable" desc="(Ljava/lang/Class;[Lsprouts/Val;)Lsprouts/Vals;" line="81"><counter type="INSTRUCTION" missed="0" covered="16"/><counter type="LINE" missed="0" covered="3"/><counter type="COMPLEXITY" missed="0" covered="1"/><counter type="METHOD" missed="0" covered="1"/></method><method name="ofNullable" desc="(Ljava/lang/Class;[Ljava/lang/Object;)Lsprouts/Vals;" line="95"><counter type="INSTRUCTION" missed="5" covered="0"/><counter type="LINE" missed="1" covered="0"/><counter type="COMPLEXITY" missed="1" covered="0"/><counter type="METHOD" missed="1" covered="0"/></method><method name="ofNullable" desc="(Lsprouts/Val;[Lsprouts/Val;)Lsprouts/Vals;" line="107"><counter type="INSTRUCTION" missed="17" covered="0"/><counter type="LINE" missed="3" covered="0"/><counter type="COMPLEXITY" missed="1" covered="0"/><counter type="METHOD" missed="1" covered="0"/></method><method name="isEmpty" desc="()Z" line="144"><counter type="INSTRUCTION" missed="2" covered="5"/><counter type="BRANCH" missed="1" covered="1"/><counter type="LINE" missed="0" covered="1"/><counter type="COMPLEXITY" missed="1" covered="1"/><counter type="METHOD" missed="0" covered="1"/></method><method name="isNotEmpty" desc="()Z" line="149"><counter type="INSTRUCTION" missed="1" covered="6"/><counter type="BRANCH" missed="1" covered="1"/><counter type="LINE" missed="0" covered="1"/><counter type="COMPLEXITY" missed="1" covered="1"/><counter type="METHOD" missed="0" covered="1"/></method><method name="contains" desc="(Ljava/lang/Object;)Z" line="155"><counter type="INSTRUCTION" missed="0" covered="9"/><counter type="BRANCH" missed="0" covered="2"/><counter type="LINE" missed="0" covered="1"/><counter type="COMPLEXITY" missed="0" covered="2"/><counter type="METHOD" missed="0" covered="1"/></method><method name="indexOf" desc="(Ljava/lang/Object;)I" line="163"><counter type="INSTRUCTION" missed="0" covered="21"/><counter type="BRANCH" missed="0" covered="4"/><counter type="LINE" missed="0" covered="6"/><counter type="COMPLEXITY" missed="0" covered="3"/><counter type="METHOD" missed="0" covered="1"/></method><method name="indexOf" desc="(Lsprouts/Val;)I" line="175"><counter type="INSTRUCTION" missed="0" covered="5"/><counter type="LINE" missed="0" covered="1"/><counter type="COMPLEXITY" missed="0" covered="1"/><counter type="METHOD" missed="0" covered="1"/></method><method name="contains" desc="(Lsprouts/Val;)Z" line="181"><counter type="INSTRUCTION" missed="0" covered="5"/><counter type="LINE" missed="0" covered="1"/><counter type="COMPLEXITY" missed="0" covered="1"/><counter type="METHOD" missed="0" covered="1"/></method><method name="is" desc="(Lsprouts/Vals;)Z" line="191"><counter type="INSTRUCTION" missed="27" covered="0"/><counter type="BRANCH" missed="6" covered="0"/><counter type="LINE" missed="4" covered="0"/><counter type="COMPLEXITY" missed="4" covered="0"/><counter type="METHOD" missed="1" covered="0"/></method><method name="stream" desc="()Ljava/util/stream/Stream;" line="231"><counter type="INSTRUCTION" missed="0" covered="5"/><counter type="LINE" missed="0" covered="1"/><counter type="COMPLEXITY" missed="0" covered="1"/><counter type="METHOD" missed="0" covered="1"/></method><method name="toList" desc="()Ljava/util/List;" line="236"><counter type="INSTRUCTION" missed="0" covered="7"/><counter type="LINE" missed="0" covered="1"/><counter type="COMPLEXITY" missed="0" covered="1"/><counter type="METHOD" missed="0" covered="1"/></method><method name="toValList" desc="()Ljava/util/List;" line="242"><counter type="INSTRUCTION" missed="0" covered="10"/><counter type="LINE" missed="0" covered="2"/><counter type="COMPLEXITY" missed="0" covered="1"/><counter type="METHOD" missed="0" covered="1"/></method><method name="toSet" desc="()Ljava/util/Set;" line="250"><counter type="INSTRUCTION" missed="0" covered="7"/><counter type="LINE" missed="0" covered="1"/><counter type="COMPLEXITY" missed="0" covered="1"/><counter type="METHOD" missed="0" covered="1"/></method><method name="toMap" desc="()Ljava/util/Map;" line="256"><counter type="INSTRUCTION" missed="0" covered="26"/><counter type="BRANCH" missed="0" covered="2"/><counter type="LINE" missed="0" covered="5"/><counter type="COMPLEXITY" missed="0" covered="2"/><counter type="METHOD" missed="0" covered="1"/></method><method name="toValMap" desc="()Ljava/util/Map;" line="268"><counter type="INSTRUCTION" missed="0" covered="25"/><counter type="BRANCH" missed="0" covered="2"/><counter type="LINE" missed="0" covered="5"/><counter type="COMPLEXITY" missed="0" covered="2"/><counter type="METHOD" missed="0" covered="1"/></method><method name="any" desc="(Ljava/util/function/Predicate;)Z" line="281"><counter type="INSTRUCTION" missed="0" covered="6"/><counter type="LINE" missed="0" covered="1"/><counter type="COMPLEXITY" missed="0" covered="1"/><counter type="METHOD" missed="0" covered="1"/></method><method name="all" desc="(Ljava/util/function/Predicate;)Z" line="288"><counter type="INSTRUCTION" missed="6" covered="0"/><counter type="LINE" missed="1" covered="0"/><counter type="COMPLEXITY" missed="1" covered="0"/><counter type="METHOD" missed="1" covered="0"/></method><method name="none" desc="(Ljava/util/function/Predicate;)Z" line="295"><counter type="INSTRUCTION" missed="0" covered="6"/><counter type="LINE" missed="0" covered="1"/><counter type="COMPLEXITY" missed="0" covered="1"/><counter type="METHOD" missed="0" covered="1"/></method><method name="anyEmpty" desc="()Z" line="301"><counter type="INSTRUCTION" missed="0" covered="4"/><counter type="LINE" missed="0" covered="1"/><counter type="COMPLEXITY" missed="0" covered="1"/><counter type="METHOD" missed="0" covered="1"/></method><method name="lambda$toValList$0" desc="(Ljava/lang/Object;)Lsprouts/Val;" line="243"><counter type="INSTRUCTION" missed="0" covered="10"/><counter type="BRANCH" missed="0" covered="2"/><counter type="LINE" missed="0" covered="1"/><counter type="COMPLEXITY" missed="0" covered="2"/><counter type="METHOD" missed="0" covered="1"/></method><counter type="INSTRUCTION" missed="70" covered="200"/><counter type="BRANCH" missed="8" covered="14"/><counter type="LINE" missed="11" covered="37"/><counter type="COMPLEXITY" missed="11" covered="26"/><counter type="METHOD" missed="6" covered="20"/><counter type="CLASS" missed="0" covered="1"/></class><class name="sprouts/Event$2" sourcefilename="Event.java"><method name="&lt;init&gt;" desc="(Lsprouts/Event$Executor;)V" line="75"><counter type="INSTRUCTION" missed="0" covered="11"/><counter type="LINE" missed="0" covered="2"/><counter type="COMPLEXITY" missed="0" covered="1"/><counter type="METHOD" missed="0" covered="1"/></method><method name="fire" desc="()V" line="79"><counter type="INSTRUCTION" missed="0" covered="6"/><counter type="LINE" missed="0" covered="1"/><counter type="COMPLEXITY" missed="0" covered="1"/><counter type="METHOD" missed="0" covered="1"/></method><method name="subscribe" desc="(Lsprouts/Listener;)Lsprouts/Event;" line="82"><counter type="INSTRUCTION" missed="0" covered="7"/><counter type="LINE" missed="0" covered="2"/><counter type="COMPLEXITY" missed="0" covered="1"/><counter type="METHOD" missed="0" covered="1"/></method><method name="unsubscribe" desc="(Lsprouts/Listener;)Lsprouts/Noticeable;" line="87"><counter type="INSTRUCTION" missed="7" covered="0"/><counter type="LINE" missed="2" covered="0"/><counter type="COMPLEXITY" missed="1" covered="0"/><counter type="METHOD" missed="1" covered="0"/></method><method name="unsubscribeAll" desc="()V" line="90"><counter type="INSTRUCTION" missed="4" covered="0"/><counter type="LINE" missed="1" covered="0"/><counter type="COMPLEXITY" missed="1" covered="0"/><counter type="METHOD" missed="1" covered="0"/></method><method name="lambda$fire$0" desc="()V" line="79"><counter type="INSTRUCTION" missed="0" covered="5"/><counter type="LINE" missed="0" covered="1"/><counter type="COMPLEXITY" missed="0" covered="1"/><counter type="METHOD" missed="0" covered="1"/></method><counter type="INSTRUCTION" missed="11" covered="29"/><counter type="LINE" missed="3" covered="5"/><counter type="COMPLEXITY" missed="2" covered="4"/><counter type="METHOD" missed="2" covered="4"/><counter type="CLASS" missed="0" covered="1"/></class><class name="sprouts/Event$1" sourcefilename="Event.java"><method name="&lt;init&gt;" desc="()V" line="49"><counter type="INSTRUCTION" missed="0" covered="8"/><counter type="LINE" missed="0" covered="2"/><counter type="COMPLEXITY" missed="0" covered="1"/><counter type="METHOD" missed="0" covered="1"/></method><method name="fire" desc="()V" line="52"><counter type="INSTRUCTION" missed="0" covered="5"/><counter type="LINE" missed="0" covered="1"/><counter type="COMPLEXITY" missed="0" covered="1"/><counter type="METHOD" missed="0" covered="1"/></method><method name="subscribe" desc="(Lsprouts/Listener;)Lsprouts/Event;" line="55"><counter type="INSTRUCTION" missed="0" covered="7"/><counter type="LINE" missed="0" covered="2"/><counter type="COMPLEXITY" missed="0" covered="1"/><counter type="METHOD" missed="0" covered="1"/></method><method name="unsubscribe" desc="(Lsprouts/Listener;)Lsprouts/Noticeable;" line="60"><counter type="INSTRUCTION" missed="0" covered="7"/><counter type="LINE" missed="0" covered="2"/><counter type="COMPLEXITY" missed="0" covered="1"/><counter type="METHOD" missed="0" covered="1"/></method><method name="unsubscribeAll" desc="()V" line="63"><counter type="INSTRUCTION" missed="0" covered="4"/><counter type="LINE" missed="0" covered="1"/><counter type="COMPLEXITY" missed="0" covered="1"/><counter type="METHOD" missed="0" covered="1"/></method><counter type="INSTRUCTION" missed="0" covered="31"/><counter type="LINE" missed="0" covered="8"/><counter type="COMPLEXITY" missed="0" covered="5"/><counter type="METHOD" missed="0" covered="5"/><counter type="CLASS" missed="0" covered="1"/></class><class name="sprouts/Vars" sourcefilename="Vars.java"><method name="of" desc="(Ljava/lang/Class;[Lsprouts/Var;)Lsprouts/Vars;" line="30"><counter type="INSTRUCTION" missed="0" covered="5"/><counter type="LINE" missed="0" covered="1"/><counter type="COMPLEXITY" missed="0" covered="1"/><counter type="METHOD" missed="0" covered="1"/></method><method name="of" desc="(Ljava/lang/Class;)Lsprouts/Vars;" line="41"><counter type="INSTRUCTION" missed="0" covered="6"/><counter type="LINE" missed="0" covered="1"/><counter type="COMPLEXITY" missed="0" covered="1"/><counter type="METHOD" missed="0" covered="1"/></method><method name="of" desc="(Lsprouts/Var;[Lsprouts/Var;)Lsprouts/Vars;" line="51"><counter type="INSTRUCTION" missed="0" covered="5"/><counter type="LINE" missed="0" covered="1"/><counter type="COMPLEXITY" missed="0" covered="1"/><counter type="METHOD" missed="0" covered="1"/></method><method name="of" desc="(Ljava/lang/Object;[Ljava/lang/Object;)Lsprouts/Vars;" line="61"><counter type="INSTRUCTION" missed="0" covered="5"/><counter type="LINE" missed="0" covered="1"/><counter type="COMPLEXITY" missed="0" covered="1"/><counter type="METHOD" missed="0" covered="1"/></method><method name="of" desc="(Ljava/lang/Class;Ljava/lang/Iterable;)Lsprouts/Vars;" line="72"><counter type="INSTRUCTION" missed="0" covered="5"/><counter type="LINE" missed="0" covered="1"/><counter type="COMPLEXITY" missed="0" covered="1"/><counter type="METHOD" missed="0" covered="1"/></method><method name="ofNullable" desc="(Ljava/lang/Class;[Lsprouts/Var;)Lsprouts/Vars;" line="86"><counter type="INSTRUCTION" missed="5" covered="0"/><counter type="LINE" missed="1" covered="0"/><counter type="COMPLEXITY" missed="1" covered="0"/><counter type="METHOD" missed="1" covered="0"/></method><method name="ofNullable" desc="(Ljava/lang/Class;)Lsprouts/Vars;" line="98"><counter type="INSTRUCTION" missed="4" covered="0"/><counter type="LINE" missed="1" covered="0"/><counter type="COMPLEXITY" missed="1" covered="0"/><counter type="METHOD" missed="1" covered="0"/></method><method name="ofNullable" desc="(Ljava/lang/Class;[Ljava/lang/Object;)Lsprouts/Vars;" line="112"><counter type="INSTRUCTION" missed="0" covered="5"/><counter type="LINE" missed="0" covered="1"/><counter type="COMPLEXITY" missed="0" covered="1"/><counter type="METHOD" missed="0" covered="1"/></method><method name="ofNullable" desc="(Lsprouts/Var;[Lsprouts/Var;)Lsprouts/Vars;" line="124"><counter type="INSTRUCTION" missed="5" covered="0"/><counter type="LINE" missed="1" covered="0"/><counter type="COMPLEXITY" missed="1" covered="0"/><counter type="METHOD" missed="1" covered="0"/></method><method name="first" desc="()Lsprouts/Var;" line="131"><counter type="INSTRUCTION" missed="0" covered="4"/><counter type="LINE" missed="0" covered="1"/><counter type="COMPLEXITY" missed="0" covered="1"/><counter type="METHOD" missed="0" covered="1"/></method><method name="last" desc="()Lsprouts/Var;" line="134"><counter type="INSTRUCTION" missed="0" covered="7"/><counter type="LINE" missed="0" covered="1"/><counter type="COMPLEXITY" missed="0" covered="1"/><counter type="METHOD" missed="0" covered="1"/></method><method name="add" desc="(Ljava/lang/Object;)Lsprouts/Vars;" line="142"><counter type="INSTRUCTION" missed="0" covered="5"/><counter type="LINE" missed="0" covered="1"/><counter type="COMPLEXITY" missed="0" covered="1"/><counter type="METHOD" missed="0" covered="1"/></method><method name="add" desc="(Lsprouts/Var;)Lsprouts/Vars;" line="150"><counter type="INSTRUCTION" missed="0" covered="6"/><counter type="LINE" missed="0" covered="1"/><counter type="COMPLEXITY" missed="0" covered="1"/><counter type="METHOD" missed="0" covered="1"/></method><method name="popAt" desc="(I)Lsprouts/Var;" line="167"><counter type="INSTRUCTION" missed="0" covered="10"/><counter type="LINE" missed="0" covered="3"/><counter type="COMPLEXITY" missed="0" covered="1"/><counter type="METHOD" missed="0" covered="1"/></method><method name="remove" desc="(Ljava/lang/Object;)Lsprouts/Vars;" line="179"><counter type="INSTRUCTION" missed="2" covered="11"/><counter type="BRANCH" missed="1" covered="1"/><counter type="LINE" missed="0" covered="2"/><counter type="COMPLEXITY" missed="1" covered="1"/><counter type="METHOD" missed="0" covered="1"/></method><method name="removeOrThrow" desc="(Ljava/lang/Object;)Lsprouts/Vars;" line="191"><counter type="INSTRUCTION" missed="0" covered="23"/><counter type="BRANCH" missed="0" covered="2"/><counter type="LINE" missed="0" covered="4"/><counter type="COMPLEXITY" missed="0" covered="2"/><counter type="METHOD" missed="0" covered="1"/></method><method name="remove" desc="(Lsprouts/Var;)Lsprouts/Vars;" line="204"><counter type="INSTRUCTION" missed="12" covered="0"/><counter type="BRANCH" missed="2" covered="0"/><counter type="LINE" missed="2" covered="0"/><counter type="COMPLEXITY" missed="2" covered="0"/><counter type="METHOD" missed="1" covered="0"/></method><method name="removeOrThrow" desc="(Lsprouts/Var;)Lsprouts/Vars;" line="216"><counter type="INSTRUCTION" missed="22" covered="0"/><counter type="BRANCH" missed="2" covered="0"/><counter type="LINE" missed="4" covered="0"/><counter type="COMPLEXITY" missed="2" covered="0"/><counter type="METHOD" missed="1" covered="0"/></method><method name="removeFirst" desc="()Lsprouts/Vars;" line="227"><counter type="INSTRUCTION" missed="1" covered="8"/><counter type="BRANCH" missed="1" covered="1"/><counter type="LINE" missed="0" covered="1"/><counter type="COMPLEXITY" missed="1" covered="1"/><counter type="METHOD" missed="0" covered="1"/></method><method name="popFirst" desc="()Lsprouts/Var;" line="235"><counter type="INSTRUCTION" missed="0" covered="8"/><counter type="LINE" missed="0" covered="3"/><counter type="COMPLEXITY" missed="0" covered="1"/><counter type="METHOD" missed="0" covered="1"/></method><method name="removeLast" desc="()Lsprouts/Vars;" line="245"><counter type="INSTRUCTION" missed="1" covered="11"/><counter type="BRANCH" missed="1" covered="1"/><counter type="LINE" missed="0" covered="1"/><counter type="COMPLEXITY" missed="1" covered="1"/><counter type="METHOD" missed="0" covered="1"/></method><method name="popLast" desc="()Lsprouts/Var;" line="253"><counter type="INSTRUCTION" missed="0" covered="8"/><counter type="LINE" missed="0" covered="3"/><counter type="COMPLEXITY" missed="0" covered="1"/><counter type="METHOD" missed="0" covered="1"/></method><method name="removeIf" desc="(Ljava/util/function/Predicate;)Lsprouts/Vars;" line="298"><counter type="INSTRUCTION" missed="0" covered="31"/><counter type="BRANCH" missed="0" covered="4"/><counter type="LINE" missed="0" covered="5"/><counter type="COMPLEXITY" missed="0" covered="3"/><counter type="METHOD" missed="0" covered="1"/></method><method name="popIf" desc="(Ljava/util/function/Predicate;)Lsprouts/Vars;" line="315"><counter type="INSTRUCTION" missed="0" covered="32"/><counter type="BRANCH" missed="0" covered="4"/><counter type="LINE" missed="0" covered="5"/><counter type="COMPLEXITY" missed="0" covered="3"/><counter type="METHOD" missed="0" covered="1"/></method><method name="removeIfItem" desc="(Ljava/util/function/Predicate;)Lsprouts/Vars;" line="332"><counter type="INSTRUCTION" missed="0" covered="32"/><counter type="BRANCH" missed="0" covered="4"/><counter type="LINE" missed="0" covered="5"/><counter type="COMPLEXITY" missed="0" covered="3"/><counter type="METHOD" missed="0" covered="1"/></method><method name="popIfItem" desc="(Ljava/util/function/Predicate;)Lsprouts/Vars;" line="349"><counter type="INSTRUCTION" missed="0" covered="33"/><counter type="BRANCH" missed="0" covered="4"/><counter type="LINE" missed="0" covered="5"/><counter type="COMPLEXITY" missed="0" covered="3"/><counter type="METHOD" missed="0" covered="1"/></method><method name="removeAll" desc="([Ljava/lang/Object;)Lsprouts/Vars;" line="373"><counter type="INSTRUCTION" missed="0" covered="29"/><counter type="BRANCH" missed="0" covered="2"/><counter type="LINE" missed="0" covered="3"/><counter type="COMPLEXITY" missed="0" covered="2"/><counter type="METHOD" missed="0" covered="1"/></method><method name="addAt" desc="(ILjava/lang/Object;)Lsprouts/Vars;" line="385"><counter type="INSTRUCTION" missed="0" covered="6"/><counter type="LINE" missed="0" covered="1"/><counter type="COMPLEXITY" missed="0" covered="1"/><counter type="METHOD" missed="0" covered="1"/></method><method name="setAt" desc="(ILjava/lang/Object;)Lsprouts/Vars;" line="402"><counter type="INSTRUCTION" missed="0" covered="6"/><counter type="LINE" missed="0" covered="1"/><counter type="COMPLEXITY" missed="0" covered="1"/><counter type="METHOD" missed="0" covered="1"/></method><method name="addAll" desc="([Ljava/lang/Object;)Lsprouts/Vars;" line="422"><counter type="INSTRUCTION" missed="0" covered="28"/><counter type="BRANCH" missed="0" covered="2"/><counter type="LINE" missed="0" covered="3"/><counter type="COMPLEXITY" missed="0" covered="2"/><counter type="METHOD" missed="0" covered="1"/></method><method name="addAll" desc="(Ljava/lang/Iterable;)Lsprouts/Vars;" line="435"><counter type="INSTRUCTION" missed="22" covered="0"/><counter type="BRANCH" missed="2" covered="0"/><counter type="LINE" missed="3" covered="0"/><counter type="COMPLEXITY" missed="2" covered="0"/><counter type="METHOD" missed="1" covered="0"/></method><method name="addAll" desc="(Lsprouts/Vals;)Lsprouts/Vars;" line="448"><counter type="INSTRUCTION" missed="16" covered="0"/><counter type="BRANCH" missed="2" covered="0"/><counter type="LINE" missed="2" covered="0"/><counter type="COMPLEXITY" missed="2" covered="0"/><counter type="METHOD" missed="1" covered="0"/></method><method name="retainAll" desc="([Ljava/lang/Object;)Lsprouts/Vars;" line="470"><counter type="INSTRUCTION" missed="0" covered="29"/><counter type="BRANCH" missed="0" covered="2"/><counter type="LINE" missed="0" covered="3"/><counter type="COMPLEXITY" missed="0" covered="2"/><counter type="METHOD" missed="0" covered="1"/></method><method name="map" desc="(Ljava/util/function/Function;)Lsprouts/Vars;" line="488"><counter type="INSTRUCTION" missed="0" covered="32"/><counter type="BRANCH" missed="0" covered="2"/><counter type="LINE" missed="0" covered="5"/><counter type="COMPLEXITY" missed="0" covered="2"/><counter type="METHOD" missed="0" covered="1"/></method><method name="mapTo" desc="(Ljava/lang/Class;Ljava/util/function/Function;)Lsprouts/Vars;" line="500"><counter type="INSTRUCTION" missed="0" covered="31"/><counter type="BRANCH" missed="0" covered="2"/><counter type="LINE" missed="0" covered="6"/><counter type="COMPLEXITY" missed="0" covered="2"/><counter type="METHOD" missed="0" covered="1"/></method><method name="toVals" desc="()Lsprouts/Vals;" line="509"><counter type="INSTRUCTION" missed="0" covered="5"/><counter type="LINE" missed="0" covered="1"/><counter type="COMPLEXITY" missed="0" covered="1"/><counter type="METHOD" missed="0" covered="1"/></method><method name="sort" desc="()V" line="526"><counter type="INSTRUCTION" missed="5" covered="12"/><counter type="BRANCH" missed="1" covered="1"/><counter type="LINE" missed="1" covered="5"/><counter type="COMPLEXITY" missed="1" covered="1"/><counter type="METHOD" missed="0" covered="1"/></method><counter type="INSTRUCTION" missed="95" covered="438"/><counter type="BRANCH" missed="12" covered="32"/><counter type="LINE" missed="15" covered="75"/><counter type="COMPLEXITY" missed="15" covered="44"/>
[...]
 missed="13" covered="24"/><counter type="BRANCH" missed="1" covered="1"/><counter type="LINE" missed="1" covered="5"/><counter type="COMPLEXITY" missed="1" covered="1"/><counter type="METHOD" missed="0" covered="1"/></method><method name="ofList" desc="(Ljava/lang/Class;Ljava/util/List;Ljava/util/List;)Lsprouts/Result;" line="179"><counter type="INSTRUCTION" missed="13" covered="32"/><counter type="BRANCH" missed="1" covered="1"/><counter type="LINE" missed="1" covered="6"/><counter type="COMPLEXITY" missed="1" covered="1"/><counter type="METHOD" missed="0" covered="1"/></method><method name="hasProblems" desc="()Z" line="196"><counter type="INSTRUCTION" missed="8" covered="0"/><counter type="BRANCH" missed="2" covered="0"/><counter type="LINE" missed="1" covered="0"/><counter type="COMPLEXITY" missed="2" covered="0"/><counter type="METHOD" missed="1" covered="0"/></method><method name="lambda$ofList$1" desc="(Ljava/lang/Class;Ljava/lang/Object;)Z" line="181"><counter type="INSTRUCTION" missed="0" covered="5"/><counter type="LINE" missed="0" covered="1"/><counter type="COMPLEXITY" missed="0" covered="1"/><counter type="METHOD" missed="0" covered="1"/></method><method name="lambda$ofList$0" desc="(Ljava/lang/Class;Ljava/lang/Object;)Z" line="161"><counter type="INSTRUCTION" missed="0" covered="5"/><counter type="LINE" missed="0" covered="1"/><counter type="COMPLEXITY" missed="0" covered="1"/><counter type="METHOD" missed="0" covered="1"/></method><counter type="INSTRUCTION" missed="117" covered="112"/><counter type="BRANCH" missed="4" covered="2"/><counter type="LINE" missed="19" covered="19"/><counter type="COMPLEXITY" missed="10" covered="7"/><counter type="METHOD" missed="7" covered="7"/><counter type="CLASS" missed="0" covered="1"/></class><sourcefile name="ValsDelegate.java"/><sourcefile name="Listener.java"/><sourcefile name="Var.java"><line nr="64" mi="0" ci="5" mb="0" cb="0"/><line nr="80" mi="5" ci="0" mb="0" cb="0"/><line nr="95" mi="0" ci="4" mb="0" cb="0"/><line nr="111" mi="5" ci="0" mb="0" cb="0"/><line nr="179" mi="3" ci="0" mb="2" cb="0"/><line nr="180" mi="5" ci="0" mb="0" cb="0"/><line nr="182" mi="5" ci="0" mb="0" cb="0"/><line nr="183" mi="2" ci="0" mb="2" cb="0"/><line nr="184" mi="5" ci="0" mb="0" cb="0"/><line nr="186" mi="3" ci="0" mb="0" cb="0"/><line nr="196" mi="0" ci="3" mb="0" cb="2"/><line nr="197" mi="0" ci="4" mb="0" cb="0"/><line nr="199" mi="0" ci="5" mb="0" cb="0"/><line nr="200" mi="0" ci="2" mb="1" cb="1"/><line nr="201" mi="4" ci="0" mb="0" cb="0"/><line nr="202" mi="0" ci="3" mb="0" cb="0"/><counter type="INSTRUCTION" missed="37" covered="26"/><counter type="BRANCH" missed="5" covered="3"/><counter type="LINE" missed="9" covered="7"/><counter type="COMPLEXITY" missed="6" covered="4"/><counter type="METHOD" missed="3" covered="3"/><counter type="CLASS" missed="0" covered="1"/></sourcefile><sourcefile name="Noticeable.java"/><sourcefile name="Vars.java"><line nr="30" mi="0" ci="5" mb="0" cb="0"/><line nr="41" mi="0" ci="6" mb="0" cb="0"/><line nr="51" mi="0" ci="5" mb="0" cb="0"/><line nr="61" mi="0" ci="5" mb="0" cb="0"/><line nr="72" mi="0" ci="5" mb="0" cb="0"/><line nr="86" mi="5" ci="0" mb="0" cb="0"/><line nr="98" mi="4" ci="0" mb="0" cb="0"/><line nr="112" mi="0" ci="5" mb="0" cb="0"/><line nr="124" mi="5" ci="0" mb="0" cb="0"/><line nr="131" mi="0" ci="4" mb="0" cb="0"/><line nr="134" mi="0" ci="7" mb="0" cb="0"/><line nr="142" mi="0" ci="5" mb="0" cb="0"/><line nr="150" mi="0" ci="6" mb="0" cb="0"/><line nr="167" mi="0" ci="4" mb="0" cb="0"/><line nr="168" mi="0" ci="4" mb="0" cb="0"/><line nr="169" mi="0" ci="2" mb="0" cb="0"/><line nr="179" mi="0" ci="5" mb="0" cb="0"/><line nr="180" mi="2" ci="6" mb="1" cb="1"/><line nr="191" mi="0" ci="5" mb="0" cb="0"/><line nr="192" mi="0" ci="2" mb="0" cb="2"/><line nr="193" mi="0" ci="12" mb="0" cb="0"/><line nr="194" mi="0" ci="4" mb="0" cb="0"/><line nr="204" mi="4" ci="0" mb="0" cb="0"/><line nr="205" mi="8" ci="0" mb="2" cb="0"/><line nr="216" mi="4" ci="0" mb="0" cb="0"/><line nr="217" mi="2" ci="0" mb="2" cb="0"/><line nr="218" mi="12" ci="0" mb="0" cb="0"/><line nr="219" mi="4" ci="0" mb="0" cb="0"/><line nr="227" mi="1" ci="8" mb="1" cb="1"/><line nr="235" mi="0" ci="3" mb="0" cb="0"/><line nr="236" mi="0" ci="3" mb="0" cb="0"/><line nr="237" mi="0" ci="2" mb="0" cb="0"/><line nr="245" mi="1" ci="11" mb="1" cb="1"/><line nr="253" mi="0" ci="3" mb="0" cb="0"/><line nr="254" mi="0" ci="3" mb="0" cb="0"/><line nr="255" mi="0" ci="2" mb="0" cb="0"/><line nr="298" mi="0" ci="4" mb="0" cb="0"/><line nr="299" mi="0" ci="9" mb="0" cb="2"/><line nr="300" mi="0" ci="12" mb="0" cb="2"/><line nr="302" mi="0" ci="4" mb="0" cb="0"/><line nr="303" mi="0" ci="2" mb="0" cb="0"/><line nr="315" mi="0" ci="4" mb="0" cb="0"/><line nr="316" mi="0" ci="9" mb="0" cb="2"/><line nr="317" mi="0" ci="12" mb="0" cb="2"/><line nr="319" mi="0" ci="4" mb="0" cb="0"/><line nr="320" mi="0" ci="3" mb="0" cb="0"/><line nr="332" mi="0" ci="4" mb="0" cb="0"/><line nr="333" mi="0" ci="9" mb="0" cb="2"/><line nr="334" mi="0" ci="13" mb="0" cb="2"/><line nr="336" mi="0" ci="4" mb="0" cb="0"/><line nr="337" mi="0" ci="2" mb="0" cb="0"/><line nr="349" mi="0" ci="4" mb="0" cb="0"/><line nr="350" mi="0" ci="9" mb="0" cb="2"/><line nr="351" mi="0" ci="13" mb="0" cb="2"/><line nr="353" mi="0" ci="4" mb="0" cb="0"/><line nr="354" mi="0" ci="3" mb="0" cb="0"/><line nr="373" mi="0" ci="4" mb="0" cb="0"/><line nr="374" mi="0" ci="21" mb="0" cb="2"/><line nr="375" mi="0" ci="4" mb="0" cb="0"/><line nr="385" mi="0" ci="6" mb="0" cb="0"/><line nr="402" mi="0" ci="6" mb="0" cb="0"/><line nr="422" mi="0" ci="4" mb="0" cb="0"/><line nr="423" mi="0" ci="20" mb="0" cb="2"/><line nr="424" mi="0" ci="4" mb="0" cb="0"/><line nr="435" mi="4" ci="0" mb="0" cb="0"/><line nr="436" mi="14" ci="0" mb="2" cb="0"/><line nr="437" mi="4" ci="0" mb="0" cb="0"/><line nr="448" mi="14" ci="0" mb="2" cb="0"/><line nr="449" mi="2" ci="0" mb="0" cb="0"/><line nr="470" mi="0" ci="4" mb="0" cb="0"/><line nr="471" mi="0" ci="21" mb="0" cb="2"/><line nr="472" mi="0" ci="4" mb="0" cb="0"/><line nr="488" mi="0" ci="3" mb="0" cb="0"/><line nr="490" mi="0" ci="4" mb="0" cb="0"/><line nr="491" mi="0" ci="2" mb="0" cb="0"/><line nr="492" mi="0" ci="18" mb="0" cb="2"/><line nr="493" mi="0" ci="5" mb="0" cb="0"/><line nr="500" mi="0" ci="3" mb="0" cb="0"/><line nr="501" mi="0" ci="3" mb="0" cb="0"/><line nr="503" mi="0" ci="4" mb="0" cb="0"/><line nr="504" mi="0" ci="8" mb="0" cb="2"/><line nr="505" mi="0" ci="9" mb="0" cb="0"/><line nr="506" mi="0" ci="4" mb="0" cb="0"/><line nr="509" mi="0" ci="5" mb="0" cb="0"/><line nr="526" mi="0" ci="5" mb="1" cb="1"/><line nr="528" mi="0" ci="2" mb="0" cb="0"/><line nr="529" mi="0" ci="3" mb="0" cb="0"/><line nr="530" mi="0" ci="1" mb="0" cb="0"/><line nr="532" mi="5" ci="0" mb="0" cb="0"/><line nr="533" mi="0" ci="1" mb="0" cb="0"/><counter type="INSTRUCTION" missed="95" covered="438"/><counter type="BRANCH" missed="12" covered="32"/><counter type="LINE" missed="15" covered="75"/><counter type="COMPLEXITY" missed="15" covered="44"/><counter type="METHOD" missed="7" covered="30"/><counter type="CLASS" missed="0" covered="1"/></sourcefile><sourcefile name="Result.java"><line nr="29" mi="3" ci="0" mb="0" cb="0"/><line nr="30" mi="8" ci="0" mb="0" cb="0"/><line nr="41" mi="0" ci="3" mb="0" cb="0"/><line nr="42" mi="0" ci="4" mb="0" cb="0"/><line nr="57" mi="3" ci="0" mb="0" cb="0"/><line nr="58" mi="5" ci="0" mb="0" cb="0"/><line nr="70" mi="0" ci="3" mb="0" cb="0"/><line nr="71" mi="0" ci="8" mb="0" cb="0"/><line nr="72" mi="0" ci="9" mb="0" cb="0"/><line nr="84" mi="0" ci="3" mb="0" cb="0"/><line nr="85" mi="0" ci="8" mb="0" cb="0"/><line nr="86" mi="0" ci="8" mb="0" cb="0"/><line nr="99" mi="3" ci="0" mb="0" cb="0"/><line nr="100" mi="8" ci="0" mb="0" cb="0"/><line nr="101" mi="8" ci="0" mb="0" cb="0"/><line nr="114" mi="3" ci="0" mb="0" cb="0"/><line nr="115" mi="3" ci="0" mb="0" cb="0"/><line nr="116" mi="9" ci="0" mb="0" cb="0"/><line nr="128" mi="3" ci="0" mb="0" cb="0"/><line nr="129" mi="3" ci="0" mb="0" cb="0"/><line nr="130" mi="9" ci="0" mb="0" cb="0"/><line nr="142" mi="3" ci="0" mb="0" cb="0"/><line nr="143" mi="3" ci="0" mb="0" cb="0"/><line nr="144" mi="9" ci="0" mb="0" cb="0"/><line nr="158" mi="0" ci="3" mb="0" cb="0"/><line nr="159" mi="0" ci="3" mb="0" cb="0"/><line nr="161" mi="0" ci="13" mb="0" cb="0"/><line nr="162" mi="0" ci="2" mb="1" cb="1"/><line nr="163" mi="13" ci="0" mb="0" cb="0"/><line nr="164" mi="0" ci="8" mb="0" cb="0"/><line nr="179" mi="0" ci="3" mb="0" cb="0"/><line nr="180" mi="0" ci="3" mb="0" cb="0"/><line nr="181" mi="0" ci="13" mb="0" cb="0"/><line nr="182" mi="0" ci="2" mb="1" cb="1"/><line nr="183" mi="13" ci="0" mb="0" cb="0"/><line nr="184" mi="0" ci="8" mb="0" cb="0"/><line nr="185" mi="0" ci="8" mb="0" cb="0"/><line nr="196" mi="8" ci="0" mb="2" cb="0"/><counter type="INSTRUCTION" missed="117" covered="112"/><counter type="BRANCH" missed="4" covered="2"/><counter type="LINE" missed="19" covered="19"/><counter type="COMPLEXITY" missed="10" covered="7"/><counter type="METHOD" missed="7" covered="7"/><counter type="CLASS" missed="0" covered="1"/></sourcefile><sourcefile name="Problem.java"><line nr="43" mi="0" ci="3" mb="0" cb="0"/><line nr="44" mi="0" ci="3" mb="0" cb="0"/><line nr="45" mi="4" ci="5" mb="2" cb="2"/><line nr="46" mi="3" ci="5" mb="2" cb="2"/><line nr="47" mi="0" ci="3" mb="0" cb="0"/><line nr="48" mi="0" ci="2" mb="0" cb="0"/><line nr="49" mi="0" ci="15" mb="0" cb="0"/><line nr="50" mi="0" ci="4" mb="0" cb="0"/><line nr="51" mi="0" ci="5" mb="0" cb="0"/><line nr="52" mi="0" ci="3" mb="0" cb="0"/><line nr="53" mi="15" ci="0" mb="0" cb="0"/><line nr="63" mi="0" ci="4" mb="0" cb="0"/><line nr="73" mi="0" ci="3" mb="0" cb="0"/><line nr="74" mi="0" ci="3" mb="0" cb="0"/><line nr="75" mi="0" ci="15" mb="0" cb="0"/><line nr="76" mi="0" ci="3" mb="0" cb="0"/><line nr="77" mi="3" ci="0" mb="0" cb="0"/><line nr="78" mi="15" ci="0" mb="0" cb="0"/><line nr="91" mi="0" ci="3" mb="0" cb="0"/><line nr="92" mi="0" ci="3" mb="0" cb="0"/><line nr="93" mi="0" ci="3" mb="0" cb="0"/><line nr="94" mi="0" ci="19" mb="0" cb="0"/><line nr="95" mi="0" ci="4" mb="0" cb="0"/><line nr="96" mi="3" ci="0" mb="0" cb="0"/><line nr="97" mi="3" ci="0" mb="0" cb="0"/><line nr="98" mi="15" ci="0" mb="0" cb="0"/><line nr="115" mi="2" ci="0" mb="0" cb="0"/><line nr="120" mi="0" ci="2" mb="0" cb="0"/><counter type="INSTRUCTION" missed="63" covered="110"/><counter type="BRANCH" missed="4" covered="4"/><counter type="LINE" missed="7" covered="21"/><counter type="COMPLEXITY" missed="11" covered="13"/><counter type="METHOD" missed="7" covered="13"/><counter type="CLASS" missed="0" covered="4"/></sourcefile><sourcefile name="Event.java"><line nr="39" mi="0" ci="2" mb="0" cb="0"/><line nr="40" mi="0" ci="4" mb="0" cb="0"/><line nr="41" mi="0" ci="2" mb="0" cb="0"/><line nr="49" mi="0" ci="6" mb="0" cb="0"/><line nr="50" mi="0" ci="6" mb="0" cb="0"/><line nr="52" mi="0" ci="5" mb="0" cb="0"/><line nr="55" mi="0" ci="5" mb="0" cb="0"/><line nr="56" mi="0" ci="2" mb="0" cb="0"/><line nr="60" mi="0" ci="5" mb="0" cb="0"/><line nr="61" mi="0" ci="2" mb="0" cb="0"/><line nr="63" mi="0" ci="4" mb="0" cb="0"/><line nr="75" mi="0" ci="10" mb="0" cb="0"/><line nr="76" mi="0" ci="6" mb="0" cb="0"/><line nr="79" mi="0" ci="11" mb="0" cb="0"/><line nr="82" mi="0" ci="5" mb="0" cb="0"/><line nr="83" mi="0" ci="2" mb="0" cb="0"/><line nr="87" mi="5" ci="0" mb="0" cb="0"/><line nr="88" mi="2" ci="0" mb="0" cb="0"/><line nr="90" mi="4" ci="0" mb="0" cb="0"/><line nr="103" mi="0" ci="2" mb="0" cb="0"/><line nr="104" mi="6" ci="2" mb="0" cb="0"/><line nr="105" mi="0" ci="7" mb="0" cb="0"/><counter type="INSTRUCTION" missed="17" covered="88"/><counter type="LINE" missed="3" covered="19"/><counter type="COMPLEXITY" missed="3" covered="13"/><counter type="METHOD" missed="3" covered="13"/><counter type="CLASS" missed="0" covered="4"/></sourcefile><sourcefile name="Vals.java"><line nr="29" mi="7" ci="0" mb="0" cb="0"/><line nr="41" mi="0" ci="4" mb="0" cb="0"/><line nr="42" mi="0" ci="7" mb="0" cb="0"/><line nr="43" mi="0" ci="6" mb="0" cb="0"/><line nr="54" mi="0" ci="5" mb="0" cb="0"/><line nr="65" mi="5" ci="0" mb="0" cb="0"/><line nr="69" mi="0" ci="5" mb="0" cb="0"/><line nr="81" mi="0" ci="4" mb="0" cb="0"/><line nr="82" mi="0" ci="7" mb="0" cb="0"/><line nr="83" mi="0" ci="5" mb="0" cb="0"/><line nr="95" mi="5" ci="0" mb="0" cb="0"/><line nr="107" mi="4" ci="0" mb="0" cb="0"/><line nr="108" mi="7" ci="0" mb="0" cb="0"/><line nr="109" mi="6" ci="0" mb="0" cb="0"/><line nr="144" mi="2" ci="5" mb="1" cb="1"/><line nr="149" mi="1" ci="6" mb="1" cb="1"/><line nr="155" mi="0" ci="9" mb="0" cb="2"/><line nr="163" mi="0" ci="2" mb="0" cb="0"/><line nr="164" mi="0" ci="9" mb="0" cb="2"/><line nr="165" mi="0" ci="6" mb="0" cb="2"/><line nr="166" mi="0" ci="1" mb="0" cb="0"/><line nr="167" mi="0" ci="1" mb="0" cb="0"/><line nr="168" mi="0" ci="2" mb="0" cb="0"/><line nr="175" mi="0" ci="5" mb="0" cb="0"/><line nr="181" mi="0" ci="5" mb="0" cb="0"/><line nr="191" mi="7" ci="0" mb="2" cb="0"/><line nr="192" mi="8" ci="0" mb="2" cb="0"/><line nr="193" mi="10" ci="0" mb="2" cb="0"/><line nr="195" mi="2" ci="0" mb="0" cb="0"/><line nr="231" mi="0" ci="5" mb="0" cb="0"/><line nr="236" mi="0" ci="7" mb="0" cb="0"/><line nr="242" mi="0" ci="3" mb="0" cb="0"/><line nr="243" mi="0" ci="17" mb="0" cb="2"/><line nr="250" mi="0" ci="7" mb="0" cb="0"/><line nr="256" mi="0" ci="4" mb="0" cb="0"/><line nr="257" mi="0" ci="8" mb="0" cb="2"/><line nr="258" mi="0" ci="4" mb="0" cb="0"/><line nr="259" mi="0" ci="7" mb="0" cb="0"/><line nr="261" mi="0" ci="3" mb="0" cb="0"/><line nr="268" mi="0" ci="4" mb="0" cb="0"/><line nr="269" mi="0" ci="8" mb="0" cb="2"/><line nr="270" mi="0" ci="4" mb="0" cb="0"/><line nr="271" mi="0" ci="6" mb="0" cb="0"/><line nr="273" mi="0" ci="3" mb="0" cb="0"/><line nr="281" mi="0" ci="6" mb="0" cb="0"/><line nr="288" mi="6" ci="0" mb="0" cb="0"/><line nr="295" mi="0" ci="6" mb="0" cb="0"/><line nr="301" mi="0" ci="4" mb="0" cb="0"/><counter type="INSTRUCTION" missed="70" covered="200"/><counter type="BRANCH" missed="8" covered="14"/><counter type="LINE" missed="11" covered="37"/><counter type="COMPLEXITY" missed="11" covered="26"/><counter type="METHOD" missed="6" covered="20"/><counter type="CLASS" missed="0" covered="1"/></sourcefile><sourcefile name="Val.java"><line nr="32" mi="0" ci="4" mb="0" cb="0"/><line nr="50" mi="0" ci="5" mb="0" cb="0"/><line nr="62" mi="5" ci="0" mb="0" cb="0"/><line nr="73" mi="0" ci="4" mb="0" cb="0"/><line nr="85" mi="3" ci="0" mb="0" cb="0"/><line nr="86" mi="7" ci="0" mb="0" cb="0"/><line nr="99" mi="0" ci="3" mb="0" cb="0"/><line nr="100" mi="0" ci="9" mb="0" cb="0"/><line nr="116" mi="0" ci="3" mb="0" cb="0"/><line nr="126" mi="0" ci="8" mb="0" cb="2"/><line nr="136" mi="0" ci="5" mb="0" cb="0"/><line nr="148" mi="9" ci="0" mb="2" cb="0"/><line nr="167" mi="0" ci="3" mb="0" cb="2"/><line nr="168" mi="0" ci="5" mb="0" cb="0"/><line nr="170" mi="0" ci="3" mb="0" cb="0"/><line nr="178" mi="0" ci="7" mb="0" cb="2"/><line nr="186" mi="0" ci="7" mb="0" cb="2"/><line nr="197" mi="0" ci="3" mb="1" cb="1"/><line nr="198" mi="0" ci="4" mb="0" cb="0"/><line nr="199" mi="0" ci="1" mb="0" cb="0"/><line nr="213" mi="3" ci="0" mb="2" cb="0"/><line nr="214" mi="5" ci="0" mb="0" cb="0"/><line nr="216" mi="2" ci="0" mb="0" cb="0"/><line nr="217" mi="1" ci="0" mb="0" cb="0"/><line nr="232" mi="3" ci="0" mb="0" cb="0"/><line nr="233" mi="5" ci="0" mb="2" cb="0"/><line nr="236" mi="4" ci="0" mb="0" cb="0"/><line nr="237" mi="4" ci="0" mb="0" cb="0"/><line nr="276" mi="0" ci="6" mb="0" cb="0"/><line nr="285" mi="5" ci="0" mb="0" cb="0"/><line nr="294" mi="4" ci="0" mb="0" cb="0"/><line nr="304" mi="0" ci="6" mb="0" cb="0"/><line nr="306" mi="0" ci="5" mb="0" cb="0"/><line nr="307" mi="1" ci="0" mb="0" cb="0"/><line nr="308" mi="3" ci="0" mb="0" cb="0"/><line nr="321" mi="4" ci="0" mb="0" cb="0"/><line nr="323" mi="5" ci="0" mb="0" cb="0"/><line nr="324" mi="1" ci="0" mb="0" cb="0"/><line nr="325" mi="3" ci="0" mb="0" cb="0"/><line nr="338" mi="0" ci="6" mb="0" cb="0"/><line nr="340" mi="0" ci="5" mb="0" cb="0"/><line nr="341" mi="1" ci="0" mb="0" cb="0"/><line nr="342" mi="3" ci="0" mb="0" cb="0"/><line nr="355" mi="4" ci="0" mb="0" cb="0"/><line nr="357" mi="5" ci="0" mb="0" cb="0"/><line nr="358" mi="1" ci="0" mb="0" cb="0"/><line nr="359" mi="3" ci="0" mb="0" cb="0"/><line nr="371" mi="0" ci="8" mb="0" cb="0"/><line nr="379" mi="4" ci="0" mb="0" cb="0"/><line nr="388" mi="0" ci="4" mb="0" cb="0"/><line nr="389" mi="0" ci="4" mb="0" cb="0"/><line nr="400" mi="0" ci="3" mb="0" cb="0"/><line nr="401" mi="0" ci="6" mb="0" cb="0"/><line nr="411" mi="0" ci="8" mb="0" cb="2"/><line nr="421" mi="0" ci="8" mb="0" cb="2"/><line nr="433" mi="0" ci="6" mb="0" cb="2"/><line nr="434" mi="2" ci="4" mb="1" cb="1"/><line nr="435" mi="6" ci="10" mb="1" cb="1"/><line nr="436" mi="6" ci="0" mb="2" cb="0"/><line nr="437" mi="0" ci="2" mb="0" cb="0"/><line nr="450" mi="2" ci="4" mb="1" cb="1"/><line nr="451" mi="0" ci="6" mb="0" cb="2"/><line nr="452" mi="6" ci="10" mb="1" cb="1"/><line nr="453" mi="6" ci="0" mb="2" cb="0"/><line nr="454" mi="0" ci="2" mb="0" cb="0"/><line nr="479" mi="7" ci="0" mb="2" cb="0"/><line nr="484" mi="2" ci="7" mb="1" cb="1"/><line nr="499" mi="0" ci="4" mb="0" cb="0"/><line nr="551" mi="8" ci="3" mb="1" cb="1"/><line nr="552" mi="0" ci="11" mb="0" cb="2"/><line nr="553" mi="8" ci="3" mb="1" cb="1"/><line nr="554" mi="8" ci="3" mb="1" cb="1"/><line nr="555" mi="8" ci="3" mb="1" cb="1"/><line nr="556" mi="8" ci="3" mb="1" cb="1"/><line nr="557" mi="8" ci="3" mb="1" cb="1"/><line nr="558" mi="8" ci="3" mb="1" cb="1"/><line nr="559" mi="8" ci="3" mb="1" cb="1"/><line nr="560" mi="0" ci="4" mb="0" cb="0"/><line nr="574" mi="5" ci="3" mb="1" cb="1"/><line nr="575" mi="0" ci="8" mb="0" cb="2"/><line nr="576" mi="5" ci="3" mb="1" cb="1"/><line nr="577" mi="5" ci="3" mb="1" cb="1"/><line nr="578" mi="5" ci="3" mb="1" cb="1"/><line nr="579" mi="5" ci="3" mb="1" cb="1"/><line nr="580" mi="5" ci="3" mb="1" cb="1"/><line nr="581" mi="5" ci="3" mb="1" cb="1"/><line nr="582" mi="5" ci="3" mb="1" cb="1"/><line nr="583" mi="0" ci="3" mb="0" cb="0"/><counter type="INSTRUCTION" missed="239" covered="272"/><counter type="BRANCH" missed="34" covered="42"/><counter type="LINE" missed="30" covered="58"/><counter type="COMPLEXITY" missed="41" covered="37"/><counter type="METHOD" missed="13" covered="27"/><counter type="CLASS" missed="0" covered="1"/></sourcefile><sourcefile name="Action.java"><line nr="24" mi="0" ci="2" mb="0" cb="0"/><counter type="INSTRUCTION" missed="0" covered="2"/><counter type="LINE" missed="0" covered="1"/><counter type="COMPLEXITY" missed="0" covered="1"/><counter type="METHOD" missed="0" covered="1"/><counter type="CLASS" missed="0" covered="1"/></sourcefile><sourcefile name="Change.java"><line nr="8" mi="0" ci="36" mb="0" cb="0"/><line nr="10" mi="0" ci="48" mb="0" cb="0"/><counter type="INSTRUCTION" missed="0" covered="84"/><counter type="LINE" missed="0" covered="2"/><counter type="COMPLEXITY" missed="0" covered="1"/><counter type="METHOD" missed="0" covered="1"/><counter type="CLASS" missed="0" covered="1"/></sourcefile><counter type="INSTRUCTION" missed="638" covered="1332"/><counter type="BRANCH" missed="67" covered="97"/><counter type="LINE" missed="94" covered="239"/><counter type="COMPLEXITY" missed="97" covered="146"/><counter type="METHOD" missed="46" covered="115"/><counter type="CLASS" missed="0" covered="15"/></package><counter type="INSTRUCTION" missed="1035" covered="3035"/><counter type="BRANCH" missed="126" covered="242"/><counter type="LINE" missed="146" covered="557"/><counter type="COMPLEXITY" missed="171" covered="278"/><counter type="METHOD" missed="63" covered="202"/><counter type="CLASS" missed="1" covered="26"/></report>