<?xml version="1.0" encoding="UTF-8" standalone="yes"?><!DOCTYPE report PUBLIC "-//JACOCO//DTD Report 1.1//EN" "report.dtd"><report name="sprouts"><sessioninfo id="danpad-41c9aa3b" start="1731056593193" dump="1731056618024"/><package name="sprouts/impl"><class name="sprouts/impl/PropertyListDelegate" sourcefilename="PropertyListDelegate.java"><method name="&lt;init&gt;" desc="(Lsprouts/Change;ILsprouts/Vals;Lsprouts/Vals;Lsprouts/Vals;)V" line="14"><counter type="INSTRUCTION" missed="0" covered="18"/><counter type="LINE" missed="0" covered="7"/><counter type="COMPLEXITY" missed="0" covered="1"/><counter type="METHOD" missed="0" covered="1"/></method><method name="changeType" desc="()Lsprouts/Change;" line="24"><counter type="INSTRUCTION" missed="0" covered="3"/><counter type="LINE" missed="0" covered="1"/><counter type="COMPLEXITY" missed="0" covered="1"/><counter type="METHOD" missed="0" covered="1"/></method><method name="index" desc="()I" line="29"><counter type="INSTRUCTION" missed="0" covered="3"/><counter type="LINE" missed="0" covered="1"/><counter type="COMPLEXITY" missed="0" covered="1"/><counter type="METHOD" missed="0" covered="1"/></method><method name="newValues" desc="()Lsprouts/Vals;" line="34"><counter type="INSTRUCTION" missed="0" covered="3"/><counter type="LINE" missed="0" covered="1"/><counter type="COMPLEXITY" missed="0" covered="1"/><counter type="METHOD" missed="0" covered="1"/></method><method name="oldValues" desc="()Lsprouts/Vals;" line="39"><counter type="INSTRUCTION" missed="0" covered="3"/><counter type="LINE" missed="0" covered="1"/><counter type="COMPLEXITY" missed="0" covered="1"/><counter type="METHOD" missed="0" covered="1"/></method><method name="vals" desc="()Lsprouts/Vals;" line="44"><counter type="INSTRUCTION" missed="0" covered="3"/><counter type="LINE" missed="0" covered="1"/><counter type="COMPLEXITY" missed="0" covered="1"/><counter type="METHOD" missed="0" covered="1"/></method><method name="toString" desc="()Ljava/lang/String;" line="49"><counter type="INSTRUCTION" missed="0" covered="32"/><counter type="LINE" missed="0" covered="6"/><counter type="COMPLEXITY" missed="0" covered="1"/><counter type="METHOD" missed="0" covered="1"/></method><counter type="INSTRUCTION" missed="0" covered="65"/><counter type="LINE" missed="0" covered="18"/><counter type="COMPLEXITY" missed="0" covered="7"/><counter type="METHOD" missed="0" covered="7"/><counter type="CLASS" missed="0" covered="1"/></class><class name="sprouts/impl/Property" sourcefilename="Property.java"><method name="ofNullable" desc="(ZLjava/lang/Class;Ljava/lang/Object;)Lsprouts/Var;" line="18"><counter type="INSTRUCTION" missed="0" covered="13"/><counter type="LINE" missed="0" covered="1"/><counter type="COMPLEXITY" missed="0" covered="1"/><counter type="METHOD" missed="0" covered="1"/></method><method name="of" desc="(ZLjava/lang/Class;Ljava/lang/Object;)Lsprouts/Var;" line="22"><counter type="INSTRUCTION" missed="0" covered="13"/><counter type="LINE" missed="0" covered="1"/><counter type="COMPLEXITY" missed="0" covered="1"/><counter type="METHOD" missed="0" covered="1"/></method><method name="of" desc="(ZLjava/lang/Object;)Lsprouts/Var;" line="26"><counter type="INSTRUCTION" missed="0" covered="19"/><counter type="LINE" missed="0" covered="3"/><counter type="COMPLEXITY" missed="0" covered="1"/><counter type="METHOD" missed="0" covered="1"/></method><method name="&lt;init&gt;" desc="(ZLjava/lang/Class;Ljava/lang/Object;Ljava/lang/String;Lsprouts/impl/ChangeListeners;Z)V" line="49"><counter type="INSTRUCTION" missed="25" covered="54"/><counter type="BRANCH" missed="3" covered="7"/><counter type="LINE" missed="3" covered="15"/><counter type="COMPLEXITY" missed="3" covered="3"/><counter type="METHOD" missed="0" covered="1"/></method><method name="withId" desc="(Ljava/lang/String;)Lsprouts/Var;" line="76"><counter type="INSTRUCTION" missed="0" covered="15"/><counter type="LINE" missed="0" covered="1"/><counter type="COMPLEXITY" missed="0" covered="1"/><counter type="METHOD" missed="0" covered="1"/></method><method name="type" desc="()Ljava/lang/Class;" line="80"><counter type="INSTRUCTION" missed="0" covered="3"/><counter type="LINE" missed="0" covered="1"/><counter type="COMPLEXITY" missed="0" covered="1"/><counter type="METHOD" missed="0" covered="1"/></method><method name="id" desc="()Ljava/lang/String;" line="83"><counter type="INSTRUCTION" missed="0" covered="3"/><counter type="LINE" missed="0" covered="1"/><counter type="COMPLEXITY" missed="0" covered="1"/><counter type="METHOD" missed="0" covered="1"/></method><method name="orElseNull" desc="()Ljava/lang/Object;" line="87"><counter type="INSTRUCTION" missed="0" covered="3"/><counter type="LINE" missed="0" covered="1"/><counter type="COMPLEXITY" missed="0" covered="1"/><counter type="METHOD" missed="0" covered="1"/></method><method name="allowsNull" desc="()Z" line="90"><counter type="INSTRUCTION" missed="0" covered="3"/><counter type="LINE" missed="0" covered="1"/><counter type="COMPLEXITY" missed="0" covered="1"/><counter type="METHOD" missed="0" covered="1"/></method><method name="isMutable" desc="()Z" line="94"><counter type="INSTRUCTION" missed="0" covered="7"/><counter type="BRANCH" missed="0" covered="2"/><counter type="LINE" missed="0" covered="1"/><counter type="COMPLEXITY" missed="0" covered="2"/><counter type="METHOD" missed="0" covered="1"/></method><method name="set" desc="(Lsprouts/Channel;Ljava/lang/Object;)Lsprouts/Var;" line="100"><counter type="INSTRUCTION" missed="0" covered="21"/><counter type="BRANCH" missed="0" covered="4"/><counter type="LINE" missed="0" covered="6"/><counter type="COMPLEXITY" missed="0" covered="3"/><counter type="METHOD" missed="0" covered="1"/></method><method name="_setInternal" desc="(Ljava/lang/Object;)Z" line="109"><counter type="INSTRUCTION" missed="20" covered="30"/><counter type="BRANCH" missed="1" covered="9"/><counter type="LINE" missed="2" covered="7"/><counter type="COMPLEXITY" missed="1" covered="5"/><counter type="METHOD" missed="0" covered="1"/></method><method name="onChange" desc="(Lsprouts/Channel;Lsprouts/Action;)Lsprouts/Viewable;" line="132"><counter type="INSTRUCTION" missed="0" covered="7"/><counter type="LINE" missed="0" covered="2"/><counter type="COMPLEXITY" missed="0" covered="1"/><counter type="METHOD" missed="0" covered="1"/></method><method name="fireChange" desc="(Lsprouts/Channel;)Lsprouts/Var;" line="138"><counter type="INSTRUCTION" missed="0" covered="7"/><counter type="LINE" missed="0" covered="2"/><counter type="COMPLEXITY" missed="0" covered="1"/><counter type="METHOD" missed="0" covered="1"/></method><method name="subscribe" desc="(Lsprouts/Observer;)Lsprouts/Observable;" line="144"><counter type="INSTRUCTION" missed="0" covered="6"/><counter type="LINE" missed="0" covered="2"/><counter type="COMPLEXITY" missed="0" covered="1"/><counter type="METHOD" missed="0" covered="1"/></method><method name="unsubscribe" desc="(Lsprouts/Subscriber;)Lsprouts/Observable;" line="150"><counter type="INSTRUCTION" missed="0" covered="6"/><counter type="LINE" missed="0" covered="2"/><counter type="COMPLEXITY" missed="0" covered="1"/><counter type="METHOD" missed="0" covered="1"/></method><method name="numberOfChangeListeners" desc="()J" line="155"><counter type="INSTRUCTION" missed="0" covered="4"/><counter type="LINE" missed="0" covered="1"/><counter type="COMPLEXITY" missed="0" covered="1"/><counter type="METHOD" missed="0" covered="1"/></method><method name="toString" desc="()Ljava/lang/String;" line="160"><counter type="INSTRUCTION" missed="6" covered="103"/><counter type="BRANCH" missed="3" covered="15"/><counter type="LINE" missed="0" covered="10"/><counter type="COMPLEXITY" missed="3" covered="7"/><counter type="METHOD" missed="0" covered="1"/></method><method name="equals" desc="(Ljava/lang/Object;)Z" line="174"><counter type="INSTRUCTION" missed="5" covered="40"/><counter type="BRANCH" missed="3" covered="11"/><counter type="LINE" missed="1" covered="9"/><counter type="COMPLEXITY" missed="3" covered="5"/><counter type="METHOD" missed="0" covered="1"/></method><method name="hashCode" desc="()I" line="190"><counter type="INSTRUCTION" missed="4" covered="45"/><counter type="BRANCH" missed="2" covered="6"/><counter type="LINE" missed="0" covered="7"/><counter type="COMPLEXITY" missed="2" covered="3"/><counter type="METHOD" missed="0" covered="1"/></method><counter type="INSTRUCTION" missed="60" covered="402"/><counter type="BRANCH" missed="12" covered="54"/><counter type="LINE" missed="6" covered="74"/><counter type="COMPLEXITY" missed="12" covered="41"/><counter type="METHOD" missed="0" covered="20"/><counter type="CLASS" missed="0" covered="1"/></class><class name="sprouts/impl/Sprouts" sourcefilename="Sprouts.java"><method name="factory" desc="()Lsprouts/impl/SproutsFactory;" line="46"><counter type="INSTRUCTION" missed="0" covered="2"/><counter type="LINE" missed="0" covered="1"/><counter type="COMPLEXITY" missed="0" covered="1"/><counter type="METHOD" missed="0" covered="1"/></method><method name="setFactory" desc="(Lsprouts/impl/SproutsFactory;)V" line="63"><counter type="INSTRUCTION" missed="6" covered="0"/><counter type="LINE" missed="3" covered="0"/><counter type="COMPLEXITY" missed="1" covered="0"/><counter type="METHOD" missed="1" covered="0"/></method><method name="event" desc="()Lsprouts/Event;" line="73"><counter type="INSTRUCTION" missed="0" covered="5"/><counter type="LINE" missed="0" covered="1"/><counter type="COMPLEXITY" missed="0" covered="1"/><counter type="METHOD" missed="0" covered="1"/></method><method name="eventOf" desc="(Lsprouts/Event$Executor;)Lsprouts/Event;" line="103"><counter type="INSTRUCTION" missed="0" covered="6"/><counter type="LINE" missed="0" covered="1"/><counter type="COMPLEXITY" missed="0" covered="1"/><counter type="METHOD" missed="0" covered="1"/></method><method name="valOfNullable" desc="(Ljava/lang/Class;Ljava/lang/Object;)Lsprouts/Val;" line="134"><counter type="INSTRUCTION" missed="0" covered="5"/><counter type="LINE" missed="0" covered="1"/><counter type="COMPLEXITY" missed="0" covered="1"/><counter type="METHOD" missed="0" covered="1"/></method><method name="valOfNull" desc="(Ljava/lang/Class;)Lsprouts/Val;" line="138"><counter type="INSTRUCTION" missed="0" covered="5"/><counter type="LINE" missed="0" covered="1"/><counter type="COMPLEXITY" missed="0" covered="1"/><counter type="METHOD" missed="0" covered="1"/></method><method name="valOf" desc="(Ljava/lang/Object;)Lsprouts/Val;" line="142"><counter type="INSTRUCTION" missed="0" covered="4"/><counter type="LINE" missed="0" covered="1"/><counter type="COMPLEXITY" missed="0" covered="1"/><counter type="METHOD" missed="0" covered="1"/></method><method name="valOf" desc="(Lsprouts/Val;)Lsprouts/Val;" line="146"><counter type="INSTRUCTION" missed="0" covered="10"/><counter type="LINE" missed="0" covered="2"/><counter type="COMPLEXITY" missed="0" covered="1"/><counter type="METHOD" missed="0" covered="1"/></method><method name="valOfNullable" desc="(Lsprouts/Val;)Lsprouts/Val;" line="151"><counter type="INSTRUCTION" missed="0" covered="12"/><counter type="LINE" missed="0" covered="2"/><counter type="COMPLEXITY" missed="0" covered="1"/><counter type="METHOD" missed="0" covered="1"/></method><method name="viewOf" desc="(Lsprouts/Val;)Lsprouts/Viewable;" line="157"><counter type="INSTRUCTION" missed="0" covered="6"/><counter type="LINE" missed="0" covered="2"/><counter type="COMPLEXITY" missed="0" covered="1"/><counter type="METHOD" missed="0" covered="1"/></method><method name="viewOf" desc="(Lsprouts/Val;Lsprouts/Val;Ljava/util/function/BiFunction;)Lsprouts/Viewable;" line="163"><counter type="INSTRUCTION" missed="0" covered="14"/><counter type="LINE" missed="0" covered="4"/><counter type="COMPLEXITY" missed="0" covered="1"/><counter type="METHOD" missed="0" covered="1"/></method><method name="viewOfNullable" desc="(Lsprouts/Val;Lsprouts/Val;Ljava/util/function/BiFunction;)Lsprouts/Viewable;" line="171"><counter type="INSTRUCTION" missed="0" covered="14"/><counter type="LINE" missed="0" covered="4"/><counter type="COMPLEXITY" missed="0" covered="1"/><counter type="METHOD" missed="0" covered="1"/></method><method name="viewOf" desc="(Ljava/lang/Class;Lsprouts/Val;Lsprouts/Val;Ljava/util/function/BiFunction;)Lsprouts/Viewable;" line="179"><counter type="INSTRUCTION" missed="0" covered="18"/><counter type="LINE" missed="0" covered="5"/><counter type="COMPLEXITY" missed="0" covered="1"/><counter type="METHOD" missed="0" covered="1"/></method><method name="viewOfNullable" desc="(Ljava/lang/Class;Lsprouts/Val;Lsprouts/Val;Ljava/util/function/BiFunction;)Lsprouts/Viewable;" line="188"><counter type="INSTRUCTION" missed="0" covered="18"/><counter type="LINE" missed="0" covered="5"/><counter type="COMPLEXITY" missed="0" covered="1"/><counter type="METHOD" missed="0" covered="1"/></method><method name="viewOf" desc="(Lsprouts/Vals;)Lsprouts/Viewables;" line="197"><counter type="INSTRUCTION" missed="0" covered="6"/><counter type="LINE" missed="0" covered="2"/><counter type="COMPLEXITY" missed="0" covered="1"/><counter type="METHOD" missed="0" covered="1"/></method><method name="viewOf" desc="(Ljava/lang/Class;Lsprouts/Val;Ljava/util/function/Function;)Lsprouts/Viewable;" line="203"><counter type="INSTRUCTION" missed="0" covered="14"/><counter type="LINE" missed="0" covered="4"/><counter type="COMPLEXITY" missed="0" covered="1"/><counter type="METHOD" missed="0" covered="1"/></method><method name="viewOf" desc="(Ljava/lang/Object;Ljava/lang/Object;Lsprouts/Vals;Ljava/util/function/Function;)Lsprouts/Viewables;" line="211"><counter type="INSTRUCTION" missed="0" covered="18"/><counter type="LINE" missed="0" covered="5"/><counter type="COMPLEXITY" missed="0" covered="1"/><counter type="METHOD" missed="0" covered="1"/></method><method name="viewOf" desc="(Ljava/lang/Object;Ljava/lang/Object;Lsprouts/Val;Ljava/util/function/Function;)Lsprouts/Viewable;" line="220"><counter type="INSTRUCTION" missed="0" covered="18"/><counter type="LINE" missed="0" covered="5"/><counter type="COMPLEXITY" missed="0" covered="1"/><counter type="METHOD" missed="0" covered="1"/></method><method name="viewOfNullable" desc="(Ljava/lang/Class;Lsprouts/Val;Ljava/util/function/Function;)Lsprouts/Viewable;" line="229"><counter type="INSTRUCTION" missed="0" covered="14"/><counter type="LINE" missed="0" covered="4"/><counter type="COMPLEXITY" missed="0" covered="1"/><counter type="METHOD" missed="0" covered="1"/></method><method name="lensOf" desc="(Lsprouts/Var;Ljava/util/function/Function;Ljava/util/function/BiFunction;)Lsprouts/Var;" line="237"><counter type="INSTRUCTION" missed="0" covered="21"/><counter type="LINE" missed="0" covered="4"/><counter type="COMPLEXITY" missed="0" covered="1"/><counter type="METHOD" missed="0" covered="1"/></method><method name="lensOf" desc="(Lsprouts/Var;Ljava/lang/Object;Ljava/util/function/Function;Ljava/util/function/BiFunction;)Lsprouts/Var;" line="253"><counter type="INSTRUCTION" missed="0" covered="18"/><counter type="LINE" missed="0" covered="4"/><counter type="COMPLEXITY" missed="0" covered="1"/><counter type="METHOD" missed="0" covered="1"/></method><method name="lensOfNullable" desc="(Ljava/lang/Class;Lsprouts/Var;Ljava/util/function/Function;Ljava/util/function/BiFunction;)Lsprouts/Var;" line="261"><counter type="INSTRUCTION" missed="0" covered="18"/><counter type="LINE" missed="0" covered="4"/><counter type="COMPLEXITY" missed="0" covered="1"/><counter type="METHOD" missed="0" covered="1"/></method><method name="varOfNullable" desc="(Ljava/lang/Class;Ljava/lang/Object;)Lsprouts/Var;" line="268"><counter type="INSTRUCTION" missed="0" covered="5"/><counter type="LINE" missed="0" covered="1"/><counter type="COMPLEXITY" missed="0" covered="1"/><counter type="METHOD" missed="0" covered="1"/></method><method name="varOfNull" desc="(Ljava/lang/Class;)Lsprouts/Var;" line="272"><counter type="INSTRUCTION" missed="0" covered="5"/><counter type="LINE" missed="0" covered="1"/><counter type="COMPLEXITY" missed="0" covered="1"/><counter type="METHOD" missed="0" covered="1"/></method><method name="varOf" desc="(Ljava/lang/Object;)Lsprouts/Var;" line="276"><counter type="INSTRUCTION" missed="0" covered="4"/><counter type="LINE" missed="0" covered="1"/><counter type="COMPLEXITY" missed="0" covered="1"/><counter type="METHOD" missed="0" covered="1"/></method><method name="varOf" desc="(Ljava/lang/Class;Ljava/lang/Object;)Lsprouts/Var;" line="280"><counter type="INSTRUCTION" missed="0" covered="5"/><counter type="LINE" missed="0" covered="1"/><counter type="COMPLEXITY" missed="0" covered="1"/><counter type="METHOD" missed="0" covered="1"/></method><method name="valsOf" desc="(Ljava/lang/Class;)Lsprouts/Vals;" line="284"><counter type="INSTRUCTION" missed="0" covered="4"/><counter type="LINE" missed="0" covered="1"/><counter type="COMPLEXITY" missed="0" covered="1"/><counter type="METHOD" missed="0" covered="1"/></method><method name="valsOf" desc="(Ljava/lang/Class;[Lsprouts/Val;)Lsprouts/Vals;" line="289"><counter type="INSTRUCTION" missed="6" covered="0"/><counter type="LINE" missed="1" covered="0"/><counter type="COMPLEXITY" missed="1" covered="0"/><counter type="METHOD" missed="1" covered="0"/></method><method name="valsOf" desc="(Lsprouts/Val;[Lsprouts/Val;)Lsprouts/Vals;" line="294"><counter type="INSTRUCTION" missed="0" covered="17"/><counter type="LINE" missed="0" covered="3"/><counter type="COMPLEXITY" missed="0" covered="1"/><counter type="METHOD" missed="0" covered="1"/></method><method name="valsOf" desc="(Ljava/lang/Object;[Ljava/lang/Object;)Lsprouts/Vals;" line="300"><counter type="INSTRUCTION" missed="0" covered="5"/><counter type="LINE" missed="0" covered="1"/><counter type="COMPLEXITY" missed="0" covered="1"/><counter type="METHOD" missed="0" covered="1"/></method><method name="valsOf" desc="(Ljava/lang/Class;[Ljava/lang/Object;)Lsprouts/Vals;" line="303"><counter type="INSTRUCTION" missed="0" covered="5"/><counter type="LINE" missed="0" covered="1"/><counter type="COMPLEXITY" missed="0" covered="1"/><counter type="METHOD" missed="0" covered="1"/></method><method name="valsOf" desc="(Ljava/lang/Class;Ljava/lang/Iterable;)Lsprouts/Vals;" line="306"><counter type="INSTRUCTION" missed="0" covered="5"/><counter type="LINE" missed="0" covered="1"/><counter type="COMPLEXITY" missed="0" covered="1"/><counter type="METHOD" missed="0" covered="1"/></method><method name="valsOf" desc="(Ljava/lang/Class;Lsprouts/Vals;)Lsprouts/Vals;" line="310"><counter type="INSTRUCTION" missed="0" covered="10"/><counter type="LINE" missed="0" covered="2"/><counter type="COMPLEXITY" missed="0" covered="1"/><counter type="METHOD" missed="0" covered="1"/></method><method name="valsOfNullable" desc="(Ljava/lang/Class;[Lsprouts/Val;)Lsprouts/Vals;" line="316"><counter type="INSTRUCTION" missed="0" covered="16"/><counter type="LINE" missed="0" covered="3"/><counter type="COMPLEXITY" missed="0" covered="1"/><counter type="METHOD" missed="0" covered="1"/></method><method name="valsOfNullable" desc="(Ljava/lang/Class;)Lsprouts/Vals;" line="322"><counter type="INSTRUCTION" missed="0" covered="4"/><counter type="LINE" missed="0" covered="1"/><counter type="COMPLEXITY" missed="0" covered="1"/><counter type="METHOD" missed="0" covered="1"/></method><method name="valsOfNullable" desc="(Ljava/lang/Class;[Ljava/lang/Object;)Lsprouts/Vals;" line="327"><counter type="INSTRUCTION" missed="0" covered="5"/><counter type="LINE" missed="0" covered="1"/><counter type="COMPLEXITY" missed="0" covered="1"/><counter type="METHOD" missed="0" covered="1"/></method><method name="valsOfNullable" desc="(Lsprouts/Val;[Lsprouts/Val;)Lsprouts/Vals;" line="332"><counter type="INSTRUCTION" missed="0" covered="17"/><counter type="LINE" missed="0" covered="3"/><counter type="COMPLEXITY" missed="0" covered="1"/><counter type="METHOD" missed="0" covered="1"/></method><method name="valsOfNullable" desc="(Ljava/lang/Class;Lsprouts/Vals;)Lsprouts/Vals;" line="339"><counter type="INSTRUCTION" missed="0" covered="10"/><counter type="LINE" missed="0" covered="2"/><counter type="COMPLEXITY" missed="0" covered="1"/><counter type="METHOD" missed="0" covered="1"/></method><method name="varsOfNullable" desc="(Ljava/lang/Class;Ljava/lang/Iterable;)Lsprouts/Vars;" line="345"><counter type="INSTRUCTION" missed="0" covered="13"/><counter type="LINE" missed="0" covered="2"/><counter type="COMPLEXITY" missed="0" covered="1"/><counter type="METHOD" missed="0" covered="1"/></method><method name="varsOf" desc="(Ljava/lang/Class;[Lsprouts/Var;)Lsprouts/Vars;" line="351"><counter type="INSTRUCTION" missed="0" covered="5"/><counter type="LINE" missed="0" covered="1"/><counter type="COMPLEXITY" missed="0" covered="1"/><counter type="METHOD" missed="0" covered="1"/></method><method name="varsOf" desc="(Ljava/lang/Class;)Lsprouts/Vars;" line="353"><counter type="INSTRUCTION" missed="0" covered="4"/><counter type="LINE" missed="0" covered="1"/><counter type="COMPLEXITY" missed="0" covered="1"/><counter type="METHOD" missed="0" covered="1"/></method><method name="varsOf" desc="(Lsprouts/Var;[Lsprouts/Var;)Lsprouts/Vars;" line="356"><counter type="INSTRUCTION" missed="0" covered="5"/><counter type="LINE" missed="0" covered="1"/><counter type="COMPLEXITY" missed="0" covered="1"/><counter type="METHOD" missed="0" covered="1"/></method><method name="varsOf" desc="(Ljava/lang/Object;[Ljava/lang/Object;)Lsprouts/Vars;" line="359"><counter type="INSTRUCTION" missed="0" covered="5"/><counter type="LINE" missed="0" covered="1"/><counter type="COMPLEXITY" missed="0" covered="1"/><counter type="METHOD" missed="0" covered="1"/></method><method name="varsOf" desc="(Ljava/lang/Class;[Ljava/lang/Object;)Lsprouts/Vars;" line="362"><counter type="INSTRUCTION" missed="5" covered="0"/><counter type="LINE" missed="1" covered="0"/><counter type="COMPLEXITY" missed="1" covered="0"/><counter type="METHOD" missed="1" covered="0"/></method><method name="varsOf" desc="(Ljava/lang/Class;Ljava/lang/Iterable;)Lsprouts/Vars;" line="364"><counter type="INSTRUCTION" missed="0" covered="5"/><counter type="LINE" missed="0" covered="1"/><counter type="COMPLEXITY" missed="0" covered="1"/><counter type="METHOD" missed="0" covered="1"/></method><method name="varsOfNullable" desc="(Ljava/lang/Class;[Lsprouts/Var;)Lsprouts/Vars;" line="368"><counter type="INSTRUCTION" missed="0" covered="5"/><counter type="LINE" missed="0" covered="1"/><counter type="COMPLEXITY" missed="0" covered="1"/><counter type="METHOD" missed="0" covered="1"/></method><method name="varsOfNullable" desc="(Ljava/lang/Class;)Lsprouts/Vars;" line="371"><counter type="INSTRUCTION" missed="0" covered="4"/><counter type="LINE" missed="0" covered="1"/><counter type="COMPLEXITY" missed="0" covered="1"/><counter type="METHOD" missed="0" covered="1"/></method><method name="varsOfNullable" desc="(Ljava/lang/Class;[Ljava/lang/Object;)Lsprouts/Vars;" line="375"><counter type="INSTRUCTION" missed="0" covered="5"/><counter type="LINE" missed="0" covered="1"/><counter type="COMPLEXITY" missed="0" covered="1"/><counter type="METHOD" missed="0" covered="1"/></method><method name="varsOfNullable" desc="(Lsprouts/Var;[Lsprouts/Var;)Lsprouts/Vars;" line="380"><counter type="INSTRUCTION" missed="5" covered="0"/><counter type="LINE" missed="1" covered="0"/><counter type="COMPLEXITY" missed="1" covered="0"/><counter type="METHOD" missed="1" covered="0"/></method><method name="resultOf" desc="(Ljava/lang/Class;)Lsprouts/Result;" line="384"><counter type="INSTRUCTION" missed="0" covered="10"/><counter type="LINE" missed="0" covered="2"/><counter type="COMPLEXITY" missed="0" covered="1"/><counter type="METHOD" missed="0" covered="1"/></method><method name="resultOf" desc="(Ljava/lang/Object;)Lsprouts/Result;" line="389"><counter type="INSTRUCTION" missed="0" covered="8"/><counter type="LINE" missed="0" covered="2"/><counter type="COMPLEXITY" missed="0" covered="1"/><counter type="METHOD" missed="0" covered="1"/></method><method name="resultOf" desc="(Ljava/lang/Class;Ljava/lang/Object;)Lsprouts/Result;" line="394"><counter type="INSTRUCTION" missed="0" covered="9"/><counter type="LINE" missed="0" covered="2"/><counter type="COMPLEXITY" missed="0" covered="1"/><counter type="METHOD" missed="0" covered="1"/></method><method name="resultOf" desc="(Ljava/lang/Object;Ljava/util/List;)Lsprouts/Result;" line="399"><counter type="INSTRUCTION" missed="0" covered="21"/><counter type="LINE" missed="0" covered="4"/><counter type="COMPLEXITY" missed="0" covered="1"/><counter type="METHOD" missed="0" covered="1"/></method><method name="resultOf" desc="(Ljava/lang/Class;Ljava/util/List;)Lsprouts/Result;" line="406"><counter type="INSTRUCTION" missed="0" covered="18"/><counter type="LINE" missed="0" covered="3"/><counter type="COMPLEXITY" missed="0" covered="1"/><counter type="METHOD" missed="0" covered="1"/></method><method name="resultOf" desc="(Ljava/lang/Class;Ljava/lang/Object;Ljava/util/List;)Lsprouts/Result;" line="412"><counter type="INSTRUCTION" missed="0" covered="18"/><counter type="LINE" missed="0" covered="3"/><counter type="COMPLEXITY" missed="0" covered="1"/><counter type="METHOD" missed="0" covered="1"/></method><method name="resultOf" desc="(Ljava/lang/Class;Ljava/lang/Object;Lsprouts/Problem;)Lsprouts/Result;" line="418"><counter type="INSTRUCTION" missed="14" covered="0"/><counter type="LINE" missed="3" covered="0"/><counter type="COMPLEXITY" missed="1" covered="0"/><counter type="METHOD" missed="1" covered="0"/></method><method name="resultOf" desc="(Ljava/lang/Class;Lsprouts/Problem;)Lsprouts/Result;" line="424"><counter type="INSTRUCTION" missed="0" covered="14"/><counter type="LINE" missed="0" covered="3"/><counter type="COMPLEXITY" missed="0" covered="1"/><counter type="METHOD" missed="0" covered="1"/></method><method name="resultOfList" desc="(Ljava/lang/Class;Lsprouts/Problem;)Lsprouts/Result;" line="430"><counter type="INSTRUCTION" missed="14" covered="0"/><counter type="LINE" missed="3" covered="0"/><counter type="COMPLEXITY" missed="1" covered="0"/><counter type="METHOD" missed="1" covered="0"/></method><method name="resultOfList" desc="(Ljava/lang/Class;Ljava/util/List;)Lsprouts/Result;" line="436"><counter type="INSTRUCTION" missed="13" covered="23"/><counter type="BRANCH" missed="1" covered="1"/><counter type="LINE" missed="1" covered="5"/><counter type="COMPLEXITY" missed="1" covered="1"/><counter type="METHOD" missed="0" covered="1"/></method><method name="resultOfList" desc="(Ljava/lang/Class;Ljava/util/List;Ljava/util/List;)Lsprouts/Result;" line="446"><counter type="INSTRUCTION" missed="13" covered="31"/><counter type="BRANCH" missed="1" covered="1"/><counter type="LINE" missed="1" covered="6"/><counter type="COMPLEXITY" missed="1" covered="1"/><counter type="METHOD" missed="0" covered="1"/></method><method name="resultOfTry" desc="(Ljava/lang/Class;Ljava/util/function/Supplier;)Lsprouts/Result;" line="457"><counter type="INSTRUCTION" missed="0" covered="19"/><counter type="LINE" missed="0" covered="5"/><counter type="COMPLEXITY" missed="0" covered="1"/><counter type="METHOD" missed="0" covered="1"/></method><method name="actionOfWeak" desc="(Ljava/lang/Object;Ljava/util/function/BiConsumer;)Lsprouts/WeakAction;" line="468"><counter type="INSTRUCTION" missed="0" covered="6"/><counter type="LINE" missed="0" covered="1"/><counter type="COMPLEXITY" missed="0" covered="1"/><counter type="METHOD" missed="0" covered="1"/></method><method name="defaultId" desc="()Ljava/lang/String;" line="473"><counter type="INSTRUCTION" missed="0" covered="2"/><counter type="LINE" missed="0" covered="1"/><counter type="COMPLEXITY" missed="0" covered="1"/><counter type="METHOD" missed="0" covered="1"/></method><method name="idPattern" desc="()Ljava/util/regex/Pattern;" line="478"><counter type="INSTRUCTION" missed="0" covered="2"/><counter type="LINE" missed="0" covered="1"/><counter type="COMPLEXITY" missed="0" covered="1"/><counter type="METHOD" missed="0" covered="1"/></method><method name="defaultChannel" desc="()Lsprouts/Channel;" line="483"><counter type="INSTRUCTION" missed="0" covered="2"/><counter type="LINE" missed="0" covered="1"/><counter type="COMPLEXITY" missed="0" covered="1"/><counter type="METHOD" missed="0" covered="1"/></method><method name="defaultObservableChannel" desc="()Lsprouts/Channel;" line="488"><counter type="INSTRUCTION" missed="0" covered="2"/><counter type="LINE" missed="0" covered="1"/><counter type="COMPLEXITY" missed="0" covered="1"/><counter type="METHOD" missed="0" covered="1"/></method><method name="lambda$resultOfList$4" desc="(Ljava/lang/Class;Ljava/lang/Object;)Z" line="448"><counter type="INSTRUCTION" missed="0" covered="5"/><counter type="LINE" missed="0" covered="1"/><counter type="COMPLEXITY" missed="0" covered="1"/><counter type="METHOD" missed="0" covered="1"/></method><method name="lambda$resultOfList$3" desc="(Ljava/lang/Class;Ljava/lang/Object;)Z" line="439"><counter type="INSTRUCTION" missed="0" covered="5"/><counter type="LINE" missed="0" covered="1"/><counter type="COMPLEXITY" missed="0" covered="1"/><counter type="METHOD" missed="0" covered="1"/></method><method name="lambda$varsOfNullable$2" desc="(I)[Lsprouts/Var;" line="345"><counter type="INSTRUCTION" missed="0" covered="3"/><counter type="LINE" missed="0" covered="1"/><counter type="COMPLEXITY" missed="0" covered="1"/><counter type="METHOD" missed="0" covered="1"/></method><method name="lambda$valsOfNullable$1" desc="(I)[Ljava/lang/Object;" line="339"><counter type="INSTRUCTION" missed="0" covered="3"/><counter type="LINE" missed="0" covered="1"/><counter type="COMPLEXITY" missed="0" covered="1"/><counter type="METHOD" missed="0" covered="1"/></method><method name="lambda$valsOf$0" desc="(I)[Ljava/lang/Object;" line="310"><counter type="INSTRUCTION" missed="0" covered="3"/><counter type="LINE" missed="0" covered="1"/><counter type="COMPLEXITY" missed="0" covered="1"/><counter type="METHOD" missed="0" covered="1"/></method><method name="&lt;clinit&gt;" desc="()V" line="30"><counter type="INSTRUCTION" missed="0" covered="11"/><counter type="LINE" missed="0" covered="3"/><counter type="COMPLEXITY" missed="0" covered="1"/><counter type="METHOD" missed="0" covered="1"/></method><counter type="INSTRUCTION" missed="76" covered="629"/><counter type="BRANCH" missed="2" covered="2"/><counter type="LINE" missed="14" covered="138"/><counter type="COMPLEXITY" missed="8" covered="66"/><counter type="METHOD" missed="6" covered="66"/><counter type="CLASS" missed="0" covered="1"/></class><class name="sprouts/impl/TransientParentRef" sourcefilename="TransientParentRef.java"><method name="&lt;init&gt;" desc="(Ljava/lang/ref/WeakReference;Ljava/lang/Class;Ljava/lang/Object;)V" line="15"><counter type="INSTRUCTION" missed="0" covered="16"/><counter type="LINE" missed="0" covered="5"/><counter type="COMPLEXITY" missed="0" covered="1"/><counter type="METHOD" missed="0" covered="1"/></method><method name="get" desc="()Lsprouts/Val;" line="23"><counter type="INSTRUCTION" missed="0" covered="16"/><counter type="BRANCH" missed="0" covered="2"/><counter type="LINE" missed="0" covered="4"/><counter type="COMPLEXITY" missed="0" covered="2"/><counter type="METHOD" missed="0" covered="1"/></method><counter type="INSTRUCTION" missed="0" covered="32"/><counter type="BRANCH" missed="0" covered="2"/><counter type="LINE" missed="0" covered="9"/><counter type="COMPLEXITY" missed="0" covered="3"/><counter type="METHOD" missed="0" covered="2"/><counter type="CLASS" missed="0" covered="1"/></class><class name="sprouts/impl/PropertyListChangeListeners" sourcefilename="PropertyListChangeListeners.java"><method name="&lt;init&gt;" desc="()V" line="12"><counter type="INSTRUCTION" missed="0" covered="8"/><counter type="LINE" missed="0" covered="2"/><counter type="COMPLEXITY" missed="0" covered="1"/><counter type="METHOD" missed="0" covered="1"/></method><method name="onChange" desc="(Lsprouts/Action;)V" line="20"><counter type="INSTRUCTION" missed="0" covered="6"/><counter type="LINE" missed="0" covered="2"/><counter type="COMPLEXITY" missed="0" covered="1"/><counter type="METHOD" missed="0" covered="1"/></method><method name="subscribe" desc="(Lsprouts/Observer;)V" line="24"><counter type="INSTRUCTION" missed="7" covered="0"/><counter type="LINE" missed="2" covered="0"/><counter type="COMPLEXITY" missed="1" covered="0"/><counter type="METHOD" missed="1" covered="0"/></method><method name="unsubscribe" desc="(Lsprouts/Subscriber;)V" line="29"><counter type="INSTRUCTION" missed="1" covered="42"/><counter type="BRANCH" missed="2" covered="6"/><counter type="LINE" missed="1" covered="9"/><counter type="COMPLEXITY" missed="2" covered="3"/><counter type="METHOD" missed="0" covered="1"/></method><method name="_triggerAction" desc="(Lsprouts/Change;Lsprouts/Vars;)V" line="43"><counter type="INSTRUCTION" missed="0" covered="9"/><counter type="LINE" missed="0" covered="2"/><counter type="COMPLEXITY" missed="0" covered="1"/><counter type="METHOD" missed="0" covered="1"/></method><method name="_triggerAction" desc="(Lsprouts/Change;ILsprouts/Var;Lsprouts/Var;Lsprouts/Vars;)V" line="49"><counter type="INSTRUCTION" missed="6" covered="25"/><counter type="BRANCH" missed="0" covered="2"/><counter type="LINE" missed="2" covered="5"/><counter type="COMPLEXITY" missed="0" covered="2"/><counter type="METHOD" missed="0" covered="1"/></method><method name="_triggerAction" desc="(Lsprouts/Change;ILsprouts/Vals;Lsprouts/Vals;Lsprouts/Vars;)V" line="62"><counter type="INSTRUCTION" missed="6" covered="25"/><counter type="BRANCH" missed="0" covered="2"/><counter type="LINE" missed="2" covered="5"/><counter type="COMPLEXITY" missed="0" covered="2"/><counter type="METHOD" missed="0" covered="1"/></method><method name="_createDelegate" desc="(ILsprouts/Change;Lsprouts/Var;Lsprouts/Var;Lsprouts/Vars;)Lsprouts/ValsDelegate;" line="75"><counter type="INSTRUCTION" missed="3" covered="52"/><counter type="BRANCH" missed="1" covered="3"/><counter type="LINE" missed="0" covered="6"/><counter type="COMPLEXITY" missed="1" covered="2"/><counter type="METHOD" missed="0" covered="1"/></method><method name="_createDelegate" desc="(ILsprouts/Change;Lsprouts/Vals;Lsprouts/Vals;Lsprouts/Vars;)Lsprouts/ValsDelegate;" line="91"><counter type="INSTRUCTION" missed="0" covered="88"/><counter type="BRANCH" missed="0" covered="10"/><counter type="LINE" missed="0" covered="9"/><counter type="COMPLEXITY" missed="0" covered="6"/><counter type="METHOD" missed="0" covered="1"/></method><method name="lambda$_createDelegate$6" desc="(I)[Lsprouts/Val;" line="98"><counter type="INSTRUCTION" missed="0" covered="3"/><counter type="LINE" missed="0" covered="1"/><counter type="COMPLEXITY" missed="0" covered="1"/><counter type="METHOD" missed="0" covered="1"/></method><method name="lambda$_createDelegate$5" desc="(ZLjava/lang/Class;Ljava/lang/Object;)Lsprouts/Val;" line="98"><counter type="INSTRUCTION" missed="0" covered="9"/><counter type="BRANCH" missed="0" covered="2"/><counter type="LINE" missed="0" covered="1"/><counter type="COMPLEXITY" missed="0" covered="2"/><counter type="METHOD" missed="0" covered="1"/></method><method name="lambda$_createDelegate$4" desc="(I)[Lsprouts/Val;" line="96"><counter type="INSTRUCTION" missed="0" covered="3"/><counter type="LINE" missed="0" covered="1"/><counter type="COMPLEXITY" missed="0" covered="1"/><counter type="METHOD" missed="0" covered="1"/></method><method name="lambda$_createDelegate$3" desc="(ZLjava/lang/Class;Ljava/lang/Object;)Lsprouts/Val;" line="96"><counter type="INSTRUCTION" missed="0" covered="9"/><counter type="BRANCH" missed="0" covered="2"/><counter type="LINE" missed="0" covered="1"/><counter type="COMPLEXITY" missed="0" covered="2"/><counter type="METHOD" missed="0" covered="1"/></method><method name="lambda$_createDelegate$2" desc="(I)[Lsprouts/Val;" line="94"><counter type="INSTRUCTION" missed="0" covered="3"/><counter type="LINE" missed="0" covered="1"/><counter type="COMPLEXITY" missed="0" covered="1"/><counter type="METHOD" missed="0" covered="1"/></method><method name="lambda$_createDelegate$1" desc="(ZLsprouts/Val;)Lsprouts/Val;" line="94"><counter type="INSTRUCTION" missed="0" covered="8"/><counter type="BRANCH" missed="0" covered="2"/><counter type="LINE" missed="0" covered="1"/><counter type="COMPLEXITY" missed="0" covered="2"/><counter type="METHOD" missed="0" covered="1"/></method><method name="lambda$_createDelegate$0" desc="(I)[Lsprouts/Var;" line="76"><counter type="INSTRUCTION" missed="0" covered="3"/><counter type="LINE" missed="0" covered="1"/><counter type="COMPLEXITY" missed="0" covered="1"/><counter type="METHOD" missed="0" covered="1"/></method><method name="&lt;clinit&gt;" desc="()V" line="14"><counter type="INSTRUCTION" missed="0" covered="4"/><counter type="LINE" missed="0" covered="1"/><counter type="COMPLEXITY" missed="0" covered="1"/><counter type="METHOD" missed="0" covered="1"/></method><counter type="INSTRUCTION" missed="23" covered="297"/><counter type="BRANCH" missed="3" covered="29"/><counter type="LINE" missed="7" covered="41"/><counter type="COMPLEXITY" missed="4" covered="29"/><counter type="METHOD" missed="1" covered="16"/><counter type="CLASS" missed="0" covered="1"/></class><class name="sprouts/impl/PropertyList" sourcefilename="PropertyList.java"><method name="of" desc="(ZLjava/lang/Class;)Lsprouts/Vars;" line="18"><counter type="INSTRUCTION" missed="0" covered="12"/><counter type="LINE" missed="0" covered="2"/><counter type="COMPLEXITY" missed="0" covered="1"/><counter type="METHOD" missed="0" covered="1"/></method><method name="of" desc="(ZLjava/lang/Class;[Lsprouts/Var;)Lsprouts/Vars;" line="24"><counter type="INSTRUCTION" missed="0" covered="14"/><counter type="LINE" missed="0" covered="3"/><counter type="COMPLEXITY" missed="0" covered="1"/><counter type="METHOD" missed="0" covered="1"/></method><method name="of" desc="(ZLjava/lang/Class;[Ljava/lang/Object;)Lsprouts/Vars;" line="31"><counter type="INSTRUCTION" missed="0" covered="34"/><counter type="BRANCH" missed="0" covered="2"/><counter type="LINE" missed="0" covered="6"/><counter type="COMPLEXITY" missed="0" covered="2"/><counter type="METHOD" missed="0" covered="1"/></method><method name="of" desc="(ZLsprouts/Var;[Lsprouts/Var;)Lsprouts/Vars;" line="41"><counter type="INSTRUCTION" missed="0" covered="29"/><counter type="LINE" missed="0" covered="6"/><counter type="COMPLEXITY" missed="0" covered="1"/><counter type="METHOD" missed="0" covered="1"/></method><method name="of" desc="(ZLjava/lang/Object;[Ljava/lang/Object;)Lsprouts/Vars;" line="51"><counter type="INSTRUCTION" missed="0" covered="44"/><counter type="BRANCH" missed="0" covered="2"/><counter type="LINE" missed="0" covered="7"/><counter type="COMPLEXITY" missed="0" covered="2"/><counter type="METHOD" missed="0" covered="1"/></method><method name="of" desc="(ZLjava/lang/Class;Ljava/lang/Iterable;)Lsprouts/Vars;" line="61"><counter type="INSTRUCTION" missed="0" covered="32"/><counter type="LINE" missed="0" covered="6"/><counter type="COMPLEXITY" missed="0" covered="1"/><counter type="METHOD" missed="0" covered="1"/></method><method name="ofNullable" desc="(ZLjava/lang/Class;)Lsprouts/Vars;" line="70"><counter type="INSTRUCTION" missed="0" covered="12"/><counter type="LINE" missed="0" covered="2"/><counter type="COMPLEXITY" missed="0" covered="1"/><counter type="METHOD" missed="0" covered="1"/></method><method name="ofNullable" desc="(ZLjava/lang/Class;[Lsprouts/Var;)Lsprouts/Vars;" line="76"><counter type="INSTRUCTION" missed="0" covered="14"/><counter type="LINE" missed="0" covered="3"/><counter type="COMPLEXITY" missed="0" covered="1"/><counter type="METHOD" missed="0" covered="1"/></method><method name="ofNullable" desc="(ZLjava/lang/Class;[Ljava/lang/Object;)Lsprouts/Vars;" line="83"><counter type="INSTRUCTION" missed="0" covered="35"/><counter type="BRANCH" missed="0" covered="2"/><counter type="LINE" missed="0" covered="6"/><counter type="COMPLEXITY" missed="0" covered="2"/><counter type="METHOD" missed="0" covered="1"/></method><method name="ofNullable" desc="(ZLsprouts/Var;[Lsprouts/Var;)Lsprouts/Vars;" line="93"><counter type="INSTRUCTION" missed="0" covered="29"/><counter type="LINE" missed="0" covered="6"/><counter type="COMPLEXITY" missed="0" covered="1"/><counter type="METHOD" missed="0" covered="1"/></method><method name="&lt;init&gt;" desc="(ZLjava/lang/Class;Z[Lsprouts/Var;)V" line="102"><counter type="INSTRUCTION" missed="0" covered="30"/><counter type="LINE" missed="0" covered="9"/><counter type="COMPLEXITY" missed="0" covered="1"/><counter type="METHOD" missed="0" covered="1"/></method><method name="at" desc="(I)Lsprouts/Var;" line="120"><counter type="INSTRUCTION" missed="0" covered="6"/><counter type="LINE" missed="0" covered="1"/><counter type="COMPLEXITY" missed="0" covered="1"/><counter type="METHOD" missed="0" covered="1"/></method><method name="type" desc="()Ljava/lang/Class;" line="123"><counter type="INSTRUCTION" missed="0" covered="3"/><counter type="LINE" missed="0" covered="1"/><counter type="COMPLEXITY" missed="0" covered="1"/><counter type="METHOD" missed="0" covered="1"/></method><method name="size" desc="()I" line="126"><counter type="INSTRUCTION" missed="0" covered="4"/><counter type="LINE" missed="0" covered="1"/><counter type="COMPLEXITY" missed="0" covered="1"/><counter type="METHOD" missed="0" covered="1"/></method><method name="removeAll" desc="(Lsprouts/Vals;)Lsprouts/Vars;" line="130"><counter type="INSTRUCTION" missed="5" covered="74"/><counter type="BRANCH" missed="1" covered="13"/><counter type="LINE" missed="1" covered="11"/><counter type="COMPLEXITY" missed="1" covered="7"/><counter type="METHOD" missed="0" covered="1"/></method><method name="addAt" desc="(ILsprouts/Var;)Lsprouts/Vars;" line="152"><counter type="INSTRUCTION" missed="0" covered="34"/><counter type="BRANCH" missed="0" covered="4"/><counter type="LINE" missed="0" covered="8"/><counter type="COMPLEXITY" missed="0" covered="3"/><counter type="METHOD" missed="0" covered="1"/></method><method name="popRange" desc="(II)Lsprouts/Vars;" line="165"><counter type="INSTRUCTION" missed="33" covered="54"/><counter type="BRANCH" missed="6" covered="8"/><counter type="LINE" missed="2" covered="9"/><counter type="COMPLEXITY" missed="6" covered="2"/><counter type="METHOD" missed="0" covered="1"/></method><method name="removeRange" desc="(II)Lsprouts/Vars;" line="186"><counter type="INSTRUCTION" missed="24" covered="63"/><counter type="BRANCH" missed="4" covered="10"/><counter type="LINE" missed="2" covered="9"/><counter type="COMPLEXITY" missed="4" covered="4"/><counter type="METHOD" missed="0" covered="1"/></method><method name="setAt" desc="(ILsprouts/Var;)Lsprouts/Vars;" line="207"><counter type="INSTRUCTION" missed="23" covered="37"/><counter type="BRANCH" missed="4" covered="4"/><counter type="LINE" missed="1" covered="8"/><counter type="COMPLEXITY" missed="4" covered="1"/><counter type="METHOD" missed="0" covered="1"/></method><method name="setRange" desc="(IILjava/lang/Object;)Lsprouts/Vars;" line="225"><counter type="INSTRUCTION" missed="29" covered="85"/><counter type="BRANCH" missed="5" covered="15"/><counter type="LINE" missed="3" covered="14"/><counter type="COMPLEXITY" missed="5" covered="6"/><counter type="METHOD" missed="0" covered="1"/></method><method name="setRange" desc="(IILsprouts/Var;)Lsprouts/Vars;" line="254"><counter type="INSTRUCTION" missed="29" covered="71"/><counter type="BRANCH" missed="5" covered="11"/><counter type="LINE" missed="3" covered="12"/><counter type="COMPLEXITY" missed="5" covered="4"/><counter type="METHOD" missed="0" covered="1"/></method><method name="addAllAt" desc="(ILsprouts/Vars;)Lsprouts/Vars;" line="280"><counter type="INSTRUCTION" missed="24" covered="43"/><counter type="BRANCH" missed="4" covered="6"/><counter type="LINE" missed="3" covered="9"/><counter type="COMPLEXITY" missed="4" covered="2"/><counter type="METHOD" missed="0" covered="1"/></method><method name="setAllAt" desc="(ILsprouts/Vars;)Lsprouts/Vars;" line="300"><counter type="INSTRUCTION" missed="10" covered="107"/><counter type="BRANCH" missed="4" covered="10"/><counter type="LINE" missed="1" covered="16"/><counter type="COMPLEXITY" missed="4" covered="4"/><counter type="METHOD" missed="0" covered="1"/></method><method name="_checkCanAdd" desc="(Lsprouts/Vals;)Z" line="327"><counter type="INSTRUCTION" missed="22" covered="13"/><counter type="BRANCH" missed="3" covered="3"/><counter type="LINE" missed="4" covered="4"/><counter type="COMPLEXITY" missed="3" covered="1"/><counter type="METHOD" missed="0" covered="1"/></method><method name="retainAll" desc="(Lsprouts/Vals;)Lsprouts/Vars;" line="347"><counter type="INSTRUCTION" missed="5" covered="74"/><counter type="BRANCH" missed="2" covered="14"/><counter type="LINE" missed="1" covered="18"/><counter type="COMPLEXITY" missed="2" covered="7"/><counter type="METHOD" missed="0" covered="1"/></method><method name="clear" desc="()Lsprouts/Vars;" line="379"><counter type="INSTRUCTION" missed="0" covered="34"/><counter type="BRANCH" missed="0" covered="4"/><counter type="LINE" missed="0" covered="5"/><counter type="COMPLEXITY" missed="0" covered="3"/><counter type="METHOD" missed="0" covered="1"/></method><method name="sort" desc="(Ljava/util/Comparator;)V" line="391"><counter type="INSTRUCTION" missed="0" covered="17"/><counter type="BRANCH" missed="0" covered="2"/><counter type="LINE" missed="0" covered="4"/><counter type="COMPLEXITY" missed="0" covered="2"/><counter type="METHOD" missed="0" covered="1"/></method><method name="makeDistinct" desc="()V" line="399"><counter type="INSTRUCTION" missed="5" covered="50"/><counter type="BRANCH" missed="1" covered="5"/><counter type="LINE" missed="0" covered="13"/><counter type="COMPLEXITY" missed="1" covered="3"/><counter type="METHOD" missed="0" covered="1"/></method><method name="revert" desc="()Lsprouts/Vars;" line="416"><counter type="INSTRUCTION" missed="0" covered="43"/><counter type="BRANCH" missed="0" covered="2"/><counter type="LINE" missed="0" covered="7"/><counter type="COMPLEXITY" missed="0" covered="2"/><counter type="METHOD" missed="0" covered="1"/></method><method name="onChange" desc="(Lsprouts/Action;)Lsprouts/Vals;" line="429"><counter type="INSTRUCTION" missed="0" covered="6"/><counter type="LINE" missed="0" covered="2"/><counter type="COMPLEXITY" missed="0" covered="1"/><counter type="METHOD" missed="0" covered="1"/></method><method name="fireChange" desc="()Lsprouts/Vals;" line="436"><counter type="INSTRUCTION" missed="5" covered="0"/><counter type="LINE" missed="2" covered="0"/><counter type="COMPLEXITY" missed="1" covered="0"/><counter type="METHOD" missed="1" covered="0"/></method><method name="allowsNull" desc="()Z" line="442"><counter type="INSTRUCTION" missed="0" covered="3"/><counter type="LINE" missed="0" covered="1"/><counter type="COMPLEXITY" missed="0" covered="1"/><counter type="METHOD" missed="0" covered="1"/></method><method name="isMutable" desc="()Z" line="447"><counter type="INSTRUCTION" missed="0" covered="7"/><counter type="BRANCH" missed="0" covered="2"/><counter type="LINE" missed="0" covered="1"/><counter type="COMPLEXITY" missed="0" covered="2"/><counter type="METHOD" missed="0" covered="1"/></method><method name="isView" desc="()Z" line="452"><counter type="INSTRUCTION" missed="0" covered="2"/><counter type="LINE" missed="0" covered="1"/><counter type="COMPLEXITY" missed="0" covered="1"/><counter type="METHOD" missed="0" covered="1"/></method><method name="_triggerAction" desc="(Lsprouts/Change;ILsprouts/Var;Lsprouts/Var;)V" line="458"><counter type="INSTRUCTION" missed="0" covered="9"/><counter type="LINE" missed="0" covered="2"/><counter type="COMPLEXITY" missed="0" covered="1"/><counter type="METHOD" missed="0" covered="1"/></method><method name="_triggerAction" desc="(Lsprouts/Change;)V" line="462"><counter type="INSTRUCTION" missed="0" covered="6"/><counter type="LINE" missed="0" covered="2"/><counter type="COMPLEXITY" missed="0" covered="1"/><counter type="METHOD" missed="0" covered="1"/></method><method name="_triggerAction" desc="(Lsprouts/Change;ILsprouts/Vals;Lsprouts/Vals;)V" line="468"><counter type="INSTRUCTION" missed="0" covered="9"/><counter type="LINE" missed="0" covered="2"/><counter type="COMPLEXITY" missed="0" covered="1"/><counter type="METHOD" missed="0" covered="1"/></method><method name="iterator" desc="()Ljava/util/Iterator;" line="474"><counter type="INSTRUCTION" missed="0" covered="5"/><counter type="LINE" missed="0" covered="1"/><counter type="COMPLEXITY" missed="0" covered="1"/><counter type="METHOD" missed="0" covered="1"/></method><method name="toString" desc="()Ljava/lang/String;" line="484"><counter type="INSTRUCTION" missed="0" covered="36"/><counter type="BRANCH" missed="0" covered="2"/><counter type="LINE" missed="0" covered="5"/><counter type="COMPLEXITY" missed="0" covered="2"/><counter type="METHOD" missed="0" covered="1"/></method><method name="equals" desc="(Ljava/lang/Object;)Z" line="496"><counter type="INSTRUCTION" missed="10" covered="50"/><counter type="BRANCH" missed="6" covered="12"/><counter type="LINE" missed="1" covered="14"/><counter type="COMPLEXITY" missed="6" covered="4"/><counter type="METHOD" missed="0" covered="1"/></method><method name="hashCode" desc="()I" line="521"><counter type="INSTRUCTION" missed="0" covered="21"/><counter type="BRANCH" missed="0" covered="2"/><counter type="LINE" missed="0" covered="4"/><counter type="COMPLEXITY" missed="0" covered="2"/><counter type="METHOD" missed="0" covered="1"/></method><method name="_checkNullSafety" desc="()V" line="529"><counter type="INSTRUCTION" missed="0" covered="40"/><counter type="BRANCH" missed="0" covered="8"/><counter type="LINE" missed="0" covered="7"/><counter type="COMPLEXITY" missed="0" covered="5"/><counter type="METHOD" missed="0" covered="1"/></method><method name="_checkNullSafetyOf" desc="(Lsprouts/Val;)V" line="540"><counter type="INSTRUCTION" missed="0" covered="15"/><counter type="BRANCH" missed="0" covered="4"/><counter type="LINE" missed="0" covered="4"/><counter type="COMPLEXITY" missed="0" covered="3"/><counter type="METHOD" missed="0" covered="1"/></method><method name="subscribe" desc="(Lsprouts/Observer;)Lsprouts/Observable;" line="547"><counter type="INSTRUCTION" missed="0" covered="9"/><counter type="LINE" missed="0" covered="2"/><counter type="COMPLEXITY" missed="0" covered="1"/><counter type="METHOD" missed="0" covered="1"/></method><method name="unsubscribe" desc="(Lsprouts/Subscriber;)Lsprouts/Observable;" line="553"><counter type="INSTRUCTION" missed="0" covered="6"/><counter type="LINE" missed="0" covered="2"/><counter type="COMPLEXITY" missed="0" covered="1"/><counter type="METHOD" missed="0" covered="1"/></method><method name="lambda$toString$1" desc="(Lsprouts/Var;)Ljava/lang/String;" line="485"><counter type="INSTRUCTION" missed="12" covered="13"/><counter type="BRANCH" missed="1" covered="1"/><counter type="LINE" missed="0" covered="1"/><counter type="COMPLEXITY" missed="1" covered="1"/><counter type="METHOD" missed="0" covered="1"/></method><method name="lambda$sort$0" desc="(Ljava/util/Comparator;Lsprouts/Var;Lsprouts/Var;)I" line="392"><counter type="INSTRUCTION" missed="0" covered="7"/><counter type="LINE" missed="0" covered="1"/><counter type="COMPLEXITY" missed="0" covered="1"/><counter type="METHOD" missed="0" covered="1"/></method><counter type="INSTRUCTION" missed="236" covered="1341"/><counter type="BRANCH" missed="46" covered="148"/><counter type="LINE" missed="24" covered="256"/><counter type="COMPLEXITY" missed="47" covered="97"/><counter type="METHOD" missed="1" covered="46"/><counter type="CLASS" missed="0" covered="1"/></class><class name="sprouts/impl/SproutChangeListener" sourcefilename="SproutChangeListener.java"><method name="&lt;init&gt;" desc="(Lsprouts/Observer;)V" line="13"><counter type="INSTRUCTION" missed="0" covered="8"/><counter type="LINE" missed="0" covered="3"/><counter type="COMPLEXITY" missed="0" covered="1"/><counter type="METHOD" missed="0" covered="1"/></method><method name="listener" desc="()Lsprouts/Observer;" line="17"><counter type="INSTRUCTION" missed="0" covered="3"/><counter type="LINE" missed="0" covered="1"/><counter type="COMPLEXITY" missed="0" covered="1"/><counter type="METHOD" missed="0" covered="1"/></method><method name="accept" desc="(Ljava/lang/Object;)V" line="21"><counter type="INSTRUCTION" missed="0" covered="4"/><counter type="LINE" missed="0" covered="2"/><counter type="COMPLEXITY" missed="0" covered="1"/><counter type="METHOD" missed="0" covered="1"/></method><counter type="INSTRUCTION" missed="0" covered="15"/><counter type="LINE" missed="0" covered="6"/><counter type="COMPLEXITY" missed="0" covered="3"/><counter type="METHOD" missed="0" covered="3"/><counter type="CLASS" missed="0" covered="1"/></class><class name="sprouts/impl/WeakActionImpl" sourcefilename="WeakActionImpl.java"><method name="&lt;init&gt;" desc="(Ljava/lang/Object;Ljava/util/function/BiConsumer;)V" line="16"><counter type="INSTRUCTION" missed="0" covered="12"/><counter type="LINE" missed="0" covered="4"/><counter type="COMPLEXITY" missed="0" covered="1"/><counter type="METHOD" missed="0" covered="1"/></method><method name="accept" desc="(Ljava/lang/Object;)V" line="23"><counter type="INSTRUCTION" missed="1" covered="19"/><counter type="BRANCH" missed="1" covered="3"/><counter type="LINE" missed="1" covered="6"/><counter type="COMPLEXITY" missed="1" covered="2"/><counter type="METHOD" missed="0" covered="1"/></method><method name="owner" desc="()Ljava/util/Optional;" line="36"><counter type="INSTRUCTION" missed="0" covered="5"/><counter type="LINE" missed="0" covered="1"/><counter type="COMPLEXITY" missed="0" covered="1"/><counter type="METHOD" missed="0" covered="1"/></method><method name="clear" desc="()V" line="41"><counter type="INSTRUCTION" missed="0" covered="4"/><counter type="LINE" missed="0" covered="2"/><counter type="COMPLEXITY" missed="0" covered="1"/><counter type="METHOD" missed="0" covered="1"/></method><counter type="INSTRUCTION" missed="1" covered="40"/><counter type="BRANCH" missed="1" covered="3"/><counter type="LINE" missed="1" covered="13"/><counter type="COMPLEXITY" missed="1" covered="5"/><counter type="METHOD" missed="0" covered="4"/><counter type="CLASS" missed="0" covered="1"/></class><class name="sprouts/impl/Util" sourcefilename="Util.java"><method name="fakeNonNull" desc="(Ljava/lang/Object;)Ljava/lang/Object;" line="28"><counter type="INSTRUCTION" missed="2" covered="0"/><counter type="LINE" missed="1" covered="0"/><counter type="COMPLEXITY" missed="1" covered="0"/><counter type="METHOD" missed="1" covered="0"/></method><method name="nonNullMapper" desc="(Ljava/lang/Object;Ljava/lang/Object;Ljava/util/function/Function;)Ljava/util/function/Function;" line="32"><counter type="INSTRUCTION" missed="0" covered="5"/><counter type="LINE" missed="0" covered="1"/><counter type="COMPLEXITY" missed="0" covered="1"/><counter type="METHOD" missed="0" covered="1"/></method><method name="expectedClassFromItem" desc="(Ljava/lang/Object;)Ljava/lang/Class;" line="52"><counter type="INSTRUCTION" missed="0" covered="20"/><counter type="BRANCH" missed="1" covered="5"/><counter type="LINE" missed="0" covered="6"/><counter type="COMPLEXITY" missed="1" covered="3"/><counter type="METHOD" missed="0" covered="1"/></method><method name="lambda$nonNullMapper$0" desc="(Ljava/util/function/Function;Ljava/lang/Object;Ljava/lang/Object;Ljava/lang/Object;)Ljava/lang/Object;" line="34"><counter type="INSTRUCTION" missed="0" covered="13"/><counter type="BRANCH" missed="0" covered="2"/><counter type="LINE" missed="0" covered="4"/><counter type="COMPLEXITY" missed="0" covered="2"/><counter type="METHOD" missed="0" covered="1"/></method><method name="&lt;clinit&gt;" desc="()V" line="11"><counter type="INSTRUCTION" missed="0" covered="3"/><counter type="LINE" missed="0" covered="1"/><counter type="COMPLEXITY" missed="0" covered="1"/><counter type="METHOD" missed="0" covered="1"/></method><counter type="INSTRUCTION" missed="2" covered="41"/><counter type="BRANCH" missed="1" covered="7"/><counter type="LINE" missed="1" covered="12"/><counter type="COMPLEXITY" missed="2" covered="7"/><counter type="METHOD" missed="1" covered="4"/><counter type="CLASS" missed="0" covered="1"/></class><class name="sprouts/impl/PropertyView" sourcefilename="PropertyView.java"><method name="_filterStrongParentRefs" desc="([Lsprouts/Val;)[Lsprouts/impl/ParentRef;" line="26"><counter type="INSTRUCTION" missed="0" covered="26"/><counter type="BRANCH" missed="0" covered="2"/><counter type="LINE" missed="0" covered="6"/><counter type="COMPLEXITY" missed="0" covered="2"/><counter type="METHOD" missed="0" covered="1"/></method><method name="_ofNullable" desc="(Ljava/lang/Class;Ljava/lang/Object;[Lsprouts/Val;)Lsprouts/impl/PropertyView;" line="36"><counter type="INSTRUCTION" missed="0" covered="14"/><counter type="LINE" missed="0" covered="1"/><counter type="COMPLEXITY" missed="0" covered="1"/><counter type="METHOD" missed="0" covered="1"/></method><method name="_of" desc="(Ljava/lang/Class;Ljava/lang/Object;[Lsprouts/Val;)Lsprouts/impl/PropertyView;" line="40"><counter type="INSTRUCTION" missed="0" covered="14"/><counter type="LINE" missed="0" covered="1"/><counter type="COMPLEXITY" missed="0" covered="1"/><counter type="METHOD" missed="0" covered="1"/></method><method name="ofNullable" desc="(Ljava/lang/Class;Lsprouts/Val;Ljava/util/function/Function;)Lsprouts/Viewable;" line="44"><counter type="INSTRUCTION" missed="9" covered="29"/><counter type="BRANCH" missed="3" covered="1"/><counter type="LINE" missed="1" covered="5"/><counter type="COMPLEXITY" missed="2" covered="1"/><counter type="METHOD" missed="0" covered="1"/></method><method name="of" desc="(Ljava/lang/Object;Ljava/lang/Object;Lsprouts/Val;Ljava/util/function/Function;)Lsprouts/Viewable;" line="57"><counter type="INSTRUCTION" missed="4" covered="43"/><counter type="BRANCH" missed="1" covered="1"/><counter type="LINE" missed="1" covered="9"/><counter type="COMPLEXITY" missed="1" covered="1"/><counter type="METHOD" missed="0" covered="1"/></method><method name="of" desc="(Lsprouts/Val;)Lsprouts/Viewable;" line="81"><counter type="INSTRUCTION" missed="11" covered="43"/><counter type="BRANCH" missed="3" covered="3"/><counter type="LINE" missed="3" covered="7"/><counter type="COMPLEXITY" missed="2" covered="2"/><counter type="METHOD" missed="0" covered="1"/></method><method name="of" desc="(Ljava/lang/Class;Lsprouts/Val;Ljava/util/function/Function;)Lsprouts/Viewable;" line="106"><counter type="INSTRUCTION" missed="10" covered="35"/><counter type="BRANCH" missed="4" covered="2"/><counter type="LINE" missed="1" covered="6"/><counter type="COMPLEXITY" missed="3" covered="1"/><counter type="METHOD" missed="0" covered="1"/></method><method name="viewOf" desc="(Lsprouts/Val;Lsprouts/Val;Ljava/util/function/BiFunction;)Lsprouts/Viewable;" line="122"><counter type="INSTRUCTION" missed="0" covered="5"/><counter type="LINE" missed="0" covered="1"/><counter type="COMPLEXITY" missed="0" covered="1"/><counter type="METHOD" missed="0" covered="1"/></method><method name="viewOfNullable" desc="(Lsprouts/Val;Lsprouts/Val;Ljava/util/function/BiFunction;)Lsprouts/Viewable;" line="126"><counter type="INSTRUCTION" missed="0" covered="5"/><counter type="LINE" missed="0" covered="1"/><counter type="COMPLEXITY" missed="0" covered="1"/><counter type="METHOD" missed="0" covered="1"/></method><method name="viewOf" desc="(Ljava/lang/Class;Lsprouts/Val;Lsprouts/Val;Ljava/util/function/BiFunction;)Lsprouts/Viewable;" line="130"><counter type="INSTRUCTION" missed="0" covered="6"/><counter type="LINE" missed="0" covered="1"/><counter type="COMPLEXITY" missed="0" covered="1"/><counter type="METHOD" missed="0" covered="1"/></method><method name="viewOfNullable" desc="(Ljava/lang/Class;Lsprouts/Val;Lsprouts/Val;Ljava/util/function/BiFunction;)Lsprouts/Viewable;" line="134"><counter type="INSTRUCTION" missed="0" covered="6"/><counter type="LINE" missed="0" covered="1"/><counter type="COMPLEXITY" missed="0" covered="1"/><counter type="METHOD" missed="0" covered="1"/></method><method name="of" desc="(Lsprouts/Val;Lsprouts/Val;Ljava/util/function/BiFunction;)Lsprouts/Viewable;" line="142"><counter type="INSTRUCTION" missed="12" covered="69"/><counter type="BRANCH" missed="7" covered="3"/><counter type="LINE" missed="1" covered="15"/><counter type="COMPLEXITY" missed="5" covered="1"/><counter type="METHOD" missed="0" covered="1"/></method><method name="ofNullable" desc="(Lsprouts/Val;Lsprouts/Val;Ljava/util/function/BiFunction;)Lsprouts/Viewable;" line="201"><counter type="INSTRUCTION" missed="12" covered="61"/><counter type="BRANCH" missed="7" covered="3"/><counter type="LINE" missed="1" covered="12"/><counter type="COMPLEXITY" missed="5" covered="1"/><counter type="METHOD" missed="0" covered="1"/></method><method name="of" desc="(Ljava/lang/Class;Lsprouts/Val;Lsprouts/Val;Ljava/util/function/BiFunction;)Lsprouts/Viewable;" line="241"><counter type="INSTRUCTION" missed="5" covered="50"/><counter type="BRANCH" missed="1" covered="1"/><counter type="LINE" missed="1" covered="8"/><counter type="COMPLEXITY" missed="1" covered="1"/><counter type="METHOD" missed="0" covered="1"/></method><method name="ofNullable" desc="(Ljava/lang/Class;Lsprouts/Val;Lsprouts/Val;Ljava/util/function/BiFunction;)Lsprouts/Viewable;" line="297"><counter type="INSTRUCTION" missed="0" covered="46"/><counter type="LINE" missed="0" covered="6"/><counter type="COMPLEXITY" missed="0" covered="1"/><counter type="METHOD" missed="0" covered="1"/></method><method name="_compositeIdFrom" desc="(Lsprouts/Val;Lsprouts/Val;)Ljava/lang/String;" line="322"><counter type="INSTRUCTION" missed="25" covered="16"/><counter type="BRANCH" missed="5" covered="3"/><counter type="LINE" missed="3" covered="5"/><counter type="COMPLEXITY" missed="4" covered="1"/><counter type="METHOD" missed="0" covered="1"/></method><method name="&lt;init&gt;" desc="(Ljava/lang/Class;Ljava/lang/Object;Ljava/lang/String;Lsprouts/impl/ChangeListeners;Z[Lsprouts/impl/ParentRef;)V" line="350"><counter type="INSTRUCTION" missed="31" covered="56"/><counter type="BRANCH" missed="3" covered="7"/><counter type="LINE" missed="4" covered="16"/><counter type="COMPLEXITY" missed="3" covered="3"/><counter type="METHOD" missed="0" covered="1"/></method><method name="_getSource" desc="(I)Lsprouts/Val;" line="383"><counter type="INSTRUCTION" missed="14" covered="13"/><counter type="BRANCH" missed="2" covered="2"/><counter type="LINE" missed="1" covered="2"/><counter type="COMPLEXITY" missed="2" covered="1"/><counter type="METHOD" missed="0" covered="1"/></method><method name="withId" desc="(Ljava/lang/String;)Lsprouts/impl/PropertyView;" line="390"><counter type="INSTRUCTION" missed="0" covered="15"/><counter type="LINE" missed="0" covered="1"/><counter type="COMPLEXITY" missed="0" covered="1"/><counter type="METHOD" missed="0" covered="1"/></method><method name="onChange" desc="(Lsprouts/Channel;Lsprouts/Action;)Lsprouts/Viewable;" line="396"><counter type="INSTRUCTION" missed="0" covered="7"/><counter type="LINE" missed="0" covered="2"/><counter type="COMPLEXITY" missed="0" covered="1"/><counter type="METHOD" missed="0" covered="1"/></method><method name="fireChange" desc="(Lsprouts/Channel;)Lsprouts/Var;" line="402"><counter type="INSTRUCTION" missed="0" covered="7"/><counter type="LINE" missed="0" covered="2"/><counter type="COMPLEXITY" missed="0" covered="1"/><counter type="METHOD" missed="0" covered="1"/></method><method name="isMutable" desc="()Z" line="408"><counter type="INSTRUCTION" missed="0" covered="2"/><counter type="LINE" missed="0" covered="1"/><counter type="COMPLEXITY" missed="0" covered="1"/><counter type="METHOD" missed="0" covered="1"/></method><method name="isView" desc="()Z" line="413"><counter type="INSTRUCTION" missed="0" covered="2"/><counter type="LINE" missed="0" covered="1"/><counter type="COMPLEXITY" missed="0" covered="1"/><counter type="METHOD" missed="0" covered="1"/></method><method name="set" desc="(Lsprouts/Channel;Ljava/lang/Object;)Lsprouts/Var;" line="419"><counter type="INSTRUCTION" missed="13" covered="0"/><counter type="BRANCH" missed="2" covered="0"/><counter type="LINE" missed="4" covered="0"/><counter type="COMPLEXITY" missed="2" covered="0"/><counter type="METHOD" missed="1" covered="0"/></method><method name="_setInternal" desc="(Ljava/lang/Object;)Z" line="426"><counter type="INSTRUCTION" missed="25" covered="25"/><counter type="BRANCH" missed="2" covered="8"/><counter type="LINE" missed="3" covered="6"/><counter type="COMPLEXITY" missed="2" covered="4"/><counter type="METHOD" missed="0" covered="1"/></method><method name="subscribe" desc="(Lsprouts/Observer;)Lsprouts/Observable;" line="448"><counter type="INSTRUCTION" missed="0" covered="6"/><counter type="LINE" missed="0" covered="2"/><counter type="COMPLEXITY" missed="0" covered="1"/><counter type="METHOD" missed="0" covered="1"/></method><method name="unsubscribe" desc="(Lsprouts/Subscriber;)Lsprouts/Observable;" line="454"><counter type="INSTRUCTION" missed="0" covered="6"/><counter type="LINE" missed="0" covered="2"/><counter type="COMPLEXITY" missed="0" covered="1"/><counter type="METHOD" missed="0" covered="1"/></method><method name="numberOfChangeListeners" desc="()J" line="459"><counter type="INSTRUCTION" missed="0" covered="4"/><counter type="LINE" missed="0" covered="1"/><counter type="COMPLEXITY" missed="0" covered="1"/><counter type="METHOD" missed="0" covered="1"/></method><method name="type" desc="()Ljava/lang/Class;" line="463"><counter type="INSTRUCTION" missed="0" covered="3"/><counter type="LINE" missed="0" covered="1"/><counter type="COMPLEXITY" missed="0" covered="1"/><counter type="METHOD" missed="0" covered="1"/></method><method name="id" desc="()Ljava/lang/String;" line="466"><counter type="INSTRUCTION" missed="0" covered="3"/><counter type="LINE" missed="0" covered="1"/><counter type="COMPLEXITY" missed="0" covered="1"/><counter type="METHOD" missed="0" covered="1"/></method><method name="orElseNull" desc="()Ljava/lang/Object;" line="470"><counter type="INSTRUCTION" missed="0" covered="3"/><counter type="LINE" missed="0" covered="1"/><counter type="COMPLEXITY" missed="0" covered="1"/><counter type="METHOD" missed="0" covered="1"/></method><method name="allowsNull" desc="()Z" line="473"><counter type="INSTRUCTION" missed="0" covered="3"/><counter type="LINE" missed="0" covered="1"/><counter type="COMPLEXITY" missed="0" covered="1"/><counter type="METHOD" missed="0" covered="1"/></method><method name="toString" desc="()Ljava/lang/String;" line="477"><counter type="INSTRUCTION" missed="29" covered="75"/><counter type="BRANCH" missed="7" covered="9"/><counter type="LINE" missed="0" covered="10"/><counter type="COMPLEXITY" missed="6" covered="3"/><counter type="METHOD" missed="0" covered="1"/></method><method name="lambda$ofNullable$15" desc="(Ljava/util/function/BiFunction;Lsprouts/impl/PropertyView;Lsprouts/ValDelegate;)V" line="314"><counter type="INSTRUCTION" missed="0" covered="17"/><counter type="LINE" missed="0" covered="4"/><counter type="COMPLEXITY" missed="0" covered="1"/><counter type="METHOD" missed="0" covered="1"/></method><method name="lambda$ofNullable$14" desc="(Ljava/util/function/BiFunction;Lsprouts/impl/PropertyView;Lsprouts/ValDelegate;)V" line="309"><counter type="INSTRUCTION" missed="0" covered="17"/><counter type="LINE" missed="0" covered="4"/><counter type="COMPLEXITY" missed="0" covered="1"/><counter type="METHOD" missed="0" covered="1"/></method><method name="lambda$ofNullable$13" desc="(Ljava/util/function/BiFunction;Lsprouts/Maybe;Lsprouts/Maybe;)Ljava/lang/Object;" line="301"><counter type="INSTRUCTION" missed="0" covered="10"/><counter type="LINE" missed="0" covered="3"/><counter type="COMPLEXITY" missed="0" covered="1"/><counter type="METHOD" missed="0" covered="1"/></method><method name="lambda$of$12" desc="(Ljava/util/function/BiFunction;Lsprouts/impl/PropertyView;Lsprouts/ValDelegate;)V" line="274"><counter type="INSTRUCTION" missed="0" covered="42"/><counter type="BRANCH" missed="0" covered="2"/><counter type="LINE" missed="0" covered="8"/><counter type="COMPLEXITY" missed="0" covered="2"/><counter type="METHOD" missed="0" covered="1"/></method><method name="lambda$of$11" desc="(Ljava/util/function/BiFunction;Lsprouts/impl/PropertyView;Lsprouts/ValDelegate;)V" line="259"><counter type="INSTRUCTION" missed="0" covered="42"/><counter type="BRANCH" missed="0" covered="2"/><counter type="LINE" missed="0" covered="8"/><counter type="COMPLEXITY" missed="0" covered="2"/><counter type="METHOD" missed="0" covered="1"/></method><method name="lambda$of$10" desc="(Ljava/util/function/BiFunction;Lsprouts/Maybe;Lsprouts/Maybe;)Ljava/lang/Object;" line="245"><counter type="INSTRUCTION" missed="0" covered="10"/><counter type="LINE" missed="0" covered="3"/><counter type="COMPLEXITY" missed="0" covered="1"/><counter type="METHOD" missed="0" covered="1"/></method><method name="lambda$ofNullable$9" desc="(Ljava/util/function/BiFunction;Lsprouts/impl/PropertyView;Lsprouts/ValDelegate;)V" line="228"><counter type="INSTRUCTION" missed="0" covered="17"/><counter type="LINE" missed="0" covered="4"/><counter type="COMPLEXITY" missed="0" covered="1"/><counter type="METHOD" missed="0" covered="1"/></method><method name="lambda$ofNullable$8" desc="(Ljava/util/function/BiFunction;Lsprouts/impl/PropertyView;Lsprouts/ValDelegate;)V" line="222"><counter type="INSTRUCTION" missed="0" covered="17"/><counter type="LINE" missed="0" covered="4"/><counter type="COMPLEXITY" missed="0" covered="1"/><counter type="METHOD" missed="0" covered="1"/></method><method name="lambda$ofNullable$7" desc="(Ljava/util/function/BiFunction;Lsprouts/Maybe;Lsprouts/Maybe;)Ljava/lang/Object;" line="205"><counter type="INSTRUCTION" missed="3" covered="7"/><counter type="LINE" missed="2" covered="1"/><counter type="COMPLEXITY" missed="0" covered="1"/><counter type="METHOD" missed="0" covered="1"/></method><method name="lambda$of$6" desc="(Ljava/util/function/BiFunction;Lsprouts/impl/PropertyView;Lsprouts/ValDelegate;)V" line="171"><counter type="INSTRUCTION" missed="21" covered="20"/><counter type="BRANCH" missed="1" covered="1"/><counter type="LINE" missed="2" covered="6"/><counter type="COMPLEXITY" missed="1" covered="1"/><counter type="METHOD" missed="0" covered="1"/></method><method name="lambda$of$5" desc="(Ljava/util/function/BiFunction;Lsprouts/impl/PropertyView;Lsprouts/ValDelegate;)V" line="155"><counter type="INSTRUCTION" missed="1" covered="43"/><counter type="BRANCH" missed="1" covered="3"/><counter type="LINE" missed="1" covered="9"/><counter type="COMPLEXITY" missed="1" covered="2"/><counter type="METHOD" missed="0" covered="1"/></method><method name="lambda$of$4" desc="(Ljava/util/function/BiFunction;Lsprouts/Maybe;Lsprouts/Maybe;)Ljava/lang/Object;" line="146"><counter type="INSTRUCTION" missed="0" covered="10"/><counter type="LINE" missed="0" covered="3"/><counter type="COMPLEXITY" missed="0" covered="1"/><counter type="METHOD" missed="0" covered="1"/></method><method name="lambda$of$3" desc="(Ljava/util/function/Function;Lsprouts/impl/PropertyView;Lsprouts/ValDelegate;)V" line="111"><counter type="INSTRUCTION" missed="0" covered="15"/><counter type="LINE" missed="0" covered="4"/><counter type="COMPLEXITY" missed="0" covered="1"/><counter type="METHOD" missed="0" covered="1"/></method><method name="lambda$of$2" desc="(Lsprouts/impl/PropertyView;Lsprouts/ValDelegate;)V" line="95"><counter type="INSTRUCTION" missed="1" covered="17"/><counter type="BRANCH" missed="1" covered="1"/><counter type="LINE" missed="1" covered="5"/><counter type="COMPLEXITY" missed="1" covered="1"/><counter type="METHOD" missed="0" covered="1"/></method><method name="lambda$of$1" desc="(Ljava/util/function/Function;Lsprouts/impl/PropertyView;Lsprouts/ValDelegate;)V" line="70"><counter type="INSTRUCTION" missed="1" covered="21"/><counter type="BRANCH" missed="1" covered="1"/><counter type="LINE" missed="1" covered="6"/><counter type="COMPLEXITY" missed="1" covered="1"/><counter type="METHOD" missed="0" covered="1"/></method><method name="lambda$ofNullable$0" desc="(Ljava/util/function/Function;Lsprouts/impl/PropertyView;Lsprouts/ValDelegate;)V" line="50"><counter type="INSTRUCTION" missed="13" covered="0"/><counter type="LINE" missed="3" covered="0"/><counter type="COMPLEXITY" missed="1" covered="0"/><counter type="METHOD" missed="1" covered="0"/></method><method name="&lt;clinit&gt;" desc="()V" line="23"><counter type="INSTRUCTION" missed="0" covered="4"/><counter type="LINE" missed="0" covered="1"/><counter type="COMPLEXITY" missed="0" covered="1"/><counter type="METHOD" missed="0" covered="1"/></method><counter type="INSTRUCTION" missed="240" covered="1007"/><counter type="BRANCH" missed="51" covered="55"/><counter type="LINE" missed="34" covered="208"/><counter type="COMPLEXITY" missed="43" covered="60"/><counter type="METHOD" missed="2" covered="48"/><counter type="CLASS" missed="0" covered="1"/></class><class name="sprouts/impl/PropertyLens" sourcefilename="PropertyLens.java"><method name="of" desc="(Lsprouts/Var;Ljava/lang/Object;Ljava/util/function/Function;Ljava/util/function/BiFunction;)Lsprouts/Var;" line="48"><counter type="INSTRUCTION" missed="0" covered="40"/><counter type="LINE" missed="0" covered="9"/><counter type="COMPLEXITY" missed="0" covered="1"/><counter type="METHOD" missed="0" covered="1"/></method><method name="ofNullable" desc="(Ljava/lang/Class;Lsprouts/Var;Ljava/util/function/Function;Ljava/util/function/BiFunction;)Lsprouts/Var;" line="78"><counter type="INSTRUCTION" missed="0" covered="36"/><counter type="LINE" missed="0" covered="8"/><counter type="COMPLEXITY" missed="0" covered="1"/><counter type="METHOD" missed="0" covered="1"/></method><method name="&lt;init&gt;" desc="(Ljava/lang/Class;Ljava/lang/String;ZLjava/lang/Object;Lsprouts/Var;Ljava/util/function/Function;Ljava/util/function/BiFunction;Lsprouts/impl/ChangeListeners;)V" line="126"><counter type="INSTRUCTION" missed="26" covered="61"/><counter type="BRANCH" missed="2" covered="6"/><counter type="LINE" missed="2" covered="15"/><counter type="COMPLEXITY" missed="2" covered="3"/><counter type="METHOD" missed="0" covered="1"/></method><method name="_idForError" desc="(Ljava/lang/String;)Ljava/lang/String;" line="153"><counter type="INSTRUCTION" missed="10" covered="6"/><counter type="BRANCH" missed="1" covered="1"/><counter type="LINE" missed="0" covered="1"/><counter type="COMPLEXITY" missed="1" covered="1"/><counter type="METHOD" missed="0" covered="1"/></method><method name="_fetchItemFromParent" desc="()Ljava/lang/Object;" line="157"><counter type="INSTRUCTION" missed="0" covered="49"/><counter type="LINE" missed="0" covered="8"/><counter type="COMPLEXITY" missed="0" covered="1"/><counter type="METHOD" missed="0" covered="1"/></method><method name="_setInParentAndInternally" desc="(Lsprouts/Channel;Ljava/lang/Object;)V" line="173"><counter type="INSTRUCTION" missed="0" covered="55"/><counter type="LINE" missed="0" covered="9"/><counter type="COMPLEXITY" missed="0" covered="1"/><counter type="METHOD" missed="0" covered="1"/></method><method name="_item" desc="()Ljava/lang/Object;" line="187"><counter type="INSTRUCTION" missed="5" covered="13"/><counter type="BRANCH" missed="1" covered="3"/><counter type="LINE" missed="1" covered="4"/><counter type="COMPLEXITY" missed="1" covered="2"/><counter type="METHOD" missed="0" covered="1"/></method><method name="type" desc="()Ljava/lang/Class;" line="199"><counter type="INSTRUCTION" missed="0" covered="3"/><counter type="LINE" missed="0" covered="1"/><counter type="COMPLEXITY" missed="0" covered="1"/><counter type="METHOD" missed="0" covered="1"/></method><method name="id" desc="()Ljava/lang/String;" line="202"><counter type="INSTRUCTION" missed="0" covered="3"/><counter type="LINE" missed="0" covered="1"/><counter type="COMPLEXITY" missed="0" covered="1"/><counter type="METHOD" missed="0" covered="1"/></method><method name="orElseNull" desc="()Ljava/lang/Object;" line="206"><counter type="INSTRUCTION" missed="0" covered="3"/><counter type="LINE" missed="0" covered="1"/><counter type="COMPLEXITY" missed="0" covered="1"/><counter type="METHOD" missed="0" covered="1"/></method><method name="allowsNull" desc="()Z" line="209"><counter type="INSTRUCTION" missed="0" covered="3"/><counter type="LINE" missed="0" covered="1"/><counter type="COMPLEXITY" missed="0" covered="1"/><counter type="METHOD" missed="0" covered="1"/></method><method name="isMutable" desc="()Z" line="213"><counter type="INSTRUCTION" missed="0" covered="2"/><counter type="LINE" missed="0" covered="1"/><counter type="COMPLEXITY" missed="0" covered="1"/><counter type="METHOD" missed="0" covered="1"/></method><method name="isLens" desc="()Z" line="218"><counter type="INSTRUCTION" missed="0" covered="2"/><counter type="LINE" missed="0" covered="1"/><counter type="COMPLEXITY" missed="0" covered="1"/><counter type="METHOD" missed="0" covered="1"/></method><method name="isView" desc="()Z" line="223"><counter type="INSTRUCTION" missed="0" covered="2"/><counter type="LINE" missed="0" covered="1"/><counter type="COMPLEXITY" missed="0" covered="1"/><counter type="METHOD" missed="0" covered="1"/></method><method name="toString" desc="()Ljava/lang/String;" line="228"><counter type="INSTRUCTION" missed="17" covered="87"/><counter type="BRANCH" missed="4" covered="12"/><counter type="LINE" missed="0" covered="10"/><counter type="COMPLEXITY" missed="4" covered="5"/><counter type="METHOD" missed="0" covered="1"/></method><method name="withId" desc="(Ljava/lang/String;)Lsprouts/Var;" line="242"><counter type="INSTRUCTION" missed="0" covered="19"/><counter type="LINE" missed="0" covered="1"/><counter type="COMPLEXITY" missed="0" covered="1"/><counter type="METHOD" missed="0" covered="1"/></method><method name="onChange" desc="(Lsprouts/Channel;Lsprouts/Action;)Lsprouts/Viewable;" line="247"><counter type="INSTRUCTION" missed="0" covered="7"/><counter type="LINE" missed="0" covered="2"/><counter type="COMPLEXITY" missed="0" covered="1"/><counter type="METHOD" missed="0" covered="1"/></method><method name="fireChange" desc="(Lsprouts/Channel;)Lsprouts/Var;" line="253"><counter type="INSTRUCTION" missed="0" covered="7"/><counter type="LINE" missed="0" covered="2"/><counter type="COMPLEXITY" missed="0" covered="1"/><counter type="METHOD" missed="0" covered="1"/></method><method name="set" desc="(Lsprouts/Channel;Ljava/lang/Object;)Lsprouts/Var;" line="260"><counter type="INSTRUCTION" missed="0" covered="14"/><counter type="BRANCH" missed="0" covered="2"/><counter type="LINE" missed="0" covered="4"/><counter type="COMPLEXITY" missed="0" covered="2"/><counter type="METHOD" missed="0" covered="1"/></method><method name="_setInternal" desc="(Lsprouts/Channel;Ljava/lang/Object;)Z" line="267"><counter type="INSTRUCTION" missed="20" covered="33"/><counter type="BRANCH" missed="1" covered="9"/><counter type="LINE" missed="2" covered="8"/><counter type="COMPLEXITY" missed="1" covered="5"/><counter type="METHOD" missed="0" covered="1"/></method><method name="subscribe" desc="(Lsprouts/Observer;)Lsprouts/Observable;" line="291"><counter type="INSTRUCTION" missed="0" covered="6"/><counter type="LINE" missed="0" covered="2"/><counter type="COMPLEXITY" missed="0" covered="1"/><counter type="METHOD" missed="0" covered="1"/></method><method name="unsubscribe" desc="(Lsprouts/Subscriber;)Lsprouts/Observable;" line="297"><counter type="INSTRUCTION" missed="0" covered="6"/
[...]
0"/><counter type="INSTRUCTION" missed="0" covered="84"/><counter type="LINE" missed="0" covered="9"/><counter type="COMPLEXITY" missed="0" covered="1"/><counter type="METHOD" missed="0" covered="1"/><counter type="CLASS" missed="0" covered="1"/></sourcefile><sourcefile name="WeakAction.java"/><sourcefile name="ValsDelegate.java"/><sourcefile name="Observable.java"/><sourcefile name="Viewable.java"><line nr="67" mi="0" ci="5" mb="0" cb="0"/><counter type="INSTRUCTION" missed="0" covered="5"/><counter type="LINE" missed="0" covered="1"/><counter type="COMPLEXITY" missed="0" covered="1"/><counter type="METHOD" missed="0" covered="1"/><counter type="CLASS" missed="0" covered="1"/></sourcefile><sourcefile name="Var.java"><line nr="101" mi="0" ci="3" mb="0" cb="0"/><line nr="102" mi="0" ci="5" mb="0" cb="0"/><line nr="118" mi="0" ci="4" mb="0" cb="0"/><line nr="134" mi="0" ci="4" mb="0" cb="0"/><line nr="152" mi="0" ci="5" mb="0" cb="0"/><line nr="164" mi="0" ci="6" mb="0" cb="0"/><line nr="209" mi="0" ci="6" mb="0" cb="0"/><line nr="245" mi="0" ci="3" mb="0" cb="0"/><line nr="246" mi="0" ci="3" mb="0" cb="0"/><line nr="247" mi="0" ci="3" mb="0" cb="2"/><line nr="248" mi="0" ci="2" mb="0" cb="0"/><line nr="249" mi="0" ci="8" mb="0" cb="0"/><line nr="282" mi="0" ci="6" mb="0" cb="0"/><line nr="317" mi="0" ci="3" mb="0" cb="0"/><line nr="318" mi="0" ci="3" mb="0" cb="0"/><line nr="319" mi="0" ci="8" mb="0" cb="0"/><line nr="354" mi="3" ci="0" mb="2" cb="0"/><line nr="355" mi="4" ci="0" mb="0" cb="0"/><line nr="357" mi="5" ci="0" mb="0" cb="0"/><line nr="358" mi="11" ci="0" mb="2" cb="0"/><line nr="382" mi="0" ci="6" mb="0" cb="0"/><line nr="415" mi="0" ci="6" mb="0" cb="0"/><line nr="453" mi="0" ci="7" mb="0" cb="0"/><line nr="483" mi="0" ci="7" mb="0" cb="0"/><counter type="INSTRUCTION" missed="23" covered="98"/><counter type="BRANCH" missed="4" covered="2"/><counter type="LINE" missed="4" covered="20"/><counter type="COMPLEXITY" missed="3" covered="14"/><counter type="METHOD" missed="1" covered="13"/><counter type="CLASS" missed="0" covered="1"/></sourcefile><sourcefile name="Vars.java"><line nr="49" mi="0" ci="3" mb="0" cb="0"/><line nr="50" mi="0" ci="3" mb="0" cb="0"/><line nr="51" mi="0" ci="5" mb="0" cb="0"/><line nr="66" mi="0" ci="3" mb="0" cb="0"/><line nr="67" mi="0" ci="4" mb="0" cb="0"/><line nr="82" mi="0" ci="3" mb="0" cb="0"/><line nr="83" mi="0" ci="3" mb="0" cb="0"/><line nr="84" mi="0" ci="5" mb="0" cb="0"/><line nr="99" mi="0" ci="3" mb="0" cb="0"/><line nr="100" mi="0" ci="3" mb="0" cb="0"/><line nr="101" mi="0" ci="5" mb="0" cb="0"/><line nr="118" mi="3" ci="0" mb="0" cb="0"/><line nr="119" mi="3" ci="0" mb="0" cb="0"/><line nr="120" mi="5" ci="0" mb="0" cb="0"/><line nr="136" mi="0" ci="3" mb="0" cb="0"/><line nr="137" mi="0" ci="3" mb="0" cb="0"/><line nr="138" mi="0" ci="5" mb="0" cb="0"/><line nr="155" mi="0" ci="3" mb="0" cb="0"/><line nr="156" mi="0" ci="3" mb="0" cb="0"/><line nr="157" mi="5" ci="0" mb="0" cb="0"/><line nr="172" mi="0" ci="3" mb="0" cb="0"/><line nr="173" mi="0" ci="4" mb="0" cb="0"/><line nr="189" mi="0" ci="3" mb="0" cb="0"/><line nr="190" mi="0" ci="5" mb="0" cb="0"/><line nr="203" mi="3" ci="0" mb="0" cb="0"/><line nr="204" mi="3" ci="0" mb="0" cb="0"/><line nr="205" mi="5" ci="0" mb="0" cb="0"/><line nr="219" mi="0" ci="3" mb="0" cb="0"/><line nr="220" mi="0" ci="5" mb="0" cb="0"/><line nr="229" mi="0" ci="3" mb="1" cb="1"/><line nr="230" mi="5" ci="0" mb="0" cb="0"/><line nr="231" mi="0" ci="4" mb="0" cb="0"/><line nr="237" mi="0" ci="3" mb="1" cb="1"/><line nr="238" mi="5" ci="0" mb="0" cb="0"/><line nr="239" mi="0" ci="7" mb="0" cb="0"/><line nr="250" mi="0" ci="3" mb="0" cb="2"/><line nr="251" mi="0" ci="7" mb="0" cb="0"/><line nr="252" mi="0" ci="3" mb="0" cb="0"/><line nr="253" mi="0" ci="5" mb="0" cb="0"/><line nr="269" mi="0" ci="3" mb="0" cb="0"/><line nr="270" mi="0" ci="6" mb="0" cb="0"/><line nr="284" mi="3" ci="0" mb="0" cb="0"/><line nr="285" mi="6" ci="0" mb="0" cb="0"/><line nr="297" mi="0" ci="7" mb="0" cb="0"/><line nr="311" mi="0" ci="7" mb="0" cb="0"/><line nr="323" mi="0" ci="4" mb="0" cb="0"/><line nr="324" mi="0" ci="7" mb="0" cb="0"/><line nr="325" mi="0" ci="2" mb="0" cb="0"/><line nr="339" mi="0" ci="7" mb="0" cb="0"/><line nr="361" mi="0" ci="4" mb="0" cb="0"/><line nr="362" mi="2" ci="9" mb="1" cb="1"/><line nr="374" mi="0" ci="4" mb="0" cb="0"/><line nr="375" mi="0" ci="2" mb="0" cb="2"/><line nr="376" mi="0" ci="12" mb="0" cb="0"/><line nr="377" mi="0" ci="7" mb="0" cb="0"/><line nr="389" mi="0" ci="3" mb="0" cb="0"/><line nr="390" mi="0" ci="4" mb="0" cb="0"/><line nr="391" mi="0" ci="11" mb="0" cb="2"/><line nr="404" mi="0" ci="3" mb="0" cb="0"/><line nr="405" mi="0" ci="4" mb="0" cb="0"/><line nr="406" mi="0" ci="2" mb="0" cb="2"/><line nr="407" mi="0" ci="12" mb="0" cb="0"/><line nr="408" mi="0" ci="7" mb="0" cb="0"/><line nr="417" mi="1" ci="9" mb="1" cb="1"/><line nr="427" mi="0" ci="3" mb="0" cb="0"/><line nr="428" mi="0" ci="5" mb="0" cb="0"/><line nr="429" mi="0" ci="2" mb="0" cb="0"/><line nr="438" mi="1" ci="13" mb="1" cb="1"/><line nr="459" mi="0" ci="3" mb="1" cb="1"/><line nr="460" mi="5" ci="0" mb="0" cb="0"/><line nr="461" mi="0" ci="11" mb="0" cb="0"/><line nr="474" mi="0" ci="9" mb="0" cb="0"/><line nr="487" mi="0" ci="9" mb="0" cb="0"/><line nr="500" mi="0" ci="5" mb="0" cb="0"/><line nr="513" mi="0" ci="5" mb="0" cb="0"/><line nr="524" mi="4" ci="7" mb="1" cb="1"/><line nr="525" mi="0" ci="9" mb="0" cb="2"/><line nr="526" mi="0" ci="6" mb="0" cb="2"/><line nr="527" mi="0" ci="6" mb="0" cb="0"/><line nr="529" mi="0" ci="4" mb="0" cb="0"/><line nr="530" mi="0" ci="2" mb="0" cb="0"/><line nr="541" mi="4" ci="7" mb="1" cb="1"/><line nr="542" mi="0" ci="9" mb="0" cb="2"/><line nr="543" mi="0" ci="6" mb="0" cb="2"/><line nr="544" mi="0" ci="6" mb="0" cb="0"/><line nr="546" mi="0" ci="4" mb="0" cb="0"/><line nr="547" mi="0" ci="3" mb="0" cb="0"/><line nr="558" mi="4" ci="7" mb="1" cb="1"/><line nr="559" mi="0" ci="9" mb="0" cb="2"/><line nr="560" mi="0" ci="7" mb="0" cb="2"/><line nr="561" mi="0" ci="6" mb="0" cb="0"/><line nr="563" mi="0" ci="4" mb="0" cb="0"/><line nr="564" mi="0" ci="2" mb="0" cb="0"/><line nr="575" mi="4" ci="7" mb="1" cb="1"/><line nr="576" mi="0" ci="9" mb="0" cb="2"/><line nr="577" mi="0" ci="7" mb="0" cb="2"/><line nr="578" mi="0" ci="6" mb="0" cb="0"/><line nr="580" mi="0" ci="4" mb="0" cb="0"/><line nr="581" mi="0" ci="3" mb="0" cb="0"/><line nr="601" mi="0" ci="4" mb="0" cb="0"/><line nr="602" mi="0" ci="8" mb="0" cb="2"/><line nr="603" mi="0" ci="7" mb="0" cb="0"/><line nr="605" mi="0" ci="13" mb="0" cb="2"/><line nr="607" mi="0" ci="4" mb="0" cb="0"/><line nr="620" mi="0" ci="3" mb="1" cb="1"/><line nr="621" mi="8" ci="0" mb="0" cb="0"/><line nr="622" mi="0" ci="3" mb="0" cb="0"/><line nr="623" mi="0" ci="6" mb="0" cb="0"/><line nr="654" mi="0" ci="3" mb="0" cb="0"/><line nr="655" mi="0" ci="3" mb="1" cb="1"/><line nr="656" mi="9" ci="0" mb="0" cb="0"/><line nr="657" mi="0" ci="3" mb="0" cb="2"/><line nr="658" mi="0" ci="7" mb="0" cb="0"/><line nr="660" mi="0" ci="5" mb="0" cb="0"/><line nr="678" mi="0" ci="3" mb="1" cb="1"/><line nr="679" mi="8" ci="0" mb="0" cb="0"/><line nr="680" mi="0" ci="3" mb="0" cb="0"/><line nr="681" mi="0" ci="6" mb="0" cb="0"/><line nr="698" mi="0" ci="8" mb="0" cb="0"/><line nr="728" mi="0" ci="3" mb="0" cb="0"/><line nr="729" mi="0" ci="3" mb="1" cb="1"/><line nr="730" mi="9" ci="0" mb="0" cb="0"/><line nr="731" mi="0" ci="3" mb="0" cb="2"/><line nr="732" mi="0" ci="7" mb="0" cb="0"/><line nr="734" mi="0" ci="5" mb="0" cb="0"/><line nr="757" mi="0" ci="8" mb="0" cb="0"/><line nr="801" mi="0" ci="11" mb="0" cb="2"/><line nr="802" mi="0" ci="20" mb="0" cb="2"/><line nr="803" mi="0" ci="4" mb="0" cb="0"/><line nr="815" mi="4" ci="7" mb="1" cb="1"/><line nr="816" mi="0" ci="9" mb="0" cb="2"/><line nr="817" mi="0" ci="5" mb="0" cb="0"/><line nr="818" mi="0" ci="4" mb="0" cb="0"/><line nr="840" mi="0" ci="3" mb="0" cb="0"/><line nr="841" mi="4" ci="7" mb="1" cb="1"/><line nr="842" mi="0" ci="8" mb="0" cb="2"/><line nr="843" mi="0" ci="4" mb="0" cb="0"/><line nr="844" mi="0" ci="6" mb="1" cb="3"/><line nr="845" mi="0" ci="5" mb="0" cb="0"/><line nr="847" mi="0" ci="3" mb="0" cb="0"/><line nr="848" mi="0" ci="3" mb="1" cb="1"/><line nr="849" mi="6" ci="0" mb="0" cb="0"/><line nr="850" mi="0" ci="3" mb="0" cb="0"/><line nr="853" mi="0" ci="4" mb="0" cb="0"/><line nr="868" mi="0" ci="6" mb="0" cb="0"/><line nr="882" mi="4" ci="7" mb="1" cb="1"/><line nr="883" mi="0" ci="16" mb="0" cb="2"/><line nr="884" mi="0" ci="4" mb="0" cb="0"/><line nr="885" mi="0" ci="5" mb="0" cb="0"/><line nr="898" mi="11" ci="0" mb="2" cb="0"/><line nr="899" mi="9" ci="0" mb="2" cb="0"/><line nr="900" mi="5" ci="0" mb="0" cb="0"/><line nr="901" mi="5" ci="0" mb="0" cb="0"/><line nr="924" mi="0" ci="3" mb="0" cb="0"/><line nr="925" mi="4" ci="7" mb="1" cb="1"/><line nr="926" mi="0" ci="8" mb="0" cb="2"/><line nr="927" mi="0" ci="4" mb="0" cb="0"/><line nr="928" mi="0" ci="6" mb="2" cb="2"/><line nr="929" mi="5" ci="0" mb="0" cb="0"/><line nr="931" mi="0" ci="3" mb="0" cb="0"/><line nr="932" mi="0" ci="3" mb="1" cb="1"/><line nr="933" mi="6" ci="0" mb="0" cb="0"/><line nr="934" mi="0" ci="3" mb="0" cb="0"/><line nr="937" mi="0" ci="5" mb="0" cb="0"/><line nr="970" mi="4" ci="7" mb="1" cb="1"/><line nr="971" mi="0" ci="16" mb="1" cb="1"/><line nr="972" mi="0" ci="4" mb="0" cb="0"/><line nr="973" mi="5" ci="0" mb="0" cb="0"/><line nr="989" mi="11" ci="0" mb="2" cb="0"/><line nr="990" mi="9" ci="0" mb="2" cb="0"/><line nr="991" mi="5" ci="0" mb="0" cb="0"/><line nr="992" mi="5" ci="0" mb="0" cb="0"/><line nr="1015" mi="0" ci="3" mb="0" cb="0"/><line nr="1016" mi="4" ci="7" mb="1" cb="1"/><line nr="1017" mi="0" ci="8" mb="0" cb="2"/><line nr="1018" mi="0" ci="4" mb="0" cb="0"/><line nr="1019" mi="0" ci="6" mb="2" cb="2"/><line nr="1020" mi="5" ci="0" mb="0" cb="0"/><line nr="1022" mi="0" ci="3" mb="0" cb="0"/><line nr="1023" mi="0" ci="3" mb="1" cb="1"/><line nr="1024" mi="6" ci="0" mb="0" cb="0"/><line nr="1025" mi="0" ci="3" mb="0" cb="0"/><line nr="1028" mi="0" ci="5" mb="0" cb="0"/><line nr="1061" mi="5" ci="8" mb="1" cb="1"/><line nr="1062" mi="0" ci="4" mb="0" cb="0"/><line nr="1079" mi="0" ci="3" mb="0" cb="0"/><line nr="1081" mi="0" ci="4" mb="0" cb="0"/><line nr="1082" mi="0" ci="2" mb="0" cb="0"/><line nr="1083" mi="0" ci="9" mb="0" cb="2"/><line nr="1084" mi="0" ci="4" mb="0" cb="0"/><line nr="1085" mi="5" ci="9" mb="1" cb="1"/><line nr="1086" mi="0" ci="1" mb="0" cb="0"/><line nr="1087" mi="0" ci="5" mb="0" cb="0"/><line nr="1097" mi="0" ci="3" mb="0" cb="0"/><line nr="1098" mi="0" ci="3" mb="0" cb="0"/><line nr="1099" mi="0" ci="3" mb="0" cb="0"/><line nr="1100" mi="0" ci="8" mb="0" cb="2"/><line nr="1101" mi="0" ci="9" mb="0" cb="0"/><line nr="1102" mi="0" ci="2" mb="0" cb="0"/><line nr="1112" mi="0" ci="13" mb="0" cb="2"/><line nr="1130" mi="0" ci="5" mb="1" cb="1"/><line nr="1132" mi="0" ci="2" mb="0" cb="0"/><line nr="1133" mi="0" ci="3" mb="0" cb="0"/><line nr="1134" mi="0" ci="1" mb="0" cb="0"/><line nr="1135" mi="5" ci="0" mb="0" cb="0"/><line nr="1137" mi="0" ci="1" mb="0" cb="0"/><counter type="INSTRUCTION" missed="237" covered="931"/><counter type="BRANCH" missed="40" covered="86"/><counter type="LINE" missed="31" covered="175"/><counter type="COMPLEXITY" missed="41" covered="80"/><counter type="METHOD" missed="5" covered="53"/><counter type="CLASS" missed="0" covered="1"/></sourcefile><sourcefile name="Viewables.java"><line nr="64" mi="0" ci="5" mb="0" cb="0"/><counter type="INSTRUCTION" missed="0" covered="5"/><counter type="LINE" missed="0" covered="1"/><counter type="COMPLEXITY" missed="0" covered="1"/><counter type="METHOD" missed="0" covered="1"/><counter type="CLASS" missed="0" covered="1"/></sourcefile><sourcefile name="From.java"><line nr="15" mi="0" ci="16" mb="0" cb="0"/><line nr="21" mi="0" ci="6" mb="0" cb="0"/><line nr="26" mi="0" ci="6" mb="0" cb="0"/><line nr="30" mi="0" ci="6" mb="0" cb="0"/><counter type="INSTRUCTION" missed="0" covered="34"/><counter type="LINE" missed="0" covered="4"/><counter type="COMPLEXITY" missed="0" covered="1"/><counter type="METHOD" missed="0" covered="1"/><counter type="CLASS" missed="0" covered="1"/></sourcefile><sourcefile name="Vals.java"><line nr="38" mi="0" ci="3" mb="0" cb="0"/><line nr="39" mi="0" ci="4" mb="0" cb="0"/><line nr="51" mi="3" ci="0" mb="0" cb="0"/><line nr="52" mi="3" ci="0" mb="0" cb="0"/><line nr="53" mi="5" ci="0" mb="0" cb="0"/><line nr="65" mi="0" ci="3" mb="0" cb="0"/><line nr="66" mi="0" ci="3" mb="0" cb="0"/><line nr="67" mi="0" ci="5" mb="0" cb="0"/><line nr="79" mi="0" ci="3" mb="0" cb="0"/><line nr="80" mi="0" ci="3" mb="0" cb="0"/><line nr="81" mi="0" ci="5" mb="0" cb="0"/><line nr="94" mi="0" ci="3" mb="0" cb="0"/><line nr="95" mi="0" ci="3" mb="0" cb="0"/><line nr="96" mi="0" ci="5" mb="0" cb="0"/><line nr="108" mi="0" ci="3" mb="0" cb="0"/><line nr="109" mi="0" ci="3" mb="0" cb="0"/><line nr="110" mi="0" ci="5" mb="0" cb="0"/><line nr="124" mi="0" ci="3" mb="0" cb="0"/><line nr="125" mi="0" ci="3" mb="0" cb="0"/><line nr="126" mi="0" ci="5" mb="0" cb="0"/><line nr="136" mi="0" ci="3" mb="0" cb="0"/><line nr="137" mi="0" ci="4" mb="0" cb="0"/><line nr="149" mi="0" ci="3" mb="0" cb="0"/><line nr="150" mi="0" ci="5" mb="0" cb="0"/><line nr="162" mi="0" ci="3" mb="0" cb="0"/><line nr="163" mi="0" ci="5" mb="0" cb="0"/><line nr="175" mi="0" ci="3" mb="0" cb="0"/><line nr="176" mi="0" ci="5" mb="0" cb="0"/><line nr="190" mi="0" ci="3" mb="0" cb="0"/><line nr="191" mi="0" ci="3" mb="0" cb="0"/><line nr="192" mi="0" ci="5" mb="0" cb="0"/><line nr="225" mi="0" ci="4" mb="0" cb="0"/><line nr="250" mi="0" ci="7" mb="0" cb="0"/><line nr="262" mi="0" ci="5" mb="0" cb="0"/><line nr="263" mi="0" ci="14" mb="0" cb="0"/><line nr="264" mi="0" ci="3" mb="0" cb="0"/><line nr="277" mi="0" ci="5" mb="0" cb="0"/><line nr="278" mi="0" ci="14" mb="0" cb="0"/><line nr="279" mi="0" ci="3" mb="0" cb="0"/><line nr="292" mi="0" ci="5" mb="0" cb="0"/><line nr="293" mi="0" ci="14" mb="0" cb="0"/><line nr="294" mi="0" ci="3" mb="0" cb="0"/><line nr="328" mi="0" ci="7" mb="0" cb="2"/><line nr="338" mi="0" ci="7" mb="0" cb="2"/><line nr="347" mi="0" ci="9" mb="0" cb="2"/><line nr="359" mi="0" ci="2" mb="0" cb="0"/><line nr="360" mi="0" ci="9" mb="0" cb="2"/><line nr="361" mi="0" ci="6" mb="0" cb="2"/><line nr="362" mi="0" ci="1" mb="0" cb="0"/><line nr="363" mi="0" ci="1" mb="0" cb="0"/><line nr="364" mi="0" ci="2" mb="0" cb="0"/><line nr="379" mi="0" ci="3" mb="0" cb="2"/><line nr="380" mi="0" ci="5" mb="0" cb="0"/><line nr="382" mi="0" ci="8" mb="0" cb="2"/><line nr="383" mi="0" ci="4" mb="0" cb="0"/><line nr="384" mi="0" ci="4" mb="0" cb="2"/><line nr="385" mi="0" ci="2" mb="0" cb="0"/><line nr="387" mi="0" ci="2" mb="0" cb="0"/><line nr="399" mi="0" ci="3" mb="1" cb="1"/><line nr="400" mi="5" ci="0" mb="0" cb="0"/><line nr="402" mi="0" ci="9" mb="0" cb="2"/><line nr="415" mi="0" ci="5" mb="1" cb="1"/><line nr="416" mi="2" ci="0" mb="0" cb="0"/><line nr="417" mi="0" ci="8" mb="0" cb="2"/><line nr="418" mi="0" ci="4" mb="0" cb="0"/><line nr="419" mi="0" ci="4" mb="0" cb="0"/><line nr="420" mi="0" ci="4" mb="0" cb="2"/><line nr="421" mi="0" ci="2" mb="0" cb="0"/><line nr="423" mi="0" ci="2" mb="0" cb="0"/><line nr="458" mi="0" ci="5" mb="0" cb="0"/><line nr="467" mi="0" ci="7" mb="0" cb="0"/><line nr="477" mi="0" ci="3" mb="0" cb="0"/><line nr="478" mi="0" ci="17" mb="0" cb="2"/><line nr="488" mi="0" ci="7" mb="0" cb="0"/><line nr="501" mi="0" ci="4" mb="0" cb="0"/><line nr="502" mi="0" ci="8" mb="0" cb="2"/><line nr="503" mi="0" ci="4" mb="0" cb="0"/><line nr="504" mi="0" ci="7" mb="0" cb="0"/><line nr="506" mi="0" ci="3" mb="0" cb="0"/><line nr="520" mi="0" ci="4" mb="0" cb="0"/><line nr="521" mi="0" ci="8" mb="0" cb="2"/><line nr="522" mi="0" ci="4" mb="0" cb="0"/><line nr="523" mi="0" ci="6" mb="0" cb="0"/><line nr="525" mi="0" ci="3" mb="0" cb="0"/><line nr="533" mi="0" ci="6" mb="0" cb="0"/><line nr="540" mi="0" ci="6" mb="0" cb="0"/><line nr="547" mi="0" ci="6" mb="0" cb="0"/><line nr="553" mi="0" ci="4" mb="0" cb="0"/><counter type="INSTRUCTION" missed="18" covered="406"/><counter type="BRANCH" missed="2" covered="30"/><counter type="LINE" missed="5" covered="83"/><counter type="COMPLEXITY" missed="3" covered="51"/><counter type="METHOD" missed="1" covered="37"/><counter type="CLASS" missed="0" covered="1"/></sourcefile><sourcefile name="Maybe.java"><line nr="52" mi="3" ci="0" mb="0" cb="0"/><line nr="53" mi="5" ci="0" mb="0" cb="0"/><line nr="70" mi="0" ci="3" mb="0" cb="0"/><line nr="71" mi="0" ci="4" mb="0" cb="0"/><line nr="86" mi="0" ci="3" mb="0" cb="0"/><line nr="87" mi="0" ci="4" mb="0" cb="0"/><line nr="102" mi="3" ci="0" mb="0" cb="0"/><line nr="103" mi="4" ci="0" mb="0" cb="0"/><line nr="118" mi="3" ci="0" mb="0" cb="0"/><line nr="119" mi="4" ci="0" mb="0" cb="0"/><line nr="135" mi="0" ci="4" mb="0" cb="0"/><line nr="146" mi="0" ci="9" mb="0" cb="2"/><line nr="158" mi="0" ci="3" mb="0" cb="0"/><line nr="159" mi="0" ci="8" mb="0" cb="2"/><line nr="173" mi="0" ci="9" mb="0" cb="2"/><line nr="201" mi="0" ci="3" mb="0" cb="0"/><line nr="202" mi="0" ci="3" mb="0" cb="2"/><line nr="203" mi="0" ci="5" mb="0" cb="0"/><line nr="204" mi="0" ci="2" mb="0" cb="0"/><line nr="226" mi="0" ci="3" mb="0" cb="0"/><line nr="227" mi="0" ci="3" mb="0" cb="2"/><line nr="228" mi="0" ci="5" mb="0" cb="0"/><line nr="229" mi="0" ci="2" mb="0" cb="0"/><line nr="242" mi="0" ci="8" mb="0" cb="0"/><line nr="251" mi="0" ci="4" mb="0" cb="0"/><line nr="260" mi="0" ci="5" mb="0" cb="0"/><line nr="270" mi="0" ci="8" mb="0" cb="2"/><line nr="280" mi="0" ci="3" mb="0" cb="0"/><line nr="281" mi="0" ci="5" mb="0" cb="0"/><line nr="292" mi="0" ci="8" mb="0" cb="2"/><line nr="305" mi="0" ci="6" mb="0" cb="2"/><line nr="306" mi="0" ci="6" mb="0" cb="2"/><line nr="307" mi="0" ci="3" mb="0" cb="0"/><line nr="308" mi="0" ci="16" mb="0" cb="2"/><line nr="309" mi="2" ci="4" mb="1" cb="1"/><line nr="310" mi="0" ci="2" mb="0" cb="0"/><line nr="324" mi="2" ci="4" mb="1" cb="1"/><line nr="325" mi="0" ci="6" mb="0" cb="2"/><line nr="326" mi="0" ci="3" mb="0" cb="0"/><line nr="327" mi="0" ci="16" mb="0" cb="2"/><line nr="328" mi="2" ci="4" mb="1" cb="1"/><line nr="329" mi="0" ci="2" mb="0" cb="0"/><line nr="337" mi="0" ci="7" mb="0" cb="2"/><line nr="346" mi="0" ci="7" mb="0" cb="2"/><line nr="358" mi="0" ci="3" mb="1" cb="1"/><line nr="359" mi="0" ci="4" mb="0" cb="0"/><line nr="360" mi="0" ci="1" mb="0" cb="0"/><line nr="374" mi="0" ci="3" mb="0" cb="2"/><line nr="375" mi="0" ci="5" mb="0" cb="0"/><line nr="377" mi="0" ci="2" mb="0" cb="0"/><line nr="378" mi="0" ci="1" mb="0" cb="0"/><line nr="393" mi="3" ci="0" mb="0" cb="0"/><line nr="394" mi="3" ci="0" mb="2" cb="0"/><line nr="395" mi="2" ci="0" mb="0" cb="0"/><line nr="398" mi="4" ci="0" mb="0" cb="0"/><line nr="399" mi="3" ci="0" mb="0" cb="0"/><line nr="400" mi="2" ci="0" mb="0" cb="0"/><counter type="INSTRUCTION" missed="45" covered="219"/><counter type="BRANCH" missed="6" covered="34"/><counter type="LINE" missed="12" covered="45"/><counter type="COMPLEXITY" missed="9" covered="35"/><counter type="METHOD" missed="4" covered="20"/><counter type="CLASS" missed="0" covered="1"/></sourcefile><counter type="INSTRUCTION" missed="546" covered="2496"/><counter type="BRANCH" missed="70" covered="210"/><counter type="LINE" missed="91" covered="482"/><counter type="COMPLEXITY" missed="91" covered="277"/><counter type="METHOD" missed="31" covered="197"/><counter type="CLASS" missed="1" covered="19"/></package><counter type="INSTRUCTION" missed="2577" covered="8493"/><counter type="BRANCH" missed="397" covered="668"/><counter type="LINE" missed="408" covered="1738"/><counter type="COMPLEXITY" missed="383" covered="773"/><counter type="METHOD" missed="76" covered="544"/><counter type="CLASS" missed="1" covered="45"/></report>