<?xml version="1.0" encoding="UTF-8" standalone="yes"?><!DOCTYPE report PUBLIC "-//JACOCO//DTD Report 1.1//EN" "report.dtd"><report name="sprouts"><sessioninfo id="danpad-142b1dc8" start="1713176570669" dump="1713176579632"/><package name="sprouts/impl"><class name="sprouts/impl/Sprouts$1" sourcefilename="Sprouts.java"><method name="&lt;init&gt;" desc="(Lsprouts/impl/Sprouts;)V" line="55"><counter type="INSTRUCTION" missed="0" covered="11"/><counter type="LINE" missed="0" covered="2"/><counter type="COMPLEXITY" missed="0" covered="1"/><counter type="METHOD" missed="0" covered="1"/></method><method name="fire" desc="()V" line="58"><counter type="INSTRUCTION" missed="0" covered="5"/><counter type="LINE" missed="0" covered="1"/><counter type="COMPLEXITY" missed="0" covered="1"/><counter type="METHOD" missed="0" covered="1"/></method><method name="subscribe" desc="(Lsprouts/Observer;)Lsprouts/Event;" line="61"><counter type="INSTRUCTION" missed="0" covered="7"/><counter type="LINE" missed="0" covered="2"/><counter type="COMPLEXITY" missed="0" covered="1"/><counter type="METHOD" missed="0" covered="1"/></method><method name="unsubscribe" desc="(Lsprouts/Subscriber;)Lsprouts/Observable;" line="66"><counter type="INSTRUCTION" missed="0" covered="11"/><counter type="BRANCH" missed="1" covered="1"/><counter type="LINE" missed="0" covered="3"/><counter type="COMPLEXITY" missed="1" covered="1"/><counter type="METHOD" missed="0" covered="1"/></method><method name="unsubscribeAll" desc="()V" line="70"><counter type="INSTRUCTION" missed="0" covered="4"/><counter type="LINE" missed="0" covered="1"/><counter type="COMPLEXITY" missed="0" covered="1"/><counter type="METHOD" missed="0" covered="1"/></method><counter type="INSTRUCTION" missed="0" covered="38"/><counter type="BRANCH" missed="1" covered="1"/><counter type="LINE" missed="0" covered="9"/><counter type="COMPLEXITY" missed="1" covered="5"/><counter type="METHOD" missed="0" covered="5"/><counter type="CLASS" missed="0" covered="1"/></class><class name="sprouts/impl/Sprouts$2" sourcefilename="Sprouts.java"><method name="&lt;init&gt;" desc="(Lsprouts/impl/Sprouts;Lsprouts/Event$Executor;)V" line="77"><counter type="INSTRUCTION" missed="0" covered="14"/><counter type="LINE" missed="0" covered="2"/><counter type="COMPLEXITY" missed="0" covered="1"/><counter type="METHOD" missed="0" covered="1"/></method><method name="fire" desc="()V" line="81"><counter type="INSTRUCTION" missed="0" covered="6"/><counter type="LINE" missed="0" covered="1"/><counter type="COMPLEXITY" missed="0" covered="1"/><counter type="METHOD" missed="0" covered="1"/></method><method name="subscribe" desc="(Lsprouts/Observer;)Lsprouts/Event;" line="84"><counter type="INSTRUCTION" missed="0" covered="7"/><counter type="LINE" missed="0" covered="2"/><counter type="COMPLEXITY" missed="0" covered="1"/><counter type="METHOD" missed="0" covered="1"/></method><method name="unsubscribe" desc="(Lsprouts/Subscriber;)Lsprouts/Observable;" line="89"><counter type="INSTRUCTION" missed="11" covered="0"/><counter type="BRANCH" missed="2" covered="0"/><counter type="LINE" missed="3" covered="0"/><counter type="COMPLEXITY" missed="2" covered="0"/><counter type="METHOD" missed="1" covered="0"/></method><method name="unsubscribeAll" desc="()V" line="93"><counter type="INSTRUCTION" missed="4" covered="0"/><counter type="LINE" missed="1" covered="0"/><counter type="COMPLEXITY" missed="1" covered="0"/><counter type="METHOD" missed="1" covered="0"/></method><method name="lambda$fire$0" desc="()V" line="81"><counter type="INSTRUCTION" missed="0" covered="5"/><counter type="LINE" missed="0" covered="1"/><counter type="COMPLEXITY" missed="0" covered="1"/><counter type="METHOD" missed="0" covered="1"/></method><counter type="INSTRUCTION" missed="15" covered="32"/><counter type="BRANCH" missed="2" covered="0"/><counter type="LINE" missed="4" covered="5"/><counter type="COMPLEXITY" missed="3" covered="4"/><counter type="METHOD" missed="2" covered="4"/><counter type="CLASS" missed="0" covered="1"/></class><class name="sprouts/impl/SproutsFactory" sourcefilename="SproutsFactory.java"/><class name="sprouts/impl/Sprouts" sourcefilename="Sprouts.java"><method name="factory" desc="()Lsprouts/impl/SproutsFactory;" line="30"><counter type="INSTRUCTION" missed="0" covered="2"/><counter type="LINE" missed="0" covered="1"/><counter type="COMPLEXITY" missed="0" covered="1"/><counter type="METHOD" missed="0" covered="1"/></method><method name="setFactory" desc="(Lsprouts/impl/SproutsFactory;)V" line="43"><counter type="INSTRUCTION" missed="6" covered="0"/><counter type="LINE" missed="3" covered="0"/><counter type="COMPLEXITY" missed="1" covered="0"/><counter type="METHOD" missed="1" covered="0"/></method><method name="event" desc="()Lsprouts/Event;" line="55"><counter type="INSTRUCTION" missed="0" covered="5"/><counter type="LINE" missed="0" covered="1"/><counter type="COMPLEXITY" missed="0" covered="1"/><counter type="METHOD" missed="0" covered="1"/></method><method name="eventOf" desc="(Lsprouts/Event$Executor;)Lsprouts/Event;" line="77"><counter type="INSTRUCTION" missed="0" covered="6"/><counter type="LINE" missed="0" covered="1"/><counter type="COMPLEXITY" missed="0" covered="1"/><counter type="METHOD" missed="0" covered="1"/></method><method name="valOfNullable" desc="(Ljava/lang/Class;Ljava/lang/Object;)Lsprouts/Val;" line="98"><counter type="INSTRUCTION" missed="0" covered="5"/><counter type="LINE" missed="0" covered="1"/><counter type="COMPLEXITY" missed="0" covered="1"/><counter type="METHOD" missed="0" covered="1"/></method><method name="valOfNull" desc="(Ljava/lang/Class;)Lsprouts/Val;" line="102"><counter type="INSTRUCTION" missed="5" covered="0"/><counter type="LINE" missed="1" covered="0"/><counter type="COMPLEXITY" missed="1" covered="0"/><counter type="METHOD" missed="1" covered="0"/></method><method name="valOf" desc="(Ljava/lang/Object;)Lsprouts/Val;" line="106"><counter type="INSTRUCTION" missed="0" covered="4"/><counter type="LINE" missed="0" covered="1"/><counter type="COMPLEXITY" missed="0" covered="1"/><counter type="METHOD" missed="0" covered="1"/></method><method name="valOf" desc="(Lsprouts/Val;)Lsprouts/Val;" line="110"><counter type="INSTRUCTION" missed="10" covered="0"/><counter type="LINE" missed="2" covered="0"/><counter type="COMPLEXITY" missed="1" covered="0"/><counter type="METHOD" missed="1" covered="0"/></method><method name="valOfNullable" desc="(Lsprouts/Val;)Lsprouts/Val;" line="115"><counter type="INSTRUCTION" missed="0" covered="12"/><counter type="LINE" missed="0" covered="2"/><counter type="COMPLEXITY" missed="0" covered="1"/><counter type="METHOD" missed="0" covered="1"/></method><method name="valOf" desc="(Lsprouts/Val;Lsprouts/Val;Ljava/util/function/BiFunction;)Lsprouts/Val;" line="120"><counter type="INSTRUCTION" missed="5" covered="19"/><counter type="BRANCH" missed="1" covered="1"/><counter type="LINE" missed="1" covered="5"/><counter type="COMPLEXITY" missed="1" covered="1"/><counter type="METHOD" missed="0" covered="1"/></method><method name="valOfNullable" desc="(Lsprouts/Val;Lsprouts/Val;Ljava/util/function/BiFunction;)Lsprouts/Val;" line="129"><counter type="INSTRUCTION" missed="5" covered="19"/><counter type="BRANCH" missed="1" covered="1"/><counter type="LINE" missed="1" covered="5"/><counter type="COMPLEXITY" missed="1" covered="1"/><counter type="METHOD" missed="0" covered="1"/></method><method name="varOfNullable" desc="(Ljava/lang/Class;Ljava/lang/Object;)Lsprouts/Var;" line="139"><counter type="INSTRUCTION" missed="0" covered="5"/><counter type="LINE" missed="0" covered="1"/><counter type="COMPLEXITY" missed="0" covered="1"/><counter type="METHOD" missed="0" covered="1"/></method><method name="varOfNull" desc="(Ljava/lang/Class;)Lsprouts/Var;" line="143"><counter type="INSTRUCTION" missed="0" covered="5"/><counter type="LINE" missed="0" covered="1"/><counter type="COMPLEXITY" missed="0" covered="1"/><counter type="METHOD" missed="0" covered="1"/></method><method name="varOf" desc="(Ljava/lang/Object;)Lsprouts/Var;" line="147"><counter type="INSTRUCTION" missed="0" covered="4"/><counter type="LINE" missed="0" covered="1"/><counter type="COMPLEXITY" missed="0" covered="1"/><counter type="METHOD" missed="0" covered="1"/></method><method name="varOf" desc="(Ljava/lang/Class;Ljava/lang/Object;)Lsprouts/Var;" line="151"><counter type="INSTRUCTION" missed="0" covered="5"/><counter type="LINE" missed="0" covered="1"/><counter type="COMPLEXITY" missed="0" covered="1"/><counter type="METHOD" missed="0" covered="1"/></method><method name="valsOf" desc="(Ljava/lang/Class;[Lsprouts/Val;)Lsprouts/Vals;" line="157"><counter type="INSTRUCTION" missed="6" covered="0"/><counter type="LINE" missed="1" covered="0"/><counter type="COMPLEXITY" missed="1" covered="0"/><counter type="METHOD" missed="1" covered="0"/></method><method name="valsOf" desc="(Lsprouts/Val;[Lsprouts/Val;)Lsprouts/Vals;" line="162"><counter type="INSTRUCTION" missed="0" covered="17"/><counter type="LINE" missed="0" covered="3"/><counter type="COMPLEXITY" missed="0" covered="1"/><counter type="METHOD" missed="0" covered="1"/></method><method name="valsOf" desc="(Ljava/lang/Object;[Ljava/lang/Object;)Lsprouts/Vals;" line="168"><counter type="INSTRUCTION" missed="0" covered="5"/><counter type="LINE" missed="0" covered="1"/><counter type="COMPLEXITY" missed="0" covered="1"/><counter type="METHOD" missed="0" covered="1"/></method><method name="valsOf" desc="(Ljava/lang/Class;Ljava/lang/Iterable;)Lsprouts/Vals;" line="171"><counter type="INSTRUCTION" missed="5" covered="0"/><counter type="LINE" missed="1" covered="0"/><counter type="COMPLEXITY" missed="1" covered="0"/><counter type="METHOD" missed="1" covered="0"/></method><method name="valsOf" desc="(Ljava/lang/Class;Lsprouts/Vals;)Lsprouts/Vals;" line="175"><counter type="INSTRUCTION" missed="0" covered="5"/><counter type="LINE" missed="0" covered="1"/><counter type="COMPLEXITY" missed="0" covered="1"/><counter type="METHOD" missed="0" covered="1"/></method><method name="valsOfNullable" desc="(Ljava/lang/Class;[Lsprouts/Val;)Lsprouts/Vals;" line="180"><counter type="INSTRUCTION" missed="0" covered="16"/><counter type="LINE" missed="0" covered="3"/><counter type="COMPLEXITY" missed="0" covered="1"/><counter type="METHOD" missed="0" covered="1"/></method><method name="valsOfNullable" desc="(Ljava/lang/Class;[Ljava/lang/Object;)Lsprouts/Vals;" line="187"><counter type="INSTRUCTION" missed="5" covered="0"/><counter type="LINE" missed="1" covered="0"/><counter type="COMPLEXITY" missed="1" covered="0"/><counter type="METHOD" missed="1" covered="0"/></method><method name="valsOfNullable" desc="(Lsprouts/Val;[Lsprouts/Val;)Lsprouts/Vals;" line="192"><counter type="INSTRUCTION" missed="17" covered="0"/><counter type="LINE" missed="3" covered="0"/><counter type="COMPLEXITY" missed="1" covered="0"/><counter type="METHOD" missed="1" covered="0"/></method><method name="varsOf" desc="(Ljava/lang/Class;[Lsprouts/Var;)Lsprouts/Vars;" line="200"><counter type="INSTRUCTION" missed="0" covered="5"/><counter type="LINE" missed="0" covered="1"/><counter type="COMPLEXITY" missed="0" covered="1"/><counter type="METHOD" missed="0" covered="1"/></method><method name="varsOf" desc="(Ljava/lang/Class;)Lsprouts/Vars;" line="202"><counter type="INSTRUCTION" missed="0" covered="6"/><counter type="LINE" missed="0" covered="1"/><counter type="COMPLEXITY" missed="0" covered="1"/><counter type="METHOD" missed="0" covered="1"/></method><method name="varsOf" desc="(Lsprouts/Var;[Lsprouts/Var;)Lsprouts/Vars;" line="205"><counter type="INSTRUCTION" missed="0" covered="5"/><counter type="LINE" missed="0" covered="1"/><counter type="COMPLEXITY" missed="0" covered="1"/><counter type="METHOD" missed="0" covered="1"/></method><method name="varsOf" desc="(Ljava/lang/Object;[Ljava/lang/Object;)Lsprouts/Vars;" line="208"><counter type="INSTRUCTION" missed="0" covered="5"/><counter type="LINE" missed="0" covered="1"/><counter type="COMPLEXITY" missed="0" covered="1"/><counter type="METHOD" missed="0" covered="1"/></method><method name="varsOf" desc="(Ljava/lang/Class;Ljava/lang/Iterable;)Lsprouts/Vars;" line="210"><counter type="INSTRUCTION" missed="0" covered="5"/><counter type="LINE" missed="0" covered="1"/><counter type="COMPLEXITY" missed="0" covered="1"/><counter type="METHOD" missed="0" covered="1"/></method><method name="varsOfNullable" desc="(Ljava/lang/Class;[Lsprouts/Var;)Lsprouts/Vars;" line="214"><counter type="INSTRUCTION" missed="5" covered="0"/><counter type="LINE" missed="1" covered="0"/><counter type="COMPLEXITY" missed="1" covered="0"/><counter type="METHOD" missed="1" covered="0"/></method><method name="varsOfNullable" desc="(Ljava/lang/Class;)Lsprouts/Vars;" line="217"><counter type="INSTRUCTION" missed="4" covered="0"/><counter type="LINE" missed="1" covered="0"/><counter type="COMPLEXITY" missed="1" covered="0"/><counter type="METHOD" missed="1" covered="0"/></method><method name="varsOfNullable" desc="(Ljava/lang/Class;[Ljava/lang/Object;)Lsprouts/Vars;" line="221"><counter type="INSTRUCTION" missed="0" covered="5"/><counter type="LINE" missed="0" covered="1"/><counter type="COMPLEXITY" missed="0" covered="1"/><counter type="METHOD" missed="0" covered="1"/></method><method name="varsOfNullable" desc="(Lsprouts/Var;[Lsprouts/Var;)Lsprouts/Vars;" line="226"><counter type="INSTRUCTION" missed="5" covered="0"/><counter type="LINE" missed="1" covered="0"/><counter type="COMPLEXITY" missed="1" covered="0"/><counter type="METHOD" missed="1" covered="0"/></method><method name="resultOf" desc="(Ljava/lang/Class;)Lsprouts/Result;" line="230"><counter type="INSTRUCTION" missed="11" covered="0"/><counter type="LINE" missed="2" covered="0"/><counter type="COMPLEXITY" missed="1" covered="0"/><counter type="METHOD" missed="1" covered="0"/></method><method name="resultOf" desc="(Ljava/lang/Object;)Lsprouts/Result;" line="235"><counter type="INSTRUCTION" missed="0" covered="8"/><counter type="LINE" missed="0" covered="2"/><counter type="COMPLEXITY" missed="0" covered="1"/><counter type="METHOD" missed="0" covered="1"/></method><method name="resultOf" desc="(Ljava/lang/Class;Ljava/lang/Object;)Lsprouts/Result;" line="240"><counter type="INSTRUCTION" missed="0" covered="9"/><counter type="LINE" missed="0" covered="2"/><counter type="COMPLEXITY" missed="0" covered="1"/><counter type="METHOD" missed="0" covered="1"/></method><method name="resultOf" desc="(Ljava/lang/Object;Ljava/util/List;)Lsprouts/Result;" line="245"><counter type="INSTRUCTION" missed="0" covered="20"/><counter type="LINE" missed="0" covered="3"/><counter type="COMPLEXITY" missed="0" covered="1"/><counter type="METHOD" missed="0" covered="1"/></method><method name="resultOf" desc="(Ljava/lang/Class;Ljava/util/List;)Lsprouts/Result;" line="251"><counter type="INSTRUCTION" missed="0" covered="19"/><counter type="LINE" missed="0" covered="3"/><counter type="COMPLEXITY" missed="0" covered="1"/><counter type="METHOD" missed="0" covered="1"/></method><method name="resultOf" desc="(Ljava/lang/Class;Ljava/lang/Object;Ljava/util/List;)Lsprouts/Result;" line="257"><counter type="INSTRUCTION" missed="0" covered="19"/><counter type="LINE" missed="0" covered="3"/><counter type="COMPLEXITY" missed="0" covered="1"/><counter type="METHOD" missed="0" covered="1"/></method><method name="resultOf" desc="(Ljava/lang/Class;Ljava/lang/Object;Lsprouts/Problem;)Lsprouts/Result;" line="263"><counter type="INSTRUCTION" missed="15" covered="0"/><counter type="LINE" missed="3" covered="0"/><counter type="COMPLEXITY" missed="1" covered="0"/><counter type="METHOD" missed="1" covered="0"/></method><method name="resultOf" desc="(Ljava/lang/Class;Lsprouts/Problem;)Lsprouts/Result;" line="269"><counter type="INSTRUCTION" missed="15" covered="0"/><counter type="LINE" missed="3" covered="0"/><counter type="COMPLEXITY" missed="1" covered="0"/><counter type="METHOD" missed="1" covered="0"/></method><method name="resultOfList" desc="(Ljava/lang/Class;Lsprouts/Problem;)Lsprouts/Result;" line="275"><counter type="INSTRUCTION" missed="15" covered="0"/><counter type="LINE" missed="3" covered="0"/><counter type="COMPLEXITY" missed="1" covered="0"/><counter type="METHOD" missed="1" covered="0"/></method><method name="resultOfList" desc="(Ljava/lang/Class;Ljava/util/List;)Lsprouts/Result;" line="281"><counter type="INSTRUCTION" missed="13" covered="24"/><counter type="BRANCH" missed="1" covered="1"/><counter type="LINE" missed="1" covered="5"/><counter type="COMPLEXITY" missed="1" covered="1"/><counter type="METHOD" missed="0" covered="1"/></method><method name="resultOfList" desc="(Ljava/lang/Class;Ljava/util/List;Ljava/util/List;)Lsprouts/Result;" line="291"><counter type="INSTRUCTION" missed="13" covered="32"/><counter type="BRANCH" missed="1" covered="1"/><counter type="LINE" missed="1" covered="6"/><counter type="COMPLEXITY" missed="1" covered="1"/><counter type="METHOD" missed="0" covered="1"/></method><method name="lambda$resultOfList$1" desc="(Ljava/lang/Class;Ljava/lang/Object;)Z" line="293"><counter type="INSTRUCTION" missed="0" covered="5"/><counter type="LINE" missed="0" covered="1"/><counter type="COMPLEXITY" missed="0" covered="1"/><counter type="METHOD" missed="0" covered="1"/></method><method name="lambda$resultOfList$0" desc="(Ljava/lang/Class;Ljava/lang/Object;)Z" line="284"><counter type="INSTRUCTION" missed="0" covered="5"/><counter type="LINE" missed="0" covered="1"/><counter type="COMPLEXITY" missed="0" covered="1"/><counter type="METHOD" missed="0" covered="1"/></method><method name="&lt;clinit&gt;" desc="()V" line="47"><counter type="INSTRUCTION" missed="0" covered="5"/><counter type="LINE" missed="0" covered="1"/><counter type="COMPLEXITY" missed="0" covered="1"/><counter type="METHOD" missed="0" covered="1"/></method><counter type="INSTRUCTION" missed="160" covered="311"/><counter type="BRANCH" missed="4" covered="4"/><counter type="LINE" missed="30" covered="60"/><counter type="COMPLEXITY" missed="18" covered="32"/><counter type="METHOD" missed="14" covered="32"/><counter type="CLASS" missed="0" covered="1"/></class><class name="sprouts/impl/AbstractVariables$3" sourcefilename="AbstractVariables.java"><method name="&lt;init&gt;" desc="(ZLjava/lang/Class;Z[Lsprouts/Var;)V" line="67"><counter type="INSTRUCTION" missed="7" covered="0"/><counter type="LINE" missed="1" covered="0"/><counter type="COMPLEXITY" missed="1" covered="0"/><counter type="METHOD" missed="1" covered="0"/></method><counter type="INSTRUCTION" missed="7" covered="0"/><counter type="LINE" missed="1" covered="0"/><counter type="COMPLEXITY" missed="1" covered="0"/><counter type="METHOD" missed="1" covered="0"/><counter type="CLASS" missed="1" covered="0"/></class><class name="sprouts/impl/AbstractVariables$4" sourcefilename="AbstractVariables.java"><method name="&lt;init&gt;" desc="(ZLjava/lang/Class;Z[Lsprouts/Var;)V" line="74"><counter type="INSTRUCTION" missed="0" covered="7"/><counter type="LINE" missed="0" covered="1"/><counter type="COMPLEXITY" missed="0" covered="1"/><counter type="METHOD" missed="0" covered="1"/></method><counter type="INSTRUCTION" missed="0" covered="7"/><counter type="LINE" missed="0" covered="1"/><counter type="COMPLEXITY" missed="0" covered="1"/><counter type="METHOD" missed="0" covered="1"/><counter type="CLASS" missed="0" covered="1"/></class><class name="sprouts/impl/AbstractVariables$1" sourcefilename="AbstractVariables.java"><method name="&lt;init&gt;" desc="(ZLjava/lang/Class;Z[Lsprouts/Var;)V" line="23"><counter type="INSTRUCTION" missed="0" covered="7"/><counter type="LINE" missed="0" covered="1"/><counter type="COMPLEXITY" missed="0" covered="1"/><counter type="METHOD" missed="0" covered="1"/></method><counter type="INSTRUCTION" missed="0" covered="7"/><counter type="LINE" missed="0" covered="1"/><counter type="COMPLEXITY" missed="0" covered="1"/><counter type="METHOD" missed="0" covered="1"/><counter type="CLASS" missed="0" covered="1"/></class><class name="sprouts/impl/AbstractVariables$2" sourcefilename="AbstractVariables.java"><method name="&lt;init&gt;" desc="(ZLjava/lang/Class;Z[Lsprouts/Var;)V" line="53"><counter type="INSTRUCTION" missed="0" covered="7"/><counter type="LINE" missed="0" covered="1"/><counter type="COMPLEXITY" missed="0" covered="1"/><counter type="METHOD" missed="0" covered="1"/></method><counter type="INSTRUCTION" missed="0" covered="7"/><counter type="LINE" missed="0" covered="1"/><counter type="COMPLEXITY" missed="0" covered="1"/><counter type="METHOD" missed="0" covered="1"/><counter type="CLASS" missed="0" covered="1"/></class><class name="sprouts/impl/AbstractVariables$7" sourcefilename="AbstractVariables.java"><method name="&lt;init&gt;" desc="(Lsprouts/impl/AbstractVariables;)V" line="390"><counter type="INSTRUCTION" missed="0" covered="9"/><counter type="LINE" missed="0" covered="2"/><counter type="COMPLEXITY" missed="0" covered="1"/><counter type="METHOD" missed="0" covered="1"/></method><method name="hasNext" desc="()Z" line="392"><counter type="INSTRUCTION" missed="0" covered="10"/><counter type="BRANCH" missed="0" covered="2"/><counter type="LINE" missed="0" covered="1"/><counter type="COMPLEXITY" missed="0" covered="2"/><counter type="METHOD" missed="0" covered="1"/></method><method name="next" desc="()Ljava/lang/Object;" line="393"><counter type="INSTRUCTION" missed="0" covered="12"/><counter type="LINE" missed="0" covered="1"/><counter type="COMPLEXITY" missed="0" covered="1"/><counter type="METHOD" missed="0" covered="1"/></method><counter type="INSTRUCTION" missed="0" covered="31"/><counter type="BRANCH" missed="0" covered="2"/><counter type="LINE" missed="0" covered="4"/><counter type="COMPLEXITY" missed="0" covered="4"/><counter type="METHOD" missed="0" covered="3"/><counter type="CLASS" missed="0" covered="1"/></class><class name="sprouts/impl/AbstractVariables" sourcefilename="AbstractVariables.java"><method name="of" desc="(ZLjava/lang/Class;[Lsprouts/Var;)Lsprouts/Vars;" line="21"><counter type="INSTRUCTION" missed="0" covered="14"/><counter type="LINE" missed="0" covered="3"/><counter type="COMPLEXITY" missed="0" covered="1"/><counter type="METHOD" missed="0" covered="1"/></method><method name="of" desc="(ZLsprouts/Var;[Lsprouts/Var;)Lsprouts/Vars;" line="28"><counter type="INSTRUCTION" missed="0" covered="29"/><counter type="LINE" missed="0" covered="6"/><counter type="COMPLEXITY" missed="0" covered="1"/><counter type="METHOD" missed="0" covered="1"/></method><method name="of" desc="(ZLjava/lang/Object;[Ljava/lang/Object;)Lsprouts/Vars;" line="38"><counter type="INSTRUCTION" missed="0" covered="42"/><counter type="BRANCH" missed="0" covered="2"/><counter type="LINE" missed="0" covered="7"/><counter type="COMPLEXITY" missed="0" covered="2"/><counter type="METHOD" missed="0" covered="1"/></method><method name="of" desc="(ZLjava/lang/Class;Ljava/lang/Iterable;)Lsprouts/Vars;" line="48"><counter type="INSTRUCTION" missed="0" covered="32"/><counter type="LINE" missed="0" covered="6"/><counter type="COMPLEXITY" missed="0" covered="1"/><counter type="METHOD" missed="0" covered="1"/></method><method name="of" desc="(ZLjava/lang/Class;Lsprouts/Vals;)Lsprouts/Vals;" line="57"><counter type="INSTRUCTION" missed="23" covered="13"/><counter type="BRANCH" missed="3" covered="1"/><counter type="LINE" missed="3" covered="2"/><counter type="COMPLEXITY" missed="2" covered="1"/><counter type="METHOD" missed="0" covered="1"/></method><method name="ofNullable" desc="(ZLjava/lang/Class;)Lsprouts/Vars;" line="66"><counter type="INSTRUCTION" missed="12" covered="0"/><counter type="LINE" missed="2" covered="0"/><counter type="COMPLEXITY" missed="1" covered="0"/><counter type="METHOD" missed="1" covered="0"/></method><method name="ofNullable" desc="(ZLjava/lang/Class;[Lsprouts/Var;)Lsprouts/Vars;" line="72"><counter type="INSTRUCTION" missed="0" covered="14"/><counter type="LINE" missed="0" covered="3"/><counter type="COMPLEXITY" missed="0" covered="1"/><counter type="METHOD" missed="0" covered="1"/></method><method name="ofNullable" desc="(ZLjava/lang/Class;[Ljava/lang/Object;)Lsprouts/Vars;" line="79"><counter type="INSTRUCTION" missed="0" covered="34"/><counter type="BRANCH" missed="0" covered="2"/><counter type="LINE" missed="0" covered="5"/><counter type="COMPLEXITY" missed="0" covered="2"/><counter type="METHOD" missed="0" covered="1"/></method><method name="ofNullable" desc="(ZLsprouts/Var;[Lsprouts/Var;)Lsprouts/Vars;" line="88"><counter type="INSTRUCTION" missed="29" covered="0"/><counter type="LINE" missed="6" covered="0"/><counter type="COMPLEXITY" missed="1" covered="0"/><counter type="METHOD" missed="1" covered="0"/></method><method name="&lt;init&gt;" desc="(ZLjava/lang/Class;Z[Lsprouts/Var;)V" line="97"><counter type="INSTRUCTION" missed="0" covered="30"/><counter type="LINE" missed="0" covered="9"/><counter type="COMPLEXITY" missed="0" covered="1"/><counter type="METHOD" missed="0" covered="1"/></method><method name="&lt;init&gt;" desc="(ZLjava/lang/Class;ZLjava/util/List;)V" line="97"><counter type="INSTRUCTION" missed="0" covered="29"/><counter type="LINE" missed="0" covered="9"/><counter type="COMPLEXITY" missed="0" covered="1"/><counter type="METHOD" missed="0" covered="1"/></method><method name="at" desc="(I)Lsprouts/Var;" line="123"><counter type="INSTRUCTION" missed="0" covered="6"/><counter type="LINE" missed="0" covered="1"/><counter type="COMPLEXITY" missed="0" covered="1"/><counter type="METHOD" missed="0" covered="1"/></method><method name="type" desc="()Ljava/lang/Class;" line="126"><counter type="INSTRUCTION" missed="0" covered="3"/><counter type="LINE" missed="0" covered="1"/><counter type="COMPLEXITY" missed="0" covered="1"/><counter type="METHOD" missed="0" covered="1"/></method><method name="size" desc="()I" line="129"><counter type="INSTRUCTION" missed="0" covered="4"/><counter type="LINE" missed="0" covered="1"/><counter type="COMPLEXITY" missed="0" covered="1"/><counter type="METHOD" missed="0" covered="1"/></method><method name="removeLast" desc="(I)Lsprouts/Vars;" line="134"><counter type="INSTRUCTION" missed="10" covered="36"/><counter type="BRANCH" missed="3" covered="5"/><counter type="LINE" missed="0" covered="7"/><counter type="COMPLEXITY" missed="3" covered="2"/><counter type="METHOD" missed="0" covered="1"/></method><method name="popLast" desc="(I)Lsprouts/Vars;" line="151"><counter type="INSTRUCTION" missed="15" covered="52"/><counter type="BRANCH" missed="3" covered="5"/><counter type="LINE" missed="0" covered="10"/><counter type="COMPLEXITY" missed="3" covered="2"/><counter type="METHOD" missed="0" covered="1"/></method><method name="removeFirst" desc="(I)Lsprouts/Vars;" line="170"><counter type="INSTRUCTION" missed="10" covered="29"/><counter type="BRANCH" missed="4" covered="4"/><counter type="LINE" missed="0" covered="7"/><counter type="COMPLEXITY" missed="4" covered="1"/><counter type="METHOD" missed="0" covered="1"/></method><method name="popFirst" desc="(I)Lsprouts/Vars;" line="187"><counter type="INSTRUCTION" missed="15" covered="48"/><counter type="BRANCH" missed="3" covered="5"/><counter type="LINE" missed="0" covered="10"/><counter type="COMPLEXITY" missed="3" covered="2"/><counter type="METHOD" missed="0" covered="1"/></method><method name="removeAll" desc="(Lsprouts/Vars;)Lsprouts/Vars;" line="202"><counter type="INSTRUCTION" missed="5" covered="31"/><counter type="BRANCH" missed="1" covered="5"/><counter type="LINE" missed="0" covered="6"/><counter type="COMPLEXITY" missed="1" covered="3"/><counter type="METHOD" missed="0" covered="1"/></method><method name="addAt" desc="(ILsprouts/Var;)Lsprouts/Vars;" line="214"><counter type="INSTRUCTION" missed="0" covered="24"/><counter type="BRANCH" missed="0" covered="2"/><counter type="LINE" missed="0" covered="5"/><counter type="COMPLEXITY" missed="0" covered="2"/><counter type="METHOD" missed="0" covered="1"/></method><method name="removeAt" desc="(I)Lsprouts/Vars;" line="224"><counter type="INSTRUCTION" missed="18" covered="34"/><counter type="BRANCH" missed="2" covered="4"/><counter type="LINE" missed="1" covered="6"/><counter type="COMPLEXITY" missed="2" covered="2"/><counter type="METHOD" missed="0" covered="1"/></method><method name="setAt" desc="(ILsprouts/Var;)Lsprouts/Vars;" line="236"><counter type="INSTRUCTION" missed="23" covered="37"/><counter type="BRANCH" missed="4" covered="4"/><counter type="LINE" missed="1" covered="8"/><counter type="COMPLEXITY" missed="4" covered="1"/><counter type="METHOD" missed="0" covered="1"/></method><method name="addAll" desc="(Lsprouts/Vals;)Lsprouts/Vars;" line="254"><counter type="INSTRUCTION" missed="12" covered="60"/><counter type="BRANCH" missed="3" covered="7"/><counter type="LINE" missed="1" covered="11"/><counter type="COMPLEXITY" missed="3" covered="3"/><counter type="METHOD" missed="0" covered="1"/></method><method name="retainAll" desc="(Lsprouts/Vars;)Lsprouts/Vars;" line="276"><counter type="INSTRUCTION" missed="5" covered="19"/><counter type="BRANCH" missed="1" covered="3"/><counter type="LINE" missed="0" covered="5"/><counter type="COMPLEXITY" missed="1" covered="2"/><counter type="METHOD" missed="0" covered="1"/></method><method name="clear" desc="()Lsprouts/Vars;" line="288"><counter type="INSTRUCTION" missed="0" covered="19"/><counter type="BRANCH" missed="0" covered="2"/><counter type="LINE" missed="0" covered="4"/><counter type="COMPLEXITY" missed="0" covered="2"/><counter type="METHOD" missed="0" covered="1"/></method><method name="sort" desc="(Ljava/util/Comparator;)V" line="297"><counter type="INSTRUCTION" missed="0" covered="20"/><counter type="BRANCH" missed="0" covered="2"/><counter type="LINE" missed="0" covered="4"/><counter type="COMPLEXITY" missed="0" covered="2"/><counter type="METHOD" missed="0" covered="1"/></method><method name="makeDistinct" desc="()V" line="305"><counter type="INSTRUCTION" missed="5" covered="42"/><counter type="BRANCH" missed="1" covered="5"/><counter type="LINE" missed="0" covered="9"/><counter type="COMPLEXITY" missed="1" covered="3"/><counter type="METHOD" missed="0" covered="1"/></method><method name="revert" desc="()Lsprouts/Vars;" line="318"><counter type="INSTRUCTION" missed="0" covered="46"/><counter type="BRANCH" missed="0" covered="2"/><counter type="LINE" missed="0" covered="7"/><counter type="COMPLEXITY" missed="0" covered="2"/><counter type="METHOD" missed="0" covered="1"/></method><method name="onChange" desc="(Lsprouts/Action;)Lsprouts/Vals;" line="331"><counter type="INSTRUCTION" missed="0" covered="7"/><counter type="LINE" missed="0" covered="2"/><counter type="COMPLEXITY" missed="0" covered="1"/><counter type="METHOD" missed="0" covered="1"/></method><method name="fireChange" desc="()Lsprouts/Vals;" line="338"><counter type="INSTRUCTION" missed="8" covered="0"/><counter type="LINE" missed="2" covered="0"/><counter type="COMPLEXITY" missed="1" covered="0"/><counter type="METHOD" missed="1" covered="0"/></method><method name="_createDelegate" desc="(ILsprouts/Change;Lsprouts/Var;Lsprouts/Var;)Lsprouts/ValsDelegate;" line="345"><counter type="INSTRUCTION" missed="0" covered="64"/><counter type="BRANCH" missed="0" covered="4"/><counter type="LINE" missed="0" covered="7"/><counter type="COMPLEXITY" missed="0" covered="3"/><counter type="METHOD" missed="0" covered="1"/></method><method name="_triggerAction" desc="(Lsprouts/Change;ILsprouts/Var;Lsprouts/Var;)V" line="377"><counter type="INSTRUCTION" missed="14" covered="24"/><counter type="BRANCH" missed="0" covered="2"/><counter type="LINE" missed="2" covered="5"/><counter type="COMPLEXITY" missed="0" covered="2"/><counter type="METHOD" missed="0" covered="1"/></method><method name="iterator" desc="()Ljava/util/Iterator;" line="390"><counter type="INSTRUCTION" missed="0" covered="5"/><counter type="LINE" missed="0" covered="1"/><counter type="COMPLEXITY" missed="0" covered="1"/><counter type="METHOD" missed="0" covered="1"/></method><method name="toString" desc="()Ljava/lang/String;" line="400"><counter type="INSTRUCTION" missed="0" covered="36"/><counter type="BRANCH" missed="0" covered="2"/><counter type="LINE" missed="0" covered="5"/><counter type="COMPLEXITY" missed="0" covered="2"/><counter type="METHOD" missed="0" covered="1"/></method><method name="equals" desc="(Ljava/lang/Object;)Z" line="412"><counter type="INSTRUCTION" missed="10" covered="34"/><counter type="BRANCH" missed="5" covered="7"/><counter type="LINE" missed="1" covered="8"/><counter type="COMPLEXITY" missed="5" covered="2"/><counter type="METHOD" missed="0" covered="1"/></method><method name="hashCode" desc="()I" line="429"><counter type="INSTRUCTION" missed="15" covered="0"/><counter type="LINE" missed="2" covered="0"/><counter type="COMPLEXITY" missed="1" covered="0"/><counter type="METHOD" missed="1" covered="0"/></method><method name="_checkNullSafety" desc="()V" line="434"><counter type="INSTRUCTION" missed="0" covered="19"/><counter type="BRANCH" missed="0" covered="4"/><counter type="LINE" missed="0" covered="4"/><counter type="COMPLEXITY" missed="0" covered="3"/><counter type="METHOD" missed="0" covered="1"/></method><method name="_checkNullSafetyOf" desc="(Lsprouts/Val;)V" line="440"><counter type="INSTRUCTION" missed="5" covered="10"/><counter type="BRANCH" missed="2" covered="2"/><counter type="LINE" missed="1" covered="3"/><counter type="COMPLEXITY" missed="2" covered="1"/><counter type="METHOD" missed="0" covered="1"/></method><method name="subscribe" desc="(Lsprouts/Observer;)Lsprouts/Observable;" line="447"><counter type="INSTRUCTION" missed="0" covered="7"/><counter type="LINE" missed="0" covered="1"/><counter type="COMPLEXITY" missed="0" covered="1"/><counter type="METHOD" missed="0" covered="1"/></method><method name="unsubscribe" desc="(Lsprouts/Subscriber;)Lsprouts/Observable;" line="452"><counter type="INSTRUCTION" missed="1" covered="44"/><counter type="BRANCH" missed="2" covered="6"/><counter type="LINE" missed="1" covered="9"/><counter type="COMPLEXITY" missed="2" covered="3"/><counter type="METHOD" missed="0" covered="1"/></method><method name="lambda$toString$2" desc="(Lsprouts/Var;)Ljava/lang/String;" line="401"><counter type="INSTRUCTION" missed="12" covered="13"/><counter type="BRANCH" missed="1" covered="1"/><counter type="LINE" missed="0" covered="1"/><counter type="COMPLEXITY" missed="1" covered="1"/><counter type="METHOD" missed="0" covered="1"/></method><method name="lambda$_createDelegate$1" desc="(I)[Lsprouts/Var;" line="345"><counter type="INSTRUCTION" missed="0" covered="3"/><counter type="LINE" missed="0" covered="1"/><counter type="COMPLEXITY" missed="0" covered="1"/><counter type="METHOD" missed="0" covered="1"/></method><method name="lambda$sort$0" desc="(Ljava/util/Comparator;Lsprouts/Var;Lsprouts/Var;)I" line="298"><counter type="INSTRUCTION" missed="0" covered="7"/><counter type="LINE" missed="0" covered="1"/><counter type="COMPLEXITY" missed="0" covered="1"/><counter type="METHOD" missed="0" covered="1"/></method><method name="&lt;clinit&gt;" desc="()V" line="17"><counter type="INSTRUCTION" missed="0" covered="4"/><counter type="LINE" missed="0" covered="1"/><counter type="COMPLEXITY" missed="0" covered="1"/><counter type="METHOD" missed="0" covered="1"/></method><counter type="INSTRUCTION" missed="247" covered="1024"/><counter type="BRANCH" missed="38" covered="88"/><counter type="LINE" missed="23" covered="196"/><counter type="COMPLEXITY" missed="41" covered="66"/><counter type="METHOD" missed="4" covered="40"/><counter type="CLASS" missed="0" covered="1"/></class><class name="sprouts/impl/AbstractVariables$5" sourcefilename="AbstractVariables.java"><method name="&lt;init&gt;" desc="(ZLjava/lang/Class;Z[Lsprouts/Var;)V" line="83"><counter type="INSTRUCTION" missed="0" covered="7"/><counter type="LINE" missed="0" covered="1"/><counter type="COMPLEXITY" missed="0" covered="1"/><counter type="METHOD" missed="0" covered="1"/></method><counter type="INSTRUCTION" missed="0" covered="7"/><counter type="LINE" missed="0" covered="1"/><counter type="COMPLEXITY" missed="0" covered="1"/><counter type="METHOD" missed="0" covered="1"/><counter type="CLASS" missed="0" covered="1"/></class><class name="sprouts/impl/ResultImpl" sourcefilename="ResultImpl.java"><method name="&lt;init&gt;" desc="(Ljava/lang/String;Ljava/lang/Class;Ljava/util/List;Ljava/lang/Object;)V" line="19"><counter type="INSTRUCTION" missed="0" covered="24"/><counter type="LINE" missed="0" covered="9"/><counter type="COMPLEXITY" missed="0" covered="1"/><counter type="METHOD" missed="0" covered="1"/></method><method name="type" desc="()Ljava/lang/Class;" line="30"><counter type="INSTRUCTION" missed="0" covered="3"/><counter type="LINE" missed="0" covered="1"/><counter type="COMPLEXITY" missed="0" covered="1"/><counter type="METHOD" missed="0" covered="1"/></method><method name="id" desc="()Ljava/lang/String;" line="33"><counter type="INSTRUCTION" missed="0" covered="3"/><counter type="LINE" missed="0" covered="1"/><counter type="COMPLEXITY" missed="0" covered="1"/><counter type="METHOD" missed="0" covered="1"/></method><method name="withId" desc="(Ljava/lang/String;)Lsprouts/Val;" line="37"><counter type="INSTRUCTION" missed="11" covered="0"/><counter type="LINE" missed="1" covered="0"/><counter type="COMPLEXITY" missed="1" covered="0"/><counter type="METHOD" missed="1" covered="0"/></method><method name="problems" desc="()Ljava/util/List;" line="40"><counter type="INSTRUCTION" missed="0" covered="3"/><counter type="LINE" missed="0" covered="1"/><counter type="COMPLEXITY" missed="0" covered="1"/><counter type="METHOD" missed="0" covered="1"/></method><method name="orElseNullable" desc="(Ljava/lang/Object;)Ljava/lang/Object;" line="44"><counter type="INSTRUCTION" missed="8" covered="0"/><counter type="BRANCH" missed="2" covered="0"/><counter type="LINE" missed="1" covered="0"/><counter type="COMPLEXITY" missed="2" covered="0"/><counter type="METHOD" missed="1" covered="0"/></method><method name="orElseNull" desc="()Ljava/lang/Object;" line="47"><counter type="INSTRUCTION" missed="0" covered="3"/><counter type="LINE" missed="0" covered="1"/><counter type="COMPLEXITY" missed="0" covered="1"/><counter type="METHOD" missed="0" covered="1"/></method><method name="map" desc="(Ljava/util/function/Function;)Lsprouts/Result;" line="52"><counter type="INSTRUCTION" missed="10" covered="36"/><counter type="BRANCH" missed="2" covered="2"/><counter type="LINE" missed="2" covered="9"/><counter type="COMPLEXITY" missed="2" covered="1"/><counter type="METHOD" missed="0" covered="1"/></method><method name="mapTo" desc="(Ljava/lang/Class;Ljava/util/function/Function;)Lsprouts/Result;" line="72"><counter type="INSTRUCTION" missed="16" covered="30"/><counter type="BRANCH" missed="2" covered="2"/><counter type="LINE" missed="4" covered="8"/><counter type="COMPLEXITY" missed="1" covered="2"/><counter type="METHOD" missed="0" covered="1"/></method><method name="viewAs" desc="(Ljava/lang/Class;Ljava/util/function/Function;)Lsprouts/Val;" line="93"><counter type="INSTRUCTION" missed="15" covered="0"/><counter type="LINE" missed="3" covered="0"/><counter type="COMPLEXITY" missed="1" covered="0"/><counter type="METHOD" missed="1" covered="0"/></method><method name="onChange" desc="(Lsprouts/Channel;Lsprouts/Action;)Lsprouts/Val;" line="100"><counter type="INSTRUCTION" missed="5" covered="0"/><counter type="LINE" missed="2" covered="0"/><counter type="COMPLEXITY" missed="1" covered="0"/><counter type="METHOD" missed="1" covered="0"/></method><method name="fireChange" desc="(Lsprouts/Channel;)Lsprouts/Val;" line="107"><counter type="INSTRUCTION" missed="5" covered="0"/><counter type="LINE" missed="2" covered="0"/><counter type="COMPLEXITY" missed="1" covered="0"/><counter type="METHOD" missed="1" covered="0"/></method><method name="allowsNull" desc="()Z" line="113"><counter type="INSTRUCTION" missed="2" covered="0"/><counter type="LINE" missed="1" covered="0"/><counter type="COMPLEXITY" missed="1" covered="0"/><counter type="METHOD" missed="1" covered="0"/></method><method name="subscribe" desc="(Lsprouts/Observer;)Lsprouts/Observable;" line="117"><counter type="INSTRUCTION" missed="5" covered="0"/><counter type="LINE" missed="2" covered="0"/><counter type="COMPLEXITY" missed="1" covered="0"/><counter type="METHOD" missed="1" covered="0"/></method><method name="unsubscribe" desc="(Lsprouts/Subscriber;)Lsprouts/Observable;" line="124"><counter type="INSTRUCTION" missed="5" covered="0"/><counter type="LINE" missed="2" covered="0"/><counter type="COMPLEXITY" missed="1" covered="0"/><counter type="METHOD" missed="1" covered="0"/></method><method name="toString" desc="()Ljava/lang/String;" line="131"><counter type="INSTRUCTION" missed="87" covered="0"/><counter type="BRANCH" missed="14" covered="0"/><counter type="LINE" missed="8" covered="0"/><counter type="COMPLEXITY" missed="8" covered="0"/><counter type="METHOD" missed="1" covered="0"/></method><method name="hashCode" desc="()I" line="143"><counter type="INSTRUCTION" missed="24" covered="0"/><counter type="LINE" missed="1" covered="0"/><counter type="COMPLEXITY" missed="1" covered="0"/><counter type="METHOD" missed="1" covered="0"/></method><method name="equals" desc="(Ljava/lang/Object;)Z" line="148"><counter type="INSTRUCTION" missed="47" covered="0"/><counter type="BRANCH" missed="12" covered="0"/><counter type="LINE" missed="9" covered="0"/><counter type="COMPLEXITY" missed="7" covered="0"/><counter type="METHOD" missed="1" covered="0"/></method><counter type="INSTRUCTION" missed="240" covered="102"/><counter type="BRANCH" missed="32" covered="4"/><counter type="LINE" missed="38" covered="30"/><counter type="COMPLEXITY" missed="28" covered="8"/><counter type="METHOD" missed="11" covered="7"/><counter type="CLASS" missed="0" covered="1"/></class><class name="sprouts/impl/AbstractVariables$6" sourcefilename="AbstractVariables.java"><method name="&lt;init&gt;" desc="(Lsprouts/impl/AbstractVariables;ILsprouts/Change;Lsprouts/Vals;Lsprouts/Vals;Lsprouts/Vals;)V" line="356"><counter type="INSTRUCTION" missed="0" covered="21"/><counter type="LINE" missed="0" covered="1"/><counter type="COMPLEXITY" missed="0" covered="1"/><counter type="METHOD" missed="0" covered="1"/></method><method name="index" desc="()I" line="357"><counter type="INSTRUCTION" missed="0" covered="3"/><counter type="LINE" missed="0" covered="1"/><counter type="COMPLEXITY" missed="0" covered="1"/><counter type="METHOD" missed="0" covered="1"/></method><method name="changeType" desc="()Lsprouts/Change;" line="358"><counter type="INSTRUCTION" missed="0" covered="3"/><counter type="LINE" missed="0" covered="1"/><counter type="COMPLEXITY" missed="0" covered="1"/><counter type="METHOD" missed="0" covered="1"/></method><method name="newValues" desc="()Lsprouts/Vals;" line="359"><counter type="INSTRUCTION" missed="0" covered="3"/><counter type="LINE" missed="0" covered="1"/><counter type="COMPLEXITY" missed="0" covered="1"/><counter type="METHOD" missed="0" covered="1"/></method><method name="oldValues" desc="()Lsprouts/Vals;" line="360"><counter type="INSTRUCTION" missed="0" covered="3"/><counter type="LINE" missed="0" covered="1"/><counter type="COMPLEXITY" missed="0" covered="1"/><counter type="METHOD" missed="0" covered="1"/></method><method name="vals" desc="()Lsprouts/Vals;" line="361"><counter type="INSTRUCTION" missed="0" covered="3"/><counter type="LINE" missed="0" covered="1"/><counter type="COMPLEXITY" missed="0" covered="1"/><counter type="METHOD" missed="0" covered="1"/></method><method name="toString" desc="()Ljava/lang/String;" line="363"><counter type="INSTRUCTION" missed="0" covered="32"/><counter type="LINE" missed="0" covered="6"/><counter type="COMPLEXITY" missed="0" covered="1"/><counter type="METHOD" missed="0" covered="1"/></method><counter type="INSTRUCTION" missed="0" covered="68"/><counter type="LINE" missed="0" covered="12"/><counter type="COMPLEXITY" missed="0" covered="7"/><counter type="METHOD" missed="0" covered="7"/><counter type="CLASS" missed="0" covered="1"/></class><class name="sprouts/impl/SproutChangeListener" sourcefilename="SproutChangeListener.java"><method name="&lt;init&gt;" desc="(Lsprouts/Observer;)V" line="13"><counter type="INSTRUCTION" missed="0" covered="8"/><counter type="LINE" missed="0" covered="3"/><counter type="COMPLEXITY" missed="0" covered="1"/><counter type="METHOD" missed="0" covered="1"/></method><method name="listener" desc="()Lsprouts/Observer;" line="17"><counter type="INSTRUCTION" missed="0" covered="3"/><counter type="LINE" missed="0" covered="1"/><counter type="COMPLEXITY" missed="0" covered="1"/><counter type="METHOD" missed="0" covered="1"/></method><method name="accept" desc="(Ljava/lang/Object;)V" line="20"><counter type="INSTRUCTION" missed="0" covered="4"/><counter type="LINE" missed="0" covered="1"/><counter type="COMPLEXITY" missed="0" covered="1"/><counter type="METHOD" missed="0" covered="1"/></method><counter type="INSTRUCTION" missed="0" covered="15"/><counter type="LINE" missed="0" covered="5"/><counter type="COMPLEXITY" missed="0" covered="3"/><counter type="METHOD" missed="0" covered="3"/><counter type="CLASS" missed="0" covered="1"/></class><class name="sprouts/impl/AbstractValue" sourcefilename="AbstractValue.java"><method name="&lt;init&gt;" desc="(Ljava/lang/Class;Ljava/lang/String;ZLjava/lang/Object;)V" line="21"><counter type="INSTRUCTION" missed="25" covered="46"/><counter type="BRANCH" missed="3" covered="7"/><counter type="LINE" missed="3" covered="13"/><counter type="COMPLEXITY" missed="3" covered="3"/><counter type="METHOD" missed="0" covered="1"/></method><method name="type" desc="()Ljava/lang/Class;" line="57"><counter type="INSTRUCTION" missed="0" covered="3"/><counter type="LINE" missed="0" covered="1"/><counter type="COMPLEXITY" missed="0" covered="1"/><counter type="METHOD" missed="0" covered="1"/></method><method name="id" desc="()Ljava/lang/String;" line="60"><counter type="INSTRUCTION" missed="0" covered="3"/><counter type="LINE" missed="0" covered="1"/><counter type="COMPLEXITY" missed="0" covered="1"/><counter type="METHOD" missed="0" covered="1"/></method><method name="orElseNull" desc="()Ljava/lang/Object;" line="64"><counter type="INSTRUCTION" missed="0" covered="3"/><counter type="LINE" missed="0" covered="1"/><counter type="COMPLEXITY" missed="0" covered="1"/><counter type="METHOD" missed="0" covered="1"/></method><method name="fireChange" desc="(Lsprouts/Channel;)Lsprouts/Val;" line="68"><counter type="INSTRUCTION" missed="10" covered="0"/><counter type="LINE" missed="2" covered="0"/><counter type="COMPLEXITY" missed="1" covered="0"/><counter type="METHOD" missed="1" covered="0"/></method><method name="_triggerActions" desc="(Ljava/util/List;)V" line="75"><counter type="INSTRUCTION" missed="0" covered="40"/><counter type="BRANCH" missed="0" covered="2"/><counter type="LINE" missed="0" covered="7"/><counter type="COMPLEXITY" missed="0" covered="2"/><counter type="METHOD" missed="0" covered="1"/></method><method name="allowsNull" desc="()Z" line="85"><counter type="INSTRUCTION" missed="0" covered="3"/><counter type="LINE" missed="0" covered="1"/><counter type="COMPLEXITY" missed="0" covered="1"/><counter type="METHOD" missed="0" covered="1"/></method><method name="toString" desc="()Ljava/lang/String;" line="89"><counter type="INSTRUCTION" missed="6" covered="98"/><counter type="BRANCH" missed="3" covered="13"/><counter type="LINE" missed="0" covered="10"/><counter type="COMPLEXITY" missed="3" covered="6"/><counter type="METHOD" missed="0" covered="1"/></method><method name="_stringTypeName" desc="()Ljava/lang/String;" line="102"><counter type="INSTRUCTION" missed="0" covered="2"/><counter type="LINE" missed="0" covered="1"/><counter type="COMPLEXITY" missed="0" covered="1"/><counter type="METHOD" missed="0" covered="1"/></method><method name="equals" desc="(Ljava/lang/Object;)Z" line="107"><counter type="INSTRUCTION" missed="7" covered="33"/><counter type="BRANCH" missed="4" covered="8"/><counter type="LINE" missed="1" covered="7"/><counter type="COMPLEXITY" missed="4" covered="3"/><counter type="METHOD" missed="0" covered="1"/></method><method name="hashCode" desc="()I" line="120"><counter type="INSTRUCTION" missed="4" covered="39"/><counter type="BRANCH" missed="2" covered="4"/><counter type="LINE" missed="0" covered="5"/><counter type="COMPLEXITY" missed="2" covered="2"/><counter type="METHOD" missed="0" covered="1"/></method><method name="lambda$fireChange$0" desc="(Lsprouts/Channel;)Ljava/util/List;" line="68"><counter type="INSTRUCTION" missed="4" covered="0"/><counter type="LINE" missed="1" covered="0"/><counter type="COMPLEXITY" missed="1" covered="0"/><counter type="METHOD" missed="1" covered="0"/></method><method name="&lt;clinit&gt;" desc="()V" line="19"><counter type="INSTRUCTION" missed="0" covered="4"/><counter type="LINE" missed="0" covered="1"/><counter type="COMPLEXITY" missed="0" covered="1"/><counter type="METHOD" missed="0" covered="1"/></method><counter type="INSTRUCTION" missed="56" covered="274"/><counter type="BRANCH" missed="12" covered="34"/><counter type="LINE" missed="6" covered="48"/><counter type="COMPLEXITY" missed="14" covered="22"/><counter type="METHOD" missed="2" covered="11"/><counter type="CLASS" missed="0" covered="1"/></class><class name="sprouts/impl/AbstractVariable" sourcefilename="AbstractVariable.java"><method name="ofNullable" desc="(ZLjava/lang/Class;Ljava/lang/Object;)Lsprouts/Var;" line="22"><counter type="INSTRUCTION" missed="0" covered="10"/><counter type="LINE" missed="0" covered="1"/><counter type="COMPLEXITY" missed="0" covered="1"/><counter type="METHOD" missed="0" covered="1"/></method><method name="of" desc="(ZLjava/lang/Class;Ljava/lang/Object;)Lsprouts/Var;" line="26"><counter type="INSTRUCTION" missed="0" covered="10"/><counter type="LINE" missed="0" covered="1"/><counter type="COMPLEXITY" missed="0" covered="1"/><counter type="METHOD" missed="0" covered="1"/></method><method name="of" desc="(ZLjava/lang/Object;)Lsprouts/Var;" line="30"><counter type="INSTRUCTION" missed="0" covered="14"/><counter type="LINE" missed="0" covered="2"/><counter type="COMPLEXITY" missed="0" covered="1"/><counter type="METHOD" missed="0" covered="1"/></method><method name="of" desc="(Lsprouts/Val;Lsprouts/Val;Ljava/util/function/BiFunction;)Lsprouts/Var;" line="35"><counter type="INSTRUCTION" missed="0" covered="6"/><counter type="LINE" missed="0" covered="1"/><counter type="COMPLEXITY" missed="0" covered="1"/><counter type="METHOD" missed="0" covered="1"/></method><method name="ofNullable" desc="(Lsprouts/Val;Lsprouts/Val;Ljava/util/function/BiFunction;)Lsprouts/Var;" line="39"><counter type="INSTRUCTION" missed="0" covered="6"/><counter type="LINE" missed="0" covered="1"/><counter type="COMPLEXITY" missed="0" covered="1"/><counter type="METHOD" missed="0" covered="1"/></method><method name="of" desc="(ZLsprouts/Val;Lsprouts/Val;Ljava/util/function/BiFunction;)Lsprouts/Var;" line="43"><counter type="INSTRUCTION" missed="25" covered="61"/><counter type="BRANCH" missed="5" covered="5"/><counter type="LINE" missed="3" covered="12"/><counter type="COMPLEXITY" missed="4" covered="2"/><counter type="METHOD" missed="0" covered="1"/></method><method name="&lt;init&gt;" desc="(ZLjava/lang/Class;Ljava/lang/Object;Ljava/lang/String;Ljava/util/Map;Z)V" line="96"><counter type="INSTRUCTION" missed="0" covered="29"/><counter type="LINE" missed="0" covered="8"/><counter type="COMPLEXITY" missed="0" covered="1"/><counter type="METHOD" missed="0" covered="1"/></method><method name="withId" desc="(Ljava/lang/String;)Lsprouts/Var;" line="117"><counter type="INSTRUCTION" missed="0" covered="15"/><counter type="LINE" missed="0" covered="1"/><counter type="COMPLEXITY" missed="0" covered="1"/><counter type="METHOD" missed="0" covered="1"/></method><method name="onChange" desc="(Lsprouts/Channel;Lsprouts/Action;)Lsprouts/Var;" line="123"><counter type="INSTRUCTION" missed="0" covered="17"/><counter type="LINE" missed="0" covered="4"/><counter type="COMPLEXITY" missed="0" covered="1"/><counter type="METHOD" missed="0" covered="1"/></method><method name="fireChange" desc="(Lsprouts/Channel;)Lsprouts/Var;" line="131"><counter type="INSTRUCTION" missed="0" covered="48"/><counter type="BRANCH" missed="0" covered="4"/><counter type="LINE" missed="0" covered="7"/><counter type="COMPLEXITY" missed="0" covered="3"/><counter type="METHOD" missed="0" covered="1"/></method><method name="set" desc="(Lsprouts/Channel;Ljava/lang/Object;)Lsprouts/Var;" line="146"><counter type="INSTRUCTION" missed="0" covered="21"/><counter type="BRANCH" missed="0" covered="4"/><counter type="LINE" missed="0" covered="6"/><counter type="COMPLEXITY" missed="0" covered="3"/><counter type="METHOD" missed="0" covered="1"/></method><method name="_setInternal" desc="(Ljava/lang/Object;)Z" line="155"><counter type="INSTRUCTION" missed="20" covered="30"/><counter type="BRANCH" missed="1" covered="9"/><counter type="LINE" missed="2" covered="7"/><counter type="COMPLEXITY" missed="1" covered="5"/><counter type="METHOD" missed="0" covered="1"/></method><method name="viewAs" desc="(Ljava/lang/Class;Ljava/util/function/Function;)Lsprouts/Val;" line="177"><counter type="INSTRUCTION" missed="12" covered="70"/><counter type="BRANCH" missed="2" covered="8"/><counter type="LINE" missed="2" covered="13"/><counter type="COMPLEXITY" missed="2" covered="4"/><counter type="METHOD" missed="0" covered="1"/></method><method name="_isPrimitiveRef" desc="(Ljava/lang/Class;)Z" line="204"><counter type="INSTRUCTION" missed="2" covered="31"/><counter type="BRANCH" missed="3" covered="15"/><counter type="LINE" missed="1" covered="4"/><counter type="COMPLEXITY" missed="3" covered="7"/><counter type="METHOD" missed="0" covered="1"/></method><method name="_mapOrGetNullObjectOf" desc="(Ljava/lang/Class;Ljava/lang/Object;Ljava/util/function/Function;)Ljava/lang/Object;" line="222"><counter type="INSTRUCTION" missed="2" covered="21"/><counter type="BRANCH" missed="1" covered="3"/><counter type="LINE" missed="1" covered="7"/><counter type="COMPLEXITY" missed="1" covered="2"/><counter type="METHOD" missed="0" covered="1"/></method><method name="_itemNullObjectOrNullOf" desc="(Ljava/lang/Class;Ljava/lang/Object;)Ljava/lang/Object;" line="236"><counter type="INSTRUCTION" missed="20" covered="57"/><counter type="BRANCH" missed="4" covered="16"/><counter type="LINE" missed="4" covered="17"/><counter type="COMPLEXITY" missed="4" covered="7"/><counter type="METHOD" missed="0" covered="1"/></method><method name="subscribe" desc="(Lsprouts/Observer;)Lsprouts/Observable;" line="262"><counter type="INSTRUCTION" missed="0" covered="8"/><counter type="LINE" missed="0" covered="1"/><counter type="COMPLEXITY" missed="0" covered="1"/><counter type="METHOD" missed="0" covered="1"/></method><method name="unsubscribe" desc="(Lsprouts/Subscriber;)Lsprouts/Observable;" line="267"><counter type="INSTRUCTION" missed="0" covered="52"/><counter type="BRANCH" missed="2" covered="8"/><counter type="LINE" missed="0" covered="10"/><counter type="COMPLEXITY" missed="2" covered="4"/><counter type="METHOD" missed="0" covered="1"/></method><method name="_stringTypeName" desc="()Ljava/lang/String;" line="283"><counter type="INSTRUCTION" missed="0" covered="8"/><counter type="BRANCH" missed="0" covered="2"/><counter type="LINE" missed="0" covered="1"/><counter type="COMPLEXITY" missed="0" covered="2"/><counter type="METHOD" missed="0" covered="1"/></method><method name="lambda$viewAs$12" desc="(Lsprouts/Var;Ljava/util/function/Function;Ljava/lang/Object;)V" line="198"><counter type="INSTRUCTION" missed="0" covered="8"/><counter type="LINE" missed="0" covered="1"/><counter type="COMPLEXITY" missed="0" covered="1"/><counter type="METHOD" missed="0" covered="1"/></method><method name="lambda$viewAs$11" desc="(Lsprouts/Var;Ljava/util/function/Function;Lsprouts/Val;)V" line="197"><counter type="INSTRUCTION" missed="0" covered="8"/><counter type="LINE" missed="0" covered="1"/><counter type="COMPLEXITY" missed="0" covered="1"/><counter type="METHOD" missed="0" covered="1"/></method><method name="lambda$viewAs$10" desc="(Lsprouts/Var;Ljava/lang/Class;Ljava/util/function/Function;Ljava/lang/Object;)V" line="188"><counter type="INSTRUCTION" missed="0" covered="10"/><counter type="LINE" missed="0" covered="1"/><counter type="COMPLEXITY" missed="0" covered="1"/><counter type="METHOD" missed="0" covered="1"/></method><method name="lambda$viewAs$9" desc="(Lsprouts/Var;Ljava/lang/Class;Ljava/util/function/Function;Lsprouts/Val;)V" line="187"><counter type="INSTRUCTION" missed="0" covered="10"/><counter type="LINE" missed="0" covered="1"/><counter type="COMPLEXITY" missed="0" covered="1"/><counter type="METHOD" missed="0" covered="1"/></method><method name="lambda$fireChange$8" desc="(Ljava/util/function/Consumer;)V" line="139"><counter type="INSTRUCTION" missed="0" covered="5"/><counter type="LINE" missed="0" covered="1"/><counter type="COMPLEXITY" missed="0" covered="1"/><counter type="METHOD" missed="0" covered="1"/></method><method name="lambda$fireChange$7" desc="(Lsprouts/Channel;)Ljava/util/List;" line="136"><counter type="INSTRUCTION" missed="0" covered="4"/><counter type="LINE" missed="0" covered="1"/><counter type="COMPLEXITY" missed="0" covered="1"/><counter type="METHOD" missed="0" covered="1"/></method><method name="lambda$fireChange$6" desc="(Lsprouts/Channel;)Ljava/util/List;" line="135"><counter type="INSTRUCTION" missed="0" covered="4"/><counter type="LINE" missed="0" covered="1"/><counter type="COMPLEXITY" missed="0" covered="1"/><counter type="METHOD" missed="0" covered="1"/></method><method name="lambda$fireChange$5" desc="(Lsprouts/Channel;)Ljava/util/List;" line="133"><counter type="INSTRUCTION" missed="4" covered="0"/><counter type="LINE" missed="1" covered="0"/><counter type="COMPLEXITY" missed="1" covered="0"/><counter type="METHOD" missed="1" covered="0"/></method><method name="lambda$onChange$4" desc="(Lsprouts/Channel;)Ljava/util/List;" line="125"><counter type="INSTRUCTION" missed="0" covered="4"/><counter type="LINE" missed="0" covered="1"/><counter type="COMPLEXITY" missed="0" covered="1"/><counter type="METHOD" missed="0" covered="1"/></method><method name="lambda$new$3" desc="(Lsprouts/Channel;Ljava/util/List;)V" line="112"><counter type="INSTRUCTION" missed="0" covered="11"/><counter type="LINE" missed="0" covered="1"/><counter type="COMPLEXITY" missed="0" covered="1"/><counter type="METHOD" missed="0" covered="1"/></method><method name="lambda$of$2" desc="(Ljava/util/function/BiFunction;Lsprouts/Val;Lsprouts/Var;Lsprouts/Val;)V" line="88"><counter type="INSTRUCTION" missed="0" covered="11"/><counter type="LINE" missed="0" covered="3"/><counter type="COMPLEXITY" missed="0" covered="1"/><counter type="METHOD" missed="0" covered="1"/></method><method name="lambda$of$1" desc="(Ljava/util/function/BiFunction;Lsprouts/Val;Lsprouts/Var;Lsprouts/Val;)V" line="84"><counter type="INSTRUCTION" missed="0" covered="11"/><counter type="LINE" missed="0" covered="3"/><counter type="COMPLEXITY" missed="0" covered="1"/><counter type="METHOD" missed="0" covered="1"/></method><method name="lambda$of$0" desc="(Ljava/util/function/BiFunction;ZLsprouts/Val;Lsprouts/Val;Lsprouts/Val;)Ljava/lang/Object;" line="52"><counter type="INSTRUCTION" missed="5" covered="40"/><counter type="BRANCH" missed="2" covered="8"/><counter type="LINE" missed="1" covered="13"/><counter type="COMPLEXITY" missed="2" covered="4"/><counter type="METHOD" missed="0" covered="1"/></method><counter type="INSTRUCTION" missed="90" covered="640"/><counter type="BRANCH" missed="20" covered="82"/><counter type="LINE" missed="14" covered="123"/><counter type="COMPLEXITY" missed="20" covered="63"/><counter type="METHOD" missed="1" covered="31"/><counter type="CLASS" missed="0" covered="1"/></class><sourcefile name="ResultImpl.java"><line nr="19" mi="0" ci="2" mb="0" cb="0"/><line nr="20" mi="0" ci="3" mb="0" cb="0"/><line nr="21" mi="0" ci="3" mb="0" cb="0"/><line nr="22" mi="0" ci="3" mb="0" cb="0"/><line nr="23" mi="0" ci="3" mb="0" cb="0"/><line nr="24" mi="0" ci="3" mb="0" cb="0"/><line nr="25" mi="0" ci="3" mb="0" cb="0"/><line nr="26" mi="0" ci="3" mb="0" cb="0"/><line nr="27" mi="0" ci="1" mb="0" cb="0"/><line nr="30" mi="0" ci="3" mb="0" cb="0"/><line nr="33" mi="0" ci="3" mb="0" cb="0"/><line nr="37" mi="11" ci="0" mb="0" cb="0"/><line nr="40" mi="0" ci="3" mb="0" cb="0"/><line nr="44" mi="8" ci="0" mb="2" cb="0"/><line nr="47" mi="0" ci="3" mb="0" cb="0"/><line nr="52" mi="0" ci="3" mb="0" cb="0"/><line nr="53" mi="0" ci="3" mb="1" cb="1"/><line nr="54" mi="4" ci="0" mb="0" cb="0"/><line nr="57" mi="0" ci="6" mb="0" cb="0"/><line nr="58" mi="0" ci="2" mb="1" cb="1"/><line nr="59" mi="6" ci="0" mb="0" cb="0"/><line nr="61" mi="0" ci="5" mb="0" cb="0"/><line nr="62" mi="0" ci="1" mb="0" cb="0"/><line nr="63" mi="0" ci="6" mb="0" cb="0"/><line nr="64" mi="0" ci="5" mb="0" cb="0"/><line nr="65" mi="0" ci="5" mb="0" cb="0"/><line nr="72" mi="0" ci="3" mb="0" cb="0"/><line nr="73" mi="0" ci="3" mb="0" cb="0"/><line nr="74" mi="0" ci="3" mb="0" cb="2"/><line nr="75" mi="0" ci="5" mb="0" cb="0"/><line nr="78" mi="6" ci="0" mb="0" cb="0"/><line nr="79" mi="2" ci="0" mb="2" cb="0"/><line nr="80" mi="3" ci="0" mb="0" cb="0"/><line nr="82" mi="5" ci="0" mb="0" cb="0"/><line nr="83" mi="0" ci="1" mb="0" cb="0"/><line nr="84" mi="0" ci="6" mb="0" cb="0"/><line nr="85" mi="0" ci="5" mb="0" cb="0"/><line nr="86" mi="0" ci="4" mb="0" cb="0"/><line nr="93" mi="3" ci="0" mb="0" cb="0"/><line nr="94" mi="3" ci="0" mb="0" cb="0"/><line nr="95" mi="9" ci="0" mb="0" cb="0"/><line nr="100" mi="3" ci="0" mb="0" cb="0"/><line nr="102" mi="2" ci="0" mb="0" cb="0"/><line nr="107" mi="3" ci="0" mb="0" cb="0"/><line nr="109" mi="2" ci="0" mb="0" cb="0"/><line nr="113" mi="2" ci="0" mb="0" cb="0"/><line nr="117" mi="3" ci="0" mb="0" cb="0"/><line nr="119" mi="2" ci="0" mb="0" cb="0"/><line nr="124" mi="3" ci="0" mb="0" cb="0"/><line nr="126" mi="2" ci="0" mb="0" cb="0"/><line nr="131" mi="8" ci="0" mb="0" cb="0"/><line nr="132" mi="8" ci="0" mb="2" cb="0"/><line nr="133" mi="6" ci="0" mb="2" cb="0"/><line nr="134" mi="9" ci="0" mb="2" cb="0"/><line nr="135" mi="6" ci="0" mb="2" cb="0"/><line nr="136" mi="18" ci="0" mb="4" cb="0"/><line nr="137" mi="17" ci="0" mb="2" cb="0"/><line nr="138" mi="15" ci="0" mb="0" cb="0"/><line nr="143" mi="24" ci="0" mb="0" cb="0"/><line nr="148" mi="4" ci="0" mb="2" cb="0"/><line nr="149" mi="5" ci="0" mb="2" cb="0"/><line nr="150" mi="3" ci="0" mb="2" cb="0"/><line nr="151" mi="3" ci="0" mb="0" cb="0"/><line nr="152" mi="8" ci="0" mb="2" cb="0"/><line nr="153" mi="8" ci="0" mb="2" cb="0"/><line nr="154" mi="8" ci="0" mb="2" cb="0"/><line nr="155" mi="6" ci="0" mb="0" cb="0"/><line nr="157" mi="2" ci="0" mb="0" cb="0"/><counter type="INSTRUCTION" missed="240" covered="102"/><counter type="BRANCH" missed="32" covered="4"/><counter type="LINE" missed="38" covered="30"/><counter type="COMPLEXITY" missed="28" covered="8"/><counter type="METHOD" missed="11" covered="7"/><counter type="CLASS" missed="0" covered="1"/></sourcefile><sourcefile name="AbstractValue.java"><line nr="19" mi="0" ci="4" mb="0" cb="0"/><line nr="21" mi="0" ci="5" mb="0" cb="0"/><line nr="35" mi="0" ci="2" mb="0" cb="0"/><line nr="36" mi="0" ci="3" mb="0" cb="0"/><line nr="37" mi="0" ci="3" mb="0" cb="0"/><line nr="38" mi="0" ci="3" mb="0" cb="0"/><line nr="39" mi="0" ci="3" mb="0" cb="0"/><line nr="40" mi="0" ci="3" mb="0" cb="0"/><line nr="41" mi="0" ci="3" mb="0" cb="0"/><line nr="43" mi="0" ci="3" mb="0" cb="2"/><line nr="45" mi="0" ci="7" mb="1" cb="1"/><line nr="46" mi="5" ci="0" mb="0" cb="0"/><line nr="50" mi="0" ci="6" mb="1" cb="1"/><line nr="51" mi="15" ci="0" mb="0" cb="0"/><line nr="52" mi="0" ci="4" mb="1" cb="3"/><line nr="53" mi="5" ci="0" mb="0" cb="0"/><line nr="54" mi="0" ci="1" mb="0" cb="0"/><line nr="57" mi="0" ci="3" mb="0" cb="0"/><line nr="60" mi="0" ci="3" mb="0" cb="0"/><line nr="64" mi="0" ci="3" mb="0" cb="0"/><line nr="68" mi="12" ci="0" mb="0" cb="0"/><line nr="69" mi="2" ci="0" mb="0" cb="0"/><line nr="75" mi="0" ci="3" mb="0" cb="0"/><line nr="76" mi="0" ci="13" mb="0" cb="2"/><line nr="78" mi="0" ci="3" mb="0" cb="0"/><line nr="79" mi="0" ci="1" mb="0" cb="0"/><line nr="80" mi="0" ci="17" mb="0" cb="0"/><line nr="81" mi="0" ci="2" mb="0" cb="0"/><line nr="82" mi="0" ci="1" mb="0" cb="0"/><line nr="85" mi="0" ci="3" mb="0" cb="0"/><line nr="89" mi="0" ci="8" mb="0" cb="0"/><line nr="90" mi="2" ci="6" mb="1" cb="1"/><line nr="91" mi="0" ci="6" mb="0" cb="2"/><line nr="92" mi="2" ci="7" mb="1" cb="1"/><line nr="93" mi="2" ci="4" mb="1" cb="1"/><line nr="94" mi="0" ci="18" mb="0" cb="4"/><line nr="95" mi="0" ci="12" mb="0" cb="2"/><line nr="96" mi="0" ci="3" mb="0" cb="0"/><line nr="97" mi="0" ci="17" mb="0" cb="2"/><line nr="98" mi="0" ci="17" mb="0" cb="0"/><line nr="102" mi="0" ci="2" mb="0" cb="0"/><line nr="107" mi="2" ci="2" mb="1" cb="1"/><line nr="108" mi="2" ci="3" mb="1" cb="1"/><line nr="109" mi="0" ci="3" mb="1" cb="1"/><line nr="110" mi="0" ci="3" mb="0" cb="0"/><line nr="111" mi="0" ci="7" mb="0" cb="2"/><line nr="112" mi="1" ci="9" mb="1" cb="3"/><line nr="113" mi="0" ci="6" mb="0" cb="0"/><line nr="115" mi="2" ci="0" mb="0" cb="0"/><line nr="120" mi="0" ci="2" mb="0" cb="0"/><line nr="121" mi="0" ci="13" mb="0" cb="2"/><line nr="122" mi="2" ci="11" mb="1" cb="1"/><line nr="123" mi="2" ci="11" mb="1" cb="1"/><line nr="124" mi="0" ci="2" mb="0" cb="0"/><counter type="INSTRUCTION" missed="56" covered="274"/><counter type="BRANCH" missed="12" covered="34"/><counter type="LINE" missed="6" covered="48"/><counter type="COMPLEXITY" missed="14" covered="22"/><counter type="METHOD" missed="2" covered="11"/><counter type="CLASS" missed="0" covered="1"/></sourcefile><sourcefile name="SproutChangeListener.java"><line nr="13" mi="0" ci="2" mb="0" cb="0"/><line nr="14" mi="0" ci="5" mb="0" cb="0"/><line nr="15" mi="0" ci="1" mb="0" cb="0"/><line nr="17" mi="0" ci="3" mb="0" cb="0"/><line nr="20" mi="0" ci="4" mb="0" cb="0"/><counter type="INSTRUCTION" missed="0" covered="15"/><counter type="LINE" missed="0" covered="5"/><counter type="COMPLEXITY" missed="0" covered="3"/><counter type="METHOD" missed="0" covered="3"/><counter type="CLASS" missed="0" covered="1"/></sourcefile><sourcefile name="SproutsFactory.java"/><sourcefile name="Sprouts.java"><line nr="30" mi="0" ci="2" mb="0" cb="0"/><line nr="43" mi="3" ci="0" mb="0" cb="0"/><line nr="44" mi="2" ci="0" mb="0" cb="0"/><line nr="45" mi="1" ci="0" mb="0" cb="0"/><line nr="47" mi="0" ci="5" mb="0" cb="0"/><line nr="55" mi="0" ci="10" mb="0" cb="0"/><line nr="56" mi="0" ci="6" mb="0" cb="0"/><line nr="58" mi="0" ci="5" mb="0" cb="0"/><line nr="61" mi="0" ci="5" mb="0" cb="0"/><line nr="62" mi="0" ci="2" mb="0" cb="0"/><line nr="66" mi="0" ci="3" mb="1" cb="1"/><line nr="67" mi="0" ci="6" mb="0" cb="0"/><line nr="68" mi="0" ci="2" mb="0" cb="0"/><line nr="70" mi="0" ci="4" mb="0" cb="0"/><line nr="77" mi="0" ci="14" mb="0" cb="0"/><line nr="78" mi="0" ci="6" mb="0" cb="0"/><line nr="81" mi="0" ci="11" mb="0" cb="0"/><line nr="84" mi="0" ci="5" mb="0" cb="0"/><line nr="85" mi="0" ci="2" mb="0" cb="0"/><line nr="89" mi="3" ci="0" mb="2" cb="0"/><line nr="90" mi="6" ci="0" mb="0" cb="0"/><line nr="91" mi="2" ci="0" mb="0" cb="0"/><line nr="93" mi="4" ci="0" mb="0" cb="0"/><line nr="98" mi="0" ci="5" mb="0" cb="0"/><line nr="102" mi="5" ci="0" mb="0" cb="0"/><line nr="106" mi="0" ci="4" mb="0" cb="0"/><line nr="110" mi="3" ci="0" mb="0" cb="0"/><line nr="111" mi="7" ci="0" mb="0" cb="0"/><line nr="115" mi="0" ci="3" mb="0" cb="0"/><line nr="116" mi="0" ci="9" mb="0" cb="0"/><line nr="120" mi="0" ci="3" mb="0" cb="0"/><line nr="121" mi="0" ci="3" mb="0" cb="0"/><line nr="122" mi="0" ci="3" mb="0" cb="0"/><line nr="123" mi="0" ci="5" mb="1" cb="1"/><line nr="124" mi="5" ci="0" mb="0" cb="0"/><line nr="125" mi="0" ci="5" mb="0" cb="0"/><line nr="129" mi="0" ci="3" mb="0" cb="0"/><line nr="130" mi="0" ci="3" mb="0" cb="0"/><line nr="131" mi="0" ci="3" mb="0" cb="0"/><line nr="132" mi="0" ci="5" mb="1" cb="1"/><line nr="133" mi="5" ci="0" mb="0" cb="0"/><line nr="134" mi="0" ci="5" mb="0" cb="0"/><line nr="139" mi="0" ci="5" mb="0" cb="0"/><line nr="143" mi="0" ci="5" mb="0" cb="0"/><line nr="147" mi="0" ci="4" mb="0" cb="0"/><line nr="151" mi="0" ci="5" mb="0" cb="0"/><line nr="157" mi="6" ci="0" mb="0" cb="0"/><line nr="162" mi="0" ci="4" mb="0" cb="0"/><line nr="163" mi="0" ci="7" mb="0" cb="0"/><line nr="164" mi="0" ci="6" mb="0" cb="0"/><line nr="168" mi="0" ci="5" mb="0" cb="0"/><line nr="171" mi="5" ci="0" mb="0" cb="0"/><line nr="175" mi="0" ci="5" mb="0" cb="0"/><line nr="180" mi="0" ci="4" mb="0" cb="0"/><line nr="181" mi="0" ci="7" mb="0" cb="0"/><line nr="182" mi="0" ci="5" mb="0" cb="0"/><line nr="187" mi="5" ci="0" mb="0" cb="0"/><line nr="192" mi="4" ci="0" mb="0" cb="0"/><line nr="193" mi="7" ci="0" mb="0" cb="0"/><line nr="194" mi="6" ci="0" mb="0" cb="0"/><line nr="200" mi="0" ci="5" mb="0" cb="0"/><line nr="202" mi="0" ci="6" mb="0" cb="0"/><line nr="205" mi="0" ci="5" mb="0" cb="0"/><line nr="208" mi="0" ci="5" mb="0" cb="0"/><line nr="210" mi="0" ci="5" mb="0" cb="0"/><line nr="214" mi="5" ci="0" mb="0" cb="0"/><line nr="217" mi="4" ci="0" mb="0" cb="0"/><line nr="221" mi="0" ci="5" mb="0" cb="0"/><line nr="226" mi="5" ci="0" mb="0" cb="0"/><line nr="230" mi="3" ci="0" mb="0" cb="0"/><line nr="231" mi="8" ci="0" mb="0" cb="0"/><line nr="235" mi="0" ci="3" mb="0" cb="0"/><line nr="236" mi="0" ci="5" mb="0" cb="0"/><line nr="240" mi="0" ci="3" mb="0" cb="0"/><line nr="241" mi="0" ci="6" mb="0" cb="0"/><line nr="245" mi="0" ci="3" mb="0" cb="0"/><line nr="246" mi="0" ci="8" mb="0" cb="0"/><line nr="247" mi="0" ci="9" mb="0" cb="0"/><line nr="251" mi="0" ci="3" mb="0" cb="0"/><line nr="252" mi="0" ci="8" mb="0" cb="0"/><line nr="253" mi="0" ci="8" mb="0" cb="0"/><line nr="257" mi="0" ci="3" mb="0" cb="0"/><line nr="258" mi="0" ci="8" mb="0" cb="0"/><line nr="259" mi="0" ci="8" mb="0" cb="0"/><line nr="263" mi="3" ci="0" mb="0" cb="0"/><line nr="264" mi="3" ci="0" mb="0" cb="0"/><line nr="265" mi="9" ci="0" mb="0" cb="0"/><line nr="269" mi="3" ci="0" mb="0" cb="0"/><line nr="270" mi="3" ci="0" mb="0" cb="0"/><line nr="271" mi="9" ci="0" mb="0" cb="0"/><line nr="275" mi="3" ci="0" mb="0" cb="0"/><line nr="276" mi="3" ci="0" mb="0" cb="0"/><line nr="277" mi="9" ci="0" mb="0" cb="0"/><line nr="281" mi="0" ci="3" mb="0" cb="0"/><line nr="282" mi="0" ci="3" mb="0" cb="0"/><line nr="284" mi="0" ci="13" mb="0" cb="0"/><line nr="285" mi="0" ci="2" mb="1" cb="1"/><line nr="286" mi="13" ci="0" mb="0" cb="0"/><line nr="287" mi="0" ci="8" mb="0" cb="0"/><line nr="291" mi="0" ci="3" mb="0" cb="0"/><line nr="292" mi="0" ci="3" mb="0" cb="0"/><line nr="293" mi="0" ci="13" mb="0" cb="0"/><line nr="294" mi="0" ci="2" mb="1" cb="1"/><line nr="295" mi="13" ci="0" mb="0" cb="0"/><line nr="296" mi="0" ci="8" mb="0" cb="0"/><line nr="297" mi="0" ci="8" mb="0" cb="0"/><counter type="INSTRUCTION" missed="175" covered="381"/><counter type="BRANCH" missed="7" covered="5"/><counter type="LINE" missed="34" covered="72"/><counter type="COMPLEXITY" missed="22" covered="41"/><counter type="METHOD" missed="16" covered="41"/><counter type="CLASS" missed="0" covered="3"/></sourcefile><sourcefile name="AbstractVariables.java"><line nr="17" mi="0" ci="4" mb="0" cb="0"/><line nr="21" mi="0" ci="3" mb="0" cb="0"/><line nr="22" mi="0" ci="3" mb="0" cb="0"/><line nr="23" mi="0" ci="15" mb="0" cb="0"/><line nr="28" mi="0" ci="3" mb="0" cb="0"/><line nr="29" mi="0" ci="3" mb="0" cb="0"/><line nr="30" mi="0" ci="6" mb="0" cb="0"/><line nr="31" mi="0" ci="4" mb="0" cb="0"/><line nr="32" mi="0" ci="7" mb="0" cb="0"/><line nr="33" mi="0" ci="6" mb="0" cb="0"/><line nr="38" mi="0" ci="3" mb="0" cb="0"/><line nr="39" mi="0" ci="3" mb="0" cb="0"/><line nr="40" mi="0" ci="6" mb="0" cb="0"/><line nr="41" mi="0" ci="5" mb="0" cb="0"/><line nr="42" mi="0" ci="8" mb="0" cb="2"/><line nr="43" mi="0" ci="9" mb="0" cb="0"/><line nr="44" mi="0" ci="8" mb="0" cb="0"/><line nr="48" mi="0" ci="3" mb="0" cb="0"/><line nr="49" mi="0" ci="3" mb="0" cb="0"/><line nr="50" mi="0" ci="4" mb="0" cb="0"/><line nr="51" mi="0" ci="7" mb="0" cb="0"/><line nr="52" mi="0" ci="4" mb="0" cb="0"/><line nr="53" mi="0" ci="18" mb="0" cb="0"/><line nr="57" mi="0" ci="3" mb="1" cb="1"/><line nr="58" mi="0" ci="10" mb="0" cb="0"/><line nr="60" mi="4" ci="0" mb="0" cb="0"/><line nr="61" mi="14" ci="0" mb="2" cb="0"/><line nr="62" mi="5" ci="0" mb="0" cb="0"/><line nr="66" mi="3" ci="0" mb="0" cb="0"/><line nr="67" mi="16" ci="0" mb="0" cb="0"/><line nr="72" mi="0" ci="3" mb="0" cb="0"/><line nr="73" mi="0" ci="3" mb="0" cb="0"/><line nr="74" mi="0" ci="15" mb="0" cb="0"/><line nr="79" mi="0" ci="3" mb="0" cb="0"/><line nr="80" mi="0" ci="3" mb="0" cb="0"/><line nr="81" mi="0" ci="4" mb="0" cb="0"/><line nr="82" mi="0" ci="16" mb="0" cb="2"/><line nr="83" mi="0" ci="15" mb="0" cb="0"/><line nr="88" mi="3" ci="0" mb="0" cb="0"/><line nr="89" mi="3" ci="0" mb="0" cb="0"/><line nr="90" mi="6" ci="0" mb="0" cb="0"/><line nr="91" mi="4" ci="0" mb="0" cb="0"/><line nr="92" mi="7" ci="0" mb="0" cb="0"/><line nr="93" mi="6" ci="0" mb="0" cb="0"/><line nr="97" mi="0" ci="10" mb="0" cb="0"/><line nr="102" mi="0" ci="10" mb="0" cb="0"/><line nr="106" mi="0" ci="2" mb="0" cb="0"/><line nr="107" mi="0" ci="3" mb="0" cb="0"/><line nr="108" mi="0" ci="3" mb="0" cb="0"/><line nr="109" mi="0" ci="3" mb="0" cb="0"/><line nr="110" mi="0" ci="6" mb="0" cb="0"/><line nr="111" mi="0" ci="2" mb="0" cb="0"/><line nr="112" mi="0" ci="1" mb="0" cb="0"/><line nr="114" mi="0" ci="2" mb="0" cb="0"/><line nr="115" mi="0" ci="3" mb="0" cb="0"/><line nr="116" mi="0" ci="3" mb="0" cb="0"/><line nr="117" mi="0" ci="3" mb="0" cb="0"/><line nr="118" mi="0" ci="5" mb="0" cb="0"/><line nr="119" mi="0" ci="2" mb="0" cb="0"/><line nr="120" mi="0" ci="1" mb="0" cb="0"/><line nr="123" mi="0" ci="6" mb="0" cb="0"/><line nr="126" mi="0" ci="3" mb="0" cb="0"/><line nr="129" mi="0" ci="4" mb="0" cb="0"/><line nr="134" mi="5" ci="3" mb="1" cb="1"/><line nr="135" mi="0" ci="5" mb="0" cb="0"/><line nr="136" mi="2" ci="2" mb="1" cb="1"/><line nr="137" mi="3" ci="3" mb="1" cb="1"/><line nr="138" mi="0" ci="15" mb="0" cb="2"/><line nr="139" mi="0" ci="6" mb="0" cb="0"/><line nr="140" mi="0" ci="2" mb="0" cb="0"/><line nr="151" mi="5" ci="3" mb="1" cb="1"/><line nr="152" mi="0" ci="5" mb="0" cb="0"/><line nr="153" mi="4" ci="2" mb="1" cb="1"/><line nr="154" mi="6" ci="3" mb="1" cb="1"/><line nr="155" mi="0" ci="4" mb="0" cb="0"/><line nr="156" mi="0" ci="10" mb="0" cb="0"/><line nr="157" mi="0" ci="15" mb="0" cb="2"/><line nr="158" mi="0" ci="2" mb="0" cb="0"/><line nr="159" mi="0" ci="6" mb="0" cb="0"/><line nr="160" mi="0" ci="2" mb="0" cb="0"/><line nr="170" mi="5" ci="3" mb="1" cb="1"/><line nr="171" mi="0" ci="5" mb="0" cb="0"/><line nr="172" mi="2" ci="2" mb="1" cb="1"/><line nr="173" mi="3" ci="3" mb="1" cb="1"/><line nr="174" mi="0" ci="8" mb="1" cb="1"/><line nr="175" mi="0" ci="6" mb="0" cb="0"/><line nr="176" mi="0" ci="2" mb="0" cb="0"/><line nr="187" mi="5" ci="3" mb="1" cb="1"/><line nr="188" mi="0" ci="5" mb="0" cb="0"/><line nr="189" mi="4" ci="2" mb="1" cb="1"/><line nr="190" mi="6" ci="3" mb="1" cb="1"/><line nr="191" mi="0" ci="4" mb="0" cb="0"/><line nr="192" mi="0" ci="6" mb="0" cb="0"/><line nr="193" mi="0" ci="15" mb="0" cb="2"/><line nr="194" mi="0" ci="2" mb="0" cb="0"/><line nr="195" mi="0" ci="6" mb="0" cb="0"/><line nr="196" mi="0" ci="2" mb="0" cb="0"/><line nr="202" mi="5" ci="3" mb="1" cb="1"/><line nr="203" mi="0" ci="9" mb="0" cb="2"/><line nr="204" mi="0" ci="6" mb="0" cb="2"/><line nr="205" mi="0" ci="5" mb="0" cb="0"/><line nr="207" mi="0" ci="6" mb="0" cb="0"/><line nr="208" mi="0" ci="2" mb="0" cb="0"/><line nr="214" mi="0" ci="8" mb="0" cb="2"/><line nr="215" mi="0" ci="3" mb="0" cb="0"/><line nr="216" mi="0" ci="5" mb="0" cb="0"/><line nr="217" mi="0" ci="6" mb="0" cb="0"/><line nr="218" mi="0" ci="2" mb="0" cb="0"/><line nr="224" mi="0" ci="8" mb="0" cb="2"/><line nr="225" mi="0" ci="7" mb="2" cb="2"/><line nr="226" mi="18" ci="0" mb="0" cb="0"/><line nr="227" mi="0" ci="6" mb="0" cb="0"/><line nr="228" mi="0" ci="5" mb="0" cb="0"/><line nr="229" mi="0" ci="6" mb="0" cb="0"/><line nr="230" mi="0" ci="2" mb="0" cb="0"/><line nr="236" mi="5" ci="3" mb="1" cb="1"/><line nr="237" mi="0" ci="7" mb="2" cb="2"/><line nr="238" mi="18" ci="0" mb="0" cb="0"/><line nr="240" mi="0" ci="3" mb="0" cb="0"/><line nr="242" mi="0" ci="6" mb="0" cb="0"/><line nr="244" mi="0" ci="4" mb="1" cb="1"/><line nr="245" mi="0" ci="6" mb="0" cb="0"/><line nr="246" mi="0" ci="6" mb="0" cb="0"/><line nr="248" mi="0" ci="2" mb="0" cb="0"/><line nr="254" mi="5" ci="3" mb="1" cb="1"/><line nr="255" mi="0" ci="8" mb="0" cb="2"/><line nr="256" mi="0" ci="4" mb="0" cb="0"/><line nr="257" mi="0" ci="3" mb="0" cb="0"/><line nr="259" mi="0" ci="3" mb="1" cb="1"/><line nr="260" mi="0" ci="7" mb="0" cb="0"/><line nr="262" mi="7" ci="0" mb="0" cb="0"/><line nr="264" mi="0" ci="3" mb="1" cb="1"/><line nr="265" mi="0" ci="4" mb="0" cb="2"/><line nr="266" mi="0" ci="7" mb="0" cb="0"/><line nr="268" mi="0" ci="16" mb="0" cb="0"/><line nr="270" mi="0" ci="2" mb="0" cb="0"/><line nr="276" mi="5" ci="3" mb="1" cb="1"/><line nr="278" mi="0" ci="6" mb="0" cb="0"/><line nr="279" mi="0" ci="2" mb="0" cb="2"/><line nr="280" mi="0" ci="6" mb="0" cb="0"/><line nr="282" mi="0" ci="2" mb="0" cb="0"/><line nr="288" mi="0" ci="8" mb="0" cb="2"/><line nr="289" mi="0" ci="3" mb="0" cb="0"/><line nr="290" mi="0" ci="6" mb="0" cb="0"/><line nr="291" mi="0" ci="2" mb="0" cb="0"/><line nr="297" mi="0" ci="8" mb="0" cb="2"/><line nr="298" mi="0" ci="12" mb="0" cb="0"/><line nr="299" mi="0" ci="6" mb="0" cb="0"/><line nr="300" mi="0" ci="1" mb="0" cb="0"/><line nr="305" mi="5" ci="3" mb="1" cb="1"/><line nr="306" mi="0" ci="4" mb="0" cb="0"/><line nr="307" mi="0" ci="11" mb="0" cb="2"/><line nr="308" mi="0" ci="5" mb="0" cb="2"/><line nr="309" mi="0" ci="4" mb="0" cb="0"/><line nr="311" mi="0" ci="3" mb="0" cb="0"/><line nr="312" mi="0" ci="5" mb="0" cb="0"/><line nr="313" mi="0" ci="6" mb="0" cb="0"/><line nr="314" mi="0" ci="1" mb="0" cb="0"/><line nr="318" mi="0" ci="3" mb="0" cb="0"/><line nr="319" mi="0" ci="9" mb="0" cb="2"/><line nr="320" mi="0" ci="4" mb="0" cb="0"/><line nr="321" mi="0" ci="12" mb="0" cb="0"/><line nr="322" mi="0" ci="10" mb="0" cb="0"/><line nr="324" mi="0" ci="6" mb="0" cb="0"/><line nr="325" mi="0" ci="2" mb="0" cb="0"/><line nr="331" mi="0" ci="5" mb="0" cb="0"/><line nr="332" mi="0" ci="2" mb="0" cb="0"/><line nr="338" mi="6" ci="0" mb="0" cb="0"/><line nr="339" mi="2" ci="0" mb="0" cb="0"/><line nr="345" mi="0" ci="12" mb="0" cb="0"/><line nr="346" mi="0" ci="5" mb="0" cb="0"/><line nr="352" mi="0" ci="10" mb="0" cb="2"/><line nr="353" mi="0" ci="10" mb="0" cb="2"/><line nr="354" mi="0" ci="10" mb="0" cb="0"/><line nr="355" mi="0" ci="10" mb="0" cb="0"/><line nr="356" mi="0" ci="31" mb="0" cb="0"/><line nr="357" mi="0" ci="3" mb="0" cb="0"/><line nr="358" mi="0" ci="3" mb="0" cb="0"/><line nr="359" mi="0" ci="3" mb="0" cb="0"/><line nr="360" mi="0" ci="3" mb="0" cb="0"/><line nr="361" mi="0" ci="3" mb="0" cb="0"/><line nr="363" mi="0" ci="7" mb="0" cb="0"/><line nr="364" mi="0" ci="5" mb="0" cb="0"/><line nr="365" mi="0" ci="5" mb="0" cb="0"/><line nr="366" mi="0" ci="5" mb="0" cb="0"/><line nr="367" mi="0" ci="5" mb="0" cb="0"/><line nr="368" mi="0" ci="5" mb="0" cb="0"/><line nr="377" mi="0" ci="7" mb="0" cb="0"/><line nr="379" mi="0" ci="11" mb="0" cb="2"/><line nr="381" m
[...]
ETHOD" missed="1" covered="6"/><counter type="CLASS" missed="0" covered="1"/></sourcefile><sourcefile name="Channel.java"/><sourcefile name="Subscriber.java"/><sourcefile name="Vars.java"><line nr="39" mi="0" ci="3" mb="0" cb="0"/><line nr="40" mi="0" ci="5" mb="0" cb="0"/><line nr="53" mi="0" ci="3" mb="0" cb="0"/><line nr="54" mi="0" ci="4" mb="0" cb="0"/><line nr="66" mi="0" ci="3" mb="0" cb="0"/><line nr="67" mi="0" ci="5" mb="0" cb="0"/><line nr="79" mi="0" ci="3" mb="0" cb="0"/><line nr="80" mi="0" ci="5" mb="0" cb="0"/><line nr="93" mi="0" ci="3" mb="0" cb="0"/><line nr="94" mi="0" ci="5" mb="0" cb="0"/><line nr="109" mi="3" ci="0" mb="0" cb="0"/><line nr="110" mi="5" ci="0" mb="0" cb="0"/><line nr="123" mi="3" ci="0" mb="0" cb="0"/><line nr="124" mi="4" ci="0" mb="0" cb="0"/><line nr="139" mi="0" ci="3" mb="0" cb="0"/><line nr="140" mi="0" ci="5" mb="0" cb="0"/><line nr="152" mi="3" ci="0" mb="0" cb="0"/><line nr="153" mi="5" ci="0" mb="0" cb="0"/><line nr="160" mi="0" ci="4" mb="0" cb="0"/><line nr="163" mi="0" ci="7" mb="0" cb="0"/><line nr="171" mi="0" ci="5" mb="0" cb="0"/><line nr="179" mi="0" ci="6" mb="0" cb="0"/><line nr="196" mi="0" ci="4" mb="0" cb="0"/><line nr="197" mi="0" ci="4" mb="0" cb="0"/><line nr="198" mi="0" ci="2" mb="0" cb="0"/><line nr="208" mi="0" ci="5" mb="0" cb="0"/><line nr="209" mi="2" ci="6" mb="1" cb="1"/><line nr="220" mi="0" ci="5" mb="0" cb="0"/><line nr="221" mi="0" ci="2" mb="0" cb="2"/><line nr="222" mi="0" ci="12" mb="0" cb="0"/><line nr="223" mi="0" ci="4" mb="0" cb="0"/><line nr="233" mi="4" ci="0" mb="0" cb="0"/><line nr="234" mi="8" ci="0" mb="2" cb="0"/><line nr="245" mi="4" ci="0" mb="0" cb="0"/><line nr="246" mi="2" ci="0" mb="2" cb="0"/><line nr="247" mi="12" ci="0" mb="0" cb="0"/><line nr="248" mi="4" ci="0" mb="0" cb="0"/><line nr="256" mi="1" ci="8" mb="1" cb="1"/><line nr="264" mi="0" ci="3" mb="0" cb="0"/><line nr="265" mi="0" ci="3" mb="0" cb="0"/><line nr="266" mi="0" ci="2" mb="0" cb="0"/><line nr="274" mi="1" ci="11" mb="1" cb="1"/><line nr="282" mi="0" ci="3" mb="0" cb="0"/><line nr="283" mi="0" ci="3" mb="0" cb="0"/><line nr="284" mi="0" ci="2" mb="0" cb="0"/><line nr="327" mi="0" ci="4" mb="0" cb="0"/><line nr="328" mi="0" ci="9" mb="0" cb="2"/><line nr="329" mi="0" ci="12" mb="0" cb="2"/><line nr="331" mi="0" ci="4" mb="0" cb="0"/><line nr="332" mi="0" ci="2" mb="0" cb="0"/><line nr="344" mi="0" ci="4" mb="0" cb="0"/><line nr="345" mi="0" ci="9" mb="0" cb="2"/><line nr="346" mi="0" ci="12" mb="0" cb="2"/><line nr="348" mi="0" ci="4" mb="0" cb="0"/><line nr="349" mi="0" ci="3" mb="0" cb="0"/><line nr="361" mi="0" ci="4" mb="0" cb="0"/><line nr="362" mi="0" ci="9" mb="0" cb="2"/><line nr="363" mi="0" ci="13" mb="0" cb="2"/><line nr="365" mi="0" ci="4" mb="0" cb="0"/><line nr="366" mi="0" ci="2" mb="0" cb="0"/><line nr="378" mi="0" ci="4" mb="0" cb="0"/><line nr="379" mi="0" ci="9" mb="0" cb="2"/><line nr="380" mi="0" ci="13" mb="0" cb="2"/><line nr="382" mi="0" ci="4" mb="0" cb="0"/><line nr="383" mi="0" ci="3" mb="0" cb="0"/><line nr="402" mi="0" ci="4" mb="0" cb="0"/><line nr="403" mi="0" ci="21" mb="0" cb="2"/><line nr="404" mi="0" ci="4" mb="0" cb="0"/><line nr="414" mi="0" ci="6" mb="0" cb="0"/><line nr="431" mi="0" ci="6" mb="0" cb="0"/><line nr="451" mi="0" ci="4" mb="0" cb="0"/><line nr="452" mi="0" ci="20" mb="0" cb="2"/><line nr="453" mi="0" ci="4" mb="0" cb="0"/><line nr="464" mi="4" ci="0" mb="0" cb="0"/><line nr="465" mi="14" ci="0" mb="2" cb="0"/><line nr="466" mi="4" ci="0" mb="0" cb="0"/><line nr="477" mi="14" ci="0" mb="2" cb="0"/><line nr="478" mi="2" ci="0" mb="0" cb="0"/><line nr="499" mi="0" ci="4" mb="0" cb="0"/><line nr="500" mi="0" ci="21" mb="0" cb="2"/><line nr="501" mi="0" ci="4" mb="0" cb="0"/><line nr="517" mi="0" ci="3" mb="0" cb="0"/><line nr="519" mi="0" ci="4" mb="0" cb="0"/><line nr="520" mi="0" ci="2" mb="0" cb="0"/><line nr="521" mi="0" ci="18" mb="0" cb="2"/><line nr="522" mi="0" ci="5" mb="0" cb="0"/><line nr="529" mi="0" ci="3" mb="0" cb="0"/><line nr="530" mi="0" ci="3" mb="0" cb="0"/><line nr="532" mi="0" ci="4" mb="0" cb="0"/><line nr="533" mi="0" ci="8" mb="0" cb="2"/><line nr="534" mi="0" ci="9" mb="0" cb="0"/><line nr="535" mi="0" ci="4" mb="0" cb="0"/><line nr="538" mi="0" ci="5" mb="0" cb="0"/><line nr="555" mi="0" ci="5" mb="1" cb="1"/><line nr="557" mi="0" ci="2" mb="0" cb="0"/><line nr="558" mi="0" ci="3" mb="0" cb="0"/><line nr="559" mi="0" ci="1" mb="0" cb="0"/><line nr="561" mi="5" ci="0" mb="0" cb="0"/><line nr="562" mi="0" ci="1" mb="0" cb="0"/><counter type="INSTRUCTION" missed="104" covered="454"/><counter type="BRANCH" missed="12" covered="32"/><counter type="LINE" missed="18" covered="81"/><counter type="COMPLEXITY" missed="15" covered="44"/><counter type="METHOD" missed="7" covered="30"/><counter type="CLASS" missed="0" covered="1"/></sourcefile><sourcefile name="Result.java"><line nr="31" mi="3" ci="0" mb="0" cb="0"/><line nr="32" mi="4" ci="0" mb="0" cb="0"/><line nr="43" mi="0" ci="3" mb="0" cb="0"/><line nr="44" mi="0" ci="4" mb="0" cb="0"/><line nr="59" mi="0" ci="3" mb="0" cb="0"/><line nr="60" mi="0" ci="5" mb="0" cb="0"/><line nr="72" mi="0" ci="3" mb="0" cb="0"/><line nr="73" mi="0" ci="5" mb="0" cb="0"/><line nr="85" mi="0" ci="3" mb="0" cb="0"/><line nr="86" mi="0" ci="5" mb="0" cb="0"/><line nr="99" mi="3" ci="0" mb="0" cb="0"/><line nr="100" mi="6" ci="0" mb="0" cb="0"/><line nr="113" mi="3" ci="0" mb="0" cb="0"/><line nr="114" mi="3" ci="0" mb="0" cb="0"/><line nr="115" mi="6" ci="0" mb="0" cb="0"/><line nr="127" mi="3" ci="0" mb="0" cb="0"/><line nr="128" mi="3" ci="0" mb="0" cb="0"/><line nr="129" mi="5" ci="0" mb="0" cb="0"/><line nr="141" mi="3" ci="0" mb="0" cb="0"/><line nr="142" mi="3" ci="0" mb="0" cb="0"/><line nr="143" mi="5" ci="0" mb="0" cb="0"/><line nr="157" mi="0" ci="3" mb="0" cb="0"/><line nr="158" mi="0" ci="3" mb="0" cb="0"/><line nr="160" mi="0" ci="13" mb="0" cb="0"/><line nr="161" mi="0" ci="2" mb="1" cb="1"/><line nr="162" mi="13" ci="0" mb="0" cb="0"/><line nr="163" mi="0" ci="5" mb="0" cb="0"/><line nr="178" mi="0" ci="3" mb="0" cb="0"/><line nr="179" mi="0" ci="3" mb="0" cb="0"/><line nr="180" mi="0" ci="13" mb="0" cb="0"/><line nr="181" mi="0" ci="2" mb="1" cb="1"/><line nr="182" mi="13" ci="0" mb="0" cb="0"/><line nr="184" mi="0" ci="6" mb="0" cb="0"/><line nr="209" mi="8" ci="0" mb="2" cb="0"/><counter type="INSTRUCTION" missed="84" covered="84"/><counter type="BRANCH" missed="4" covered="2"/><counter type="LINE" missed="16" covered="18"/><counter type="COMPLEXITY" missed="9" covered="8"/><counter type="METHOD" missed="6" covered="8"/><counter type="CLASS" missed="0" covered="1"/></sourcefile><sourcefile name="Observer.java"><line nr="35" mi="3" ci="0" mb="0" cb="0"/><line nr="36" mi="4" ci="0" mb="0" cb="0"/><line nr="37" mi="2" ci="0" mb="0" cb="0"/><line nr="38" mi="2" ci="0" mb="0" cb="0"/><line nr="39" mi="1" ci="0" mb="0" cb="0"/><counter type="INSTRUCTION" missed="12" covered="0"/><counter type="LINE" missed="5" covered="0"/><counter type="COMPLEXITY" missed="2" covered="0"/><counter type="METHOD" missed="2" covered="0"/><counter type="CLASS" missed="1" covered="0"/></sourcefile><sourcefile name="Problem.java"><line nr="43" mi="0" ci="3" mb="0" cb="0"/><line nr="44" mi="0" ci="3" mb="0" cb="0"/><line nr="45" mi="4" ci="5" mb="2" cb="2"/><line nr="46" mi="3" ci="5" mb="2" cb="2"/><line nr="47" mi="0" ci="3" mb="0" cb="0"/><line nr="48" mi="0" ci="2" mb="0" cb="0"/><line nr="49" mi="0" ci="15" mb="0" cb="0"/><line nr="50" mi="0" ci="4" mb="0" cb="0"/><line nr="51" mi="0" ci="5" mb="0" cb="0"/><line nr="52" mi="0" ci="3" mb="0" cb="0"/><line nr="53" mi="15" ci="0" mb="0" cb="0"/><line nr="63" mi="0" ci="4" mb="0" cb="0"/><line nr="73" mi="0" ci="3" mb="0" cb="0"/><line nr="74" mi="0" ci="3" mb="0" cb="0"/><line nr="75" mi="0" ci="15" mb="0" cb="0"/><line nr="76" mi="0" ci="3" mb="0" cb="0"/><line nr="77" mi="3" ci="0" mb="0" cb="0"/><line nr="78" mi="15" ci="0" mb="0" cb="0"/><line nr="91" mi="0" ci="3" mb="0" cb="0"/><line nr="92" mi="0" ci="3" mb="0" cb="0"/><line nr="93" mi="0" ci="3" mb="0" cb="0"/><line nr="94" mi="0" ci="19" mb="0" cb="0"/><line nr="95" mi="0" ci="4" mb="0" cb="0"/><line nr="96" mi="3" ci="0" mb="0" cb="0"/><line nr="97" mi="3" ci="0" mb="0" cb="0"/><line nr="98" mi="15" ci="0" mb="0" cb="0"/><line nr="125" mi="2" ci="0" mb="0" cb="0"/><line nr="133" mi="0" ci="2" mb="0" cb="0"/><counter type="INSTRUCTION" missed="63" covered="110"/><counter type="BRANCH" missed="4" covered="4"/><counter type="LINE" missed="7" covered="21"/><counter type="COMPLEXITY" missed="11" covered="13"/><counter type="METHOD" missed="7" covered="13"/><counter type="CLASS" missed="0" covered="4"/></sourcefile><sourcefile name="From.java"><line nr="15" mi="0" ci="16" mb="0" cb="0"/><line nr="21" mi="0" ci="6" mb="0" cb="0"/><line nr="26" mi="0" ci="6" mb="0" cb="0"/><line nr="30" mi="0" ci="6" mb="0" cb="0"/><counter type="INSTRUCTION" missed="0" covered="34"/><counter type="LINE" missed="0" covered="4"/><counter type="COMPLEXITY" missed="0" covered="1"/><counter type="METHOD" missed="0" covered="1"/><counter type="CLASS" missed="0" covered="1"/></sourcefile><sourcefile name="Event.java"><line nr="42" mi="0" ci="2" mb="0" cb="0"/><line nr="43" mi="0" ci="4" mb="0" cb="0"/><line nr="44" mi="0" ci="2" mb="0" cb="0"/><line nr="52" mi="0" ci="3" mb="0" cb="0"/><line nr="63" mi="0" ci="3" mb="0" cb="0"/><line nr="64" mi="0" ci="4" mb="0" cb="0"/><line nr="76" mi="0" ci="2" mb="0" cb="0"/><line nr="77" mi="6" ci="2" mb="0" cb="0"/><line nr="78" mi="0" ci="7" mb="0" cb="0"/><counter type="INSTRUCTION" missed="6" covered="29"/><counter type="LINE" missed="0" covered="9"/><counter type="COMPLEXITY" missed="1" covered="4"/><counter type="METHOD" missed="1" covered="4"/><counter type="CLASS" missed="0" covered="2"/></sourcefile><sourcefile name="Vals.java"><line nr="37" mi="3" ci="0" mb="0" cb="0"/><line nr="38" mi="3" ci="0" mb="0" cb="0"/><line nr="39" mi="5" ci="0" mb="0" cb="0"/><line nr="51" mi="0" ci="3" mb="0" cb="0"/><line nr="52" mi="0" ci="3" mb="0" cb="0"/><line nr="53" mi="0" ci="5" mb="0" cb="0"/><line nr="65" mi="0" ci="5" mb="0" cb="0"/><line nr="77" mi="3" ci="0" mb="0" cb="0"/><line nr="78" mi="3" ci="0" mb="0" cb="0"/><line nr="79" mi="5" ci="0" mb="0" cb="0"/><line nr="83" mi="0" ci="3" mb="0" cb="0"/><line nr="84" mi="0" ci="3" mb="0" cb="0"/><line nr="85" mi="0" ci="5" mb="0" cb="0"/><line nr="97" mi="0" ci="3" mb="0" cb="0"/><line nr="98" mi="0" ci="5" mb="0" cb="0"/><line nr="110" mi="3" ci="0" mb="0" cb="0"/><line nr="111" mi="5" ci="0" mb="0" cb="0"/><line nr="123" mi="3" ci="0" mb="0" cb="0"/><line nr="124" mi="5" ci="0" mb="0" cb="0"/><line nr="152" mi="0" ci="5" mb="0" cb="0"/><line nr="153" mi="0" ci="13" mb="0" cb="0"/><line nr="154" mi="0" ci="2" mb="0" cb="0"/><line nr="167" mi="0" ci="5" mb="0" cb="0"/><line nr="168" mi="0" ci="13" mb="0" cb="0"/><line nr="169" mi="0" ci="2" mb="0" cb="0"/><line nr="182" mi="0" ci="5" mb="0" cb="0"/><line nr="183" mi="0" ci="13" mb="0" cb="0"/><line nr="184" mi="0" ci="2" mb="0" cb="0"/><line nr="216" mi="0" ci="7" mb="0" cb="2"/><line nr="226" mi="0" ci="7" mb="0" cb="2"/><line nr="235" mi="0" ci="9" mb="0" cb="2"/><line nr="247" mi="0" ci="2" mb="0" cb="0"/><line nr="248" mi="0" ci="9" mb="0" cb="2"/><line nr="249" mi="0" ci="6" mb="0" cb="2"/><line nr="250" mi="0" ci="1" mb="0" cb="0"/><line nr="251" mi="0" ci="1" mb="0" cb="0"/><line nr="252" mi="0" ci="2" mb="0" cb="0"/><line nr="266" mi="0" ci="5" mb="0" cb="0"/><line nr="275" mi="0" ci="5" mb="0" cb="0"/><line nr="285" mi="7" ci="0" mb="2" cb="0"/><line nr="286" mi="8" ci="0" mb="2" cb="0"/><line nr="287" mi="10" ci="0" mb="2" cb="0"/><line nr="289" mi="2" ci="0" mb="0" cb="0"/><line nr="329" mi="0" ci="5" mb="0" cb="0"/><line nr="338" mi="0" ci="7" mb="0" cb="0"/><line nr="348" mi="0" ci="3" mb="0" cb="0"/><line nr="349" mi="0" ci="17" mb="0" cb="2"/><line nr="359" mi="0" ci="7" mb="0" cb="0"/><line nr="372" mi="0" ci="4" mb="0" cb="0"/><line nr="373" mi="0" ci="8" mb="0" cb="2"/><line nr="374" mi="0" ci="4" mb="0" cb="0"/><line nr="375" mi="0" ci="7" mb="0" cb="0"/><line nr="377" mi="0" ci="3" mb="0" cb="0"/><line nr="391" mi="0" ci="4" mb="0" cb="0"/><line nr="392" mi="0" ci="8" mb="0" cb="2"/><line nr="393" mi="0" ci="4" mb="0" cb="0"/><line nr="394" mi="0" ci="6" mb="0" cb="0"/><line nr="396" mi="0" ci="3" mb="0" cb="0"/><line nr="404" mi="0" ci="6" mb="0" cb="0"/><line nr="411" mi="6" ci="0" mb="0" cb="0"/><line nr="418" mi="0" ci="6" mb="0" cb="0"/><line nr="424" mi="0" ci="4" mb="0" cb="0"/><counter type="INSTRUCTION" missed="71" covered="255"/><counter type="BRANCH" missed="6" covered="16"/><counter type="LINE" missed="15" covered="47"/><counter type="COMPLEXITY" missed="9" covered="34"/><counter type="METHOD" missed="6" covered="26"/><counter type="CLASS" missed="0" covered="1"/></sourcefile><sourcefile name="Val.java"><line nr="51" mi="0" ci="3" mb="0" cb="0"/><line nr="52" mi="0" ci="3" mb="0" cb="0"/><line nr="71" mi="0" ci="5" mb="0" cb="0"/><line nr="85" mi="4" ci="0" mb="0" cb="0"/><line nr="98" mi="0" ci="4" mb="0" cb="0"/><line nr="111" mi="3" ci="0" mb="0" cb="0"/><line nr="112" mi="4" ci="0" mb="0" cb="0"/><line nr="125" mi="0" ci="3" mb="0" cb="0"/><line nr="126" mi="0" ci="4" mb="0" cb="0"/><line nr="157" mi="0" ci="3" mb="0" cb="0"/><line nr="158" mi="0" ci="3" mb="0" cb="0"/><line nr="159" mi="0" ci="3" mb="0" cb="0"/><line nr="160" mi="0" ci="5" mb="1" cb="1"/><line nr="161" mi="5" ci="0" mb="0" cb="0"/><line nr="162" mi="0" ci="6" mb="0" cb="0"/><line nr="189" mi="0" ci="3" mb="0" cb="0"/><line nr="190" mi="0" ci="3" mb="0" cb="0"/><line nr="191" mi="0" ci="3" mb="0" cb="0"/><line nr="192" mi="0" ci="5" mb="1" cb="1"/><line nr="193" mi="5" ci="0" mb="0" cb="0"/><line nr="194" mi="0" ci="6" mb="0" cb="0"/><line nr="210" mi="0" ci="3" mb="0" cb="0"/><line nr="221" mi="0" ci="9" mb="0" cb="2"/><line nr="233" mi="0" ci="5" mb="0" cb="0"/><line nr="234" mi="0" ci="3" mb="0" cb="0"/><line nr="247" mi="9" ci="0" mb="2" cb="0"/><line nr="266" mi="0" ci="3" mb="0" cb="2"/><line nr="267" mi="0" ci="5" mb="0" cb="0"/><line nr="269" mi="0" ci="3" mb="0" cb="0"/><line nr="277" mi="0" ci="7" mb="0" cb="2"/><line nr="286" mi="0" ci="7" mb="0" cb="2"/><line nr="299" mi="0" ci="3" mb="0" cb="2"/><line nr="300" mi="0" ci="4" mb="0" cb="0"/><line nr="302" mi="0" ci="5" mb="0" cb="0"/><line nr="315" mi="0" ci="3" mb="0" cb="2"/><line nr="316" mi="0" ci="4" mb="0" cb="0"/><line nr="318" mi="0" ci="5" mb="0" cb="0"/><line nr="330" mi="0" ci="3" mb="1" cb="1"/><line nr="331" mi="0" ci="4" mb="0" cb="0"/><line nr="332" mi="0" ci="1" mb="0" cb="0"/><line nr="346" mi="3" ci="0" mb="2" cb="0"/><line nr="347" mi="5" ci="0" mb="0" cb="0"/><line nr="349" mi="2" ci="0" mb="0" cb="0"/><line nr="350" mi="1" ci="0" mb="0" cb="0"/><line nr="365" mi="3" ci="0" mb="0" cb="0"/><line nr="366" mi="5" ci="0" mb="2" cb="0"/><line nr="369" mi="4" ci="0" mb="0" cb="0"/><line nr="370" mi="4" ci="0" mb="0" cb="0"/><line nr="474" mi="0" ci="6" mb="0" cb="0"/><line nr="497" mi="0" ci="6" mb="0" cb="0"/><line nr="499" mi="0" ci="5" mb="0" cb="0"/><line nr="500" mi="2" ci="4" mb="1" cb="1"/><line nr="501" mi="0" ci="1" mb="0" cb="0"/><line nr="502" mi="0" ci="2" mb="0" cb="0"/><line nr="528" mi="0" ci="11" mb="0" cb="2"/><line nr="554" mi="0" ci="6" mb="0" cb="0"/><line nr="556" mi="0" ci="5" mb="0" cb="0"/><line nr="557" mi="2" ci="6" mb="1" cb="1"/><line nr="558" mi="1" ci="0" mb="0" cb="0"/><line nr="559" mi="3" ci="0" mb="0" cb="0"/><line nr="581" mi="0" ci="4" mb="0" cb="0"/><line nr="583" mi="0" ci="9" mb="0" cb="2"/><line nr="584" mi="1" ci="0" mb="0" cb="0"/><line nr="585" mi="3" ci="0" mb="0" cb="0"/><line nr="612" mi="0" ci="6" mb="0" cb="0"/><line nr="614" mi="0" ci="5" mb="0" cb="0"/><line nr="615" mi="2" ci="6" mb="1" cb="1"/><line nr="616" mi="0" ci="1" mb="0" cb="0"/><line nr="617" mi="0" ci="3" mb="0" cb="0"/><line nr="639" mi="0" ci="4" mb="0" cb="0"/><line nr="641" mi="0" ci="9" mb="0" cb="2"/><line nr="642" mi="1" ci="0" mb="0" cb="0"/><line nr="643" mi="3" ci="0" mb="0" cb="0"/><line nr="658" mi="0" ci="8" mb="0" cb="0"/><line nr="667" mi="0" ci="4" mb="0" cb="0"/><line nr="676" mi="0" ci="6" mb="0" cb="0"/><line nr="687" mi="0" ci="3" mb="0" cb="0"/><line nr="688" mi="0" ci="6" mb="0" cb="0"/><line nr="698" mi="0" ci="8" mb="0" cb="2"/><line nr="708" mi="0" ci="8" mb="0" cb="2"/><line nr="721" mi="0" ci="6" mb="0" cb="2"/><line nr="722" mi="2" ci="4" mb="1" cb="1"/><line nr="723" mi="6" ci="10" mb="1" cb="1"/><line nr="724" mi="6" ci="0" mb="2" cb="0"/><line nr="725" mi="0" ci="2" mb="0" cb="0"/><line nr="739" mi="2" ci="4" mb="1" cb="1"/><line nr="740" mi="0" ci="6" mb="0" cb="2"/><line nr="741" mi="6" ci="10" mb="1" cb="1"/><line nr="742" mi="6" ci="0" mb="2" cb="0"/><line nr="743" mi="0" ci="2" mb="0" cb="0"/><line nr="779" mi="7" ci="0" mb="2" cb="0"/><line nr="789" mi="2" ci="7" mb="1" cb="1"/><line nr="804" mi="0" ci="4" mb="0" cb="0"/><line nr="863" mi="6" ci="3" mb="1" cb="1"/><line nr="864" mi="0" ci="9" mb="0" cb="2"/><line nr="865" mi="6" ci="3" mb="1" cb="1"/><line nr="866" mi="6" ci="3" mb="1" cb="1"/><line nr="867" mi="6" ci="3" mb="1" cb="1"/><line nr="868" mi="6" ci="3" mb="1" cb="1"/><line nr="869" mi="6" ci="3" mb="1" cb="1"/><line nr="870" mi="6" ci="3" mb="1" cb="1"/><line nr="871" mi="6" ci="3" mb="1" cb="1"/><line nr="872" mi="0" ci="4" mb="0" cb="0"/><line nr="886" mi="4" ci="3" mb="1" cb="1"/><line nr="887" mi="0" ci="7" mb="0" cb="2"/><line nr="888" mi="4" ci="3" mb="1" cb="1"/><line nr="889" mi="4" ci="3" mb="1" cb="1"/><line nr="890" mi="4" ci="3" mb="1" cb="1"/><line nr="891" mi="4" ci="3" mb="1" cb="1"/><line nr="892" mi="4" ci="3" mb="1" cb="1"/><line nr="893" mi="4" ci="3" mb="1" cb="1"/><line nr="894" mi="4" ci="3" mb="1" cb="1"/><line nr="895" mi="0" ci="3" mb="0" cb="0"/><counter type="INSTRUCTION" missed="192" covered="407"/><counter type="BRANCH" missed="39" covered="57"/><counter type="LINE" missed="23" covered="90"/><counter type="COMPLEXITY" missed="39" covered="55"/><counter type="METHOD" missed="6" covered="40"/><counter type="CLASS" missed="0" covered="1"/></sourcefile><sourcefile name="Action.java"><line nr="33" mi="4" ci="0" mb="0" cb="0"/><line nr="34" mi="3" ci="0" mb="0" cb="0"/><line nr="35" mi="3" ci="0" mb="0" cb="0"/><line nr="36" mi="1" ci="0" mb="0" cb="0"/><counter type="INSTRUCTION" missed="11" covered="0"/><counter type="LINE" missed="4" covered="0"/><counter type="COMPLEXITY" missed="2" covered="0"/><counter type="METHOD" missed="2" covered="0"/><counter type="CLASS" missed="1" covered="0"/></sourcefile><sourcefile name="Change.java"><line nr="9" mi="0" ci="36" mb="0" cb="0"/><line nr="14" mi="0" ci="6" mb="0" cb="0"/><line nr="18" mi="0" ci="6" mb="0" cb="0"/><line nr="22" mi="0" ci="6" mb="0" cb="0"/><line nr="26" mi="0" ci="6" mb="0" cb="0"/><line nr="30" mi="0" ci="6" mb="0" cb="0"/><line nr="34" mi="0" ci="6" mb="0" cb="0"/><line nr="38" mi="0" ci="6" mb="0" cb="0"/><line nr="43" mi="0" ci="6" mb="0" cb="0"/><counter type="INSTRUCTION" missed="0" covered="84"/><counter type="LINE" missed="0" covered="9"/><counter type="COMPLEXITY" missed="0" covered="1"/><counter type="METHOD" missed="0" covered="1"/><counter type="CLASS" missed="0" covered="1"/></sourcefile><counter type="INSTRUCTION" missed="578" covered="1497"/><counter type="BRANCH" missed="70" covered="114"/><counter type="LINE" missed="97" covered="289"/><counter type="COMPLEXITY" missed="94" covered="167"/><counter type="METHOD" missed="40" covered="129"/><counter type="CLASS" missed="3" covered="13"/></package><counter type="INSTRUCTION" missed="1393" covered="4060"/><counter type="BRANCH" missed="179" covered="329"/><counter type="LINE" missed="212" covered="777"/><counter type="COMPLEXITY" missed="220" covered="385"/><counter type="METHOD" missed="75" covered="276"/><counter type="CLASS" missed="4" covered="27"/></report>